running egg_info
creating ../../build/v2x_send/v2x_send.egg-info
writing ../../build/v2x_send/v2x_send.egg-info/PKG-INFO
writing dependency_links to ../../build/v2x_send/v2x_send.egg-info/dependency_links.txt
writing entry points to ../../build/v2x_send/v2x_send.egg-info/entry_points.txt
writing requirements to ../../build/v2x_send/v2x_send.egg-info/requires.txt
writing top-level names to ../../build/v2x_send/v2x_send.egg-info/top_level.txt
writing manifest file '../../build/v2x_send/v2x_send.egg-info/SOURCES.txt'
reading manifest file '../../build/v2x_send/v2x_send.egg-info/SOURCES.txt'
writing manifest file '../../build/v2x_send/v2x_send.egg-info/SOURCES.txt'
running build
running build_py
creating /home/tsz/Desktop/7_v1/Buckeye-Autodrive-Scoring-CAN-Part2_v1/Buckeye-Autodrive-Scoring-CAN-Part2/build/v2x_send/build
creating /home/tsz/Desktop/7_v1/Buckeye-Autodrive-Scoring-CAN-Part2_v1/Buckeye-Autodrive-Scoring-CAN-Part2/build/v2x_send/build/lib
creating /home/tsz/Desktop/7_v1/Buckeye-Autodrive-Scoring-CAN-Part2_v1/Buckeye-Autodrive-Scoring-CAN-Part2/build/v2x_send/build/lib/v2x_send
copying v2x_send/test2.py -> /home/tsz/Desktop/7_v1/Buckeye-Autodrive-Scoring-CAN-Part2_v1/Buckeye-Autodrive-Scoring-CAN-Part2/build/v2x_send/build/lib/v2x_send
copying v2x_send/v2x_send_main.py -> /home/tsz/Desktop/7_v1/Buckeye-Autodrive-Scoring-CAN-Part2_v1/Buckeye-Autodrive-Scoring-CAN-Part2/build/v2x_send/build/lib/v2x_send
copying v2x_send/v2x_send.py -> /home/tsz/Desktop/7_v1/Buckeye-Autodrive-Scoring-CAN-Part2_v1/Buckeye-Autodrive-Scoring-CAN-Part2/build/v2x_send/build/lib/v2x_send
copying v2x_send/message.py -> /home/tsz/Desktop/7_v1/Buckeye-Autodrive-Scoring-CAN-Part2_v1/Buckeye-Autodrive-Scoring-CAN-Part2/build/v2x_send/build/lib/v2x_send
copying v2x_send/__init__.py -> /home/tsz/Desktop/7_v1/Buckeye-Autodrive-Scoring-CAN-Part2_v1/Buckeye-Autodrive-Scoring-CAN-Part2/build/v2x_send/build/lib/v2x_send
copying v2x_send/fusion_node_merge.py -> /home/tsz/Desktop/7_v1/Buckeye-Autodrive-Scoring-CAN-Part2_v1/Buckeye-Autodrive-Scoring-CAN-Part2/build/v2x_send/build/lib/v2x_send
copying v2x_send/message_base.py -> /home/tsz/Desktop/7_v1/Buckeye-Autodrive-Scoring-CAN-Part2_v1/Buckeye-Autodrive-Scoring-CAN-Part2/build/v2x_send/build/lib/v2x_send
copying v2x_send/test.py -> /home/tsz/Desktop/7_v1/Buckeye-Autodrive-Scoring-CAN-Part2_v1/Buckeye-Autodrive-Scoring-CAN-Part2/build/v2x_send/build/lib/v2x_send
running install
running install_lib
creating /home/tsz/Desktop/7_v1/Buckeye-Autodrive-Scoring-CAN-Part2_v1/Buckeye-Autodrive-Scoring-CAN-Part2/install/v2x_send/lib/python3.8/site-packages/v2x_send
copying /home/tsz/Desktop/7_v1/Buckeye-Autodrive-Scoring-CAN-Part2_v1/Buckeye-Autodrive-Scoring-CAN-Part2/build/v2x_send/build/lib/v2x_send/test2.py -> /home/tsz/Desktop/7_v1/Buckeye-Autodrive-Scoring-CAN-Part2_v1/Buckeye-Autodrive-Scoring-CAN-Part2/install/v2x_send/lib/python3.8/site-packages/v2x_send
copying /home/tsz/Desktop/7_v1/Buckeye-Autodrive-Scoring-CAN-Part2_v1/Buckeye-Autodrive-Scoring-CAN-Part2/build/v2x_send/build/lib/v2x_send/v2x_send_main.py -> /home/tsz/Desktop/7_v1/Buckeye-Autodrive-Scoring-CAN-Part2_v1/Buckeye-Autodrive-Scoring-CAN-Part2/install/v2x_send/lib/python3.8/site-packages/v2x_send
copying /home/tsz/Desktop/7_v1/Buckeye-Autodrive-Scoring-CAN-Part2_v1/Buckeye-Autodrive-Scoring-CAN-Part2/build/v2x_send/build/lib/v2x_send/v2x_send.py -> /home/tsz/Desktop/7_v1/Buckeye-Autodrive-Scoring-CAN-Part2_v1/Buckeye-Autodrive-Scoring-CAN-Part2/install/v2x_send/lib/python3.8/site-packages/v2x_send
copying /home/tsz/Desktop/7_v1/Buckeye-Autodrive-Scoring-CAN-Part2_v1/Buckeye-Autodrive-Scoring-CAN-Part2/build/v2x_send/build/lib/v2x_send/message.py -> /home/tsz/Desktop/7_v1/Buckeye-Autodrive-Scoring-CAN-Part2_v1/Buckeye-Autodrive-Scoring-CAN-Part2/install/v2x_send/lib/python3.8/site-packages/v2x_send
copying /home/tsz/Desktop/7_v1/Buckeye-Autodrive-Scoring-CAN-Part2_v1/Buckeye-Autodrive-Scoring-CAN-Part2/build/v2x_send/build/lib/v2x_send/__init__.py -> /home/tsz/Desktop/7_v1/Buckeye-Autodrive-Scoring-CAN-Part2_v1/Buckeye-Autodrive-Scoring-CAN-Part2/install/v2x_send/lib/python3.8/site-packages/v2x_send
copying /home/tsz/Desktop/7_v1/Buckeye-Autodrive-Scoring-CAN-Part2_v1/Buckeye-Autodrive-Scoring-CAN-Part2/build/v2x_send/build/lib/v2x_send/fusion_node_merge.py -> /home/tsz/Desktop/7_v1/Buckeye-Autodrive-Scoring-CAN-Part2_v1/Buckeye-Autodrive-Scoring-CAN-Part2/install/v2x_send/lib/python3.8/site-packages/v2x_send
copying /home/tsz/Desktop/7_v1/Buckeye-Autodrive-Scoring-CAN-Part2_v1/Buckeye-Autodrive-Scoring-CAN-Part2/build/v2x_send/build/lib/v2x_send/message_base.py -> /home/tsz/Desktop/7_v1/Buckeye-Autodrive-Scoring-CAN-Part2_v1/Buckeye-Autodrive-Scoring-CAN-Part2/install/v2x_send/lib/python3.8/site-packages/v2x_send
copying /home/tsz/Desktop/7_v1/Buckeye-Autodrive-Scoring-CAN-Part2_v1/Buckeye-Autodrive-Scoring-CAN-Part2/build/v2x_send/build/lib/v2x_send/test.py -> /home/tsz/Desktop/7_v1/Buckeye-Autodrive-Scoring-CAN-Part2_v1/Buckeye-Autodrive-Scoring-CAN-Part2/install/v2x_send/lib/python3.8/site-packages/v2x_send
byte-compiling /home/tsz/Desktop/7_v1/Buckeye-Autodrive-Scoring-CAN-Part2_v1/Buckeye-Autodrive-Scoring-CAN-Part2/install/v2x_send/lib/python3.8/site-packages/v2x_send/test2.py to test2.cpython-38.pyc
byte-compiling /home/tsz/Desktop/7_v1/Buckeye-Autodrive-Scoring-CAN-Part2_v1/Buckeye-Autodrive-Scoring-CAN-Part2/install/v2x_send/lib/python3.8/site-packages/v2x_send/v2x_send_main.py to v2x_send_main.cpython-38.pyc
byte-compiling /home/tsz/Desktop/7_v1/Buckeye-Autodrive-Scoring-CAN-Part2_v1/Buckeye-Autodrive-Scoring-CAN-Part2/install/v2x_send/lib/python3.8/site-packages/v2x_send/v2x_send.py to v2x_send.cpython-38.pyc
byte-compiling /home/tsz/Desktop/7_v1/Buckeye-Autodrive-Scoring-CAN-Part2_v1/Buckeye-Autodrive-Scoring-CAN-Part2/install/v2x_send/lib/python3.8/site-packages/v2x_send/message.py to message.cpython-38.pyc
byte-compiling /home/tsz/Desktop/7_v1/Buckeye-Autodrive-Scoring-CAN-Part2_v1/Buckeye-Autodrive-Scoring-CAN-Part2/install/v2x_send/lib/python3.8/site-packages/v2x_send/__init__.py to __init__.cpython-38.pyc
byte-compiling /home/tsz/Desktop/7_v1/Buckeye-Autodrive-Scoring-CAN-Part2_v1/Buckeye-Autodrive-Scoring-CAN-Part2/install/v2x_send/lib/python3.8/site-packages/v2x_send/fusion_node_merge.py to fusion_node_merge.cpython-38.pyc
byte-compiling /home/tsz/Desktop/7_v1/Buckeye-Autodrive-Scoring-CAN-Part2_v1/Buckeye-Autodrive-Scoring-CAN-Part2/install/v2x_send/lib/python3.8/site-packages/v2x_send/message_base.py to message_base.cpython-38.pyc
byte-compiling /home/tsz/Desktop/7_v1/Buckeye-Autodrive-Scoring-CAN-Part2_v1/Buckeye-Autodrive-Scoring-CAN-Part2/install/v2x_send/lib/python3.8/site-packages/v2x_send/test.py to test.cpython-38.pyc
running install_data
creating /home/tsz/Desktop/7_v1/Buckeye-Autodrive-Scoring-CAN-Part2_v1/Buckeye-Autodrive-Scoring-CAN-Part2/install/v2x_send/share/ament_index
creating /home/tsz/Desktop/7_v1/Buckeye-Autodrive-Scoring-CAN-Part2_v1/Buckeye-Autodrive-Scoring-CAN-Part2/install/v2x_send/share/ament_index/resource_index
creating /home/tsz/Desktop/7_v1/Buckeye-Autodrive-Scoring-CAN-Part2_v1/Buckeye-Autodrive-Scoring-CAN-Part2/install/v2x_send/share/ament_index/resource_index/packages
copying resource/v2x_send -> /home/tsz/Desktop/7_v1/Buckeye-Autodrive-Scoring-CAN-Part2_v1/Buckeye-Autodrive-Scoring-CAN-Part2/install/v2x_send/share/ament_index/resource_index/packages
copying package.xml -> /home/tsz/Desktop/7_v1/Buckeye-Autodrive-Scoring-CAN-Part2_v1/Buckeye-Autodrive-Scoring-CAN-Part2/install/v2x_send/share/v2x_send
running install_egg_info
Copying ../../build/v2x_send/v2x_send.egg-info to /home/tsz/Desktop/7_v1/Buckeye-Autodrive-Scoring-CAN-Part2_v1/Buckeye-Autodrive-Scoring-CAN-Part2/install/v2x_send/lib/python3.8/site-packages/v2x_send-0.0.0-py3.8.egg-info
running install_scripts
Installing v2x_send script to /home/tsz/Desktop/7_v1/Buckeye-Autodrive-Scoring-CAN-Part2_v1/Buckeye-Autodrive-Scoring-CAN-Part2/install/v2x_send/lib/v2x_send
writing list of installed files to '/home/tsz/Desktop/7_v1/Buckeye-Autodrive-Scoring-CAN-Part2_v1/Buckeye-Autodrive-Scoring-CAN-Part2/build/v2x_send/install.log'
