/home/graffz/Documents/Buckeye-Autodrive-Scoring-CAN-Part2/src/install/v2x_send/lib/python3.10/site-packages/v2x_send/v2x_send_main.py
/home/graffz/Documents/Buckeye-Autodrive-Scoring-CAN-Part2/src/install/v2x_send/lib/python3.10/site-packages/v2x_send/fusion_node_merge.py
/home/graffz/Documents/Buckeye-Autodrive-Scoring-CAN-Part2/src/install/v2x_send/lib/python3.10/site-packages/v2x_send/__init__.py
/home/graffz/Documents/Buckeye-Autodrive-Scoring-CAN-Part2/src/install/v2x_send/lib/python3.10/site-packages/v2x_send/test.py
/home/graffz/Documents/Buckeye-Autodrive-Scoring-CAN-Part2/src/install/v2x_send/lib/python3.10/site-packages/v2x_send/message_base.py
/home/graffz/Documents/Buckeye-Autodrive-Scoring-CAN-Part2/src/install/v2x_send/lib/python3.10/site-packages/v2x_send/message.py
/home/graffz/Documents/Buckeye-Autodrive-Scoring-CAN-Part2/src/install/v2x_send/lib/python3.10/site-packages/v2x_send/v2x_send.py
/home/graffz/Documents/Buckeye-Autodrive-Scoring-CAN-Part2/src/install/v2x_send/lib/python3.10/site-packages/v2x_send/test2.py
/home/graffz/Documents/Buckeye-Autodrive-Scoring-CAN-Part2/src/install/v2x_send/lib/python3.10/site-packages/v2x_send/__pycache__/v2x_send_main.cpython-310.pyc
/home/graffz/Documents/Buckeye-Autodrive-Scoring-CAN-Part2/src/install/v2x_send/lib/python3.10/site-packages/v2x_send/__pycache__/fusion_node_merge.cpython-310.pyc
/home/graffz/Documents/Buckeye-Autodrive-Scoring-CAN-Part2/src/install/v2x_send/lib/python3.10/site-packages/v2x_send/__pycache__/__init__.cpython-310.pyc
/home/graffz/Documents/Buckeye-Autodrive-Scoring-CAN-Part2/src/install/v2x_send/lib/python3.10/site-packages/v2x_send/__pycache__/test.cpython-310.pyc
/home/graffz/Documents/Buckeye-Autodrive-Scoring-CAN-Part2/src/install/v2x_send/lib/python3.10/site-packages/v2x_send/__pycache__/message_base.cpython-310.pyc
/home/graffz/Documents/Buckeye-Autodrive-Scoring-CAN-Part2/src/install/v2x_send/lib/python3.10/site-packages/v2x_send/__pycache__/message.cpython-310.pyc
/home/graffz/Documents/Buckeye-Autodrive-Scoring-CAN-Part2/src/install/v2x_send/lib/python3.10/site-packages/v2x_send/__pycache__/v2x_send.cpython-310.pyc
/home/graffz/Documents/Buckeye-Autodrive-Scoring-CAN-Part2/src/install/v2x_send/lib/python3.10/site-packages/v2x_send/__pycache__/test2.cpython-310.pyc
/home/graffz/Documents/Buckeye-Autodrive-Scoring-CAN-Part2/src/install/v2x_send/share/ament_index/resource_index/packages/v2x_send
/home/graffz/Documents/Buckeye-Autodrive-Scoring-CAN-Part2/src/install/v2x_send/share/v2x_send/package.xml
/home/graffz/Documents/Buckeye-Autodrive-Scoring-CAN-Part2/src/install/v2x_send/lib/python3.10/site-packages/v2x_send-0.0.0-py3.10.egg-info/SOURCES.txt
/home/graffz/Documents/Buckeye-Autodrive-Scoring-CAN-Part2/src/install/v2x_send/lib/python3.10/site-packages/v2x_send-0.0.0-py3.10.egg-info/zip-safe
/home/graffz/Documents/Buckeye-Autodrive-Scoring-CAN-Part2/src/install/v2x_send/lib/python3.10/site-packages/v2x_send-0.0.0-py3.10.egg-info/top_level.txt
/home/graffz/Documents/Buckeye-Autodrive-Scoring-CAN-Part2/src/install/v2x_send/lib/python3.10/site-packages/v2x_send-0.0.0-py3.10.egg-info/PKG-INFO
/home/graffz/Documents/Buckeye-Autodrive-Scoring-CAN-Part2/src/install/v2x_send/lib/python3.10/site-packages/v2x_send-0.0.0-py3.10.egg-info/entry_points.txt
/home/graffz/Documents/Buckeye-Autodrive-Scoring-CAN-Part2/src/install/v2x_send/lib/python3.10/site-packages/v2x_send-0.0.0-py3.10.egg-info/dependency_links.txt
/home/graffz/Documents/Buckeye-Autodrive-Scoring-CAN-Part2/src/install/v2x_send/lib/python3.10/site-packages/v2x_send-0.0.0-py3.10.egg-info/requires.txt
/home/graffz/Documents/Buckeye-Autodrive-Scoring-CAN-Part2/src/install/v2x_send/lib/v2x_send/v2x_send
