[1.565s] Invoking command in '/home/tsz/Desktop/7_v1/Buckeye-Autodrive-Scoring-CAN-Part2_v1/Buckeye-Autodrive-Scoring-CAN-Part2/build/perception_comm': CMAKE_PREFIX_PATH=/opt/ros/foxy /usr/bin/cmake --build /home/tsz/Desktop/7_v1/Buckeye-Autodrive-Scoring-CAN-Part2_v1/Buckeye-Autodrive-Scoring-CAN-Part2/build/perception_comm -- -j8 -l8
[3.006s] [  2%] Built target perception_comm__cpp
[3.066s] [ 12%] Built target perception_comm__rosidl_typesupport_cpp
[3.067s] [ 33%] Built target perception_comm__rosidl_typesupport_fastrtps_cpp
[3.067s] [ 33%] Built target perception_comm__rosidl_generator_c
[3.067s] [ 43%] Built target perception_comm__rosidl_typesupport_introspection_cpp
[3.067s] [ 53%] Built target perception_comm__rosidl_typesupport_c
[3.067s] [ 64%] Built target perception_comm__rosidl_typesupport_introspection_c
[3.067s] [ 74%] Built target perception_comm__rosidl_typesupport_fastrtps_c
[3.067s] [ 74%] Built target perception_comm
[3.067s] [ 76%] Built target perception_comm__py
[3.067s] [ 84%] Built target perception_comm__python
[3.067s] [ 89%] Built target perception_comm__rosidl_typesupport_introspection_c__pyext
[3.067s] [ 94%] Built target perception_comm__rosidl_typesupport_fastrtps_c__pyext
[3.067s] [100%] Built target perception_comm__rosidl_typesupport_c__pyext
[3.070s] Invoked command in '/home/tsz/Desktop/7_v1/Buckeye-Autodrive-Scoring-CAN-Part2_v1/Buckeye-Autodrive-Scoring-CAN-Part2/build/perception_comm' returned '0': CMAKE_PREFIX_PATH=/opt/ros/foxy /usr/bin/cmake --build /home/tsz/Desktop/7_v1/Buckeye-Autodrive-Scoring-CAN-Part2_v1/Buckeye-Autodrive-Scoring-CAN-Part2/build/perception_comm -- -j8 -l8
[3.098s] Invoking command in '/home/tsz/Desktop/7_v1/Buckeye-Autodrive-Scoring-CAN-Part2_v1/Buckeye-Autodrive-Scoring-CAN-Part2/build/perception_comm': CMAKE_PREFIX_PATH=/opt/ros/foxy /usr/bin/cmake --install /home/tsz/Desktop/7_v1/Buckeye-Autodrive-Scoring-CAN-Part2_v1/Buckeye-Autodrive-Scoring-CAN-Part2/build/perception_comm
[3.114s] -- Install configuration: ""
[3.114s] -- Up-to-date: /home/tsz/Desktop/7_v1/Buckeye-Autodrive-Scoring-CAN-Part2_v1/Buckeye-Autodrive-Scoring-CAN-Part2/install/perception_comm/share/ament_index/resource_index/rosidl_interfaces/perception_comm
[3.114s] -- Up-to-date: /home/tsz/Desktop/7_v1/Buckeye-Autodrive-Scoring-CAN-Part2_v1/Buckeye-Autodrive-Scoring-CAN-Part2/install/perception_comm/include/perception_comm
[3.115s] -- Up-to-date: /home/tsz/Desktop/7_v1/Buckeye-Autodrive-Scoring-CAN-Part2_v1/Buckeye-Autodrive-Scoring-CAN-Part2/install/perception_comm/include/perception_comm/msg
[3.115s] -- Up-to-date: /home/tsz/Desktop/7_v1/Buckeye-Autodrive-Scoring-CAN-Part2_v1/Buckeye-Autodrive-Scoring-CAN-Part2/install/perception_comm/include/perception_comm/msg/rosidl_generator_c__visibility_control.h
[3.115s] -- Up-to-date: /home/tsz/Desktop/7_v1/Buckeye-Autodrive-Scoring-CAN-Part2_v1/Buckeye-Autodrive-Scoring-CAN-Part2/install/perception_comm/include/perception_comm/msg/detail
[3.115s] -- Up-to-date: /home/tsz/Desktop/7_v1/Buckeye-Autodrive-Scoring-CAN-Part2_v1/Buckeye-Autodrive-Scoring-CAN-Part2/install/perception_comm/include/perception_comm/msg/detail/can__functions.c
[3.115s] -- Up-to-date: /home/tsz/Desktop/7_v1/Buckeye-Autodrive-Scoring-CAN-Part2_v1/Buckeye-Autodrive-Scoring-CAN-Part2/install/perception_comm/include/perception_comm/msg/detail/can__functions.h
[3.116s] -- Up-to-date: /home/tsz/Desktop/7_v1/Buckeye-Autodrive-Scoring-CAN-Part2_v1/Buckeye-Autodrive-Scoring-CAN-Part2/install/perception_comm/include/perception_comm/msg/detail/bsm__functions.h
[3.116s] -- Up-to-date: /home/tsz/Desktop/7_v1/Buckeye-Autodrive-Scoring-CAN-Part2_v1/Buckeye-Autodrive-Scoring-CAN-Part2/install/perception_comm/include/perception_comm/msg/detail/can__type_support.h
[3.116s] -- Up-to-date: /home/tsz/Desktop/7_v1/Buckeye-Autodrive-Scoring-CAN-Part2_v1/Buckeye-Autodrive-Scoring-CAN-Part2/install/perception_comm/include/perception_comm/msg/detail/bsm__struct.h
[3.116s] -- Up-to-date: /home/tsz/Desktop/7_v1/Buckeye-Autodrive-Scoring-CAN-Part2_v1/Buckeye-Autodrive-Scoring-CAN-Part2/install/perception_comm/include/perception_comm/msg/detail/bsm__type_support.h
[3.116s] -- Up-to-date: /home/tsz/Desktop/7_v1/Buckeye-Autodrive-Scoring-CAN-Part2_v1/Buckeye-Autodrive-Scoring-CAN-Part2/install/perception_comm/include/perception_comm/msg/detail/bsm__functions.c
[3.117s] -- Up-to-date: /home/tsz/Desktop/7_v1/Buckeye-Autodrive-Scoring-CAN-Part2_v1/Buckeye-Autodrive-Scoring-CAN-Part2/install/perception_comm/include/perception_comm/msg/detail/can__struct.h
[3.117s] -- Up-to-date: /home/tsz/Desktop/7_v1/Buckeye-Autodrive-Scoring-CAN-Part2_v1/Buckeye-Autodrive-Scoring-CAN-Part2/install/perception_comm/include/perception_comm/msg/can.h
[3.117s] -- Up-to-date: /home/tsz/Desktop/7_v1/Buckeye-Autodrive-Scoring-CAN-Part2_v1/Buckeye-Autodrive-Scoring-CAN-Part2/install/perception_comm/include/perception_comm/msg/bsm.h
[3.117s] -- Up-to-date: /home/tsz/Desktop/7_v1/Buckeye-Autodrive-Scoring-CAN-Part2_v1/Buckeye-Autodrive-Scoring-CAN-Part2/install/perception_comm/share/perception_comm/environment/library_path.sh
[3.117s] -- Up-to-date: /home/tsz/Desktop/7_v1/Buckeye-Autodrive-Scoring-CAN-Part2_v1/Buckeye-Autodrive-Scoring-CAN-Part2/install/perception_comm/share/perception_comm/environment/library_path.dsv
[3.118s] -- Up-to-date: /home/tsz/Desktop/7_v1/Buckeye-Autodrive-Scoring-CAN-Part2_v1/Buckeye-Autodrive-Scoring-CAN-Part2/install/perception_comm/lib/libperception_comm__rosidl_generator_c.so
[3.118s] -- Up-to-date: /home/tsz/Desktop/7_v1/Buckeye-Autodrive-Scoring-CAN-Part2_v1/Buckeye-Autodrive-Scoring-CAN-Part2/install/perception_comm/include/perception_comm
[3.118s] -- Up-to-date: /home/tsz/Desktop/7_v1/Buckeye-Autodrive-Scoring-CAN-Part2_v1/Buckeye-Autodrive-Scoring-CAN-Part2/install/perception_comm/include/perception_comm/msg
[3.119s] -- Up-to-date: /home/tsz/Desktop/7_v1/Buckeye-Autodrive-Scoring-CAN-Part2_v1/Buckeye-Autodrive-Scoring-CAN-Part2/install/perception_comm/include/perception_comm/msg/detail
[3.119s] -- Up-to-date: /home/tsz/Desktop/7_v1/Buckeye-Autodrive-Scoring-CAN-Part2_v1/Buckeye-Autodrive-Scoring-CAN-Part2/install/perception_comm/include/perception_comm/msg/detail/can__rosidl_typesupport_fastrtps_c.h
[3.119s] -- Up-to-date: /home/tsz/Desktop/7_v1/Buckeye-Autodrive-Scoring-CAN-Part2_v1/Buckeye-Autodrive-Scoring-CAN-Part2/install/perception_comm/include/perception_comm/msg/detail/bsm__rosidl_typesupport_fastrtps_c.h
[3.119s] -- Up-to-date: /home/tsz/Desktop/7_v1/Buckeye-Autodrive-Scoring-CAN-Part2_v1/Buckeye-Autodrive-Scoring-CAN-Part2/install/perception_comm/include/perception_comm/msg/rosidl_typesupport_fastrtps_c__visibility_control.h
[3.119s] -- Up-to-date: /home/tsz/Desktop/7_v1/Buckeye-Autodrive-Scoring-CAN-Part2_v1/Buckeye-Autodrive-Scoring-CAN-Part2/install/perception_comm/lib/libperception_comm__rosidl_typesupport_fastrtps_c.so
[3.120s] -- Up-to-date: /home/tsz/Desktop/7_v1/Buckeye-Autodrive-Scoring-CAN-Part2_v1/Buckeye-Autodrive-Scoring-CAN-Part2/install/perception_comm/include/perception_comm
[3.120s] -- Up-to-date: /home/tsz/Desktop/7_v1/Buckeye-Autodrive-Scoring-CAN-Part2_v1/Buckeye-Autodrive-Scoring-CAN-Part2/install/perception_comm/include/perception_comm/msg
[3.120s] -- Up-to-date: /home/tsz/Desktop/7_v1/Buckeye-Autodrive-Scoring-CAN-Part2_v1/Buckeye-Autodrive-Scoring-CAN-Part2/install/perception_comm/include/perception_comm/msg/rosidl_typesupport_fastrtps_cpp__visibility_control.h
[3.120s] -- Up-to-date: /home/tsz/Desktop/7_v1/Buckeye-Autodrive-Scoring-CAN-Part2_v1/Buckeye-Autodrive-Scoring-CAN-Part2/install/perception_comm/include/perception_comm/msg/detail
[3.120s] -- Up-to-date: /home/tsz/Desktop/7_v1/Buckeye-Autodrive-Scoring-CAN-Part2_v1/Buckeye-Autodrive-Scoring-CAN-Part2/install/perception_comm/include/perception_comm/msg/detail/bsm__rosidl_typesupport_fastrtps_cpp.hpp
[3.120s] -- Up-to-date: /home/tsz/Desktop/7_v1/Buckeye-Autodrive-Scoring-CAN-Part2_v1/Buckeye-Autodrive-Scoring-CAN-Part2/install/perception_comm/include/perception_comm/msg/detail/dds_fastrtps
[3.121s] -- Up-to-date: /home/tsz/Desktop/7_v1/Buckeye-Autodrive-Scoring-CAN-Part2_v1/Buckeye-Autodrive-Scoring-CAN-Part2/install/perception_comm/include/perception_comm/msg/detail/can__rosidl_typesupport_fastrtps_cpp.hpp
[3.121s] -- Up-to-date: /home/tsz/Desktop/7_v1/Buckeye-Autodrive-Scoring-CAN-Part2_v1/Buckeye-Autodrive-Scoring-CAN-Part2/install/perception_comm/lib/libperception_comm__rosidl_typesupport_fastrtps_cpp.so
[3.121s] -- Up-to-date: /home/tsz/Desktop/7_v1/Buckeye-Autodrive-Scoring-CAN-Part2_v1/Buckeye-Autodrive-Scoring-CAN-Part2/install/perception_comm/include/perception_comm
[3.121s] -- Up-to-date: /home/tsz/Desktop/7_v1/Buckeye-Autodrive-Scoring-CAN-Part2_v1/Buckeye-Autodrive-Scoring-CAN-Part2/install/perception_comm/include/perception_comm/msg
[3.121s] -- Up-to-date: /home/tsz/Desktop/7_v1/Buckeye-Autodrive-Scoring-CAN-Part2_v1/Buckeye-Autodrive-Scoring-CAN-Part2/install/perception_comm/include/perception_comm/msg/detail
[3.121s] -- Up-to-date: /home/tsz/Desktop/7_v1/Buckeye-Autodrive-Scoring-CAN-Part2_v1/Buckeye-Autodrive-Scoring-CAN-Part2/install/perception_comm/include/perception_comm/msg/detail/can__rosidl_typesupport_introspection_c.h
[3.122s] -- Up-to-date: /home/tsz/Desktop/7_v1/Buckeye-Autodrive-Scoring-CAN-Part2_v1/Buckeye-Autodrive-Scoring-CAN-Part2/install/perception_comm/include/perception_comm/msg/detail/can__type_support.c
[3.122s] -- Up-to-date: /home/tsz/Desktop/7_v1/Buckeye-Autodrive-Scoring-CAN-Part2_v1/Buckeye-Autodrive-Scoring-CAN-Part2/install/perception_comm/include/perception_comm/msg/detail/bsm__rosidl_typesupport_introspection_c.h
[3.122s] -- Up-to-date: /home/tsz/Desktop/7_v1/Buckeye-Autodrive-Scoring-CAN-Part2_v1/Buckeye-Autodrive-Scoring-CAN-Part2/install/perception_comm/include/perception_comm/msg/detail/bsm__type_support.c
[3.122s] -- Up-to-date: /home/tsz/Desktop/7_v1/Buckeye-Autodrive-Scoring-CAN-Part2_v1/Buckeye-Autodrive-Scoring-CAN-Part2/install/perception_comm/include/perception_comm/msg/rosidl_typesupport_introspection_c__visibility_control.h
[3.122s] -- Up-to-date: /home/tsz/Desktop/7_v1/Buckeye-Autodrive-Scoring-CAN-Part2_v1/Buckeye-Autodrive-Scoring-CAN-Part2/install/perception_comm/lib/libperception_comm__rosidl_typesupport_introspection_c.so
[3.122s] -- Up-to-date: /home/tsz/Desktop/7_v1/Buckeye-Autodrive-Scoring-CAN-Part2_v1/Buckeye-Autodrive-Scoring-CAN-Part2/install/perception_comm/lib/libperception_comm__rosidl_typesupport_c.so
[3.122s] -- Up-to-date: /home/tsz/Desktop/7_v1/Buckeye-Autodrive-Scoring-CAN-Part2_v1/Buckeye-Autodrive-Scoring-CAN-Part2/install/perception_comm/include/perception_comm
[3.123s] -- Up-to-date: /home/tsz/Desktop/7_v1/Buckeye-Autodrive-Scoring-CAN-Part2_v1/Buckeye-Autodrive-Scoring-CAN-Part2/install/perception_comm/include/perception_comm/msg
[3.123s] -- Up-to-date: /home/tsz/Desktop/7_v1/Buckeye-Autodrive-Scoring-CAN-Part2_v1/Buckeye-Autodrive-Scoring-CAN-Part2/install/perception_comm/include/perception_comm/msg/rosidl_generator_cpp__visibility_control.hpp
[3.123s] -- Up-to-date: /home/tsz/Desktop/7_v1/Buckeye-Autodrive-Scoring-CAN-Part2_v1/Buckeye-Autodrive-Scoring-CAN-Part2/install/perception_comm/include/perception_comm/msg/bsm.hpp
[3.123s] -- Up-to-date: /home/tsz/Desktop/7_v1/Buckeye-Autodrive-Scoring-CAN-Part2_v1/Buckeye-Autodrive-Scoring-CAN-Part2/install/perception_comm/include/perception_comm/msg/detail
[3.123s] -- Up-to-date: /home/tsz/Desktop/7_v1/Buckeye-Autodrive-Scoring-CAN-Part2_v1/Buckeye-Autodrive-Scoring-CAN-Part2/install/perception_comm/include/perception_comm/msg/detail/bsm__type_support.hpp
[3.123s] -- Up-to-date: /home/tsz/Desktop/7_v1/Buckeye-Autodrive-Scoring-CAN-Part2_v1/Buckeye-Autodrive-Scoring-CAN-Part2/install/perception_comm/include/perception_comm/msg/detail/can__builder.hpp
[3.123s] -- Up-to-date: /home/tsz/Desktop/7_v1/Buckeye-Autodrive-Scoring-CAN-Part2_v1/Buckeye-Autodrive-Scoring-CAN-Part2/install/perception_comm/include/perception_comm/msg/detail/bsm__struct.hpp
[3.123s] -- Up-to-date: /home/tsz/Desktop/7_v1/Buckeye-Autodrive-Scoring-CAN-Part2_v1/Buckeye-Autodrive-Scoring-CAN-Part2/install/perception_comm/include/perception_comm/msg/detail/bsm__builder.hpp
[3.124s] -- Up-to-date: /home/tsz/Desktop/7_v1/Buckeye-Autodrive-Scoring-CAN-Part2_v1/Buckeye-Autodrive-Scoring-CAN-Part2/install/perception_comm/include/perception_comm/msg/detail/bsm__traits.hpp
[3.124s] -- Up-to-date: /home/tsz/Desktop/7_v1/Buckeye-Autodrive-Scoring-CAN-Part2_v1/Buckeye-Autodrive-Scoring-CAN-Part2/install/perception_comm/include/perception_comm/msg/detail/can__type_support.hpp
[3.124s] -- Up-to-date: /home/tsz/Desktop/7_v1/Buckeye-Autodrive-Scoring-CAN-Part2_v1/Buckeye-Autodrive-Scoring-CAN-Part2/install/perception_comm/include/perception_comm/msg/detail/can__traits.hpp
[3.124s] -- Up-to-date: /home/tsz/Desktop/7_v1/Buckeye-Autodrive-Scoring-CAN-Part2_v1/Buckeye-Autodrive-Scoring-CAN-Part2/install/perception_comm/include/perception_comm/msg/detail/can__struct.hpp
[3.124s] -- Up-to-date: /home/tsz/Desktop/7_v1/Buckeye-Autodrive-Scoring-CAN-Part2_v1/Buckeye-Autodrive-Scoring-CAN-Part2/install/perception_comm/include/perception_comm/msg/can.hpp
[3.124s] -- Up-to-date: /home/tsz/Desktop/7_v1/Buckeye-Autodrive-Scoring-CAN-Part2_v1/Buckeye-Autodrive-Scoring-CAN-Part2/install/perception_comm/include/perception_comm
[3.124s] -- Up-to-date: /home/tsz/Desktop/7_v1/Buckeye-Autodrive-Scoring-CAN-Part2_v1/Buckeye-Autodrive-Scoring-CAN-Part2/install/perception_comm/include/perception_comm/msg
[3.125s] -- Up-to-date: /home/tsz/Desktop/7_v1/Buckeye-Autodrive-Scoring-CAN-Part2_v1/Buckeye-Autodrive-Scoring-CAN-Part2/install/perception_comm/include/perception_comm/msg/detail
[3.125s] -- Up-to-date: /home/tsz/Desktop/7_v1/Buckeye-Autodrive-Scoring-CAN-Part2_v1/Buckeye-Autodrive-Scoring-CAN-Part2/install/perception_comm/include/perception_comm/msg/detail/can__type_support.cpp
[3.125s] -- Up-to-date: /home/tsz/Desktop/7_v1/Buckeye-Autodrive-Scoring-CAN-Part2_v1/Buckeye-Autodrive-Scoring-CAN-Part2/install/perception_comm/include/perception_comm/msg/detail/bsm__type_support.cpp
[3.125s] -- Up-to-date: /home/tsz/Desktop/7_v1/Buckeye-Autodrive-Scoring-CAN-Part2_v1/Buckeye-Autodrive-Scoring-CAN-Part2/install/perception_comm/include/perception_comm/msg/detail/can__rosidl_typesupport_introspection_cpp.hpp
[3.125s] -- Up-to-date: /home/tsz/Desktop/7_v1/Buckeye-Autodrive-Scoring-CAN-Part2_v1/Buckeye-Autodrive-Scoring-CAN-Part2/install/perception_comm/include/perception_comm/msg/detail/bsm__rosidl_typesupport_introspection_cpp.hpp
[3.125s] -- Up-to-date: /home/tsz/Desktop/7_v1/Buckeye-Autodrive-Scoring-CAN-Part2_v1/Buckeye-Autodrive-Scoring-CAN-Part2/install/perception_comm/lib/libperception_comm__rosidl_typesupport_introspection_cpp.so
[3.125s] -- Up-to-date: /home/tsz/Desktop/7_v1/Buckeye-Autodrive-Scoring-CAN-Part2_v1/Buckeye-Autodrive-Scoring-CAN-Part2/install/perception_comm/lib/libperception_comm__rosidl_typesupport_cpp.so
[3.126s] -- Up-to-date: /home/tsz/Desktop/7_v1/Buckeye-Autodrive-Scoring-CAN-Part2_v1/Buckeye-Autodrive-Scoring-CAN-Part2/install/perception_comm/share/perception_comm/environment/pythonpath.sh
[3.126s] -- Up-to-date: /home/tsz/Desktop/7_v1/Buckeye-Autodrive-Scoring-CAN-Part2_v1/Buckeye-Autodrive-Scoring-CAN-Part2/install/perception_comm/share/perception_comm/environment/pythonpath.dsv
[3.126s] -- Up-to-date: /home/tsz/Desktop/7_v1/Buckeye-Autodrive-Scoring-CAN-Part2_v1/Buckeye-Autodrive-Scoring-CAN-Part2/install/perception_comm/lib/python3.8/site-packages/perception_comm/__init__.py
[3.175s] -- Up-to-date: /home/tsz/Desktop/7_v1/Buckeye-Autodrive-Scoring-CAN-Part2_v1/Buckeye-Autodrive-Scoring-CAN-Part2/install/perception_comm/lib/python3.8/site-packages/perception_comm/msg
[3.176s] -- Up-to-date: /home/tsz/Desktop/7_v1/Buckeye-Autodrive-Scoring-CAN-Part2_v1/Buckeye-Autodrive-Scoring-CAN-Part2/install/perception_comm/lib/python3.8/site-packages/perception_comm/msg/_can.py
[3.176s] -- Up-to-date: /home/tsz/Desktop/7_v1/Buckeye-Autodrive-Scoring-CAN-Part2_v1/Buckeye-Autodrive-Scoring-CAN-Part2/install/perception_comm/lib/python3.8/site-packages/perception_comm/msg/_bsm.py
[3.176s] -- Up-to-date: /home/tsz/Desktop/7_v1/Buckeye-Autodrive-Scoring-CAN-Part2_v1/Buckeye-Autodrive-Scoring-CAN-Part2/install/perception_comm/lib/python3.8/site-packages/perception_comm/msg/__init__.py
[3.176s] -- Up-to-date: /home/tsz/Desktop/7_v1/Buckeye-Autodrive-Scoring-CAN-Part2_v1/Buckeye-Autodrive-Scoring-CAN-Part2/install/perception_comm/lib/python3.8/site-packages/perception_comm/msg/_bsm_s.c
[3.177s] -- Up-to-date: /home/tsz/Desktop/7_v1/Buckeye-Autodrive-Scoring-CAN-Part2_v1/Buckeye-Autodrive-Scoring-CAN-Part2/install/perception_comm/lib/python3.8/site-packages/perception_comm/msg/_can_s.c
[3.177s] -- Up-to-date: /home/tsz/Desktop/7_v1/Buckeye-Autodrive-Scoring-CAN-Part2_v1/Buckeye-Autodrive-Scoring-CAN-Part2/install/perception_comm/lib/python3.8/site-packages/perception_comm/perception_comm_s__rosidl_typesupport_fastrtps_c.cpython-38-x86_64-linux-gnu.so
[3.177s] -- Up-to-date: /home/tsz/Desktop/7_v1/Buckeye-Autodrive-Scoring-CAN-Part2_v1/Buckeye-Autodrive-Scoring-CAN-Part2/install/perception_comm/lib/python3.8/site-packages/perception_comm/perception_comm_s__rosidl_typesupport_introspection_c.cpython-38-x86_64-linux-gnu.so
[3.179s] -- Up-to-date: /home/tsz/Desktop/7_v1/Buckeye-Autodrive-Scoring-CAN-Part2_v1/Buckeye-Autodrive-Scoring-CAN-Part2/install/perception_comm/lib/python3.8/site-packages/perception_comm/perception_comm_s__rosidl_typesupport_c.cpython-38-x86_64-linux-gnu.so
[3.180s] -- Up-to-date: /home/tsz/Desktop/7_v1/Buckeye-Autodrive-Scoring-CAN-Part2_v1/Buckeye-Autodrive-Scoring-CAN-Part2/install/perception_comm/lib/libperception_comm__python.so
[3.180s] -- Up-to-date: /home/tsz/Desktop/7_v1/Buckeye-Autodrive-Scoring-CAN-Part2_v1/Buckeye-Autodrive-Scoring-CAN-Part2/install/perception_comm/share/perception_comm/msg/CAN.idl
[3.181s] -- Up-to-date: /home/tsz/Desktop/7_v1/Buckeye-Autodrive-Scoring-CAN-Part2_v1/Buckeye-Autodrive-Scoring-CAN-Part2/install/perception_comm/share/perception_comm/msg/BSM.idl
[3.181s] -- Up-to-date: /home/tsz/Desktop/7_v1/Buckeye-Autodrive-Scoring-CAN-Part2_v1/Buckeye-Autodrive-Scoring-CAN-Part2/install/perception_comm/share/perception_comm/msg/CAN.msg
[3.181s] -- Up-to-date: /home/tsz/Desktop/7_v1/Buckeye-Autodrive-Scoring-CAN-Part2_v1/Buckeye-Autodrive-Scoring-CAN-Part2/install/perception_comm/share/perception_comm/msg/BSM.msg
[3.182s] -- Up-to-date: /home/tsz/Desktop/7_v1/Buckeye-Autodrive-Scoring-CAN-Part2_v1/Buckeye-Autodrive-Scoring-CAN-Part2/install/perception_comm/share/ament_index/resource_index/package_run_dependencies/perception_comm
[3.182s] -- Up-to-date: /home/tsz/Desktop/7_v1/Buckeye-Autodrive-Scoring-CAN-Part2_v1/Buckeye-Autodrive-Scoring-CAN-Part2/install/perception_comm/share/ament_index/resource_index/parent_prefix_path/perception_comm
[3.182s] -- Up-to-date: /home/tsz/Desktop/7_v1/Buckeye-Autodrive-Scoring-CAN-Part2_v1/Buckeye-Autodrive-Scoring-CAN-Part2/install/perception_comm/share/perception_comm/environment/ament_prefix_path.sh
[3.183s] -- Up-to-date: /home/tsz/Desktop/7_v1/Buckeye-Autodrive-Scoring-CAN-Part2_v1/Buckeye-Autodrive-Scoring-CAN-Part2/install/perception_comm/share/perception_comm/environment/ament_prefix_path.dsv
[3.183s] -- Up-to-date: /home/tsz/Desktop/7_v1/Buckeye-Autodrive-Scoring-CAN-Part2_v1/Buckeye-Autodrive-Scoring-CAN-Part2/install/perception_comm/share/perception_comm/environment/path.sh
[3.184s] -- Up-to-date: /home/tsz/Desktop/7_v1/Buckeye-Autodrive-Scoring-CAN-Part2_v1/Buckeye-Autodrive-Scoring-CAN-Part2/install/perception_comm/share/perception_comm/environment/path.dsv
[3.184s] -- Up-to-date: /home/tsz/Desktop/7_v1/Buckeye-Autodrive-Scoring-CAN-Part2_v1/Buckeye-Autodrive-Scoring-CAN-Part2/install/perception_comm/share/perception_comm/local_setup.bash
[3.184s] -- Up-to-date: /home/tsz/Desktop/7_v1/Buckeye-Autodrive-Scoring-CAN-Part2_v1/Buckeye-Autodrive-Scoring-CAN-Part2/install/perception_comm/share/perception_comm/local_setup.sh
[3.185s] -- Up-to-date: /home/tsz/Desktop/7_v1/Buckeye-Autodrive-Scoring-CAN-Part2_v1/Buckeye-Autodrive-Scoring-CAN-Part2/install/perception_comm/share/perception_comm/local_setup.zsh
[3.185s] -- Up-to-date: /home/tsz/Desktop/7_v1/Buckeye-Autodrive-Scoring-CAN-Part2_v1/Buckeye-Autodrive-Scoring-CAN-Part2/install/perception_comm/share/perception_comm/local_setup.dsv
[3.185s] -- Installing: /home/tsz/Desktop/7_v1/Buckeye-Autodrive-Scoring-CAN-Part2_v1/Buckeye-Autodrive-Scoring-CAN-Part2/install/perception_comm/share/perception_comm/package.dsv
[3.186s] -- Up-to-date: /home/tsz/Desktop/7_v1/Buckeye-Autodrive-Scoring-CAN-Part2_v1/Buckeye-Autodrive-Scoring-CAN-Part2/install/perception_comm/share/ament_index/resource_index/packages/perception_comm
[3.186s] -- Up-to-date: /home/tsz/Desktop/7_v1/Buckeye-Autodrive-Scoring-CAN-Part2_v1/Buckeye-Autodrive-Scoring-CAN-Part2/install/perception_comm/share/perception_comm/cmake/perception_comm__rosidl_generator_cExport.cmake
[3.187s] -- Up-to-date: /home/tsz/Desktop/7_v1/Buckeye-Autodrive-Scoring-CAN-Part2_v1/Buckeye-Autodrive-Scoring-CAN-Part2/install/perception_comm/share/perception_comm/cmake/perception_comm__rosidl_generator_cExport-noconfig.cmake
[3.187s] -- Up-to-date: /home/tsz/Desktop/7_v1/Buckeye-Autodrive-Scoring-CAN-Part2_v1/Buckeye-Autodrive-Scoring-CAN-Part2/install/perception_comm/share/perception_comm/cmake/perception_comm__rosidl_typesupport_introspection_cExport.cmake
[3.188s] -- Up-to-date: /home/tsz/Desktop/7_v1/Buckeye-Autodrive-Scoring-CAN-Part2_v1/Buckeye-Autodrive-Scoring-CAN-Part2/install/perception_comm/share/perception_comm/cmake/perception_comm__rosidl_typesupport_introspection_cExport-noconfig.cmake
[3.188s] -- Up-to-date: /home/tsz/Desktop/7_v1/Buckeye-Autodrive-Scoring-CAN-Part2_v1/Buckeye-Autodrive-Scoring-CAN-Part2/install/perception_comm/share/perception_comm/cmake/perception_comm__rosidl_typesupport_cExport.cmake
[3.189s] -- Up-to-date: /home/tsz/Desktop/7_v1/Buckeye-Autodrive-Scoring-CAN-Part2_v1/Buckeye-Autodrive-Scoring-CAN-Part2/install/perception_comm/share/perception_comm/cmake/perception_comm__rosidl_typesupport_cExport-noconfig.cmake
[3.189s] -- Up-to-date: /home/tsz/Desktop/7_v1/Buckeye-Autodrive-Scoring-CAN-Part2_v1/Buckeye-Autodrive-Scoring-CAN-Part2/install/perception_comm/share/perception_comm/cmake/perception_comm__rosidl_generator_cppExport.cmake
[3.190s] -- Up-to-date: /home/tsz/Desktop/7_v1/Buckeye-Autodrive-Scoring-CAN-Part2_v1/Buckeye-Autodrive-Scoring-CAN-Part2/install/perception_comm/share/perception_comm/cmake/perception_comm__rosidl_typesupport_introspection_cppExport.cmake
[3.190s] -- Up-to-date: /home/tsz/Desktop/7_v1/Buckeye-Autodrive-Scoring-CAN-Part2_v1/Buckeye-Autodrive-Scoring-CAN-Part2/install/perception_comm/share/perception_comm/cmake/perception_comm__rosidl_typesupport_introspection_cppExport-noconfig.cmake
[3.191s] -- Up-to-date: /home/tsz/Desktop/7_v1/Buckeye-Autodrive-Scoring-CAN-Part2_v1/Buckeye-Autodrive-Scoring-CAN-Part2/install/perception_comm/share/perception_comm/cmake/perception_comm__rosidl_typesupport_cppExport.cmake
[3.191s] -- Up-to-date: /home/tsz/Desktop/7_v1/Buckeye-Autodrive-Scoring-CAN-Part2_v1/Buckeye-Autodrive-Scoring-CAN-Part2/install/perception_comm/share/perception_comm/cmake/perception_comm__rosidl_typesupport_cppExport-noconfig.cmake
[3.191s] -- Up-to-date: /home/tsz/Desktop/7_v1/Buckeye-Autodrive-Scoring-CAN-Part2_v1/Buckeye-Autodrive-Scoring-CAN-Part2/install/perception_comm/share/perception_comm/cmake/rosidl_cmake-extras.cmake
[3.192s] -- Up-to-date: /home/tsz/Desktop/7_v1/Buckeye-Autodrive-Scoring-CAN-Part2_v1/Buckeye-Autodrive-Scoring-CAN-Part2/install/perception_comm/share/perception_comm/cmake/ament_cmake_export_dependencies-extras.cmake
[3.192s] -- Up-to-date: /home/tsz/Desktop/7_v1/Buckeye-Autodrive-Scoring-CAN-Part2_v1/Buckeye-Autodrive-Scoring-CAN-Part2/install/perception_comm/share/perception_comm/cmake/ament_cmake_export_libraries-extras.cmake
[3.192s] -- Up-to-date: /home/tsz/Desktop/7_v1/Buckeye-Autodrive-Scoring-CAN-Part2_v1/Buckeye-Autodrive-Scoring-CAN-Part2/install/perception_comm/share/perception_comm/cmake/ament_cmake_export_targets-extras.cmake
[3.193s] -- Up-to-date: /home/tsz/Desktop/7_v1/Buckeye-Autodrive-Scoring-CAN-Part2_v1/Buckeye-Autodrive-Scoring-CAN-Part2/install/perception_comm/share/perception_comm/cmake/ament_cmake_export_include_directories-extras.cmake
[3.193s] -- Up-to-date: /home/tsz/Desktop/7_v1/Buckeye-Autodrive-Scoring-CAN-Part2_v1/Buckeye-Autodrive-Scoring-CAN-Part2/install/perception_comm/share/perception_comm/cmake/rosidl_cmake_export_typesupport_libraries-extras.cmake
[3.193s] -- Up-to-date: /home/tsz/Desktop/7_v1/Buckeye-Autodrive-Scoring-CAN-Part2_v1/Buckeye-Autodrive-Scoring-CAN-Part2/install/perception_comm/share/perception_comm/cmake/rosidl_cmake_export_typesupport_targets-extras.cmake
[3.194s] -- Up-to-date: /home/tsz/Desktop/7_v1/Buckeye-Autodrive-Scoring-CAN-Part2_v1/Buckeye-Autodrive-Scoring-CAN-Part2/install/perception_comm/share/perception_comm/cmake/perception_commConfig.cmake
[3.194s] -- Up-to-date: /home/tsz/Desktop/7_v1/Buckeye-Autodrive-Scoring-CAN-Part2_v1/Buckeye-Autodrive-Scoring-CAN-Part2/install/perception_comm/share/perception_comm/cmake/perception_commConfig-version.cmake
[3.194s] -- Up-to-date: /home/tsz/Desktop/7_v1/Buckeye-Autodrive-Scoring-CAN-Part2_v1/Buckeye-Autodrive-Scoring-CAN-Part2/install/perception_comm/share/perception_comm/package.xml
[3.213s] Invoked command in '/home/tsz/Desktop/7_v1/Buckeye-Autodrive-Scoring-CAN-Part2_v1/Buckeye-Autodrive-Scoring-CAN-Part2/build/perception_comm' returned '0': CMAKE_PREFIX_PATH=/opt/ros/foxy /usr/bin/cmake --install /home/tsz/Desktop/7_v1/Buckeye-Autodrive-Scoring-CAN-Part2_v1/Buckeye-Autodrive-Scoring-CAN-Part2/build/perception_comm
