[2.588s] DEBUG:colcon:Command line arguments: ['/usr/bin/colcon', 'build']
[2.588s] DEBUG:colcon:Parsed command line arguments: Namespace(allow_overriding=[], ament_cmake_args=None, base_paths=['.'], build_base='build', catkin_cmake_args=None, catkin_skip_building_tests=False, cmake_args=None, cmake_clean_cache=False, cmake_clean_first=False, cmake_force_configure=False, cmake_target=None, cmake_target_skip_unavailable=False, continue_on_error=False, event_handlers=None, executor='parallel', ignore_user_meta=False, install_base='install', log_base=None, log_level=None, main=<bound method BuildVerb.main of <colcon_core.verb.build.BuildVerb object at 0x7fc86f0b5340>>, merge_install=False, metas=['./colcon.meta'], packages_above=None, packages_above_and_dependencies=None, packages_above_depth=None, packages_end=None, packages_ignore=None, packages_ignore_regex=None, packages_select=None, packages_select_build_failed=False, packages_select_by_dep=None, packages_select_regex=None, packages_select_test_failures=False, packages_skip=None, packages_skip_build_finished=False, packages_skip_by_dep=None, packages_skip_regex=None, packages_skip_test_passed=False, packages_skip_up_to=None, packages_start=None, packages_up_to=None, packages_up_to_regex=None, parallel_workers=8, paths=None, symlink_install=False, test_result_base=None, verb_extension=<colcon_core.verb.build.BuildVerb object at 0x7fc86f0b5340>, verb_name='build', verb_parser=<colcon_defaults.argument_parser.defaults.DefaultArgumentsDecorator object at 0x7fc86ec35850>)
[2.709s] Level 1:colcon.colcon_core.package_discovery:discover_packages(colcon_meta) check parameters
[2.709s] Level 1:colcon.colcon_core.package_discovery:discover_packages(recursive) check parameters
[2.709s] Level 1:colcon.colcon_core.package_discovery:discover_packages(ignore) check parameters
[2.709s] Level 1:colcon.colcon_core.package_discovery:discover_packages(path) check parameters
[2.709s] Level 1:colcon.colcon_core.package_discovery:discover_packages(colcon_meta) discover
[2.709s] Level 1:colcon.colcon_core.package_discovery:discover_packages(recursive) discover
[2.709s] INFO:colcon.colcon_core.package_discovery:Crawling recursively for packages in '/home/tsz/Desktop/7_v1/Buckeye-Autodrive-Scoring-CAN-Part2_v1/Buckeye-Autodrive-Scoring-CAN-Part2'
[2.709s] Level 1:colcon.colcon_core.package_identification:_identify(.) by extensions ['ignore', 'ignore_ament_install']
[2.709s] Level 1:colcon.colcon_core.package_identification:_identify(.) by extension 'ignore'
[2.709s] Level 1:colcon.colcon_core.package_identification:_identify(.) by extension 'ignore_ament_install'
[2.709s] Level 1:colcon.colcon_core.package_identification:_identify(.) by extensions ['colcon_pkg']
[2.709s] Level 1:colcon.colcon_core.package_identification:_identify(.) by extension 'colcon_pkg'
[2.709s] Level 1:colcon.colcon_core.package_identification:_identify(.) by extensions ['colcon_meta']
[2.709s] Level 1:colcon.colcon_core.package_identification:_identify(.) by extension 'colcon_meta'
[2.709s] Level 1:colcon.colcon_core.package_identification:_identify(.) by extensions ['ros']
[2.709s] Level 1:colcon.colcon_core.package_identification:_identify(.) by extension 'ros'
[2.718s] Level 1:colcon.colcon_core.package_identification:_identify(.) by extensions ['cmake', 'python']
[2.718s] Level 1:colcon.colcon_core.package_identification:_identify(.) by extension 'cmake'
[2.718s] Level 1:colcon.colcon_core.package_identification:_identify(.) by extension 'python'
[2.718s] Level 1:colcon.colcon_core.package_identification:_identify(.) by extensions ['python_setup_py']
[2.718s] Level 1:colcon.colcon_core.package_identification:_identify(.) by extension 'python_setup_py'
[2.718s] Level 1:colcon.colcon_core.package_identification:_identify(build) by extensions ['ignore', 'ignore_ament_install']
[2.718s] Level 1:colcon.colcon_core.package_identification:_identify(build) by extension 'ignore'
[2.718s] Level 1:colcon.colcon_core.package_identification:_identify(build) ignored
[2.718s] Level 1:colcon.colcon_core.package_identification:_identify(install) by extensions ['ignore', 'ignore_ament_install']
[2.718s] Level 1:colcon.colcon_core.package_identification:_identify(install) by extension 'ignore'
[2.718s] Level 1:colcon.colcon_core.package_identification:_identify(install) ignored
[2.719s] Level 1:colcon.colcon_core.package_identification:_identify(log) by extensions ['ignore', 'ignore_ament_install']
[2.719s] Level 1:colcon.colcon_core.package_identification:_identify(log) by extension 'ignore'
[2.719s] Level 1:colcon.colcon_core.package_identification:_identify(log) ignored
[2.719s] Level 1:colcon.colcon_core.package_identification:_identify(src) by extensions ['ignore', 'ignore_ament_install']
[2.719s] Level 1:colcon.colcon_core.package_identification:_identify(src) by extension 'ignore'
[2.719s] Level 1:colcon.colcon_core.package_identification:_identify(src) by extension 'ignore_ament_install'
[2.719s] Level 1:colcon.colcon_core.package_identification:_identify(src) by extensions ['colcon_pkg']
[2.719s] Level 1:colcon.colcon_core.package_identification:_identify(src) by extension 'colcon_pkg'
[2.719s] Level 1:colcon.colcon_core.package_identification:_identify(src) by extensions ['colcon_meta']
[2.719s] Level 1:colcon.colcon_core.package_identification:_identify(src) by extension 'colcon_meta'
[2.719s] Level 1:colcon.colcon_core.package_identification:_identify(src) by extensions ['ros']
[2.719s] Level 1:colcon.colcon_core.package_identification:_identify(src) by extension 'ros'
[2.719s] Level 1:colcon.colcon_core.package_identification:_identify(src) by extensions ['cmake', 'python']
[2.719s] Level 1:colcon.colcon_core.package_identification:_identify(src) by extension 'cmake'
[2.719s] Level 1:colcon.colcon_core.package_identification:_identify(src) by extension 'python'
[2.719s] Level 1:colcon.colcon_core.package_identification:_identify(src) by extensions ['python_setup_py']
[2.719s] Level 1:colcon.colcon_core.package_identification:_identify(src) by extension 'python_setup_py'
[2.719s] Level 1:colcon.colcon_core.package_identification:_identify(src/basic_subscriber) by extensions ['ignore', 'ignore_ament_install']
[2.719s] Level 1:colcon.colcon_core.package_identification:_identify(src/basic_subscriber) by extension 'ignore'
[2.719s] Level 1:colcon.colcon_core.package_identification:_identify(src/basic_subscriber) by extension 'ignore_ament_install'
[2.720s] Level 1:colcon.colcon_core.package_identification:_identify(src/basic_subscriber) by extensions ['colcon_pkg']
[2.720s] Level 1:colcon.colcon_core.package_identification:_identify(src/basic_subscriber) by extension 'colcon_pkg'
[2.720s] Level 1:colcon.colcon_core.package_identification:_identify(src/basic_subscriber) by extensions ['colcon_meta']
[2.720s] Level 1:colcon.colcon_core.package_identification:_identify(src/basic_subscriber) by extension 'colcon_meta'
[2.720s] Level 1:colcon.colcon_core.package_identification:_identify(src/basic_subscriber) by extensions ['ros']
[2.720s] Level 1:colcon.colcon_core.package_identification:_identify(src/basic_subscriber) by extension 'ros'
[2.722s] DEBUG:colcon.colcon_core.package_identification:Package 'src/basic_subscriber' with type 'ros.ament_python' and name 'basic_subscriber'
[2.722s] Level 1:colcon.colcon_core.package_identification:_identify(src/build) by extensions ['ignore', 'ignore_ament_install']
[2.722s] Level 1:colcon.colcon_core.package_identification:_identify(src/build) by extension 'ignore'
[2.722s] Level 1:colcon.colcon_core.package_identification:_identify(src/build) ignored
[2.722s] Level 1:colcon.colcon_core.package_identification:_identify(src/common) by extensions ['ignore', 'ignore_ament_install']
[2.722s] Level 1:colcon.colcon_core.package_identification:_identify(src/common) by extension 'ignore'
[2.722s] Level 1:colcon.colcon_core.package_identification:_identify(src/common) by extension 'ignore_ament_install'
[2.722s] Level 1:colcon.colcon_core.package_identification:_identify(src/common) by extensions ['colcon_pkg']
[2.722s] Level 1:colcon.colcon_core.package_identification:_identify(src/common) by extension 'colcon_pkg'
[2.722s] Level 1:colcon.colcon_core.package_identification:_identify(src/common) by extensions ['colcon_meta']
[2.722s] Level 1:colcon.colcon_core.package_identification:_identify(src/common) by extension 'colcon_meta'
[2.722s] Level 1:colcon.colcon_core.package_identification:_identify(src/common) by extensions ['ros']
[2.722s] Level 1:colcon.colcon_core.package_identification:_identify(src/common) by extension 'ros'
[2.722s] Level 1:colcon.colcon_core.package_identification:_identify(src/common) by extensions ['cmake', 'python']
[2.722s] Level 1:colcon.colcon_core.package_identification:_identify(src/common) by extension 'cmake'
[2.722s] Level 1:colcon.colcon_core.package_identification:_identify(src/common) by extension 'python'
[2.722s] Level 1:colcon.colcon_core.package_identification:_identify(src/common) by extensions ['python_setup_py']
[2.722s] Level 1:colcon.colcon_core.package_identification:_identify(src/common) by extension 'python_setup_py'
[2.722s] Level 1:colcon.colcon_core.package_identification:_identify(src/common/__pycache__) by extensions ['ignore', 'ignore_ament_install']
[2.723s] Level 1:colcon.colcon_core.package_identification:_identify(src/common/__pycache__) by extension 'ignore'
[2.723s] Level 1:colcon.colcon_core.package_identification:_identify(src/common/__pycache__) by extension 'ignore_ament_install'
[2.723s] Level 1:colcon.colcon_core.package_identification:_identify(src/common/__pycache__) by extensions ['colcon_pkg']
[2.723s] Level 1:colcon.colcon_core.package_identification:_identify(src/common/__pycache__) by extension 'colcon_pkg'
[2.723s] Level 1:colcon.colcon_core.package_identification:_identify(src/common/__pycache__) by extensions ['colcon_meta']
[2.723s] Level 1:colcon.colcon_core.package_identification:_identify(src/common/__pycache__) by extension 'colcon_meta'
[2.723s] Level 1:colcon.colcon_core.package_identification:_identify(src/common/__pycache__) by extensions ['ros']
[2.723s] Level 1:colcon.colcon_core.package_identification:_identify(src/common/__pycache__) by extension 'ros'
[2.723s] Level 1:colcon.colcon_core.package_identification:_identify(src/common/__pycache__) by extensions ['cmake', 'python']
[2.723s] Level 1:colcon.colcon_core.package_identification:_identify(src/common/__pycache__) by extension 'cmake'
[2.723s] Level 1:colcon.colcon_core.package_identification:_identify(src/common/__pycache__) by extension 'python'
[2.723s] Level 1:colcon.colcon_core.package_identification:_identify(src/common/__pycache__) by extensions ['python_setup_py']
[2.723s] Level 1:colcon.colcon_core.package_identification:_identify(src/common/__pycache__) by extension 'python_setup_py'
[2.723s] Level 1:colcon.colcon_core.package_identification:_identify(src/install) by extensions ['ignore', 'ignore_ament_install']
[2.723s] Level 1:colcon.colcon_core.package_identification:_identify(src/install) by extension 'ignore'
[2.723s] Level 1:colcon.colcon_core.package_identification:_identify(src/install) ignored
[2.723s] Level 1:colcon.colcon_core.package_identification:_identify(src/json2can) by extensions ['ignore', 'ignore_ament_install']
[2.723s] Level 1:colcon.colcon_core.package_identification:_identify(src/json2can) by extension 'ignore'
[2.723s] Level 1:colcon.colcon_core.package_identification:_identify(src/json2can) by extension 'ignore_ament_install'
[2.723s] Level 1:colcon.colcon_core.package_identification:_identify(src/json2can) by extensions ['colcon_pkg']
[2.723s] Level 1:colcon.colcon_core.package_identification:_identify(src/json2can) by extension 'colcon_pkg'
[2.723s] Level 1:colcon.colcon_core.package_identification:_identify(src/json2can) by extensions ['colcon_meta']
[2.724s] Level 1:colcon.colcon_core.package_identification:_identify(src/json2can) by extension 'colcon_meta'
[2.724s] Level 1:colcon.colcon_core.package_identification:_identify(src/json2can) by extensions ['ros']
[2.724s] Level 1:colcon.colcon_core.package_identification:_identify(src/json2can) by extension 'ros'
[2.724s] DEBUG:colcon.colcon_core.package_identification:Package 'src/json2can' with type 'ros.ament_python' and name 'json2can'
[2.724s] Level 1:colcon.colcon_core.package_identification:_identify(src/log) by extensions ['ignore', 'ignore_ament_install']
[2.724s] Level 1:colcon.colcon_core.package_identification:_identify(src/log) by extension 'ignore'
[2.724s] Level 1:colcon.colcon_core.package_identification:_identify(src/log) ignored
[2.724s] Level 1:colcon.colcon_core.package_identification:_identify(src/perception_comm) by extensions ['ignore', 'ignore_ament_install']
[2.724s] Level 1:colcon.colcon_core.package_identification:_identify(src/perception_comm) by extension 'ignore'
[2.724s] Level 1:colcon.colcon_core.package_identification:_identify(src/perception_comm) by extension 'ignore_ament_install'
[2.724s] Level 1:colcon.colcon_core.package_identification:_identify(src/perception_comm) by extensions ['colcon_pkg']
[2.724s] Level 1:colcon.colcon_core.package_identification:_identify(src/perception_comm) by extension 'colcon_pkg'
[2.724s] Level 1:colcon.colcon_core.package_identification:_identify(src/perception_comm) by extensions ['colcon_meta']
[2.724s] Level 1:colcon.colcon_core.package_identification:_identify(src/perception_comm) by extension 'colcon_meta'
[2.725s] Level 1:colcon.colcon_core.package_identification:_identify(src/perception_comm) by extensions ['ros']
[2.725s] Level 1:colcon.colcon_core.package_identification:_identify(src/perception_comm) by extension 'ros'
[2.725s] DEBUG:colcon.colcon_core.package_identification:Package 'src/perception_comm' with type 'ros.ament_cmake' and name 'perception_comm'
[2.725s] Level 1:colcon.colcon_core.package_identification:_identify(src/sub_can_processing) by extensions ['ignore', 'ignore_ament_install']
[2.725s] Level 1:colcon.colcon_core.package_identification:_identify(src/sub_can_processing) by extension 'ignore'
[2.725s] Level 1:colcon.colcon_core.package_identification:_identify(src/sub_can_processing) by extension 'ignore_ament_install'
[2.725s] Level 1:colcon.colcon_core.package_identification:_identify(src/sub_can_processing) by extensions ['colcon_pkg']
[2.725s] Level 1:colcon.colcon_core.package_identification:_identify(src/sub_can_processing) by extension 'colcon_pkg'
[2.725s] Level 1:colcon.colcon_core.package_identification:_identify(src/sub_can_processing) by extensions ['colcon_meta']
[2.725s] Level 1:colcon.colcon_core.package_identification:_identify(src/sub_can_processing) by extension 'colcon_meta'
[2.725s] Level 1:colcon.colcon_core.package_identification:_identify(src/sub_can_processing) by extensions ['ros']
[2.726s] Level 1:colcon.colcon_core.package_identification:_identify(src/sub_can_processing) by extension 'ros'
[2.726s] DEBUG:colcon.colcon_core.package_identification:Package 'src/sub_can_processing' with type 'ros.ament_python' and name 'sub_can_processing'
[2.726s] Level 1:colcon.colcon_core.package_identification:_identify(src/sub_can_processing_single) by extensions ['ignore', 'ignore_ament_install']
[2.726s] Level 1:colcon.colcon_core.package_identification:_identify(src/sub_can_processing_single) by extension 'ignore'
[2.726s] Level 1:colcon.colcon_core.package_identification:_identify(src/sub_can_processing_single) by extension 'ignore_ament_install'
[2.726s] Level 1:colcon.colcon_core.package_identification:_identify(src/sub_can_processing_single) by extensions ['colcon_pkg']
[2.726s] Level 1:colcon.colcon_core.package_identification:_identify(src/sub_can_processing_single) by extension 'colcon_pkg'
[2.726s] Level 1:colcon.colcon_core.package_identification:_identify(src/sub_can_processing_single) by extensions ['colcon_meta']
[2.726s] Level 1:colcon.colcon_core.package_identification:_identify(src/sub_can_processing_single) by extension 'colcon_meta'
[2.726s] Level 1:colcon.colcon_core.package_identification:_identify(src/sub_can_processing_single) by extensions ['ros']
[2.726s] Level 1:colcon.colcon_core.package_identification:_identify(src/sub_can_processing_single) by extension 'ros'
[2.727s] DEBUG:colcon.colcon_core.package_identification:Package 'src/sub_can_processing_single' with type 'ros.ament_python' and name 'sub_can_processing_single'
[2.727s] Level 1:colcon.colcon_core.package_identification:_identify(src/test) by extensions ['ignore', 'ignore_ament_install']
[2.727s] Level 1:colcon.colcon_core.package_identification:_identify(src/test) by extension 'ignore'
[2.727s] Level 1:colcon.colcon_core.package_identification:_identify(src/test) by extension 'ignore_ament_install'
[2.727s] Level 1:colcon.colcon_core.package_identification:_identify(src/test) by extensions ['colcon_pkg']
[2.727s] Level 1:colcon.colcon_core.package_identification:_identify(src/test) by extension 'colcon_pkg'
[2.727s] Level 1:colcon.colcon_core.package_identification:_identify(src/test) by extensions ['colcon_meta']
[2.727s] Level 1:colcon.colcon_core.package_identification:_identify(src/test) by extension 'colcon_meta'
[2.727s] Level 1:colcon.colcon_core.package_identification:_identify(src/test) by extensions ['ros']
[2.727s] Level 1:colcon.colcon_core.package_identification:_identify(src/test) by extension 'ros'
[2.727s] Level 1:colcon.colcon_core.package_identification:_identify(src/test) by extensions ['cmake', 'python']
[2.727s] Level 1:colcon.colcon_core.package_identification:_identify(src/test) by extension 'cmake'
[2.727s] Level 1:colcon.colcon_core.package_identification:_identify(src/test) by extension 'python'
[2.727s] Level 1:colcon.colcon_core.package_identification:_identify(src/test) by extensions ['python_setup_py']
[2.727s] Level 1:colcon.colcon_core.package_identification:_identify(src/test) by extension 'python_setup_py'
[2.727s] Level 1:colcon.colcon_core.package_identification:_identify(src/v2x_send) by extensions ['ignore', 'ignore_ament_install']
[2.727s] Level 1:colcon.colcon_core.package_identification:_identify(src/v2x_send) by extension 'ignore'
[2.727s] Level 1:colcon.colcon_core.package_identification:_identify(src/v2x_send) by extension 'ignore_ament_install'
[2.727s] Level 1:colcon.colcon_core.package_identification:_identify(src/v2x_send) by extensions ['colcon_pkg']
[2.727s] Level 1:colcon.colcon_core.package_identification:_identify(src/v2x_send) by extension 'colcon_pkg'
[2.728s] Level 1:colcon.colcon_core.package_identification:_identify(src/v2x_send) by extensions ['colcon_meta']
[2.728s] Level 1:colcon.colcon_core.package_identification:_identify(src/v2x_send) by extension 'colcon_meta'
[2.728s] Level 1:colcon.colcon_core.package_identification:_identify(src/v2x_send) by extensions ['ros']
[2.728s] Level 1:colcon.colcon_core.package_identification:_identify(src/v2x_send) by extension 'ros'
[2.728s] DEBUG:colcon.colcon_core.package_identification:Package 'src/v2x_send' with type 'ros.ament_python' and name 'v2x_send'
[2.728s] Level 1:colcon.colcon_core.package_identification:_identify(src/v2x_send_spat) by extensions ['ignore', 'ignore_ament_install']
[2.728s] Level 1:colcon.colcon_core.package_identification:_identify(src/v2x_send_spat) by extension 'ignore'
[2.728s] Level 1:colcon.colcon_core.package_identification:_identify(src/v2x_send_spat) by extension 'ignore_ament_install'
[2.728s] Level 1:colcon.colcon_core.package_identification:_identify(src/v2x_send_spat) by extensions ['colcon_pkg']
[2.728s] Level 1:colcon.colcon_core.package_identification:_identify(src/v2x_send_spat) by extension 'colcon_pkg'
[2.728s] Level 1:colcon.colcon_core.package_identification:_identify(src/v2x_send_spat) by extensions ['colcon_meta']
[2.728s] Level 1:colcon.colcon_core.package_identification:_identify(src/v2x_send_spat) by extension 'colcon_meta'
[2.728s] Level 1:colcon.colcon_core.package_identification:_identify(src/v2x_send_spat) by extensions ['ros']
[2.728s] Level 1:colcon.colcon_core.package_identification:_identify(src/v2x_send_spat) by extension 'ros'
[2.729s] DEBUG:colcon.colcon_core.package_identification:Package 'src/v2x_send_spat' with type 'ros.ament_python' and name 'v2x_send_spat'
[2.729s] Level 1:colcon.colcon_core.package_discovery:discover_packages(recursive) using defaults
[2.729s] Level 1:colcon.colcon_core.package_discovery:discover_packages(ignore) discover
[2.729s] Level 1:colcon.colcon_core.package_discovery:discover_packages(ignore) using defaults
[2.729s] Level 1:colcon.colcon_core.package_discovery:discover_packages(path) discover
[2.729s] Level 1:colcon.colcon_core.package_discovery:discover_packages(path) using defaults
[2.981s] Level 1:colcon.colcon_core.package_discovery:discover_packages(prefix_path) check parameters
[2.981s] Level 1:colcon.colcon_core.package_discovery:discover_packages(prefix_path) discover
[3.072s] DEBUG:colcon.colcon_installed_package_information.package_discovery:Found 7 installed packages in /home/tsz/Desktop/7_v1/Buckeye-Autodrive-Scoring-CAN-Part2_v1/Buckeye-Autodrive-Scoring-CAN-Part2/install
[3.117s] DEBUG:colcon.colcon_installed_package_information.package_discovery:Found 264 installed packages in /opt/ros/foxy
[3.118s] Level 1:colcon.colcon_core.package_discovery:discover_packages(prefix_path) using defaults
[3.274s] Level 5:colcon.colcon_core.verb:set package 'basic_subscriber' build argument 'cmake_args' from command line to 'None'
[3.274s] Level 5:colcon.colcon_core.verb:set package 'basic_subscriber' build argument 'cmake_target' from command line to 'None'
[3.274s] Level 5:colcon.colcon_core.verb:set package 'basic_subscriber' build argument 'cmake_target_skip_unavailable' from command line to 'False'
[3.274s] Level 5:colcon.colcon_core.verb:set package 'basic_subscriber' build argument 'cmake_clean_cache' from command line to 'False'
[3.274s] Level 5:colcon.colcon_core.verb:set package 'basic_subscriber' build argument 'cmake_clean_first' from command line to 'False'
[3.274s] Level 5:colcon.colcon_core.verb:set package 'basic_subscriber' build argument 'cmake_force_configure' from command line to 'False'
[3.274s] Level 5:colcon.colcon_core.verb:set package 'basic_subscriber' build argument 'ament_cmake_args' from command line to 'None'
[3.274s] Level 5:colcon.colcon_core.verb:set package 'basic_subscriber' build argument 'catkin_cmake_args' from command line to 'None'
[3.274s] Level 5:colcon.colcon_core.verb:set package 'basic_subscriber' build argument 'catkin_skip_building_tests' from command line to 'False'
[3.274s] DEBUG:colcon.colcon_core.verb:Building package 'basic_subscriber' with the following arguments: {'ament_cmake_args': None, 'build_base': '/home/tsz/Desktop/7_v1/Buckeye-Autodrive-Scoring-CAN-Part2_v1/Buckeye-Autodrive-Scoring-CAN-Part2/build/basic_subscriber', 'catkin_cmake_args': None, 'catkin_skip_building_tests': False, 'cmake_args': None, 'cmake_clean_cache': False, 'cmake_clean_first': False, 'cmake_force_configure': False, 'cmake_target': None, 'cmake_target_skip_unavailable': False, 'install_base': '/home/tsz/Desktop/7_v1/Buckeye-Autodrive-Scoring-CAN-Part2_v1/Buckeye-Autodrive-Scoring-CAN-Part2/install/basic_subscriber', 'merge_install': False, 'path': '/home/tsz/Desktop/7_v1/Buckeye-Autodrive-Scoring-CAN-Part2_v1/Buckeye-Autodrive-Scoring-CAN-Part2/src/basic_subscriber', 'symlink_install': False, 'test_result_base': None}
[3.318s] Level 5:colcon.colcon_core.verb:set package 'json2can' build argument 'cmake_args' from command line to 'None'
[3.318s] Level 5:colcon.colcon_core.verb:set package 'json2can' build argument 'cmake_target' from command line to 'None'
[3.318s] Level 5:colcon.colcon_core.verb:set package 'json2can' build argument 'cmake_target_skip_unavailable' from command line to 'False'
[3.318s] Level 5:colcon.colcon_core.verb:set package 'json2can' build argument 'cmake_clean_cache' from command line to 'False'
[3.318s] Level 5:colcon.colcon_core.verb:set package 'json2can' build argument 'cmake_clean_first' from command line to 'False'
[3.318s] Level 5:colcon.colcon_core.verb:set package 'json2can' build argument 'cmake_force_configure' from command line to 'False'
[3.318s] Level 5:colcon.colcon_core.verb:set package 'json2can' build argument 'ament_cmake_args' from command line to 'None'
[3.318s] Level 5:colcon.colcon_core.verb:set package 'json2can' build argument 'catkin_cmake_args' from command line to 'None'
[3.318s] Level 5:colcon.colcon_core.verb:set package 'json2can' build argument 'catkin_skip_building_tests' from command line to 'False'
[3.318s] DEBUG:colcon.colcon_core.verb:Building package 'json2can' with the following arguments: {'ament_cmake_args': None, 'build_base': '/home/tsz/Desktop/7_v1/Buckeye-Autodrive-Scoring-CAN-Part2_v1/Buckeye-Autodrive-Scoring-CAN-Part2/build/json2can', 'catkin_cmake_args': None, 'catkin_skip_building_tests': False, 'cmake_args': None, 'cmake_clean_cache': False, 'cmake_clean_first': False, 'cmake_force_configure': False, 'cmake_target': None, 'cmake_target_skip_unavailable': False, 'install_base': '/home/tsz/Desktop/7_v1/Buckeye-Autodrive-Scoring-CAN-Part2_v1/Buckeye-Autodrive-Scoring-CAN-Part2/install/json2can', 'merge_install': False, 'path': '/home/tsz/Desktop/7_v1/Buckeye-Autodrive-Scoring-CAN-Part2_v1/Buckeye-Autodrive-Scoring-CAN-Part2/src/json2can', 'symlink_install': False, 'test_result_base': None}
[3.362s] Level 5:colcon.colcon_core.verb:set package 'perception_comm' build argument 'cmake_args' from command line to 'None'
[3.362s] Level 5:colcon.colcon_core.verb:set package 'perception_comm' build argument 'cmake_target' from command line to 'None'
[3.362s] Level 5:colcon.colcon_core.verb:set package 'perception_comm' build argument 'cmake_target_skip_unavailable' from command line to 'False'
[3.362s] Level 5:colcon.colcon_core.verb:set package 'perception_comm' build argument 'cmake_clean_cache' from command line to 'False'
[3.362s] Level 5:colcon.colcon_core.verb:set package 'perception_comm' build argument 'cmake_clean_first' from command line to 'False'
[3.362s] Level 5:colcon.colcon_core.verb:set package 'perception_comm' build argument 'cmake_force_configure' from command line to 'False'
[3.362s] Level 5:colcon.colcon_core.verb:set package 'perception_comm' build argument 'ament_cmake_args' from command line to 'None'
[3.362s] Level 5:colcon.colcon_core.verb:set package 'perception_comm' build argument 'catkin_cmake_args' from command line to 'None'
[3.362s] Level 5:colcon.colcon_core.verb:set package 'perception_comm' build argument 'catkin_skip_building_tests' from command line to 'False'
[3.362s] DEBUG:colcon.colcon_core.verb:Building package 'perception_comm' with the following arguments: {'ament_cmake_args': None, 'build_base': '/home/tsz/Desktop/7_v1/Buckeye-Autodrive-Scoring-CAN-Part2_v1/Buckeye-Autodrive-Scoring-CAN-Part2/build/perception_comm', 'catkin_cmake_args': None, 'catkin_skip_building_tests': False, 'cmake_args': None, 'cmake_clean_cache': False, 'cmake_clean_first': False, 'cmake_force_configure': False, 'cmake_target': None, 'cmake_target_skip_unavailable': False, 'install_base': '/home/tsz/Desktop/7_v1/Buckeye-Autodrive-Scoring-CAN-Part2_v1/Buckeye-Autodrive-Scoring-CAN-Part2/install/perception_comm', 'merge_install': False, 'path': '/home/tsz/Desktop/7_v1/Buckeye-Autodrive-Scoring-CAN-Part2_v1/Buckeye-Autodrive-Scoring-CAN-Part2/src/perception_comm', 'symlink_install': False, 'test_result_base': None}
[3.406s] Level 5:colcon.colcon_core.verb:set package 'sub_can_processing' build argument 'cmake_args' from command line to 'None'
[3.406s] Level 5:colcon.colcon_core.verb:set package 'sub_can_processing' build argument 'cmake_target' from command line to 'None'
[3.406s] Level 5:colcon.colcon_core.verb:set package 'sub_can_processing' build argument 'cmake_target_skip_unavailable' from command line to 'False'
[3.406s] Level 5:colcon.colcon_core.verb:set package 'sub_can_processing' build argument 'cmake_clean_cache' from command line to 'False'
[3.406s] Level 5:colcon.colcon_core.verb:set package 'sub_can_processing' build argument 'cmake_clean_first' from command line to 'False'
[3.406s] Level 5:colcon.colcon_core.verb:set package 'sub_can_processing' build argument 'cmake_force_configure' from command line to 'False'
[3.406s] Level 5:colcon.colcon_core.verb:set package 'sub_can_processing' build argument 'ament_cmake_args' from command line to 'None'
[3.406s] Level 5:colcon.colcon_core.verb:set package 'sub_can_processing' build argument 'catkin_cmake_args' from command line to 'None'
[3.406s] Level 5:colcon.colcon_core.verb:set package 'sub_can_processing' build argument 'catkin_skip_building_tests' from command line to 'False'
[3.406s] DEBUG:colcon.colcon_core.verb:Building package 'sub_can_processing' with the following arguments: {'ament_cmake_args': None, 'build_base': '/home/tsz/Desktop/7_v1/Buckeye-Autodrive-Scoring-CAN-Part2_v1/Buckeye-Autodrive-Scoring-CAN-Part2/build/sub_can_processing', 'catkin_cmake_args': None, 'catkin_skip_building_tests': False, 'cmake_args': None, 'cmake_clean_cache': False, 'cmake_clean_first': False, 'cmake_force_configure': False, 'cmake_target': None, 'cmake_target_skip_unavailable': False, 'install_base': '/home/tsz/Desktop/7_v1/Buckeye-Autodrive-Scoring-CAN-Part2_v1/Buckeye-Autodrive-Scoring-CAN-Part2/install/sub_can_processing', 'merge_install': False, 'path': '/home/tsz/Desktop/7_v1/Buckeye-Autodrive-Scoring-CAN-Part2_v1/Buckeye-Autodrive-Scoring-CAN-Part2/src/sub_can_processing', 'symlink_install': False, 'test_result_base': None}
[3.450s] Level 5:colcon.colcon_core.verb:set package 'sub_can_processing_single' build argument 'cmake_args' from command line to 'None'
[3.450s] Level 5:colcon.colcon_core.verb:set package 'sub_can_processing_single' build argument 'cmake_target' from command line to 'None'
[3.450s] Level 5:colcon.colcon_core.verb:set package 'sub_can_processing_single' build argument 'cmake_target_skip_unavailable' from command line to 'False'
[3.450s] Level 5:colcon.colcon_core.verb:set package 'sub_can_processing_single' build argument 'cmake_clean_cache' from command line to 'False'
[3.450s] Level 5:colcon.colcon_core.verb:set package 'sub_can_processing_single' build argument 'cmake_clean_first' from command line to 'False'
[3.450s] Level 5:colcon.colcon_core.verb:set package 'sub_can_processing_single' build argument 'cmake_force_configure' from command line to 'False'
[3.450s] Level 5:colcon.colcon_core.verb:set package 'sub_can_processing_single' build argument 'ament_cmake_args' from command line to 'None'
[3.450s] Level 5:colcon.colcon_core.verb:set package 'sub_can_processing_single' build argument 'catkin_cmake_args' from command line to 'None'
[3.450s] Level 5:colcon.colcon_core.verb:set package 'sub_can_processing_single' build argument 'catkin_skip_building_tests' from command line to 'False'
[3.450s] DEBUG:colcon.colcon_core.verb:Building package 'sub_can_processing_single' with the following arguments: {'ament_cmake_args': None, 'build_base': '/home/tsz/Desktop/7_v1/Buckeye-Autodrive-Scoring-CAN-Part2_v1/Buckeye-Autodrive-Scoring-CAN-Part2/build/sub_can_processing_single', 'catkin_cmake_args': None, 'catkin_skip_building_tests': False, 'cmake_args': None, 'cmake_clean_cache': False, 'cmake_clean_first': False, 'cmake_force_configure': False, 'cmake_target': None, 'cmake_target_skip_unavailable': False, 'install_base': '/home/tsz/Desktop/7_v1/Buckeye-Autodrive-Scoring-CAN-Part2_v1/Buckeye-Autodrive-Scoring-CAN-Part2/install/sub_can_processing_single', 'merge_install': False, 'path': '/home/tsz/Desktop/7_v1/Buckeye-Autodrive-Scoring-CAN-Part2_v1/Buckeye-Autodrive-Scoring-CAN-Part2/src/sub_can_processing_single', 'symlink_install': False, 'test_result_base': None}
[3.494s] Level 5:colcon.colcon_core.verb:set package 'v2x_send' build argument 'cmake_args' from command line to 'None'
[3.494s] Level 5:colcon.colcon_core.verb:set package 'v2x_send' build argument 'cmake_target' from command line to 'None'
[3.494s] Level 5:colcon.colcon_core.verb:set package 'v2x_send' build argument 'cmake_target_skip_unavailable' from command line to 'False'
[3.494s] Level 5:colcon.colcon_core.verb:set package 'v2x_send' build argument 'cmake_clean_cache' from command line to 'False'
[3.494s] Level 5:colcon.colcon_core.verb:set package 'v2x_send' build argument 'cmake_clean_first' from command line to 'False'
[3.494s] Level 5:colcon.colcon_core.verb:set package 'v2x_send' build argument 'cmake_force_configure' from command line to 'False'
[3.494s] Level 5:colcon.colcon_core.verb:set package 'v2x_send' build argument 'ament_cmake_args' from command line to 'None'
[3.494s] Level 5:colcon.colcon_core.verb:set package 'v2x_send' build argument 'catkin_cmake_args' from command line to 'None'
[3.494s] Level 5:colcon.colcon_core.verb:set package 'v2x_send' build argument 'catkin_skip_building_tests' from command line to 'False'
[3.494s] DEBUG:colcon.colcon_core.verb:Building package 'v2x_send' with the following arguments: {'ament_cmake_args': None, 'build_base': '/home/tsz/Desktop/7_v1/Buckeye-Autodrive-Scoring-CAN-Part2_v1/Buckeye-Autodrive-Scoring-CAN-Part2/build/v2x_send', 'catkin_cmake_args': None, 'catkin_skip_building_tests': False, 'cmake_args': None, 'cmake_clean_cache': False, 'cmake_clean_first': False, 'cmake_force_configure': False, 'cmake_target': None, 'cmake_target_skip_unavailable': False, 'install_base': '/home/tsz/Desktop/7_v1/Buckeye-Autodrive-Scoring-CAN-Part2_v1/Buckeye-Autodrive-Scoring-CAN-Part2/install/v2x_send', 'merge_install': False, 'path': '/home/tsz/Desktop/7_v1/Buckeye-Autodrive-Scoring-CAN-Part2_v1/Buckeye-Autodrive-Scoring-CAN-Part2/src/v2x_send', 'symlink_install': False, 'test_result_base': None}
[3.538s] Level 5:colcon.colcon_core.verb:set package 'v2x_send_spat' build argument 'cmake_args' from command line to 'None'
[3.538s] Level 5:colcon.colcon_core.verb:set package 'v2x_send_spat' build argument 'cmake_target' from command line to 'None'
[3.538s] Level 5:colcon.colcon_core.verb:set package 'v2x_send_spat' build argument 'cmake_target_skip_unavailable' from command line to 'False'
[3.538s] Level 5:colcon.colcon_core.verb:set package 'v2x_send_spat' build argument 'cmake_clean_cache' from command line to 'False'
[3.538s] Level 5:colcon.colcon_core.verb:set package 'v2x_send_spat' build argument 'cmake_clean_first' from command line to 'False'
[3.538s] Level 5:colcon.colcon_core.verb:set package 'v2x_send_spat' build argument 'cmake_force_configure' from command line to 'False'
[3.538s] Level 5:colcon.colcon_core.verb:set package 'v2x_send_spat' build argument 'ament_cmake_args' from command line to 'None'
[3.538s] Level 5:colcon.colcon_core.verb:set package 'v2x_send_spat' build argument 'catkin_cmake_args' from command line to 'None'
[3.538s] Level 5:colcon.colcon_core.verb:set package 'v2x_send_spat' build argument 'catkin_skip_building_tests' from command line to 'False'
[3.538s] DEBUG:colcon.colcon_core.verb:Building package 'v2x_send_spat' with the following arguments: {'ament_cmake_args': None, 'build_base': '/home/tsz/Desktop/7_v1/Buckeye-Autodrive-Scoring-CAN-Part2_v1/Buckeye-Autodrive-Scoring-CAN-Part2/build/v2x_send_spat', 'catkin_cmake_args': None, 'catkin_skip_building_tests': False, 'cmake_args': None, 'cmake_clean_cache': False, 'cmake_clean_first': False, 'cmake_force_configure': False, 'cmake_target': None, 'cmake_target_skip_unavailable': False, 'install_base': '/home/tsz/Desktop/7_v1/Buckeye-Autodrive-Scoring-CAN-Part2_v1/Buckeye-Autodrive-Scoring-CAN-Part2/install/v2x_send_spat', 'merge_install': False, 'path': '/home/tsz/Desktop/7_v1/Buckeye-Autodrive-Scoring-CAN-Part2_v1/Buckeye-Autodrive-Scoring-CAN-Part2/src/v2x_send_spat', 'symlink_install': False, 'test_result_base': None}
[3.583s] INFO:colcon.colcon_core.executor:Executing jobs using 'parallel' executor
[3.627s] DEBUG:colcon.colcon_parallel_executor.executor.parallel:run_until_complete
[3.627s] INFO:colcon.colcon_ros.task.ament_python.build:Building ROS package in '/home/tsz/Desktop/7_v1/Buckeye-Autodrive-Scoring-CAN-Part2_v1/Buckeye-Autodrive-Scoring-CAN-Part2/src/basic_subscriber' with build type 'ament_python'
[3.628s] Level 1:colcon.colcon_core.shell:create_environment_hook('basic_subscriber', 'ament_prefix_path')
[3.675s] INFO:colcon.colcon_core.plugin_system:Skipping extension 'colcon_core.shell.bat': Not used on non-Windows systems
[3.676s] INFO:colcon.colcon_core.shell:Creating environment hook '/home/tsz/Desktop/7_v1/Buckeye-Autodrive-Scoring-CAN-Part2_v1/Buckeye-Autodrive-Scoring-CAN-Part2/install/basic_subscriber/share/basic_subscriber/hook/ament_prefix_path.ps1'
[3.676s] INFO:colcon.colcon_core.shell:Creating environment descriptor '/home/tsz/Desktop/7_v1/Buckeye-Autodrive-Scoring-CAN-Part2_v1/Buckeye-Autodrive-Scoring-CAN-Part2/install/basic_subscriber/share/basic_subscriber/hook/ament_prefix_path.dsv'
[3.676s] INFO:colcon.colcon_core.shell:Creating environment hook '/home/tsz/Desktop/7_v1/Buckeye-Autodrive-Scoring-CAN-Part2_v1/Buckeye-Autodrive-Scoring-CAN-Part2/install/basic_subscriber/share/basic_subscriber/hook/ament_prefix_path.sh'
[3.723s] INFO:colcon.colcon_core.shell:Skip shell extension 'powershell' for command environment: Not usable outside of PowerShell
[3.723s] DEBUG:colcon.colcon_core.shell:Skip shell extension 'dsv' for command environment
[3.872s] INFO:colcon.colcon_ros.task.ament_python.build:Building ROS package in '/home/tsz/Desktop/7_v1/Buckeye-Autodrive-Scoring-CAN-Part2_v1/Buckeye-Autodrive-Scoring-CAN-Part2/src/json2can' with build type 'ament_python'
[3.872s] Level 1:colcon.colcon_core.shell:create_environment_hook('json2can', 'ament_prefix_path')
[3.928s] INFO:colcon.colcon_core.shell:Creating environment hook '/home/tsz/Desktop/7_v1/Buckeye-Autodrive-Scoring-CAN-Part2_v1/Buckeye-Autodrive-Scoring-CAN-Part2/install/json2can/share/json2can/hook/ament_prefix_path.ps1'
[3.928s] INFO:colcon.colcon_core.shell:Creating environment descriptor '/home/tsz/Desktop/7_v1/Buckeye-Autodrive-Scoring-CAN-Part2_v1/Buckeye-Autodrive-Scoring-CAN-Part2/install/json2can/share/json2can/hook/ament_prefix_path.dsv'
[3.929s] INFO:colcon.colcon_core.shell:Creating environment hook '/home/tsz/Desktop/7_v1/Buckeye-Autodrive-Scoring-CAN-Part2_v1/Buckeye-Autodrive-Scoring-CAN-Part2/install/json2can/share/json2can/hook/ament_prefix_path.sh'
[3.974s] INFO:colcon.colcon_core.shell:Skip shell extension 'powershell' for command environment: Not usable outside of PowerShell
[3.974s] DEBUG:colcon.colcon_core.shell:Skip shell extension 'dsv' for command environment
[4.111s] INFO:colcon.colcon_ros.task.ament_cmake.build:Building ROS package in '/home/tsz/Desktop/7_v1/Buckeye-Autodrive-Scoring-CAN-Part2_v1/Buckeye-Autodrive-Scoring-CAN-Part2/src/perception_comm' with build type 'ament_cmake'
[4.111s] INFO:colcon.colcon_cmake.task.cmake.build:Building CMake package in '/home/tsz/Desktop/7_v1/Buckeye-Autodrive-Scoring-CAN-Part2_v1/Buckeye-Autodrive-Scoring-CAN-Part2/src/perception_comm'
[4.163s] INFO:colcon.colcon_core.shell:Skip shell extension 'powershell' for command environment: Not usable outside of PowerShell
[4.163s] DEBUG:colcon.colcon_core.shell:Skip shell extension 'dsv' for command environment
[4.306s] INFO:colcon.colcon_ros.task.ament_python.build:Building ROS package in '/home/tsz/Desktop/7_v1/Buckeye-Autodrive-Scoring-CAN-Part2_v1/Buckeye-Autodrive-Scoring-CAN-Part2/src/sub_can_processing' with build type 'ament_python'
[4.306s] Level 1:colcon.colcon_core.shell:create_environment_hook('sub_can_processing', 'ament_prefix_path')
[4.354s] INFO:colcon.colcon_core.shell:Creating environment hook '/home/tsz/Desktop/7_v1/Buckeye-Autodrive-Scoring-CAN-Part2_v1/Buckeye-Autodrive-Scoring-CAN-Part2/install/sub_can_processing/share/sub_can_processing/hook/ament_prefix_path.ps1'
[4.354s] INFO:colcon.colcon_core.shell:Creating environment descriptor '/home/tsz/Desktop/7_v1/Buckeye-Autodrive-Scoring-CAN-Part2_v1/Buckeye-Autodrive-Scoring-CAN-Part2/install/sub_can_processing/share/sub_can_processing/hook/ament_prefix_path.dsv'
[4.354s] INFO:colcon.colcon_core.shell:Creating environment hook '/home/tsz/Desktop/7_v1/Buckeye-Autodrive-Scoring-CAN-Part2_v1/Buckeye-Autodrive-Scoring-CAN-Part2/install/sub_can_processing/share/sub_can_processing/hook/ament_prefix_path.sh'
[4.400s] INFO:colcon.colcon_core.shell:Skip shell extension 'powershell' for command environment: Not usable outside of PowerShell
[4.401s] DEBUG:colcon.colcon_core.shell:Skip shell extension 'dsv' for command environment
[4.541s] INFO:colcon.colcon_ros.task.ament_python.build:Building ROS package in '/home/tsz/Desktop/7_v1/Buckeye-Autodrive-Scoring-CAN-Part2_v1/Buckeye-Autodrive-Scoring-CAN-Part2/src/sub_can_processing_single' with build type 'ament_python'
[4.541s] Level 1:colcon.colcon_core.shell:create_environment_hook('sub_can_processing_single', 'ament_prefix_path')
[4.587s] INFO:colcon.colcon_core.shell:Creating environment hook '/home/tsz/Desktop/7_v1/Buckeye-Autodrive-Scoring-CAN-Part2_v1/Buckeye-Autodrive-Scoring-CAN-Part2/install/sub_can_processing_single/share/sub_can_processing_single/hook/ament_prefix_path.ps1'
[4.587s] INFO:colcon.colcon_core.shell:Creating environment descriptor '/home/tsz/Desktop/7_v1/Buckeye-Autodrive-Scoring-CAN-Part2_v1/Buckeye-Autodrive-Scoring-CAN-Part2/install/sub_can_processing_single/share/sub_can_processing_single/hook/ament_prefix_path.dsv'
[4.588s] INFO:colcon.colcon_core.shell:Creating environment hook '/home/tsz/Desktop/7_v1/Buckeye-Autodrive-Scoring-CAN-Part2_v1/Buckeye-Autodrive-Scoring-CAN-Part2/install/sub_can_processing_single/share/sub_can_processing_single/hook/ament_prefix_path.sh'
[4.632s] INFO:colcon.colcon_core.shell:Skip shell extension 'powershell' for command environment: Not usable outside of PowerShell
[4.633s] DEBUG:colcon.colcon_core.shell:Skip shell extension 'dsv' for command environment
[4.772s] INFO:colcon.colcon_ros.task.ament_python.build:Building ROS package in '/home/tsz/Desktop/7_v1/Buckeye-Autodrive-Scoring-CAN-Part2_v1/Buckeye-Autodrive-Scoring-CAN-Part2/src/v2x_send' with build type 'ament_python'
[4.772s] Level 1:colcon.colcon_core.shell:create_environment_hook('v2x_send', 'ament_prefix_path')
[4.818s] INFO:colcon.colcon_core.shell:Creating environment hook '/home/tsz/Desktop/7_v1/Buckeye-Autodrive-Scoring-CAN-Part2_v1/Buckeye-Autodrive-Scoring-CAN-Part2/install/v2x_send/share/v2x_send/hook/ament_prefix_path.ps1'
[4.819s] INFO:colcon.colcon_core.shell:Creating environment descriptor '/home/tsz/Desktop/7_v1/Buckeye-Autodrive-Scoring-CAN-Part2_v1/Buckeye-Autodrive-Scoring-CAN-Part2/install/v2x_send/share/v2x_send/hook/ament_prefix_path.dsv'
[4.819s] INFO:colcon.colcon_core.shell:Creating environment hook '/home/tsz/Desktop/7_v1/Buckeye-Autodrive-Scoring-CAN-Part2_v1/Buckeye-Autodrive-Scoring-CAN-Part2/install/v2x_send/share/v2x_send/hook/ament_prefix_path.sh'
[4.865s] INFO:colcon.colcon_core.shell:Skip shell extension 'powershell' for command environment: Not usable outside of PowerShell
[4.865s] DEBUG:colcon.colcon_core.shell:Skip shell extension 'dsv' for command environment
[5.013s] INFO:colcon.colcon_ros.task.ament_python.build:Building ROS package in '/home/tsz/Desktop/7_v1/Buckeye-Autodrive-Scoring-CAN-Part2_v1/Buckeye-Autodrive-Scoring-CAN-Part2/src/v2x_send_spat' with build type 'ament_python'
[5.013s] Level 1:colcon.colcon_core.shell:create_environment_hook('v2x_send_spat', 'ament_prefix_path')
[5.059s] INFO:colcon.colcon_core.shell:Creating environment hook '/home/tsz/Desktop/7_v1/Buckeye-Autodrive-Scoring-CAN-Part2_v1/Buckeye-Autodrive-Scoring-CAN-Part2/install/v2x_send_spat/share/v2x_send_spat/hook/ament_prefix_path.ps1'
[5.060s] INFO:colcon.colcon_core.shell:Creating environment descriptor '/home/tsz/Desktop/7_v1/Buckeye-Autodrive-Scoring-CAN-Part2_v1/Buckeye-Autodrive-Scoring-CAN-Part2/install/v2x_send_spat/share/v2x_send_spat/hook/ament_prefix_path.dsv'
[5.060s] INFO:colcon.colcon_core.shell:Creating environment hook '/home/tsz/Desktop/7_v1/Buckeye-Autodrive-Scoring-CAN-Part2_v1/Buckeye-Autodrive-Scoring-CAN-Part2/install/v2x_send_spat/share/v2x_send_spat/hook/ament_prefix_path.sh'
[5.105s] INFO:colcon.colcon_core.shell:Skip shell extension 'powershell' for command environment: Not usable outside of PowerShell
[5.105s] DEBUG:colcon.colcon_core.shell:Skip shell extension 'dsv' for command environment
[5.479s] INFO:colcon.colcon_core.task.python.build:Building Python package in '/home/tsz/Desktop/7_v1/Buckeye-Autodrive-Scoring-CAN-Part2_v1/Buckeye-Autodrive-Scoring-CAN-Part2/src/basic_subscriber'
[5.525s] INFO:colcon.colcon_core.shell:Skip shell extension 'powershell' for command environment: Not usable outside of PowerShell
[5.525s] DEBUG:colcon.colcon_core.shell:Skip shell extension 'dsv' for command environment
[5.887s] INFO:colcon.colcon_core.task.python.build:Building Python package in '/home/tsz/Desktop/7_v1/Buckeye-Autodrive-Scoring-CAN-Part2_v1/Buckeye-Autodrive-Scoring-CAN-Part2/src/json2can'
[5.932s] INFO:colcon.colcon_core.shell:Skip shell extension 'powershell' for command environment: Not usable outside of PowerShell
[5.947s] DEBUG:colcon.colcon_core.shell:Skip shell extension 'dsv' for command environment
[6.158s] DEBUG:colcon.colcon_core.event_handler.log_command:Invoking command in '/home/tsz/Desktop/7_v1/Buckeye-Autodrive-Scoring-CAN-Part2_v1/Buckeye-Autodrive-Scoring-CAN-Part2/build/perception_comm': CMAKE_PREFIX_PATH=${CMAKE_PREFIX_PATH}:/home/tsz/Desktop/7_v1/Buckeye-Autodrive-Scoring-CAN-Part2_v1/Buckeye-Autodrive-Scoring-CAN-Part2/install/v2x_send_spat:/home/tsz/Desktop/7_v1/Buckeye-Autodrive-Scoring-CAN-Part2_v1/Buckeye-Autodrive-Scoring-CAN-Part2/install/v2x_send:/home/tsz/Desktop/7_v1/Buckeye-Autodrive-Scoring-CAN-Part2_v1/Buckeye-Autodrive-Scoring-CAN-Part2/install/sub_can_processing_single:/home/tsz/Desktop/7_v1/Buckeye-Autodrive-Scoring-CAN-Part2_v1/Buckeye-Autodrive-Scoring-CAN-Part2/install/sub_can_processing:/home/tsz/Desktop/7_v1/Buckeye-Autodrive-Scoring-CAN-Part2_v1/Buckeye-Autodrive-Scoring-CAN-Part2/install/json2can:/home/tsz/Desktop/7_v1/Buckeye-Autodrive-Scoring-CAN-Part2_v1/Buckeye-Autodrive-Scoring-CAN-Part2/install/basic_subscriber:/opt/ros/foxy /usr/bin/cmake --build /home/tsz/Desktop/7_v1/Buckeye-Autodrive-Scoring-CAN-Part2_v1/Buckeye-Autodrive-Scoring-CAN-Part2/build/perception_comm -- -j8 -l8
[6.454s] INFO:colcon.colcon_core.task.python.build:Building Python package in '/home/tsz/Desktop/7_v1/Buckeye-Autodrive-Scoring-CAN-Part2_v1/Buckeye-Autodrive-Scoring-CAN-Part2/src/sub_can_processing'
[6.501s] INFO:colcon.colcon_core.shell:Skip shell extension 'powershell' for command environment: Not usable outside of PowerShell
[6.502s] DEBUG:colcon.colcon_core.shell:Skip shell extension 'dsv' for command environment
[6.845s] INFO:colcon.colcon_core.task.python.build:Building Python package in '/home/tsz/Desktop/7_v1/Buckeye-Autodrive-Scoring-CAN-Part2_v1/Buckeye-Autodrive-Scoring-CAN-Part2/src/sub_can_processing_single'
[6.892s] INFO:colcon.colcon_core.shell:Skip shell extension 'powershell' for command environment: Not usable outside of PowerShell
[6.892s] DEBUG:colcon.colcon_core.shell:Skip shell extension 'dsv' for command environment
[7.241s] INFO:colcon.colcon_core.task.python.build:Building Python package in '/home/tsz/Desktop/7_v1/Buckeye-Autodrive-Scoring-CAN-Part2_v1/Buckeye-Autodrive-Scoring-CAN-Part2/src/v2x_send'
[7.297s] INFO:colcon.colcon_core.shell:Skip shell extension 'powershell' for command environment: Not usable outside of PowerShell
[7.297s] DEBUG:colcon.colcon_core.shell:Skip shell extension 'dsv' for command environment
[7.641s] INFO:colcon.colcon_core.task.python.build:Building Python package in '/home/tsz/Desktop/7_v1/Buckeye-Autodrive-Scoring-CAN-Part2_v1/Buckeye-Autodrive-Scoring-CAN-Part2/src/v2x_send_spat'
[7.688s] INFO:colcon.colcon_core.shell:Skip shell extension 'powershell' for command environment: Not usable outside of PowerShell
[7.688s] DEBUG:colcon.colcon_core.shell:Skip shell extension 'dsv' for command environment
[7.909s] DEBUG:colcon.colcon_core.event_handler.log_command:Invoked command in '/home/tsz/Desktop/7_v1/Buckeye-Autodrive-Scoring-CAN-Part2_v1/Buckeye-Autodrive-Scoring-CAN-Part2/build/perception_comm' returned '0': CMAKE_PREFIX_PATH=${CMAKE_PREFIX_PATH}:/home/tsz/Desktop/7_v1/Buckeye-Autodrive-Scoring-CAN-Part2_v1/Buckeye-Autodrive-Scoring-CAN-Part2/install/v2x_send_spat:/home/tsz/Desktop/7_v1/Buckeye-Autodrive-Scoring-CAN-Part2_v1/Buckeye-Autodrive-Scoring-CAN-Part2/install/v2x_send:/home/tsz/Desktop/7_v1/Buckeye-Autodrive-Scoring-CAN-Part2_v1/Buckeye-Autodrive-Scoring-CAN-Part2/install/sub_can_processing_single:/home/tsz/Desktop/7_v1/Buckeye-Autodrive-Scoring-CAN-Part2_v1/Buckeye-Autodrive-Scoring-CAN-Part2/install/sub_can_processing:/home/tsz/Desktop/7_v1/Buckeye-Autodrive-Scoring-CAN-Part2_v1/Buckeye-Autodrive-Scoring-CAN-Part2/install/json2can:/home/tsz/Desktop/7_v1/Buckeye-Autodrive-Scoring-CAN-Part2_v1/Buckeye-Autodrive-Scoring-CAN-Part2/install/basic_subscriber:/opt/ros/foxy /usr/bin/cmake --build /home/tsz/Desktop/7_v1/Buckeye-Autodrive-Scoring-CAN-Part2_v1/Buckeye-Autodrive-Scoring-CAN-Part2/build/perception_comm -- -j8 -l8
[7.935s] DEBUG:colcon.colcon_core.event_handler.log_command:Invoking command in '/home/tsz/Desktop/7_v1/Buckeye-Autodrive-Scoring-CAN-Part2_v1/Buckeye-Autodrive-Scoring-CAN-Part2/build/perception_comm': CMAKE_PREFIX_PATH=${CMAKE_PREFIX_PATH}:/home/tsz/Desktop/7_v1/Buckeye-Autodrive-Scoring-CAN-Part2_v1/Buckeye-Autodrive-Scoring-CAN-Part2/install/v2x_send_spat:/home/tsz/Desktop/7_v1/Buckeye-Autodrive-Scoring-CAN-Part2_v1/Buckeye-Autodrive-Scoring-CAN-Part2/install/v2x_send:/home/tsz/Desktop/7_v1/Buckeye-Autodrive-Scoring-CAN-Part2_v1/Buckeye-Autodrive-Scoring-CAN-Part2/install/sub_can_processing_single:/home/tsz/Desktop/7_v1/Buckeye-Autodrive-Scoring-CAN-Part2_v1/Buckeye-Autodrive-Scoring-CAN-Part2/install/sub_can_processing:/home/tsz/Desktop/7_v1/Buckeye-Autodrive-Scoring-CAN-Part2_v1/Buckeye-Autodrive-Scoring-CAN-Part2/install/json2can:/home/tsz/Desktop/7_v1/Buckeye-Autodrive-Scoring-CAN-Part2_v1/Buckeye-Autodrive-Scoring-CAN-Part2/install/basic_subscriber:/opt/ros/foxy /usr/bin/cmake --install /home/tsz/Desktop/7_v1/Buckeye-Autodrive-Scoring-CAN-Part2_v1/Buckeye-Autodrive-Scoring-CAN-Part2/build/perception_comm
[8.086s] Level 1:colcon.colcon_core.environment:create_environment_scripts_only(perception_comm)
[8.104s] DEBUG:colcon.colcon_core.event_handler.log_command:Invoked command in '/home/tsz/Desktop/7_v1/Buckeye-Autodrive-Scoring-CAN-Part2_v1/Buckeye-Autodrive-Scoring-CAN-Part2/build/perception_comm' returned '0': CMAKE_PREFIX_PATH=${CMAKE_PREFIX_PATH}:/home/tsz/Desktop/7_v1/Buckeye-Autodrive-Scoring-CAN-Part2_v1/Buckeye-Autodrive-Scoring-CAN-Part2/install/v2x_send_spat:/home/tsz/Desktop/7_v1/Buckeye-Autodrive-Scoring-CAN-Part2_v1/Buckeye-Autodrive-Scoring-CAN-Part2/install/v2x_send:/home/tsz/Desktop/7_v1/Buckeye-Autodrive-Scoring-CAN-Part2_v1/Buckeye-Autodrive-Scoring-CAN-Part2/install/sub_can_processing_single:/home/tsz/Desktop/7_v1/Buckeye-Autodrive-Scoring-CAN-Part2_v1/Buckeye-Autodrive-Scoring-CAN-Part2/install/sub_can_processing:/home/tsz/Desktop/7_v1/Buckeye-Autodrive-Scoring-CAN-Part2_v1/Buckeye-Autodrive-Scoring-CAN-Part2/install/json2can:/home/tsz/Desktop/7_v1/Buckeye-Autodrive-Scoring-CAN-Part2_v1/Buckeye-Autodrive-Scoring-CAN-Part2/install/basic_subscriber:/opt/ros/foxy /usr/bin/cmake --install /home/tsz/Desktop/7_v1/Buckeye-Autodrive-Scoring-CAN-Part2_v1/Buckeye-Autodrive-Scoring-CAN-Part2/build/perception_comm
[8.200s] Level 1:colcon.colcon_core.environment:checking '/home/tsz/Desktop/7_v1/Buckeye-Autodrive-Scoring-CAN-Part2_v1/Buckeye-Autodrive-Scoring-CAN-Part2/install/perception_comm' for CMake module files
[8.201s] Level 1:colcon.colcon_core.environment:checking '/home/tsz/Desktop/7_v1/Buckeye-Autodrive-Scoring-CAN-Part2_v1/Buckeye-Autodrive-Scoring-CAN-Part2/install/perception_comm' for CMake config files
[8.201s] Level 1:colcon.colcon_core.shell:create_environment_hook('perception_comm', 'cmake_prefix_path')
[8.315s] INFO:colcon.colcon_core.shell:Creating environment hook '/home/tsz/Desktop/7_v1/Buckeye-Autodrive-Scoring-CAN-Part2_v1/Buckeye-Autodrive-Scoring-CAN-Part2/install/perception_comm/share/perception_comm/hook/cmake_prefix_path.ps1'
[8.316s] INFO:colcon.colcon_core.shell:Creating environment descriptor '/home/tsz/Desktop/7_v1/Buckeye-Autodrive-Scoring-CAN-Part2_v1/Buckeye-Autodrive-Scoring-CAN-Part2/install/perception_comm/share/perception_comm/hook/cmake_prefix_path.dsv'
[8.316s] INFO:colcon.colcon_core.shell:Creating environment hook '/home/tsz/Desktop/7_v1/Buckeye-Autodrive-Scoring-CAN-Part2_v1/Buckeye-Autodrive-Scoring-CAN-Part2/install/perception_comm/share/perception_comm/hook/cmake_prefix_path.sh'
[8.317s] Level 1:colcon.colcon_core.environment:checking '/home/tsz/Desktop/7_v1/Buckeye-Autodrive-Scoring-CAN-Part2_v1/Buckeye-Autodrive-Scoring-CAN-Part2/install/perception_comm/lib'
[8.318s] Level 1:colcon.colcon_core.shell:create_environment_hook('perception_comm', 'ld_library_path_lib')
[8.425s] INFO:colcon.colcon_core.shell:Creating environment hook '/home/tsz/Desktop/7_v1/Buckeye-Autodrive-Scoring-CAN-Part2_v1/Buckeye-Autodrive-Scoring-CAN-Part2/install/perception_comm/share/perception_comm/hook/ld_library_path_lib.ps1'
[8.426s] INFO:colcon.colcon_core.shell:Creating environment descriptor '/home/tsz/Desktop/7_v1/Buckeye-Autodrive-Scoring-CAN-Part2_v1/Buckeye-Autodrive-Scoring-CAN-Part2/install/perception_comm/share/perception_comm/hook/ld_library_path_lib.dsv'
[8.426s] INFO:colcon.colcon_core.shell:Creating environment hook '/home/tsz/Desktop/7_v1/Buckeye-Autodrive-Scoring-CAN-Part2_v1/Buckeye-Autodrive-Scoring-CAN-Part2/install/perception_comm/share/perception_comm/hook/ld_library_path_lib.sh'
[8.427s] Level 1:colcon.colcon_core.environment:checking '/home/tsz/Desktop/7_v1/Buckeye-Autodrive-Scoring-CAN-Part2_v1/Buckeye-Autodrive-Scoring-CAN-Part2/install/perception_comm/bin'
[8.427s] Level 1:colcon.colcon_core.environment:checking '/home/tsz/Desktop/7_v1/Buckeye-Autodrive-Scoring-CAN-Part2_v1/Buckeye-Autodrive-Scoring-CAN-Part2/install/perception_comm/lib/pkgconfig/perception_comm.pc'
[8.428s] Level 1:colcon.colcon_core.environment:checking '/home/tsz/Desktop/7_v1/Buckeye-Autodrive-Scoring-CAN-Part2_v1/Buckeye-Autodrive-Scoring-CAN-Part2/install/perception_comm/lib/python3.8/site-packages'
[8.428s] Level 1:colcon.colcon_core.shell:create_environment_hook('perception_comm', 'pythonpath')
[8.537s] INFO:colcon.colcon_core.shell:Creating environment hook '/home/tsz/Desktop/7_v1/Buckeye-Autodrive-Scoring-CAN-Part2_v1/Buckeye-Autodrive-Scoring-CAN-Part2/install/perception_comm/share/perception_comm/hook/pythonpath.ps1'
[8.538s] INFO:colcon.colcon_core.shell:Creating environment descriptor '/home/tsz/Desktop/7_v1/Buckeye-Autodrive-Scoring-CAN-Part2_v1/Buckeye-Autodrive-Scoring-CAN-Part2/install/perception_comm/share/perception_comm/hook/pythonpath.dsv'
[8.539s] INFO:colcon.colcon_core.shell:Creating environment hook '/home/tsz/Desktop/7_v1/Buckeye-Autodrive-Scoring-CAN-Part2_v1/Buckeye-Autodrive-Scoring-CAN-Part2/install/perception_comm/share/perception_comm/hook/pythonpath.sh'
[8.539s] Level 1:colcon.colcon_core.environment:checking '/home/tsz/Desktop/7_v1/Buckeye-Autodrive-Scoring-CAN-Part2_v1/Buckeye-Autodrive-Scoring-CAN-Part2/install/perception_comm/bin'
[8.648s] INFO:colcon.colcon_core.shell:Creating package script '/home/tsz/Desktop/7_v1/Buckeye-Autodrive-Scoring-CAN-Part2_v1/Buckeye-Autodrive-Scoring-CAN-Part2/install/perception_comm/share/perception_comm/package.ps1'
[8.650s] INFO:colcon.colcon_core.shell:Creating package descriptor '/home/tsz/Desktop/7_v1/Buckeye-Autodrive-Scoring-CAN-Part2_v1/Buckeye-Autodrive-Scoring-CAN-Part2/install/perception_comm/share/perception_comm/package.dsv'
[8.651s] INFO:colcon.colcon_core.shell:Creating package script '/home/tsz/Desktop/7_v1/Buckeye-Autodrive-Scoring-CAN-Part2_v1/Buckeye-Autodrive-Scoring-CAN-Part2/install/perception_comm/share/perception_comm/package.sh'
[8.652s] INFO:colcon.colcon_core.shell:Creating package script '/home/tsz/Desktop/7_v1/Buckeye-Autodrive-Scoring-CAN-Part2_v1/Buckeye-Autodrive-Scoring-CAN-Part2/install/perception_comm/share/perception_comm/package.bash'
[8.654s] INFO:colcon.colcon_core.shell:Creating package script '/home/tsz/Desktop/7_v1/Buckeye-Autodrive-Scoring-CAN-Part2_v1/Buckeye-Autodrive-Scoring-CAN-Part2/install/perception_comm/share/perception_comm/package.zsh'
[8.655s] Level 1:colcon.colcon_core.environment:create_file_with_runtime_dependencies(/home/tsz/Desktop/7_v1/Buckeye-Autodrive-Scoring-CAN-Part2_v1/Buckeye-Autodrive-Scoring-CAN-Part2/install/perception_comm/share/colcon-core/packages/perception_comm)
[8.719s] DEBUG:colcon.colcon_core.event_handler.log_command:Invoking command in '/home/tsz/Desktop/7_v1/Buckeye-Autodrive-Scoring-CAN-Part2_v1/Buckeye-Autodrive-Scoring-CAN-Part2/src/basic_subscriber': PYTHONPATH=/home/tsz/Desktop/7_v1/Buckeye-Autodrive-Scoring-CAN-Part2_v1/Buckeye-Autodrive-Scoring-CAN-Part2/build/basic_subscriber/prefix_override:/home/tsz/Desktop/7_v1/Buckeye-Autodrive-Scoring-CAN-Part2_v1/Buckeye-Autodrive-Scoring-CAN-Part2/install/basic_subscriber/lib/python3.8/site-packages:${PYTHONPATH} /usr/bin/python3 setup.py egg_info --egg-base ../../build/basic_subscriber build --build-base /home/tsz/Desktop/7_v1/Buckeye-Autodrive-Scoring-CAN-Part2_v1/Buckeye-Autodrive-Scoring-CAN-Part2/build/basic_subscriber/build install --record /home/tsz/Desktop/7_v1/Buckeye-Autodrive-Scoring-CAN-Part2_v1/Buckeye-Autodrive-Scoring-CAN-Part2/build/basic_subscriber/install.log --install-scripts $base/lib/basic_subscriber --single-version-externally-managed
[8.756s] DEBUG:colcon.colcon_core.event_handler.log_command:Invoking command in '/home/tsz/Desktop/7_v1/Buckeye-Autodrive-Scoring-CAN-Part2_v1/Buckeye-Autodrive-Scoring-CAN-Part2/src/json2can': PYTHONPATH=/home/tsz/Desktop/7_v1/Buckeye-Autodrive-Scoring-CAN-Part2_v1/Buckeye-Autodrive-Scoring-CAN-Part2/build/json2can/prefix_override:/home/tsz/Desktop/7_v1/Buckeye-Autodrive-Scoring-CAN-Part2_v1/Buckeye-Autodrive-Scoring-CAN-Part2/install/json2can/lib/python3.8/site-packages:${PYTHONPATH} /usr/bin/python3 setup.py egg_info --egg-base ../../build/json2can build --build-base /home/tsz/Desktop/7_v1/Buckeye-Autodrive-Scoring-CAN-Part2_v1/Buckeye-Autodrive-Scoring-CAN-Part2/build/json2can/build install --record /home/tsz/Desktop/7_v1/Buckeye-Autodrive-Scoring-CAN-Part2_v1/Buckeye-Autodrive-Scoring-CAN-Part2/build/json2can/install.log --single-version-externally-managed
[8.780s] DEBUG:colcon.colcon_core.event_handler.log_command:Invoking command in '/home/tsz/Desktop/7_v1/Buckeye-Autodrive-Scoring-CAN-Part2_v1/Buckeye-Autodrive-Scoring-CAN-Part2/src/v2x_send_spat': PYTHONPATH=/home/tsz/Desktop/7_v1/Buckeye-Autodrive-Scoring-CAN-Part2_v1/Buckeye-Autodrive-Scoring-CAN-Part2/build/v2x_send_spat/prefix_override:/home/tsz/Desktop/7_v1/Buckeye-Autodrive-Scoring-CAN-Part2_v1/Buckeye-Autodrive-Scoring-CAN-Part2/install/v2x_send_spat/lib/python3.8/site-packages:${PYTHONPATH} /usr/bin/python3 setup.py egg_info --egg-base ../../build/v2x_send_spat build --build-base /home/tsz/Desktop/7_v1/Buckeye-Autodrive-Scoring-CAN-Part2_v1/Buckeye-Autodrive-Scoring-CAN-Part2/build/v2x_send_spat/build install --record /home/tsz/Desktop/7_v1/Buckeye-Autodrive-Scoring-CAN-Part2_v1/Buckeye-Autodrive-Scoring-CAN-Part2/build/v2x_send_spat/install.log --single-version-externally-managed
[8.799s] DEBUG:colcon.colcon_core.event_handler.log_command:Invoking command in '/home/tsz/Desktop/7_v1/Buckeye-Autodrive-Scoring-CAN-Part2_v1/Buckeye-Autodrive-Scoring-CAN-Part2/src/sub_can_processing': PYTHONPATH=/home/tsz/Desktop/7_v1/Buckeye-Autodrive-Scoring-CAN-Part2_v1/Buckeye-Autodrive-Scoring-CAN-Part2/build/sub_can_processing/prefix_override:/home/tsz/Desktop/7_v1/Buckeye-Autodrive-Scoring-CAN-Part2_v1/Buckeye-Autodrive-Scoring-CAN-Part2/install/sub_can_processing/lib/python3.8/site-packages:${PYTHONPATH} /usr/bin/python3 setup.py egg_info --egg-base ../../build/sub_can_processing build --build-base /home/tsz/Desktop/7_v1/Buckeye-Autodrive-Scoring-CAN-Part2_v1/Buckeye-Autodrive-Scoring-CAN-Part2/build/sub_can_processing/build install --record /home/tsz/Desktop/7_v1/Buckeye-Autodrive-Scoring-CAN-Part2_v1/Buckeye-Autodrive-Scoring-CAN-Part2/build/sub_can_processing/install.log --install-scripts $base/lib/sub_can_processing --single-version-externally-managed
[8.800s] DEBUG:colcon.colcon_core.event_handler.log_command:Invoking command in '/home/tsz/Desktop/7_v1/Buckeye-Autodrive-Scoring-CAN-Part2_v1/Buckeye-Autodrive-Scoring-CAN-Part2/src/sub_can_processing_single': PYTHONPATH=/home/tsz/Desktop/7_v1/Buckeye-Autodrive-Scoring-CAN-Part2_v1/Buckeye-Autodrive-Scoring-CAN-Part2/build/sub_can_processing_single/prefix_override:/home/tsz/Desktop/7_v1/Buckeye-Autodrive-Scoring-CAN-Part2_v1/Buckeye-Autodrive-Scoring-CAN-Part2/install/sub_can_processing_single/lib/python3.8/site-packages:${PYTHONPATH} /usr/bin/python3 setup.py egg_info --egg-base ../../build/sub_can_processing_single build --build-base /home/tsz/Desktop/7_v1/Buckeye-Autodrive-Scoring-CAN-Part2_v1/Buckeye-Autodrive-Scoring-CAN-Part2/build/sub_can_processing_single/build install --record /home/tsz/Desktop/7_v1/Buckeye-Autodrive-Scoring-CAN-Part2_v1/Buckeye-Autodrive-Scoring-CAN-Part2/build/sub_can_processing_single/install.log --install-scripts $base/lib/sub_can_processing_single --single-version-externally-managed
[8.811s] DEBUG:colcon.colcon_core.event_handler.log_command:Invoking command in '/home/tsz/Desktop/7_v1/Buckeye-Autodrive-Scoring-CAN-Part2_v1/Buckeye-Autodrive-Scoring-CAN-Part2/src/v2x_send': PYTHONPATH=/home/tsz/Desktop/7_v1/Buckeye-Autodrive-Scoring-CAN-Part2_v1/Buckeye-Autodrive-Scoring-CAN-Part2/build/v2x_send/prefix_override:/home/tsz/Desktop/7_v1/Buckeye-Autodrive-Scoring-CAN-Part2_v1/Buckeye-Autodrive-Scoring-CAN-Part2/install/v2x_send/lib/python3.8/site-packages:${PYTHONPATH} /usr/bin/python3 setup.py egg_info --egg-base ../../build/v2x_send build --build-base /home/tsz/Desktop/7_v1/Buckeye-Autodrive-Scoring-CAN-Part2_v1/Buckeye-Autodrive-Scoring-CAN-Part2/build/v2x_send/build install --record /home/tsz/Desktop/7_v1/Buckeye-Autodrive-Scoring-CAN-Part2_v1/Buckeye-Autodrive-Scoring-CAN-Part2/build/v2x_send/install.log --install-scripts $base/lib/v2x_send --single-version-externally-managed
[9.003s] Level 1:colcon.colcon_core.environment:create_environment_scripts_only(perception_comm)
[9.110s] Level 1:colcon.colcon_core.environment:checking '/home/tsz/Desktop/7_v1/Buckeye-Autodrive-Scoring-CAN-Part2_v1/Buckeye-Autodrive-Scoring-CAN-Part2/install/perception_comm' for CMake module files
[9.111s] Level 1:colcon.colcon_core.environment:checking '/home/tsz/Desktop/7_v1/Buckeye-Autodrive-Scoring-CAN-Part2_v1/Buckeye-Autodrive-Scoring-CAN-Part2/install/perception_comm' for CMake config files
[9.111s] Level 1:colcon.colcon_core.shell:create_environment_hook('perception_comm', 'cmake_prefix_path')
[9.226s] INFO:colcon.colcon_core.shell:Creating environment hook '/home/tsz/Desktop/7_v1/Buckeye-Autodrive-Scoring-CAN-Part2_v1/Buckeye-Autodrive-Scoring-CAN-Part2/install/perception_comm/share/perception_comm/hook/cmake_prefix_path.ps1'
[9.226s] INFO:colcon.colcon_core.shell:Creating environment descriptor '/home/tsz/Desktop/7_v1/Buckeye-Autodrive-Scoring-CAN-Part2_v1/Buckeye-Autodrive-Scoring-CAN-Part2/install/perception_comm/share/perception_comm/hook/cmake_prefix_path.dsv'
[9.227s] INFO:colcon.colcon_core.shell:Creating environment hook '/home/tsz/Desktop/7_v1/Buckeye-Autodrive-Scoring-CAN-Part2_v1/Buckeye-Autodrive-Scoring-CAN-Part2/install/perception_comm/share/perception_comm/hook/cmake_prefix_path.sh'
[9.228s] Level 1:colcon.colcon_core.environment:checking '/home/tsz/Desktop/7_v1/Buckeye-Autodrive-Scoring-CAN-Part2_v1/Buckeye-Autodrive-Scoring-CAN-Part2/install/perception_comm/lib'
[9.228s] Level 1:colcon.colcon_core.shell:create_environment_hook('perception_comm', 'ld_library_path_lib')
[9.394s] INFO:colcon.colcon_core.shell:Creating environment hook '/home/tsz/Desktop/7_v1/Buckeye-Autodrive-Scoring-CAN-Part2_v1/Buckeye-Autodrive-Scoring-CAN-Part2/install/perception_comm/share/perception_comm/hook/ld_library_path_lib.ps1'
[9.395s] INFO:colcon.colcon_core.shell:Creating environment descriptor '/home/tsz/Desktop/7_v1/Buckeye-Autodrive-Scoring-CAN-Part2_v1/Buckeye-Autodrive-Scoring-CAN-Part2/install/perception_comm/share/perception_comm/hook/ld_library_path_lib.dsv'
[9.396s] INFO:colcon.colcon_core.shell:Creating environment hook '/home/tsz/Desktop/7_v1/Buckeye-Autodrive-Scoring-CAN-Part2_v1/Buckeye-Autodrive-Scoring-CAN-Part2/install/perception_comm/share/perception_comm/hook/ld_library_path_lib.sh'
[9.397s] Level 1:colcon.colcon_core.environment:checking '/home/tsz/Desktop/7_v1/Buckeye-Autodrive-Scoring-CAN-Part2_v1/Buckeye-Autodrive-Scoring-CAN-Part2/install/perception_comm/bin'
[9.397s] Level 1:colcon.colcon_core.environment:checking '/home/tsz/Desktop/7_v1/Buckeye-Autodrive-Scoring-CAN-Part2_v1/Buckeye-Autodrive-Scoring-CAN-Part2/install/perception_comm/lib/pkgconfig/perception_comm.pc'
[9.397s] Level 1:colcon.colcon_core.environment:checking '/home/tsz/Desktop/7_v1/Buckeye-Autodrive-Scoring-CAN-Part2_v1/Buckeye-Autodrive-Scoring-CAN-Part2/install/perception_comm/lib/python3.8/site-packages'
[9.397s] Level 1:colcon.colcon_core.shell:create_environment_hook('perception_comm', 'pythonpath')
[9.466s] INFO:colcon.colcon_core.shell:Creating environment hook '/home/tsz/Desktop/7_v1/Buckeye-Autodrive-Scoring-CAN-Part2_v1/Buckeye-Autodrive-Scoring-CAN-Part2/install/perception_comm/share/perception_comm/hook/pythonpath.ps1'
[9.466s] INFO:colcon.colcon_core.shell:Creating environment descriptor '/home/tsz/Desktop/7_v1/Buckeye-Autodrive-Scoring-CAN-Part2_v1/Buckeye-Autodrive-Scoring-CAN-Part2/install/perception_comm/share/perception_comm/hook/pythonpath.dsv'
[9.466s] INFO:colcon.colcon_core.shell:Creating environment hook '/home/tsz/Desktop/7_v1/Buckeye-Autodrive-Scoring-CAN-Part2_v1/Buckeye-Autodrive-Scoring-CAN-Part2/install/perception_comm/share/perception_comm/hook/pythonpath.sh'
[9.467s] Level 1:colcon.colcon_core.environment:checking '/home/tsz/Desktop/7_v1/Buckeye-Autodrive-Scoring-CAN-Part2_v1/Buckeye-Autodrive-Scoring-CAN-Part2/install/perception_comm/bin'
[9.517s] INFO:colcon.colcon_core.shell:Creating package script '/home/tsz/Desktop/7_v1/Buckeye-Autodrive-Scoring-CAN-Part2_v1/Buckeye-Autodrive-Scoring-CAN-Part2/install/perception_comm/share/perception_comm/package.ps1'
[9.517s] INFO:colcon.colcon_core.shell:Creating package descriptor '/home/tsz/Desktop/7_v1/Buckeye-Autodrive-Scoring-CAN-Part2_v1/Buckeye-Autodrive-Scoring-CAN-Part2/install/perception_comm/share/perception_comm/package.dsv'
[9.518s] INFO:colcon.colcon_core.shell:Creating package script '/home/tsz/Desktop/7_v1/Buckeye-Autodrive-Scoring-CAN-Part2_v1/Buckeye-Autodrive-Scoring-CAN-Part2/install/perception_comm/share/perception_comm/package.sh'
[9.518s] INFO:colcon.colcon_core.shell:Creating package script '/home/tsz/Desktop/7_v1/Buckeye-Autodrive-Scoring-CAN-Part2_v1/Buckeye-Autodrive-Scoring-CAN-Part2/install/perception_comm/share/perception_comm/package.bash'
[9.518s] INFO:colcon.colcon_core.shell:Creating package script '/home/tsz/Desktop/7_v1/Buckeye-Autodrive-Scoring-CAN-Part2_v1/Buckeye-Autodrive-Scoring-CAN-Part2/install/perception_comm/share/perception_comm/package.zsh'
[9.519s] Level 1:colcon.colcon_core.environment:create_file_with_runtime_dependencies(/home/tsz/Desktop/7_v1/Buckeye-Autodrive-Scoring-CAN-Part2_v1/Buckeye-Autodrive-Scoring-CAN-Part2/install/perception_comm/share/colcon-core/packages/perception_comm)
[9.520s] DEBUG:colcon.colcon_core.event_handler.log_command:Invoked command in '/home/tsz/Desktop/7_v1/Buckeye-Autodrive-Scoring-CAN-Part2_v1/Buckeye-Autodrive-Scoring-CAN-Part2/src/basic_subscriber' returned '0': PYTHONPATH=/home/tsz/Desktop/7_v1/Buckeye-Autodrive-Scoring-CAN-Part2_v1/Buckeye-Autodrive-Scoring-CAN-Part2/build/basic_subscriber/prefix_override:/home/tsz/Desktop/7_v1/Buckeye-Autodrive-Scoring-CAN-Part2_v1/Buckeye-Autodrive-Scoring-CAN-Part2/install/basic_subscriber/lib/python3.8/site-packages:${PYTHONPATH} /usr/bin/python3 setup.py egg_info --egg-base ../../build/basic_subscriber build --build-base /home/tsz/Desktop/7_v1/Buckeye-Autodrive-Scoring-CAN-Part2_v1/Buckeye-Autodrive-Scoring-CAN-Part2/build/basic_subscriber/build install --record /home/tsz/Desktop/7_v1/Buckeye-Autodrive-Scoring-CAN-Part2_v1/Buckeye-Autodrive-Scoring-CAN-Part2/build/basic_subscriber/install.log --install-scripts $base/lib/basic_subscriber --single-version-externally-managed
[9.568s] Level 1:colcon.colcon_core.environment:checking '/home/tsz/Desktop/7_v1/Buckeye-Autodrive-Scoring-CAN-Part2_v1/Buckeye-Autodrive-Scoring-CAN-Part2/install/basic_subscriber' for CMake module files
[9.568s] Level 1:colcon.colcon_core.environment:checking '/home/tsz/Desktop/7_v1/Buckeye-Autodrive-Scoring-CAN-Part2_v1/Buckeye-Autodrive-Scoring-CAN-Part2/install/basic_subscriber' for CMake config files
[9.569s] Level 1:colcon.colcon_core.environment:checking '/home/tsz/Desktop/7_v1/Buckeye-Autodrive-Scoring-CAN-Part2_v1/Buckeye-Autodrive-Scoring-CAN-Part2/install/basic_subscriber/lib'
[9.569s] Level 1:colcon.colcon_core.environment:checking '/home/tsz/Desktop/7_v1/Buckeye-Autodrive-Scoring-CAN-Part2_v1/Buckeye-Autodrive-Scoring-CAN-Part2/install/basic_subscriber/bin'
[9.569s] Level 1:colcon.colcon_core.environment:checking '/home/tsz/Desktop/7_v1/Buckeye-Autodrive-Scoring-CAN-Part2_v1/Buckeye-Autodrive-Scoring-CAN-Part2/install/basic_subscriber/lib/pkgconfig/basic_subscriber.pc'
[9.569s] Level 1:colcon.colcon_core.environment:checking '/home/tsz/Desktop/7_v1/Buckeye-Autodrive-Scoring-CAN-Part2_v1/Buckeye-Autodrive-Scoring-CAN-Part2/install/basic_subscriber/lib/python3.8/site-packages'
[9.569s] Level 1:colcon.colcon_core.shell:create_environment_hook('basic_subscriber', 'pythonpath')
[9.617s] INFO:colcon.colcon_core.shell:Creating environment hook '/home/tsz/Desktop/7_v1/Buckeye-Autodrive-Scoring-CAN-Part2_v1/Buckeye-Autodrive-Scoring-CAN-Part2/install/basic_subscriber/share/basic_subscriber/hook/pythonpath.ps1'
[9.617s] INFO:colcon.colcon_core.shell:Creating environment descriptor '/home/tsz/Desktop/7_v1/Buckeye-Autodrive-Scoring-CAN-Part2_v1/Buckeye-Autodrive-Scoring-CAN-Part2/install/basic_subscriber/share/basic_subscriber/hook/pythonpath.dsv'
[9.617s] INFO:colcon.colcon_core.shell:Creating environment hook '/home/tsz/Desktop/7_v1/Buckeye-Autodrive-Scoring-CAN-Part2_v1/Buckeye-Autodrive-Scoring-CAN-Part2/install/basic_subscriber/share/basic_subscriber/hook/pythonpath.sh'
[9.618s] Level 1:colcon.colcon_core.environment:checking '/home/tsz/Desktop/7_v1/Buckeye-Autodrive-Scoring-CAN-Part2_v1/Buckeye-Autodrive-Scoring-CAN-Part2/install/basic_subscriber/bin'
[9.618s] Level 1:colcon.colcon_core.environment:create_environment_scripts_only(basic_subscriber)
[9.667s] INFO:colcon.colcon_core.shell:Creating package script '/home/tsz/Desktop/7_v1/Buckeye-Autodrive-Scoring-CAN-Part2_v1/Buckeye-Autodrive-Scoring-CAN-Part2/install/basic_subscriber/share/basic_subscriber/package.ps1'
[9.667s] INFO:colcon.colcon_core.shell:Creating package descriptor '/home/tsz/Desktop/7_v1/Buckeye-Autodrive-Scoring-CAN-Part2_v1/Buckeye-Autodrive-Scoring-CAN-Part2/install/basic_subscriber/share/basic_subscriber/package.dsv'
[9.668s] INFO:colcon.colcon_core.shell:Creating package script '/home/tsz/Desktop/7_v1/Buckeye-Autodrive-Scoring-CAN-Part2_v1/Buckeye-Autodrive-Scoring-CAN-Part2/install/basic_subscriber/share/basic_subscriber/package.sh'
[9.668s] INFO:colcon.colcon_core.shell:Creating package script '/home/tsz/Desktop/7_v1/Buckeye-Autodrive-Scoring-CAN-Part2_v1/Buckeye-Autodrive-Scoring-CAN-Part2/install/basic_subscriber/share/basic_subscriber/package.bash'
[9.668s] INFO:colcon.colcon_core.shell:Creating package script '/home/tsz/Desktop/7_v1/Buckeye-Autodrive-Scoring-CAN-Part2_v1/Buckeye-Autodrive-Scoring-CAN-Part2/install/basic_subscriber/share/basic_subscriber/package.zsh'
[9.668s] Level 1:colcon.colcon_core.environment:create_file_with_runtime_dependencies(/home/tsz/Desktop/7_v1/Buckeye-Autodrive-Scoring-CAN-Part2_v1/Buckeye-Autodrive-Scoring-CAN-Part2/install/basic_subscriber/share/colcon-core/packages/basic_subscriber)
[9.669s] DEBUG:colcon.colcon_core.event_handler.log_command:Invoked command in '/home/tsz/Desktop/7_v1/Buckeye-Autodrive-Scoring-CAN-Part2_v1/Buckeye-Autodrive-Scoring-CAN-Part2/src/json2can' returned '0': PYTHONPATH=/home/tsz/Desktop/7_v1/Buckeye-Autodrive-Scoring-CAN-Part2_v1/Buckeye-Autodrive-Scoring-CAN-Part2/build/json2can/prefix_override:/home/tsz/Desktop/7_v1/Buckeye-Autodrive-Scoring-CAN-Part2_v1/Buckeye-Autodrive-Scoring-CAN-Part2/install/json2can/lib/python3.8/site-packages:${PYTHONPATH} /usr/bin/python3 setup.py egg_info --egg-base ../../build/json2can build --build-base /home/tsz/Desktop/7_v1/Buckeye-Autodrive-Scoring-CAN-Part2_v1/Buckeye-Autodrive-Scoring-CAN-Part2/build/json2can/build install --record /home/tsz/Desktop/7_v1/Buckeye-Autodrive-Scoring-CAN-Part2_v1/Buckeye-Autodrive-Scoring-CAN-Part2/build/json2can/install.log --single-version-externally-managed
[9.718s] Level 1:colcon.colcon_core.environment:checking '/home/tsz/Desktop/7_v1/Buckeye-Autodrive-Scoring-CAN-Part2_v1/Buckeye-Autodrive-Scoring-CAN-Part2/install/json2can' for CMake module files
[9.718s] Level 1:colcon.colcon_core.environment:checking '/home/tsz/Desktop/7_v1/Buckeye-Autodrive-Scoring-CAN-Part2_v1/Buckeye-Autodrive-Scoring-CAN-Part2/install/json2can' for CMake config files
[9.719s] Level 1:colcon.colcon_core.environment:checking '/home/tsz/Desktop/7_v1/Buckeye-Autodrive-Scoring-CAN-Part2_v1/Buckeye-Autodrive-Scoring-CAN-Part2/install/json2can/lib'
[9.719s] Level 1:colcon.colcon_core.environment:checking '/home/tsz/Desktop/7_v1/Buckeye-Autodrive-Scoring-CAN-Part2_v1/Buckeye-Autodrive-Scoring-CAN-Part2/install/json2can/bin'
[9.719s] Level 1:colcon.colcon_core.shell:create_environment_hook('json2can', 'path')
[9.766s] INFO:colcon.colcon_core.shell:Creating environment hook '/home/tsz/Desktop/7_v1/Buckeye-Autodrive-Scoring-CAN-Part2_v1/Buckeye-Autodrive-Scoring-CAN-Part2/install/json2can/share/json2can/hook/path.ps1'
[9.767s] INFO:colcon.colcon_core.shell:Creating environment descriptor '/home/tsz/Desktop/7_v1/Buckeye-Autodrive-Scoring-CAN-Part2_v1/Buckeye-Autodrive-Scoring-CAN-Part2/install/json2can/share/json2can/hook/path.dsv'
[9.767s] INFO:colcon.colcon_core.shell:Creating environment hook '/home/tsz/Desktop/7_v1/Buckeye-Autodrive-Scoring-CAN-Part2_v1/Buckeye-Autodrive-Scoring-CAN-Part2/install/json2can/share/json2can/hook/path.sh'
[9.767s] Level 1:colcon.colcon_core.environment:checking '/home/tsz/Desktop/7_v1/Buckeye-Autodrive-Scoring-CAN-Part2_v1/Buckeye-Autodrive-Scoring-CAN-Part2/install/json2can/lib/pkgconfig/json2can.pc'
[9.767s] Level 1:colcon.colcon_core.environment:checking '/home/tsz/Desktop/7_v1/Buckeye-Autodrive-Scoring-CAN-Part2_v1/Buckeye-Autodrive-Scoring-CAN-Part2/install/json2can/lib/python3.8/site-packages'
[9.767s] Level 1:colcon.colcon_core.shell:create_environment_hook('json2can', 'pythonpath')
[9.815s] INFO:colcon.colcon_core.shell:Creating environment hook '/home/tsz/Desktop/7_v1/Buckeye-Autodrive-Scoring-CAN-Part2_v1/Buckeye-Autodrive-Scoring-CAN-Part2/install/json2can/share/json2can/hook/pythonpath.ps1'
[9.815s] INFO:colcon.colcon_core.shell:Creating environment descriptor '/home/tsz/Desktop/7_v1/Buckeye-Autodrive-Scoring-CAN-Part2_v1/Buckeye-Autodrive-Scoring-CAN-Part2/install/json2can/share/json2can/hook/pythonpath.dsv'
[9.816s] INFO:colcon.colcon_core.shell:Creating environment hook '/home/tsz/Desktop/7_v1/Buckeye-Autodrive-Scoring-CAN-Part2_v1/Buckeye-Autodrive-Scoring-CAN-Part2/install/json2can/share/json2can/hook/pythonpath.sh'
[9.816s] Level 1:colcon.colcon_core.environment:checking '/home/tsz/Desktop/7_v1/Buckeye-Autodrive-Scoring-CAN-Part2_v1/Buckeye-Autodrive-Scoring-CAN-Part2/install/json2can/bin'
[9.816s] Level 1:colcon.colcon_core.shell:create_environment_hook('json2can', 'pythonscriptspath')
[9.864s] INFO:colcon.colcon_core.shell:Creating environment hook '/home/tsz/Desktop/7_v1/Buckeye-Autodrive-Scoring-CAN-Part2_v1/Buckeye-Autodrive-Scoring-CAN-Part2/install/json2can/share/json2can/hook/pythonscriptspath.ps1'
[9.864s] INFO:colcon.colcon_core.shell:Creating environment descriptor '/home/tsz/Desktop/7_v1/Buckeye-Autodrive-Scoring-CAN-Part2_v1/Buckeye-Autodrive-Scoring-CAN-Part2/install/json2can/share/json2can/hook/pythonscriptspath.dsv'
[9.864s] INFO:colcon.colcon_core.shell:Creating environment hook '/home/tsz/Desktop/7_v1/Buckeye-Autodrive-Scoring-CAN-Part2_v1/Buckeye-Autodrive-Scoring-CAN-Part2/install/json2can/share/json2can/hook/pythonscriptspath.sh'
[9.864s] Level 1:colcon.colcon_core.environment:create_environment_scripts_only(json2can)
[9.910s] INFO:colcon.colcon_core.shell:Creating package script '/home/tsz/Desktop/7_v1/Buckeye-Autodrive-Scoring-CAN-Part2_v1/Buckeye-Autodrive-Scoring-CAN-Part2/install/json2can/share/json2can/package.ps1'
[9.911s] INFO:colcon.colcon_core.shell:Creating package descriptor '/home/tsz/Desktop/7_v1/Buckeye-Autodrive-Scoring-CAN-Part2_v1/Buckeye-Autodrive-Scoring-CAN-Part2/install/json2can/share/json2can/package.dsv'
[9.911s] INFO:colcon.colcon_core.shell:Creating package script '/home/tsz/Desktop/7_v1/Buckeye-Autodrive-Scoring-CAN-Part2_v1/Buckeye-Autodrive-Scoring-CAN-Part2/install/json2can/share/json2can/package.sh'
[9.911s] INFO:colcon.colcon_core.shell:Creating package script '/home/tsz/Desktop/7_v1/Buckeye-Autodrive-Scoring-CAN-Part2_v1/Buckeye-Autodrive-Scoring-CAN-Part2/install/json2can/share/json2can/package.bash'
[9.912s] INFO:colcon.colcon_core.shell:Creating package script '/home/tsz/Desktop/7_v1/Buckeye-Autodrive-Scoring-CAN-Part2_v1/Buckeye-Autodrive-Scoring-CAN-Part2/install/json2can/share/json2can/package.zsh'
[9.912s] Level 1:colcon.colcon_core.environment:create_file_with_runtime_dependencies(/home/tsz/Desktop/7_v1/Buckeye-Autodrive-Scoring-CAN-Part2_v1/Buckeye-Autodrive-Scoring-CAN-Part2/install/json2can/share/colcon-core/packages/json2can)
[9.913s] DEBUG:colcon.colcon_core.event_handler.log_command:Invoked command in '/home/tsz/Desktop/7_v1/Buckeye-Autodrive-Scoring-CAN-Part2_v1/Buckeye-Autodrive-Scoring-CAN-Part2/src/v2x_send_spat' returned '0': PYTHONPATH=/home/tsz/Desktop/7_v1/Buckeye-Autodrive-Scoring-CAN-Part2_v1/Buckeye-Autodrive-Scoring-CAN-Part2/build/v2x_send_spat/prefix_override:/home/tsz/Desktop/7_v1/Buckeye-Autodrive-Scoring-CAN-Part2_v1/Buckeye-Autodrive-Scoring-CAN-Part2/install/v2x_send_spat/lib/python3.8/site-packages:${PYTHONPATH} /usr/bin/python3 setup.py egg_info --egg-base ../../build/v2x_send_spat build --build-base /home/tsz/Desktop/7_v1/Buckeye-Autodrive-Scoring-CAN-Part2_v1/Buckeye-Autodrive-Scoring-CAN-Part2/build/v2x_send_spat/build install --record /home/tsz/Desktop/7_v1/Buckeye-Autodrive-Scoring-CAN-Part2_v1/Buckeye-Autodrive-Scoring-CAN-Part2/build/v2x_send_spat/install.log --single-version-externally-managed
[9.961s] Level 1:colcon.colcon_core.environment:checking '/home/tsz/Desktop/7_v1/Buckeye-Autodrive-Scoring-CAN-Part2_v1/Buckeye-Autodrive-Scoring-CAN-Part2/install/v2x_send_spat' for CMake module files
[9.962s] Level 1:colcon.colcon_core.environment:checking '/home/tsz/Desktop/7_v1/Buckeye-Autodrive-Scoring-CAN-Part2_v1/Buckeye-Autodrive-Scoring-CAN-Part2/install/v2x_send_spat' for CMake config files
[9.962s] Level 1:colcon.colcon_core.environment:checking '/home/tsz/Desktop/7_v1/Buckeye-Autodrive-Scoring-CAN-Part2_v1/Buckeye-Autodrive-Scoring-CAN-Part2/install/v2x_send_spat/lib'
[9.962s] Level 1:colcon.colcon_core.environment:checking '/home/tsz/Desktop/7_v1/Buckeye-Autodrive-Scoring-CAN-Part2_v1/Buckeye-Autodrive-Scoring-CAN-Part2/install/v2x_send_spat/bin'
[9.962s] Level 1:colcon.colcon_core.environment:checking '/home/tsz/Desktop/7_v1/Buckeye-Autodrive-Scoring-CAN-Part2_v1/Buckeye-Autodrive-Scoring-CAN-Part2/install/v2x_send_spat/lib/pkgconfig/v2x_send_spat.pc'
[9.963s] Level 1:colcon.colcon_core.environment:checking '/home/tsz/Desktop/7_v1/Buckeye-Autodrive-Scoring-CAN-Part2_v1/Buckeye-Autodrive-Scoring-CAN-Part2/install/v2x_send_spat/lib/python3.8/site-packages'
[9.963s] Level 1:colcon.colcon_core.shell:create_environment_hook('v2x_send_spat', 'pythonpath')
[10.010s] INFO:colcon.colcon_core.shell:Creating environment hook '/home/tsz/Desktop/7_v1/Buckeye-Autodrive-Scoring-CAN-Part2_v1/Buckeye-Autodrive-Scoring-CAN-Part2/install/v2x_send_spat/share/v2x_send_spat/hook/pythonpath.ps1'
[10.010s] INFO:colcon.colcon_core.shell:Creating environment descriptor '/home/tsz/Desktop/7_v1/Buckeye-Autodrive-Scoring-CAN-Part2_v1/Buckeye-Autodrive-Scoring-CAN-Part2/install/v2x_send_spat/share/v2x_send_spat/hook/pythonpath.dsv'
[10.010s] INFO:colcon.colcon_core.shell:Creating environment hook '/home/tsz/Desktop/7_v1/Buckeye-Autodrive-Scoring-CAN-Part2_v1/Buckeye-Autodrive-Scoring-CAN-Part2/install/v2x_send_spat/share/v2x_send_spat/hook/pythonpath.sh'
[10.011s] Level 1:colcon.colcon_core.environment:checking '/home/tsz/Desktop/7_v1/Buckeye-Autodrive-Scoring-CAN-Part2_v1/Buckeye-Autodrive-Scoring-CAN-Part2/install/v2x_send_spat/bin'
[10.011s] Level 1:colcon.colcon_core.environment:create_environment_scripts_only(v2x_send_spat)
[10.059s] INFO:colcon.colcon_core.shell:Creating package script '/home/tsz/Desktop/7_v1/Buckeye-Autodrive-Scoring-CAN-Part2_v1/Buckeye-Autodrive-Scoring-CAN-Part2/install/v2x_send_spat/share/v2x_send_spat/package.ps1'
[10.059s] INFO:colcon.colcon_core.shell:Creating package descriptor '/home/tsz/Desktop/7_v1/Buckeye-Autodrive-Scoring-CAN-Part2_v1/Buckeye-Autodrive-Scoring-CAN-Part2/install/v2x_send_spat/share/v2x_send_spat/package.dsv'
[10.060s] INFO:colcon.colcon_core.shell:Creating package script '/home/tsz/Desktop/7_v1/Buckeye-Autodrive-Scoring-CAN-Part2_v1/Buckeye-Autodrive-Scoring-CAN-Part2/install/v2x_send_spat/share/v2x_send_spat/package.sh'
[10.060s] INFO:colcon.colcon_core.shell:Creating package script '/home/tsz/Desktop/7_v1/Buckeye-Autodrive-Scoring-CAN-Part2_v1/Buckeye-Autodrive-Scoring-CAN-Part2/install/v2x_send_spat/share/v2x_send_spat/package.bash'
[10.060s] INFO:colcon.colcon_core.shell:Creating package script '/home/tsz/Desktop/7_v1/Buckeye-Autodrive-Scoring-CAN-Part2_v1/Buckeye-Autodrive-Scoring-CAN-Part2/install/v2x_send_spat/share/v2x_send_spat/package.zsh'
[10.061s] Level 1:colcon.colcon_core.environment:create_file_with_runtime_dependencies(/home/tsz/Desktop/7_v1/Buckeye-Autodrive-Scoring-CAN-Part2_v1/Buckeye-Autodrive-Scoring-CAN-Part2/install/v2x_send_spat/share/colcon-core/packages/v2x_send_spat)
[10.061s] DEBUG:colcon.colcon_core.event_handler.log_command:Invoked command in '/home/tsz/Desktop/7_v1/Buckeye-Autodrive-Scoring-CAN-Part2_v1/Buckeye-Autodrive-Scoring-CAN-Part2/src/sub_can_processing_single' returned '0': PYTHONPATH=/home/tsz/Desktop/7_v1/Buckeye-Autodrive-Scoring-CAN-Part2_v1/Buckeye-Autodrive-Scoring-CAN-Part2/build/sub_can_processing_single/prefix_override:/home/tsz/Desktop/7_v1/Buckeye-Autodrive-Scoring-CAN-Part2_v1/Buckeye-Autodrive-Scoring-CAN-Part2/install/sub_can_processing_single/lib/python3.8/site-packages:${PYTHONPATH} /usr/bin/python3 setup.py egg_info --egg-base ../../build/sub_can_processing_single build --build-base /home/tsz/Desktop/7_v1/Buckeye-Autodrive-Scoring-CAN-Part2_v1/Buckeye-Autodrive-Scoring-CAN-Part2/build/sub_can_processing_single/build install --record /home/tsz/Desktop/7_v1/Buckeye-Autodrive-Scoring-CAN-Part2_v1/Buckeye-Autodrive-Scoring-CAN-Part2/build/sub_can_processing_single/install.log --install-scripts $base/lib/sub_can_processing_single --single-version-externally-managed
[10.109s] Level 1:colcon.colcon_core.environment:checking '/home/tsz/Desktop/7_v1/Buckeye-Autodrive-Scoring-CAN-Part2_v1/Buckeye-Autodrive-Scoring-CAN-Part2/install/sub_can_processing_single' for CMake module files
[10.109s] Level 1:colcon.colcon_core.environment:checking '/home/tsz/Desktop/7_v1/Buckeye-Autodrive-Scoring-CAN-Part2_v1/Buckeye-Autodrive-Scoring-CAN-Part2/install/sub_can_processing_single' for CMake config files
[10.110s] Level 1:colcon.colcon_core.environment:checking '/home/tsz/Desktop/7_v1/Buckeye-Autodrive-Scoring-CAN-Part2_v1/Buckeye-Autodrive-Scoring-CAN-Part2/install/sub_can_processing_single/lib'
[10.110s] Level 1:colcon.colcon_core.environment:checking '/home/tsz/Desktop/7_v1/Buckeye-Autodrive-Scoring-CAN-Part2_v1/Buckeye-Autodrive-Scoring-CAN-Part2/install/sub_can_processing_single/bin'
[10.110s] Level 1:colcon.colcon_core.environment:checking '/home/tsz/Desktop/7_v1/Buckeye-Autodrive-Scoring-CAN-Part2_v1/Buckeye-Autodrive-Scoring-CAN-Part2/install/sub_can_processing_single/lib/pkgconfig/sub_can_processing_single.pc'
[10.110s] Level 1:colcon.colcon_core.environment:checking '/home/tsz/Desktop/7_v1/Buckeye-Autodrive-Scoring-CAN-Part2_v1/Buckeye-Autodrive-Scoring-CAN-Part2/install/sub_can_processing_single/lib/python3.8/site-packages'
[10.110s] Level 1:colcon.colcon_core.shell:create_environment_hook('sub_can_processing_single', 'pythonpath')
[10.166s] INFO:colcon.colcon_core.shell:Creating environment hook '/home/tsz/Desktop/7_v1/Buckeye-Autodrive-Scoring-CAN-Part2_v1/Buckeye-Autodrive-Scoring-CAN-Part2/install/sub_can_processing_single/share/sub_can_processing_single/hook/pythonpath.ps1'
[10.167s] INFO:colcon.colcon_core.shell:Creating environment descriptor '/home/tsz/Desktop/7_v1/Buckeye-Autodrive-Scoring-CAN-Part2_v1/Buckeye-Autodrive-Scoring-CAN-Part2/install/sub_can_processing_single/share/sub_can_processing_single/hook/pythonpath.dsv'
[10.167s] INFO:colcon.colcon_core.shell:Creating environment hook '/home/tsz/Desktop/7_v1/Buckeye-Autodrive-Scoring-CAN-Part2_v1/Buckeye-Autodrive-Scoring-CAN-Part2/install/sub_can_processing_single/share/sub_can_processing_single/hook/pythonpath.sh'
[10.168s] Level 1:colcon.colcon_core.environment:checking '/home/tsz/Desktop/7_v1/Buckeye-Autodrive-Scoring-CAN-Part2_v1/Buckeye-Autodrive-Scoring-CAN-Part2/install/sub_can_processing_single/bin'
[10.168s] Level 1:colcon.colcon_core.environment:create_environment_scripts_only(sub_can_processing_single)
[10.222s] INFO:colcon.colcon_core.shell:Creating package script '/home/tsz/Desktop/7_v1/Buckeye-Autodrive-Scoring-CAN-Part2_v1/Buckeye-Autodrive-Scoring-CAN-Part2/install/sub_can_processing_single/share/sub_can_processing_single/package.ps1'
[10.222s] INFO:colcon.colcon_core.shell:Creating package descriptor '/home/tsz/Desktop/7_v1/Buckeye-Autodrive-Scoring-CAN-Part2_v1/Buckeye-Autodrive-Scoring-CAN-Part2/install/sub_can_processing_single/share/sub_can_processing_single/package.dsv'
[10.223s] INFO:colcon.colcon_core.shell:Creating package script '/home/tsz/Desktop/7_v1/Buckeye-Autodrive-Scoring-CAN-Part2_v1/Buckeye-Autodrive-Scoring-CAN-Part2/install/sub_can_processing_single/share/sub_can_processing_single/package.sh'
[10.223s] INFO:colcon.colcon_core.shell:Creating package script '/home/tsz/Desktop/7_v1/Buckeye-Autodrive-Scoring-CAN-Part2_v1/Buckeye-Autodrive-Scoring-CAN-Part2/install/sub_can_processing_single/share/sub_can_processing_single/package.bash'
[10.224s] INFO:colcon.colcon_core.shell:Creating package script '/home/tsz/Desktop/7_v1/Buckeye-Autodrive-Scoring-CAN-Part2_v1/Buckeye-Autodrive-Scoring-CAN-Part2/install/sub_can_processing_single/share/sub_can_processing_single/package.zsh'
[10.224s] Level 1:colcon.colcon_core.environment:create_file_with_runtime_dependencies(/home/tsz/Desktop/7_v1/Buckeye-Autodrive-Scoring-CAN-Part2_v1/Buckeye-Autodrive-Scoring-CAN-Part2/install/sub_can_processing_single/share/colcon-core/packages/sub_can_processing_single)
[10.225s] DEBUG:colcon.colcon_core.event_handler.log_command:Invoked command in '/home/tsz/Desktop/7_v1/Buckeye-Autodrive-Scoring-CAN-Part2_v1/Buckeye-Autodrive-Scoring-CAN-Part2/src/sub_can_processing' returned '0': PYTHONPATH=/home/tsz/Desktop/7_v1/Buckeye-Autodrive-Scoring-CAN-Part2_v1/Buckeye-Autodrive-Scoring-CAN-Part2/build/sub_can_processing/prefix_override:/home/tsz/Desktop/7_v1/Buckeye-Autodrive-Scoring-CAN-Part2_v1/Buckeye-Autodrive-Scoring-CAN-Part2/install/sub_can_processing/lib/python3.8/site-packages:${PYTHONPATH} /usr/bin/python3 setup.py egg_info --egg-base ../../build/sub_can_processing build --build-base /home/tsz/Desktop/7_v1/Buckeye-Autodrive-Scoring-CAN-Part2_v1/Buckeye-Autodrive-Scoring-CAN-Part2/build/sub_can_processing/build install --record /home/tsz/Desktop/7_v1/Buckeye-Autodrive-Scoring-CAN-Part2_v1/Buckeye-Autodrive-Scoring-CAN-Part2/build/sub_can_processing/install.log --install-scripts $base/lib/sub_can_processing --single-version-externally-managed
[10.288s] Level 1:colcon.colcon_core.environment:checking '/home/tsz/Desktop/7_v1/Buckeye-Autodrive-Scoring-CAN-Part2_v1/Buckeye-Autodrive-Scoring-CAN-Part2/install/sub_can_processing' for CMake module files
[10.288s] Level 1:colcon.colcon_core.environment:checking '/home/tsz/Desktop/7_v1/Buckeye-Autodrive-Scoring-CAN-Part2_v1/Buckeye-Autodrive-Scoring-CAN-Part2/install/sub_can_processing' for CMake config files
[10.289s] Level 1:colcon.colcon_core.environment:checking '/home/tsz/Desktop/7_v1/Buckeye-Autodrive-Scoring-CAN-Part2_v1/Buckeye-Autodrive-Scoring-CAN-Part2/install/sub_can_processing/lib'
[10.289s] Level 1:colcon.colcon_core.environment:checking '/home/tsz/Desktop/7_v1/Buckeye-Autodrive-Scoring-CAN-Part2_v1/Buckeye-Autodrive-Scoring-CAN-Part2/install/sub_can_processing/bin'
[10.289s] Level 1:colcon.colcon_core.environment:checking '/home/tsz/Desktop/7_v1/Buckeye-Autodrive-Scoring-CAN-Part2_v1/Buckeye-Autodrive-Scoring-CAN-Part2/install/sub_can_processing/lib/pkgconfig/sub_can_processing.pc'
[10.289s] Level 1:colcon.colcon_core.environment:checking '/home/tsz/Desktop/7_v1/Buckeye-Autodrive-Scoring-CAN-Part2_v1/Buckeye-Autodrive-Scoring-CAN-Part2/install/sub_can_processing/lib/python3.8/site-packages'
[10.289s] Level 1:colcon.colcon_core.shell:create_environment_hook('sub_can_processing', 'pythonpath')
[10.344s] INFO:colcon.colcon_core.shell:Creating environment hook '/home/tsz/Desktop/7_v1/Buckeye-Autodrive-Scoring-CAN-Part2_v1/Buckeye-Autodrive-Scoring-CAN-Part2/install/sub_can_processing/share/sub_can_processing/hook/pythonpath.ps1'
[10.344s] INFO:colcon.colcon_core.shell:Creating environment descriptor '/home/tsz/Desktop/7_v1/Buckeye-Autodrive-Scoring-CAN-Part2_v1/Buckeye-Autodrive-Scoring-CAN-Part2/install/sub_can_processing/share/sub_can_processing/hook/pythonpath.dsv'
[10.345s] INFO:colcon.colcon_core.shell:Creating environment hook '/home/tsz/Desktop/7_v1/Buckeye-Autodrive-Scoring-CAN-Part2_v1/Buckeye-Autodrive-Scoring-CAN-Part2/install/sub_can_processing/share/sub_can_processing/hook/pythonpath.sh'
[10.345s] Level 1:colcon.colcon_core.environment:checking '/home/tsz/Desktop/7_v1/Buckeye-Autodrive-Scoring-CAN-Part2_v1/Buckeye-Autodrive-Scoring-CAN-Part2/install/sub_can_processing/bin'
[10.345s] Level 1:colcon.colcon_core.environment:create_environment_scripts_only(sub_can_processing)
[10.391s] INFO:colcon.colcon_core.shell:Creating package script '/home/tsz/Desktop/7_v1/Buckeye-Autodrive-Scoring-CAN-Part2_v1/Buckeye-Autodrive-Scoring-CAN-Part2/install/sub_can_processing/share/sub_can_processing/package.ps1'
[10.392s] INFO:colcon.colcon_core.shell:Creating package descriptor '/home/tsz/Desktop/7_v1/Buckeye-Autodrive-Scoring-CAN-Part2_v1/Buckeye-Autodrive-Scoring-CAN-Part2/install/sub_can_processing/share/sub_can_processing/package.dsv'
[10.392s] INFO:colcon.colcon_core.shell:Creating package script '/home/tsz/Desktop/7_v1/Buckeye-Autodrive-Scoring-CAN-Part2_v1/Buckeye-Autodrive-Scoring-CAN-Part2/install/sub_can_processing/share/sub_can_processing/package.sh'
[10.392s] INFO:colcon.colcon_core.shell:Creating package script '/home/tsz/Desktop/7_v1/Buckeye-Autodrive-Scoring-CAN-Part2_v1/Buckeye-Autodrive-Scoring-CAN-Part2/install/sub_can_processing/share/sub_can_processing/package.bash'
[10.393s] INFO:colcon.colcon_core.shell:Creating package script '/home/tsz/Desktop/7_v1/Buckeye-Autodrive-Scoring-CAN-Part2_v1/Buckeye-Autodrive-Scoring-CAN-Part2/install/sub_can_processing/share/sub_can_processing/package.zsh'
[10.393s] Level 1:colcon.colcon_core.environment:create_file_with_runtime_dependencies(/home/tsz/Desktop/7_v1/Buckeye-Autodrive-Scoring-CAN-Part2_v1/Buckeye-Autodrive-Scoring-CAN-Part2/install/sub_can_processing/share/colcon-core/packages/sub_can_processing)
[10.395s] DEBUG:colcon.colcon_core.event_handler.log_command:Invoked command in '/home/tsz/Desktop/7_v1/Buckeye-Autodrive-Scoring-CAN-Part2_v1/Buckeye-Autodrive-Scoring-CAN-Part2/src/v2x_send' returned '0': PYTHONPATH=/home/tsz/Desktop/7_v1/Buckeye-Autodrive-Scoring-CAN-Part2_v1/Buckeye-Autodrive-Scoring-CAN-Part2/build/v2x_send/prefix_override:/home/tsz/Desktop/7_v1/Buckeye-Autodrive-Scoring-CAN-Part2_v1/Buckeye-Autodrive-Scoring-CAN-Part2/install/v2x_send/lib/python3.8/site-packages:${PYTHONPATH} /usr/bin/python3 setup.py egg_info --egg-base ../../build/v2x_send build --build-base /home/tsz/Desktop/7_v1/Buckeye-Autodrive-Scoring-CAN-Part2_v1/Buckeye-Autodrive-Scoring-CAN-Part2/build/v2x_send/build install --record /home/tsz/Desktop/7_v1/Buckeye-Autodrive-Scoring-CAN-Part2_v1/Buckeye-Autodrive-Scoring-CAN-Part2/build/v2x_send/install.log --install-scripts $base/lib/v2x_send --single-version-externally-managed
[10.441s] Level 1:colcon.colcon_core.environment:checking '/home/tsz/Desktop/7_v1/Buckeye-Autodrive-Scoring-CAN-Part2_v1/Buckeye-Autodrive-Scoring-CAN-Part2/install/v2x_send' for CMake module files
[10.441s] Level 1:colcon.colcon_core.environment:checking '/home/tsz/Desktop/7_v1/Buckeye-Autodrive-Scoring-CAN-Part2_v1/Buckeye-Autodrive-Scoring-CAN-Part2/install/v2x_send' for CMake config files
[10.442s] Level 1:colcon.colcon_core.environment:checking '/home/tsz/Desktop/7_v1/Buckeye-Autodrive-Scoring-CAN-Part2_v1/Buckeye-Autodrive-Scoring-CAN-Part2/install/v2x_send/lib'
[10.442s] Level 1:colcon.colcon_core.environment:checking '/home/tsz/Desktop/7_v1/Buckeye-Autodrive-Scoring-CAN-Part2_v1/Buckeye-Autodrive-Scoring-CAN-Part2/install/v2x_send/bin'
[10.442s] Level 1:colcon.colcon_core.environment:checking '/home/tsz/Desktop/7_v1/Buckeye-Autodrive-Scoring-CAN-Part2_v1/Buckeye-Autodrive-Scoring-CAN-Part2/install/v2x_send/lib/pkgconfig/v2x_send.pc'
[10.442s] Level 1:colcon.colcon_core.environment:checking '/home/tsz/Desktop/7_v1/Buckeye-Autodrive-Scoring-CAN-Part2_v1/Buckeye-Autodrive-Scoring-CAN-Part2/install/v2x_send/lib/python3.8/site-packages'
[10.442s] Level 1:colcon.colcon_core.shell:create_environment_hook('v2x_send', 'pythonpath')
[10.493s] INFO:colcon.colcon_core.shell:Creating environment hook '/home/tsz/Desktop/7_v1/Buckeye-Autodrive-Scoring-CAN-Part2_v1/Buckeye-Autodrive-Scoring-CAN-Part2/install/v2x_send/share/v2x_send/hook/pythonpath.ps1'
[10.493s] INFO:colcon.colcon_core.shell:Creating environment descriptor '/home/tsz/Desktop/7_v1/Buckeye-Autodrive-Scoring-CAN-Part2_v1/Buckeye-Autodrive-Scoring-CAN-Part2/install/v2x_send/share/v2x_send/hook/pythonpath.dsv'
[10.493s] INFO:colcon.colcon_core.shell:Creating environment hook '/home/tsz/Desktop/7_v1/Buckeye-Autodrive-Scoring-CAN-Part2_v1/Buckeye-Autodrive-Scoring-CAN-Part2/install/v2x_send/share/v2x_send/hook/pythonpath.sh'
[10.494s] Level 1:colcon.colcon_core.environment:checking '/home/tsz/Desktop/7_v1/Buckeye-Autodrive-Scoring-CAN-Part2_v1/Buckeye-Autodrive-Scoring-CAN-Part2/install/v2x_send/bin'
[10.494s] Level 1:colcon.colcon_core.environment:create_environment_scripts_only(v2x_send)
[10.540s] INFO:colcon.colcon_core.shell:Creating package script '/home/tsz/Desktop/7_v1/Buckeye-Autodrive-Scoring-CAN-Part2_v1/Buckeye-Autodrive-Scoring-CAN-Part2/install/v2x_send/share/v2x_send/package.ps1'
[10.540s] INFO:colcon.colcon_core.shell:Creating package descriptor '/home/tsz/Desktop/7_v1/Buckeye-Autodrive-Scoring-CAN-Part2_v1/Buckeye-Autodrive-Scoring-CAN-Part2/install/v2x_send/share/v2x_send/package.dsv'
[10.541s] INFO:colcon.colcon_core.shell:Creating package script '/home/tsz/Desktop/7_v1/Buckeye-Autodrive-Scoring-CAN-Part2_v1/Buckeye-Autodrive-Scoring-CAN-Part2/install/v2x_send/share/v2x_send/package.sh'
[10.541s] INFO:colcon.colcon_core.shell:Creating package script '/home/tsz/Desktop/7_v1/Buckeye-Autodrive-Scoring-CAN-Part2_v1/Buckeye-Autodrive-Scoring-CAN-Part2/install/v2x_send/share/v2x_send/package.bash'
[10.541s] INFO:colcon.colcon_core.shell:Creating package script '/home/tsz/Desktop/7_v1/Buckeye-Autodrive-Scoring-CAN-Part2_v1/Buckeye-Autodrive-Scoring-CAN-Part2/install/v2x_send/share/v2x_send/package.zsh'
[10.542s] Level 1:colcon.colcon_core.environment:create_file_with_runtime_dependencies(/home/tsz/Desktop/7_v1/Buckeye-Autodrive-Scoring-CAN-Part2_v1/Buckeye-Autodrive-Scoring-CAN-Part2/install/v2x_send/share/colcon-core/packages/v2x_send)
[10.542s] DEBUG:colcon.colcon_parallel_executor.executor.parallel:closing loop
[10.542s] DEBUG:colcon.colcon_parallel_executor.executor.parallel:loop closed
[10.542s] DEBUG:colcon.colcon_parallel_executor.executor.parallel:run_until_complete finished with '0'
[10.542s] DEBUG:colcon.colcon_core.event_reactor:joining thread
[10.594s] INFO:colcon.colcon_core.plugin_system:Skipping extension 'colcon_notification.desktop_notification.terminal_notifier': Not used on non-Darwin systems
[10.594s] INFO:colcon.colcon_core.plugin_system:Skipping extension 'colcon_notification.desktop_notification.win32': Not used on non-Windows systems
[10.594s] INFO:colcon.colcon_notification.desktop_notification:Sending desktop notification using 'notify2'
[10.607s] DEBUG:colcon.colcon_core.event_reactor:joined thread
[10.663s] INFO:colcon.colcon_core.shell:Creating prefix script '/home/tsz/Desktop/7_v1/Buckeye-Autodrive-Scoring-CAN-Part2_v1/Buckeye-Autodrive-Scoring-CAN-Part2/install/local_setup.ps1'
[10.664s] INFO:colcon.colcon_core.shell:Creating prefix util module '/home/tsz/Desktop/7_v1/Buckeye-Autodrive-Scoring-CAN-Part2_v1/Buckeye-Autodrive-Scoring-CAN-Part2/install/_local_setup_util_ps1.py'
[10.665s] INFO:colcon.colcon_core.shell:Creating prefix chain script '/home/tsz/Desktop/7_v1/Buckeye-Autodrive-Scoring-CAN-Part2_v1/Buckeye-Autodrive-Scoring-CAN-Part2/install/setup.ps1'
[10.712s] INFO:colcon.colcon_core.shell:Creating prefix script '/home/tsz/Desktop/7_v1/Buckeye-Autodrive-Scoring-CAN-Part2_v1/Buckeye-Autodrive-Scoring-CAN-Part2/install/local_setup.sh'
[10.713s] INFO:colcon.colcon_core.shell:Creating prefix util module '/home/tsz/Desktop/7_v1/Buckeye-Autodrive-Scoring-CAN-Part2_v1/Buckeye-Autodrive-Scoring-CAN-Part2/install/_local_setup_util_sh.py'
[10.713s] INFO:colcon.colcon_core.shell:Creating prefix chain script '/home/tsz/Desktop/7_v1/Buckeye-Autodrive-Scoring-CAN-Part2_v1/Buckeye-Autodrive-Scoring-CAN-Part2/install/setup.sh'
[10.761s] INFO:colcon.colcon_core.shell:Creating prefix script '/home/tsz/Desktop/7_v1/Buckeye-Autodrive-Scoring-CAN-Part2_v1/Buckeye-Autodrive-Scoring-CAN-Part2/install/local_setup.bash'
[10.761s] INFO:colcon.colcon_core.shell:Creating prefix chain script '/home/tsz/Desktop/7_v1/Buckeye-Autodrive-Scoring-CAN-Part2_v1/Buckeye-Autodrive-Scoring-CAN-Part2/install/setup.bash'
[10.808s] INFO:colcon.colcon_core.shell:Creating prefix script '/home/tsz/Desktop/7_v1/Buckeye-Autodrive-Scoring-CAN-Part2_v1/Buckeye-Autodrive-Scoring-CAN-Part2/install/local_setup.zsh'
[10.808s] INFO:colcon.colcon_core.shell:Creating prefix chain script '/home/tsz/Desktop/7_v1/Buckeye-Autodrive-Scoring-CAN-Part2_v1/Buckeye-Autodrive-Scoring-CAN-Part2/install/setup.zsh'
