/home/tsz/Desktop/7_v1/Buckeye-Autodrive-Scoring-CAN-Part2_v1/Buckeye-Autodrive-Scoring-CAN-Part2/install/v2x_send_spat/lib/python3.8/site-packages/v2x_send_spat/v2x_send_spat1.py
/home/tsz/Desktop/7_v1/Buckeye-Autodrive-Scoring-CAN-Part2_v1/Buckeye-Autodrive-Scoring-CAN-Part2/install/v2x_send_spat/lib/python3.8/site-packages/v2x_send_spat/v2x_send_14.py
/home/tsz/Desktop/7_v1/Buckeye-Autodrive-Scoring-CAN-Part2_v1/Buckeye-Autodrive-Scoring-CAN-Part2/install/v2x_send_spat/lib/python3.8/site-packages/v2x_send_spat/v2x_send_spat_bsm.py
/home/tsz/Desktop/7_v1/Buckeye-Autodrive-Scoring-CAN-Part2_v1/Buckeye-Autodrive-Scoring-CAN-Part2/install/v2x_send_spat/lib/python3.8/site-packages/v2x_send_spat/message.py
/home/tsz/Desktop/7_v1/Buckeye-Autodrive-Scoring-CAN-Part2_v1/Buckeye-Autodrive-Scoring-CAN-Part2/install/v2x_send_spat/lib/python3.8/site-packages/v2x_send_spat/__init__.py
/home/tsz/Desktop/7_v1/Buckeye-Autodrive-Scoring-CAN-Part2_v1/Buckeye-Autodrive-Scoring-CAN-Part2/install/v2x_send_spat/lib/python3.8/site-packages/v2x_send_spat/message_base.py
/home/tsz/Desktop/7_v1/Buckeye-Autodrive-Scoring-CAN-Part2_v1/Buckeye-Autodrive-Scoring-CAN-Part2/install/v2x_send_spat/lib/python3.8/site-packages/v2x_send_spat/v2x_send_spat.py
/home/tsz/Desktop/7_v1/Buckeye-Autodrive-Scoring-CAN-Part2_v1/Buckeye-Autodrive-Scoring-CAN-Part2/install/v2x_send_spat/lib/python3.8/site-packages/v2x_send_spat/out.py
/home/tsz/Desktop/7_v1/Buckeye-Autodrive-Scoring-CAN-Part2_v1/Buckeye-Autodrive-Scoring-CAN-Part2/install/v2x_send_spat/lib/python3.8/site-packages/v2x_send_spat/v2x_bsm_listener.py
/home/tsz/Desktop/7_v1/Buckeye-Autodrive-Scoring-CAN-Part2_v1/Buckeye-Autodrive-Scoring-CAN-Part2/install/v2x_send_spat/lib/python3.8/site-packages/v2x_send_spat/__pycache__/v2x_send_spat1.cpython-38.pyc
/home/tsz/Desktop/7_v1/Buckeye-Autodrive-Scoring-CAN-Part2_v1/Buckeye-Autodrive-Scoring-CAN-Part2/install/v2x_send_spat/lib/python3.8/site-packages/v2x_send_spat/__pycache__/v2x_send_14.cpython-38.pyc
/home/tsz/Desktop/7_v1/Buckeye-Autodrive-Scoring-CAN-Part2_v1/Buckeye-Autodrive-Scoring-CAN-Part2/install/v2x_send_spat/lib/python3.8/site-packages/v2x_send_spat/__pycache__/v2x_send_spat_bsm.cpython-38.pyc
/home/tsz/Desktop/7_v1/Buckeye-Autodrive-Scoring-CAN-Part2_v1/Buckeye-Autodrive-Scoring-CAN-Part2/install/v2x_send_spat/lib/python3.8/site-packages/v2x_send_spat/__pycache__/message.cpython-38.pyc
/home/tsz/Desktop/7_v1/Buckeye-Autodrive-Scoring-CAN-Part2_v1/Buckeye-Autodrive-Scoring-CAN-Part2/install/v2x_send_spat/lib/python3.8/site-packages/v2x_send_spat/__pycache__/__init__.cpython-38.pyc
/home/tsz/Desktop/7_v1/Buckeye-Autodrive-Scoring-CAN-Part2_v1/Buckeye-Autodrive-Scoring-CAN-Part2/install/v2x_send_spat/lib/python3.8/site-packages/v2x_send_spat/__pycache__/message_base.cpython-38.pyc
/home/tsz/Desktop/7_v1/Buckeye-Autodrive-Scoring-CAN-Part2_v1/Buckeye-Autodrive-Scoring-CAN-Part2/install/v2x_send_spat/lib/python3.8/site-packages/v2x_send_spat/__pycache__/v2x_send_spat.cpython-38.pyc
/home/tsz/Desktop/7_v1/Buckeye-Autodrive-Scoring-CAN-Part2_v1/Buckeye-Autodrive-Scoring-CAN-Part2/install/v2x_send_spat/lib/python3.8/site-packages/v2x_send_spat/__pycache__/out.cpython-38.pyc
/home/tsz/Desktop/7_v1/Buckeye-Autodrive-Scoring-CAN-Part2_v1/Buckeye-Autodrive-Scoring-CAN-Part2/install/v2x_send_spat/lib/python3.8/site-packages/v2x_send_spat/__pycache__/v2x_bsm_listener.cpython-38.pyc
/home/tsz/Desktop/7_v1/Buckeye-Autodrive-Scoring-CAN-Part2_v1/Buckeye-Autodrive-Scoring-CAN-Part2/install/v2x_send_spat/share/ament_index/resource_index/packages/v2x_send_spat
/home/tsz/Desktop/7_v1/Buckeye-Autodrive-Scoring-CAN-Part2_v1/Buckeye-Autodrive-Scoring-CAN-Part2/install/v2x_send_spat/share/v2x_send_spat/package.xml
/home/tsz/Desktop/7_v1/Buckeye-Autodrive-Scoring-CAN-Part2_v1/Buckeye-Autodrive-Scoring-CAN-Part2/install/v2x_send_spat/lib/python3.8/site-packages/v2x_send_spat-0.0.0-py3.8.egg-info/PKG-INFO
/home/tsz/Desktop/7_v1/Buckeye-Autodrive-Scoring-CAN-Part2_v1/Buckeye-Autodrive-Scoring-CAN-Part2/install/v2x_send_spat/lib/python3.8/site-packages/v2x_send_spat-0.0.0-py3.8.egg-info/entry_points.txt
/home/tsz/Desktop/7_v1/Buckeye-Autodrive-Scoring-CAN-Part2_v1/Buckeye-Autodrive-Scoring-CAN-Part2/install/v2x_send_spat/lib/python3.8/site-packages/v2x_send_spat-0.0.0-py3.8.egg-info/zip-safe
/home/tsz/Desktop/7_v1/Buckeye-Autodrive-Scoring-CAN-Part2_v1/Buckeye-Autodrive-Scoring-CAN-Part2/install/v2x_send_spat/lib/python3.8/site-packages/v2x_send_spat-0.0.0-py3.8.egg-info/requires.txt
/home/tsz/Desktop/7_v1/Buckeye-Autodrive-Scoring-CAN-Part2_v1/Buckeye-Autodrive-Scoring-CAN-Part2/install/v2x_send_spat/lib/python3.8/site-packages/v2x_send_spat-0.0.0-py3.8.egg-info/dependency_links.txt
/home/tsz/Desktop/7_v1/Buckeye-Autodrive-Scoring-CAN-Part2_v1/Buckeye-Autodrive-Scoring-CAN-Part2/install/v2x_send_spat/lib/python3.8/site-packages/v2x_send_spat-0.0.0-py3.8.egg-info/SOURCES.txt
/home/tsz/Desktop/7_v1/Buckeye-Autodrive-Scoring-CAN-Part2_v1/Buckeye-Autodrive-Scoring-CAN-Part2/install/v2x_send_spat/lib/python3.8/site-packages/v2x_send_spat-0.0.0-py3.8.egg-info/top_level.txt
/home/tsz/Desktop/7_v1/Buckeye-Autodrive-Scoring-CAN-Part2_v1/Buckeye-Autodrive-Scoring-CAN-Part2/install/v2x_send_spat/lib/v2x_send_spat/v2x_send_spat
