[3.477s] Invoking command in '/home/tsz/Desktop/7_v1/Buckeye-Autodrive-Scoring-CAN-Part2_v1/Buckeye-Autodrive-Scoring-CAN-Part2/src/v2x_send_spat': PYTHONPATH=/home/tsz/Desktop/7_v1/Buckeye-Autodrive-Scoring-CAN-Part2_v1/Buckeye-Autodrive-Scoring-CAN-Part2/build/v2x_send_spat/prefix_override:/home/tsz/Desktop/7_v1/Buckeye-Autodrive-Scoring-CAN-Part2_v1/Buckeye-Autodrive-Scoring-CAN-Part2/install/v2x_send_spat/lib/python3.8/site-packages:${PYTHONPATH} /usr/bin/python3 setup.py egg_info --egg-base ../../build/v2x_send_spat build --build-base /home/tsz/Desktop/7_v1/Buckeye-Autodrive-Scoring-CAN-Part2_v1/Buckeye-Autodrive-Scoring-CAN-Part2/build/v2x_send_spat/build install --record /home/tsz/Desktop/7_v1/Buckeye-Autodrive-Scoring-CAN-Part2_v1/Buckeye-Autodrive-Scoring-CAN-Part2/build/v2x_send_spat/install.log --single-version-externally-managed
[3.899s] running egg_info
[3.900s] creating ../../build/v2x_send_spat/v2x_send_spat.egg-info
[3.900s] writing ../../build/v2x_send_spat/v2x_send_spat.egg-info/PKG-INFO
[3.900s] writing dependency_links to ../../build/v2x_send_spat/v2x_send_spat.egg-info/dependency_links.txt
[3.900s] writing entry points to ../../build/v2x_send_spat/v2x_send_spat.egg-info/entry_points.txt
[3.901s] writing requirements to ../../build/v2x_send_spat/v2x_send_spat.egg-info/requires.txt
[3.901s] writing top-level names to ../../build/v2x_send_spat/v2x_send_spat.egg-info/top_level.txt
[3.949s] writing manifest file '../../build/v2x_send_spat/v2x_send_spat.egg-info/SOURCES.txt'
[4.010s] reading manifest file '../../build/v2x_send_spat/v2x_send_spat.egg-info/SOURCES.txt'
[4.013s] writing manifest file '../../build/v2x_send_spat/v2x_send_spat.egg-info/SOURCES.txt'
[4.013s] running build
[4.013s] running build_py
[4.014s] creating /home/tsz/Desktop/7_v1/Buckeye-Autodrive-Scoring-CAN-Part2_v1/Buckeye-Autodrive-Scoring-CAN-Part2/build/v2x_send_spat/build
[4.015s] creating /home/tsz/Desktop/7_v1/Buckeye-Autodrive-Scoring-CAN-Part2_v1/Buckeye-Autodrive-Scoring-CAN-Part2/build/v2x_send_spat/build/lib
[4.019s] creating /home/tsz/Desktop/7_v1/Buckeye-Autodrive-Scoring-CAN-Part2_v1/Buckeye-Autodrive-Scoring-CAN-Part2/build/v2x_send_spat/build/lib/v2x_send_spat
[4.019s] copying v2x_send_spat/v2x_send_spat1.py -> /home/tsz/Desktop/7_v1/Buckeye-Autodrive-Scoring-CAN-Part2_v1/Buckeye-Autodrive-Scoring-CAN-Part2/build/v2x_send_spat/build/lib/v2x_send_spat
[4.019s] copying v2x_send_spat/v2x_send_14.py -> /home/tsz/Desktop/7_v1/Buckeye-Autodrive-Scoring-CAN-Part2_v1/Buckeye-Autodrive-Scoring-CAN-Part2/build/v2x_send_spat/build/lib/v2x_send_spat
[4.019s] copying v2x_send_spat/v2x_send_spat_bsm.py -> /home/tsz/Desktop/7_v1/Buckeye-Autodrive-Scoring-CAN-Part2_v1/Buckeye-Autodrive-Scoring-CAN-Part2/build/v2x_send_spat/build/lib/v2x_send_spat
[4.019s] copying v2x_send_spat/message.py -> /home/tsz/Desktop/7_v1/Buckeye-Autodrive-Scoring-CAN-Part2_v1/Buckeye-Autodrive-Scoring-CAN-Part2/build/v2x_send_spat/build/lib/v2x_send_spat
[4.019s] copying v2x_send_spat/__init__.py -> /home/tsz/Desktop/7_v1/Buckeye-Autodrive-Scoring-CAN-Part2_v1/Buckeye-Autodrive-Scoring-CAN-Part2/build/v2x_send_spat/build/lib/v2x_send_spat
[4.020s] copying v2x_send_spat/message_base.py -> /home/tsz/Desktop/7_v1/Buckeye-Autodrive-Scoring-CAN-Part2_v1/Buckeye-Autodrive-Scoring-CAN-Part2/build/v2x_send_spat/build/lib/v2x_send_spat
[4.020s] copying v2x_send_spat/v2x_send_spat.py -> /home/tsz/Desktop/7_v1/Buckeye-Autodrive-Scoring-CAN-Part2_v1/Buckeye-Autodrive-Scoring-CAN-Part2/build/v2x_send_spat/build/lib/v2x_send_spat
[4.022s] copying v2x_send_spat/out.py -> /home/tsz/Desktop/7_v1/Buckeye-Autodrive-Scoring-CAN-Part2_v1/Buckeye-Autodrive-Scoring-CAN-Part2/build/v2x_send_spat/build/lib/v2x_send_spat
[4.023s] copying v2x_send_spat/v2x_bsm_listener.py -> /home/tsz/Desktop/7_v1/Buckeye-Autodrive-Scoring-CAN-Part2_v1/Buckeye-Autodrive-Scoring-CAN-Part2/build/v2x_send_spat/build/lib/v2x_send_spat
[4.024s] running install
[4.024s] running install_lib
[4.026s] creating /home/tsz/Desktop/7_v1/Buckeye-Autodrive-Scoring-CAN-Part2_v1/Buckeye-Autodrive-Scoring-CAN-Part2/install/v2x_send_spat/lib/python3.8/site-packages/v2x_send_spat
[4.026s] copying /home/tsz/Desktop/7_v1/Buckeye-Autodrive-Scoring-CAN-Part2_v1/Buckeye-Autodrive-Scoring-CAN-Part2/build/v2x_send_spat/build/lib/v2x_send_spat/v2x_send_spat1.py -> /home/tsz/Desktop/7_v1/Buckeye-Autodrive-Scoring-CAN-Part2_v1/Buckeye-Autodrive-Scoring-CAN-Part2/install/v2x_send_spat/lib/python3.8/site-packages/v2x_send_spat
[4.027s] copying /home/tsz/Desktop/7_v1/Buckeye-Autodrive-Scoring-CAN-Part2_v1/Buckeye-Autodrive-Scoring-CAN-Part2/build/v2x_send_spat/build/lib/v2x_send_spat/v2x_send_14.py -> /home/tsz/Desktop/7_v1/Buckeye-Autodrive-Scoring-CAN-Part2_v1/Buckeye-Autodrive-Scoring-CAN-Part2/install/v2x_send_spat/lib/python3.8/site-packages/v2x_send_spat
[4.027s] copying /home/tsz/Desktop/7_v1/Buckeye-Autodrive-Scoring-CAN-Part2_v1/Buckeye-Autodrive-Scoring-CAN-Part2/build/v2x_send_spat/build/lib/v2x_send_spat/v2x_send_spat_bsm.py -> /home/tsz/Desktop/7_v1/Buckeye-Autodrive-Scoring-CAN-Part2_v1/Buckeye-Autodrive-Scoring-CAN-Part2/install/v2x_send_spat/lib/python3.8/site-packages/v2x_send_spat
[4.028s] copying /home/tsz/Desktop/7_v1/Buckeye-Autodrive-Scoring-CAN-Part2_v1/Buckeye-Autodrive-Scoring-CAN-Part2/build/v2x_send_spat/build/lib/v2x_send_spat/message.py -> /home/tsz/Desktop/7_v1/Buckeye-Autodrive-Scoring-CAN-Part2_v1/Buckeye-Autodrive-Scoring-CAN-Part2/install/v2x_send_spat/lib/python3.8/site-packages/v2x_send_spat
[4.028s] copying /home/tsz/Desktop/7_v1/Buckeye-Autodrive-Scoring-CAN-Part2_v1/Buckeye-Autodrive-Scoring-CAN-Part2/build/v2x_send_spat/build/lib/v2x_send_spat/__init__.py -> /home/tsz/Desktop/7_v1/Buckeye-Autodrive-Scoring-CAN-Part2_v1/Buckeye-Autodrive-Scoring-CAN-Part2/install/v2x_send_spat/lib/python3.8/site-packages/v2x_send_spat
[4.028s] copying /home/tsz/Desktop/7_v1/Buckeye-Autodrive-Scoring-CAN-Part2_v1/Buckeye-Autodrive-Scoring-CAN-Part2/build/v2x_send_spat/build/lib/v2x_send_spat/message_base.py -> /home/tsz/Desktop/7_v1/Buckeye-Autodrive-Scoring-CAN-Part2_v1/Buckeye-Autodrive-Scoring-CAN-Part2/install/v2x_send_spat/lib/python3.8/site-packages/v2x_send_spat
[4.029s] copying /home/tsz/Desktop/7_v1/Buckeye-Autodrive-Scoring-CAN-Part2_v1/Buckeye-Autodrive-Scoring-CAN-Part2/build/v2x_send_spat/build/lib/v2x_send_spat/v2x_send_spat.py -> /home/tsz/Desktop/7_v1/Buckeye-Autodrive-Scoring-CAN-Part2_v1/Buckeye-Autodrive-Scoring-CAN-Part2/install/v2x_send_spat/lib/python3.8/site-packages/v2x_send_spat
[4.029s] copying /home/tsz/Desktop/7_v1/Buckeye-Autodrive-Scoring-CAN-Part2_v1/Buckeye-Autodrive-Scoring-CAN-Part2/build/v2x_send_spat/build/lib/v2x_send_spat/out.py -> /home/tsz/Desktop/7_v1/Buckeye-Autodrive-Scoring-CAN-Part2_v1/Buckeye-Autodrive-Scoring-CAN-Part2/install/v2x_send_spat/lib/python3.8/site-packages/v2x_send_spat
[4.029s] copying /home/tsz/Desktop/7_v1/Buckeye-Autodrive-Scoring-CAN-Part2_v1/Buckeye-Autodrive-Scoring-CAN-Part2/build/v2x_send_spat/build/lib/v2x_send_spat/v2x_bsm_listener.py -> /home/tsz/Desktop/7_v1/Buckeye-Autodrive-Scoring-CAN-Part2_v1/Buckeye-Autodrive-Scoring-CAN-Part2/install/v2x_send_spat/lib/python3.8/site-packages/v2x_send_spat
[4.030s] byte-compiling /home/tsz/Desktop/7_v1/Buckeye-Autodrive-Scoring-CAN-Part2_v1/Buckeye-Autodrive-Scoring-CAN-Part2/install/v2x_send_spat/lib/python3.8/site-packages/v2x_send_spat/v2x_send_spat1.py to v2x_send_spat1.cpython-38.pyc
[4.032s] byte-compiling /home/tsz/Desktop/7_v1/Buckeye-Autodrive-Scoring-CAN-Part2_v1/Buckeye-Autodrive-Scoring-CAN-Part2/install/v2x_send_spat/lib/python3.8/site-packages/v2x_send_spat/v2x_send_14.py to v2x_send_14.cpython-38.pyc
[4.033s] byte-compiling /home/tsz/Desktop/7_v1/Buckeye-Autodrive-Scoring-CAN-Part2_v1/Buckeye-Autodrive-Scoring-CAN-Part2/install/v2x_send_spat/lib/python3.8/site-packages/v2x_send_spat/v2x_send_spat_bsm.py to v2x_send_spat_bsm.cpython-38.pyc
[4.033s] byte-compiling /home/tsz/Desktop/7_v1/Buckeye-Autodrive-Scoring-CAN-Part2_v1/Buckeye-Autodrive-Scoring-CAN-Part2/install/v2x_send_spat/lib/python3.8/site-packages/v2x_send_spat/message.py to message.cpython-38.pyc
[4.037s] byte-compiling /home/tsz/Desktop/7_v1/Buckeye-Autodrive-Scoring-CAN-Part2_v1/Buckeye-Autodrive-Scoring-CAN-Part2/install/v2x_send_spat/lib/python3.8/site-packages/v2x_send_spat/__init__.py to __init__.cpython-38.pyc
[4.037s] byte-compiling /home/tsz/Desktop/7_v1/Buckeye-Autodrive-Scoring-CAN-Part2_v1/Buckeye-Autodrive-Scoring-CAN-Part2/install/v2x_send_spat/lib/python3.8/site-packages/v2x_send_spat/message_base.py to message_base.cpython-38.pyc
[4.038s] byte-compiling /home/tsz/Desktop/7_v1/Buckeye-Autodrive-Scoring-CAN-Part2_v1/Buckeye-Autodrive-Scoring-CAN-Part2/install/v2x_send_spat/lib/python3.8/site-packages/v2x_send_spat/v2x_send_spat.py to v2x_send_spat.cpython-38.pyc
[4.040s] byte-compiling /home/tsz/Desktop/7_v1/Buckeye-Autodrive-Scoring-CAN-Part2_v1/Buckeye-Autodrive-Scoring-CAN-Part2/install/v2x_send_spat/lib/python3.8/site-packages/v2x_send_spat/out.py to out.cpython-38.pyc
[4.155s] byte-compiling /home/tsz/Desktop/7_v1/Buckeye-Autodrive-Scoring-CAN-Part2_v1/Buckeye-Autodrive-Scoring-CAN-Part2/install/v2x_send_spat/lib/python3.8/site-packages/v2x_send_spat/v2x_bsm_listener.py to v2x_bsm_listener.cpython-38.pyc
[4.156s] running install_data
[4.156s] creating /home/tsz/Desktop/7_v1/Buckeye-Autodrive-Scoring-CAN-Part2_v1/Buckeye-Autodrive-Scoring-CAN-Part2/install/v2x_send_spat/share/ament_index
[4.156s] creating /home/tsz/Desktop/7_v1/Buckeye-Autodrive-Scoring-CAN-Part2_v1/Buckeye-Autodrive-Scoring-CAN-Part2/install/v2x_send_spat/share/ament_index/resource_index
[4.156s] creating /home/tsz/Desktop/7_v1/Buckeye-Autodrive-Scoring-CAN-Part2_v1/Buckeye-Autodrive-Scoring-CAN-Part2/install/v2x_send_spat/share/ament_index/resource_index/packages
[4.156s] copying resource/v2x_send_spat -> /home/tsz/Desktop/7_v1/Buckeye-Autodrive-Scoring-CAN-Part2_v1/Buckeye-Autodrive-Scoring-CAN-Part2/install/v2x_send_spat/share/ament_index/resource_index/packages
[4.156s] copying package.xml -> /home/tsz/Desktop/7_v1/Buckeye-Autodrive-Scoring-CAN-Part2_v1/Buckeye-Autodrive-Scoring-CAN-Part2/install/v2x_send_spat/share/v2x_send_spat
[4.156s] running install_egg_info
[4.157s] Copying ../../build/v2x_send_spat/v2x_send_spat.egg-info to /home/tsz/Desktop/7_v1/Buckeye-Autodrive-Scoring-CAN-Part2_v1/Buckeye-Autodrive-Scoring-CAN-Part2/install/v2x_send_spat/lib/python3.8/site-packages/v2x_send_spat-0.0.0-py3.8.egg-info
[4.158s] running install_scripts
[4.174s] Installing v2x_send_spat script to /home/tsz/Desktop/7_v1/Buckeye-Autodrive-Scoring-CAN-Part2_v1/Buckeye-Autodrive-Scoring-CAN-Part2/install/v2x_send_spat/lib/v2x_send_spat
[4.175s] writing list of installed files to '/home/tsz/Desktop/7_v1/Buckeye-Autodrive-Scoring-CAN-Part2_v1/Buckeye-Autodrive-Scoring-CAN-Part2/build/v2x_send_spat/install.log'
[5.221s] Invoked command in '/home/tsz/Desktop/7_v1/Buckeye-Autodrive-Scoring-CAN-Part2_v1/Buckeye-Autodrive-Scoring-CAN-Part2/src/v2x_send_spat' returned '0': PYTHONPATH=/home/tsz/Desktop/7_v1/Buckeye-Autodrive-Scoring-CAN-Part2_v1/Buckeye-Autodrive-Scoring-CAN-Part2/build/v2x_send_spat/prefix_override:/home/tsz/Desktop/7_v1/Buckeye-Autodrive-Scoring-CAN-Part2_v1/Buckeye-Autodrive-Scoring-CAN-Part2/install/v2x_send_spat/lib/python3.8/site-packages:${PYTHONPATH} /usr/bin/python3 setup.py egg_info --egg-base ../../build/v2x_send_spat build --build-base /home/tsz/Desktop/7_v1/Buckeye-Autodrive-Scoring-CAN-Part2_v1/Buckeye-Autodrive-Scoring-CAN-Part2/build/v2x_send_spat/build install --record /home/tsz/Desktop/7_v1/Buckeye-Autodrive-Scoring-CAN-Part2_v1/Buckeye-Autodrive-Scoring-CAN-Part2/build/v2x_send_spat/install.log --single-version-externally-managed
