[1.737s] Invoking command in '/home/tsz/Desktop/7_v1/Buckeye-Autodrive-Scoring-CAN-Part2_v1/Buckeye-Autodrive-Scoring-CAN-Part2/build/perception_comm': CMAKE_PREFIX_PATH=/opt/ros/foxy /usr/bin/cmake --build /home/tsz/Desktop/7_v1/Buckeye-Autodrive-Scoring-CAN-Part2_v1/Buckeye-Autodrive-Scoring-CAN-Part2/build/perception_comm -- -j8 -l8
[3.246s] [  2%] Built target perception_comm__cpp
[3.246s] [ 12%] Built target perception_comm__rosidl_generator_c
[3.246s] [ 23%] Built target perception_comm__rosidl_typesupport_c
[3.247s] [ 33%] Built target perception_comm__rosidl_typesupport_introspection_cpp
[3.247s] [ 43%] Built target perception_comm__rosidl_typesupport_cpp
[3.248s] [ 53%] Built target perception_comm__rosidl_typesupport_introspection_c
[3.249s] [ 64%] Built target perception_comm__rosidl_typesupport_fastrtps_cpp
[3.249s] [ 74%] Built target perception_comm__rosidl_typesupport_fastrtps_c
[3.249s] [ 74%] Built target perception_comm
[3.249s] [ 76%] Built target perception_comm__py
[3.249s] [ 84%] Built target perception_comm__python
[3.250s] [ 89%] Built target perception_comm__rosidl_typesupport_c__pyext
[3.251s] [ 94%] Built target perception_comm__rosidl_typesupport_introspection_c__pyext
[3.251s] [100%] Built target perception_comm__rosidl_typesupport_fastrtps_c__pyext
[3.251s] Invoked command in '/home/tsz/Desktop/7_v1/Buckeye-Autodrive-Scoring-CAN-Part2_v1/Buckeye-Autodrive-Scoring-CAN-Part2/build/perception_comm' returned '0': CMAKE_PREFIX_PATH=/opt/ros/foxy /usr/bin/cmake --build /home/tsz/Desktop/7_v1/Buckeye-Autodrive-Scoring-CAN-Part2_v1/Buckeye-Autodrive-Scoring-CAN-Part2/build/perception_comm -- -j8 -l8
[3.449s] Invoking command in '/home/tsz/Desktop/7_v1/Buckeye-Autodrive-Scoring-CAN-Part2_v1/Buckeye-Autodrive-Scoring-CAN-Part2/build/perception_comm': CMAKE_PREFIX_PATH=/opt/ros/foxy /usr/bin/cmake --install /home/tsz/Desktop/7_v1/Buckeye-Autodrive-Scoring-CAN-Part2_v1/Buckeye-Autodrive-Scoring-CAN-Part2/build/perception_comm
[3.466s] -- Install configuration: ""
[3.466s] -- Up-to-date: /home/tsz/Desktop/7_v1/Buckeye-Autodrive-Scoring-CAN-Part2_v1/Buckeye-Autodrive-Scoring-CAN-Part2/install/perception_comm/share/ament_index/resource_index/rosidl_interfaces/perception_comm
[3.466s] -- Up-to-date: /home/tsz/Desktop/7_v1/Buckeye-Autodrive-Scoring-CAN-Part2_v1/Buckeye-Autodrive-Scoring-CAN-Part2/install/perception_comm/include/perception_comm
[3.467s] -- Up-to-date: /home/tsz/Desktop/7_v1/Buckeye-Autodrive-Scoring-CAN-Part2_v1/Buckeye-Autodrive-Scoring-CAN-Part2/install/perception_comm/include/perception_comm/msg
[3.467s] -- Up-to-date: /home/tsz/Desktop/7_v1/Buckeye-Autodrive-Scoring-CAN-Part2_v1/Buckeye-Autodrive-Scoring-CAN-Part2/install/perception_comm/include/perception_comm/msg/rosidl_generator_c__visibility_control.h
[3.467s] -- Up-to-date: /home/tsz/Desktop/7_v1/Buckeye-Autodrive-Scoring-CAN-Part2_v1/Buckeye-Autodrive-Scoring-CAN-Part2/install/perception_comm/include/perception_comm/msg/detail
[3.467s] -- Up-to-date: /home/tsz/Desktop/7_v1/Buckeye-Autodrive-Scoring-CAN-Part2_v1/Buckeye-Autodrive-Scoring-CAN-Part2/install/perception_comm/include/perception_comm/msg/detail/can__functions.c
[3.468s] -- Up-to-date: /home/tsz/Desktop/7_v1/Buckeye-Autodrive-Scoring-CAN-Part2_v1/Buckeye-Autodrive-Scoring-CAN-Part2/install/perception_comm/include/perception_comm/msg/detail/can__functions.h
[3.468s] -- Up-to-date: /home/tsz/Desktop/7_v1/Buckeye-Autodrive-Scoring-CAN-Part2_v1/Buckeye-Autodrive-Scoring-CAN-Part2/install/perception_comm/include/perception_comm/msg/detail/bsm__functions.h
[3.468s] -- Up-to-date: /home/tsz/Desktop/7_v1/Buckeye-Autodrive-Scoring-CAN-Part2_v1/Buckeye-Autodrive-Scoring-CAN-Part2/install/perception_comm/include/perception_comm/msg/detail/can__type_support.h
[3.468s] -- Up-to-date: /home/tsz/Desktop/7_v1/Buckeye-Autodrive-Scoring-CAN-Part2_v1/Buckeye-Autodrive-Scoring-CAN-Part2/install/perception_comm/include/perception_comm/msg/detail/bsm__struct.h
[3.469s] -- Up-to-date: /home/tsz/Desktop/7_v1/Buckeye-Autodrive-Scoring-CAN-Part2_v1/Buckeye-Autodrive-Scoring-CAN-Part2/install/perception_comm/include/perception_comm/msg/detail/bsm__type_support.h
[3.469s] -- Up-to-date: /home/tsz/Desktop/7_v1/Buckeye-Autodrive-Scoring-CAN-Part2_v1/Buckeye-Autodrive-Scoring-CAN-Part2/install/perception_comm/include/perception_comm/msg/detail/bsm__functions.c
[3.469s] -- Up-to-date: /home/tsz/Desktop/7_v1/Buckeye-Autodrive-Scoring-CAN-Part2_v1/Buckeye-Autodrive-Scoring-CAN-Part2/install/perception_comm/include/perception_comm/msg/detail/can__struct.h
[3.469s] -- Up-to-date: /home/tsz/Desktop/7_v1/Buckeye-Autodrive-Scoring-CAN-Part2_v1/Buckeye-Autodrive-Scoring-CAN-Part2/install/perception_comm/include/perception_comm/msg/can.h
[3.470s] -- Up-to-date: /home/tsz/Desktop/7_v1/Buckeye-Autodrive-Scoring-CAN-Part2_v1/Buckeye-Autodrive-Scoring-CAN-Part2/install/perception_comm/include/perception_comm/msg/bsm.h
[3.470s] -- Up-to-date: /home/tsz/Desktop/7_v1/Buckeye-Autodrive-Scoring-CAN-Part2_v1/Buckeye-Autodrive-Scoring-CAN-Part2/install/perception_comm/share/perception_comm/environment/library_path.sh
[3.470s] -- Up-to-date: /home/tsz/Desktop/7_v1/Buckeye-Autodrive-Scoring-CAN-Part2_v1/Buckeye-Autodrive-Scoring-CAN-Part2/install/perception_comm/share/perception_comm/environment/library_path.dsv
[3.471s] -- Up-to-date: /home/tsz/Desktop/7_v1/Buckeye-Autodrive-Scoring-CAN-Part2_v1/Buckeye-Autodrive-Scoring-CAN-Part2/install/perception_comm/lib/libperception_comm__rosidl_generator_c.so
[3.471s] -- Up-to-date: /home/tsz/Desktop/7_v1/Buckeye-Autodrive-Scoring-CAN-Part2_v1/Buckeye-Autodrive-Scoring-CAN-Part2/install/perception_comm/include/perception_comm
[3.472s] -- Up-to-date: /home/tsz/Desktop/7_v1/Buckeye-Autodrive-Scoring-CAN-Part2_v1/Buckeye-Autodrive-Scoring-CAN-Part2/install/perception_comm/include/perception_comm/msg
[3.472s] -- Up-to-date: /home/tsz/Desktop/7_v1/Buckeye-Autodrive-Scoring-CAN-Part2_v1/Buckeye-Autodrive-Scoring-CAN-Part2/install/perception_comm/include/perception_comm/msg/detail
[3.472s] -- Up-to-date: /home/tsz/Desktop/7_v1/Buckeye-Autodrive-Scoring-CAN-Part2_v1/Buckeye-Autodrive-Scoring-CAN-Part2/install/perception_comm/include/perception_comm/msg/detail/can__rosidl_typesupport_fastrtps_c.h
[3.473s] -- Up-to-date: /home/tsz/Desktop/7_v1/Buckeye-Autodrive-Scoring-CAN-Part2_v1/Buckeye-Autodrive-Scoring-CAN-Part2/install/perception_comm/include/perception_comm/msg/detail/bsm__rosidl_typesupport_fastrtps_c.h
[3.473s] -- Up-to-date: /home/tsz/Desktop/7_v1/Buckeye-Autodrive-Scoring-CAN-Part2_v1/Buckeye-Autodrive-Scoring-CAN-Part2/install/perception_comm/include/perception_comm/msg/rosidl_typesupport_fastrtps_c__visibility_control.h
[3.473s] -- Up-to-date: /home/tsz/Desktop/7_v1/Buckeye-Autodrive-Scoring-CAN-Part2_v1/Buckeye-Autodrive-Scoring-CAN-Part2/install/perception_comm/lib/libperception_comm__rosidl_typesupport_fastrtps_c.so
[3.474s] -- Up-to-date: /home/tsz/Desktop/7_v1/Buckeye-Autodrive-Scoring-CAN-Part2_v1/Buckeye-Autodrive-Scoring-CAN-Part2/install/perception_comm/include/perception_comm
[3.474s] -- Up-to-date: /home/tsz/Desktop/7_v1/Buckeye-Autodrive-Scoring-CAN-Part2_v1/Buckeye-Autodrive-Scoring-CAN-Part2/install/perception_comm/include/perception_comm/msg
[3.474s] -- Up-to-date: /home/tsz/Desktop/7_v1/Buckeye-Autodrive-Scoring-CAN-Part2_v1/Buckeye-Autodrive-Scoring-CAN-Part2/install/perception_comm/include/perception_comm/msg/rosidl_typesupport_fastrtps_cpp__visibility_control.h
[3.475s] -- Up-to-date: /home/tsz/Desktop/7_v1/Buckeye-Autodrive-Scoring-CAN-Part2_v1/Buckeye-Autodrive-Scoring-CAN-Part2/install/perception_comm/include/perception_comm/msg/detail
[3.475s] -- Up-to-date: /home/tsz/Desktop/7_v1/Buckeye-Autodrive-Scoring-CAN-Part2_v1/Buckeye-Autodrive-Scoring-CAN-Part2/install/perception_comm/include/perception_comm/msg/detail/bsm__rosidl_typesupport_fastrtps_cpp.hpp
[3.475s] -- Up-to-date: /home/tsz/Desktop/7_v1/Buckeye-Autodrive-Scoring-CAN-Part2_v1/Buckeye-Autodrive-Scoring-CAN-Part2/install/perception_comm/include/perception_comm/msg/detail/dds_fastrtps
[3.476s] -- Up-to-date: /home/tsz/Desktop/7_v1/Buckeye-Autodrive-Scoring-CAN-Part2_v1/Buckeye-Autodrive-Scoring-CAN-Part2/install/perception_comm/include/perception_comm/msg/detail/can__rosidl_typesupport_fastrtps_cpp.hpp
[3.476s] -- Up-to-date: /home/tsz/Desktop/7_v1/Buckeye-Autodrive-Scoring-CAN-Part2_v1/Buckeye-Autodrive-Scoring-CAN-Part2/install/perception_comm/lib/libperception_comm__rosidl_typesupport_fastrtps_cpp.so
[3.477s] -- Up-to-date: /home/tsz/Desktop/7_v1/Buckeye-Autodrive-Scoring-CAN-Part2_v1/Buckeye-Autodrive-Scoring-CAN-Part2/install/perception_comm/include/perception_comm
[3.477s] -- Up-to-date: /home/tsz/Desktop/7_v1/Buckeye-Autodrive-Scoring-CAN-Part2_v1/Buckeye-Autodrive-Scoring-CAN-Part2/install/perception_comm/include/perception_comm/msg
[3.477s] -- Up-to-date: /home/tsz/Desktop/7_v1/Buckeye-Autodrive-Scoring-CAN-Part2_v1/Buckeye-Autodrive-Scoring-CAN-Part2/install/perception_comm/include/perception_comm/msg/detail
[3.478s] -- Up-to-date: /home/tsz/Desktop/7_v1/Buckeye-Autodrive-Scoring-CAN-Part2_v1/Buckeye-Autodrive-Scoring-CAN-Part2/install/perception_comm/include/perception_comm/msg/detail/can__rosidl_typesupport_introspection_c.h
[3.478s] -- Up-to-date: /home/tsz/Desktop/7_v1/Buckeye-Autodrive-Scoring-CAN-Part2_v1/Buckeye-Autodrive-Scoring-CAN-Part2/install/perception_comm/include/perception_comm/msg/detail/can__type_support.c
[3.478s] -- Up-to-date: /home/tsz/Desktop/7_v1/Buckeye-Autodrive-Scoring-CAN-Part2_v1/Buckeye-Autodrive-Scoring-CAN-Part2/install/perception_comm/include/perception_comm/msg/detail/bsm__rosidl_typesupport_introspection_c.h
[3.478s] -- Up-to-date: /home/tsz/Desktop/7_v1/Buckeye-Autodrive-Scoring-CAN-Part2_v1/Buckeye-Autodrive-Scoring-CAN-Part2/install/perception_comm/include/perception_comm/msg/detail/bsm__type_support.c
[3.479s] -- Up-to-date: /home/tsz/Desktop/7_v1/Buckeye-Autodrive-Scoring-CAN-Part2_v1/Buckeye-Autodrive-Scoring-CAN-Part2/install/perception_comm/include/perception_comm/msg/rosidl_typesupport_introspection_c__visibility_control.h
[3.479s] -- Up-to-date: /home/tsz/Desktop/7_v1/Buckeye-Autodrive-Scoring-CAN-Part2_v1/Buckeye-Autodrive-Scoring-CAN-Part2/install/perception_comm/lib/libperception_comm__rosidl_typesupport_introspection_c.so
[3.480s] -- Up-to-date: /home/tsz/Desktop/7_v1/Buckeye-Autodrive-Scoring-CAN-Part2_v1/Buckeye-Autodrive-Scoring-CAN-Part2/install/perception_comm/lib/libperception_comm__rosidl_typesupport_c.so
[3.481s] -- Up-to-date: /home/tsz/Desktop/7_v1/Buckeye-Autodrive-Scoring-CAN-Part2_v1/Buckeye-Autodrive-Scoring-CAN-Part2/install/perception_comm/include/perception_comm
[3.481s] -- Up-to-date: /home/tsz/Desktop/7_v1/Buckeye-Autodrive-Scoring-CAN-Part2_v1/Buckeye-Autodrive-Scoring-CAN-Part2/install/perception_comm/include/perception_comm/msg
[3.481s] -- Up-to-date: /home/tsz/Desktop/7_v1/Buckeye-Autodrive-Scoring-CAN-Part2_v1/Buckeye-Autodrive-Scoring-CAN-Part2/install/perception_comm/include/perception_comm/msg/rosidl_generator_cpp__visibility_control.hpp
[3.481s] -- Up-to-date: /home/tsz/Desktop/7_v1/Buckeye-Autodrive-Scoring-CAN-Part2_v1/Buckeye-Autodrive-Scoring-CAN-Part2/install/perception_comm/include/perception_comm/msg/bsm.hpp
[3.482s] -- Up-to-date: /home/tsz/Desktop/7_v1/Buckeye-Autodrive-Scoring-CAN-Part2_v1/Buckeye-Autodrive-Scoring-CAN-Part2/install/perception_comm/include/perception_comm/msg/detail
[3.482s] -- Up-to-date: /home/tsz/Desktop/7_v1/Buckeye-Autodrive-Scoring-CAN-Part2_v1/Buckeye-Autodrive-Scoring-CAN-Part2/install/perception_comm/include/perception_comm/msg/detail/bsm__type_support.hpp
[3.482s] -- Up-to-date: /home/tsz/Desktop/7_v1/Buckeye-Autodrive-Scoring-CAN-Part2_v1/Buckeye-Autodrive-Scoring-CAN-Part2/install/perception_comm/include/perception_comm/msg/detail/can__builder.hpp
[3.482s] -- Up-to-date: /home/tsz/Desktop/7_v1/Buckeye-Autodrive-Scoring-CAN-Part2_v1/Buckeye-Autodrive-Scoring-CAN-Part2/install/perception_comm/include/perception_comm/msg/detail/bsm__struct.hpp
[3.483s] -- Up-to-date: /home/tsz/Desktop/7_v1/Buckeye-Autodrive-Scoring-CAN-Part2_v1/Buckeye-Autodrive-Scoring-CAN-Part2/install/perception_comm/include/perception_comm/msg/detail/bsm__builder.hpp
[3.483s] -- Up-to-date: /home/tsz/Desktop/7_v1/Buckeye-Autodrive-Scoring-CAN-Part2_v1/Buckeye-Autodrive-Scoring-CAN-Part2/install/perception_comm/include/perception_comm/msg/detail/bsm__traits.hpp
[3.483s] -- Up-to-date: /home/tsz/Desktop/7_v1/Buckeye-Autodrive-Scoring-CAN-Part2_v1/Buckeye-Autodrive-Scoring-CAN-Part2/install/perception_comm/include/perception_comm/msg/detail/can__type_support.hpp
[3.483s] -- Up-to-date: /home/tsz/Desktop/7_v1/Buckeye-Autodrive-Scoring-CAN-Part2_v1/Buckeye-Autodrive-Scoring-CAN-Part2/install/perception_comm/include/perception_comm/msg/detail/can__traits.hpp
[3.484s] -- Up-to-date: /home/tsz/Desktop/7_v1/Buckeye-Autodrive-Scoring-CAN-Part2_v1/Buckeye-Autodrive-Scoring-CAN-Part2/install/perception_comm/include/perception_comm/msg/detail/can__struct.hpp
[3.484s] -- Up-to-date: /home/tsz/Desktop/7_v1/Buckeye-Autodrive-Scoring-CAN-Part2_v1/Buckeye-Autodrive-Scoring-CAN-Part2/install/perception_comm/include/perception_comm/msg/can.hpp
[3.484s] -- Up-to-date: /home/tsz/Desktop/7_v1/Buckeye-Autodrive-Scoring-CAN-Part2_v1/Buckeye-Autodrive-Scoring-CAN-Part2/install/perception_comm/include/perception_comm
[3.485s] -- Up-to-date: /home/tsz/Desktop/7_v1/Buckeye-Autodrive-Scoring-CAN-Part2_v1/Buckeye-Autodrive-Scoring-CAN-Part2/install/perception_comm/include/perception_comm/msg
[3.485s] -- Up-to-date: /home/tsz/Desktop/7_v1/Buckeye-Autodrive-Scoring-CAN-Part2_v1/Buckeye-Autodrive-Scoring-CAN-Part2/install/perception_comm/include/perception_comm/msg/detail
[3.485s] -- Up-to-date: /home/tsz/Desktop/7_v1/Buckeye-Autodrive-Scoring-CAN-Part2_v1/Buckeye-Autodrive-Scoring-CAN-Part2/install/perception_comm/include/perception_comm/msg/detail/can__type_support.cpp
[3.485s] -- Up-to-date: /home/tsz/Desktop/7_v1/Buckeye-Autodrive-Scoring-CAN-Part2_v1/Buckeye-Autodrive-Scoring-CAN-Part2/install/perception_comm/include/perception_comm/msg/detail/bsm__type_support.cpp
[3.486s] -- Up-to-date: /home/tsz/Desktop/7_v1/Buckeye-Autodrive-Scoring-CAN-Part2_v1/Buckeye-Autodrive-Scoring-CAN-Part2/install/perception_comm/include/perception_comm/msg/detail/can__rosidl_typesupport_introspection_cpp.hpp
[3.486s] -- Up-to-date: /home/tsz/Desktop/7_v1/Buckeye-Autodrive-Scoring-CAN-Part2_v1/Buckeye-Autodrive-Scoring-CAN-Part2/install/perception_comm/include/perception_comm/msg/detail/bsm__rosidl_typesupport_introspection_cpp.hpp
[3.486s] -- Up-to-date: /home/tsz/Desktop/7_v1/Buckeye-Autodrive-Scoring-CAN-Part2_v1/Buckeye-Autodrive-Scoring-CAN-Part2/install/perception_comm/lib/libperception_comm__rosidl_typesupport_introspection_cpp.so
[3.487s] -- Up-to-date: /home/tsz/Desktop/7_v1/Buckeye-Autodrive-Scoring-CAN-Part2_v1/Buckeye-Autodrive-Scoring-CAN-Part2/install/perception_comm/lib/libperception_comm__rosidl_typesupport_cpp.so
[3.488s] -- Up-to-date: /home/tsz/Desktop/7_v1/Buckeye-Autodrive-Scoring-CAN-Part2_v1/Buckeye-Autodrive-Scoring-CAN-Part2/install/perception_comm/share/perception_comm/environment/pythonpath.sh
[3.488s] -- Up-to-date: /home/tsz/Desktop/7_v1/Buckeye-Autodrive-Scoring-CAN-Part2_v1/Buckeye-Autodrive-Scoring-CAN-Part2/install/perception_comm/share/perception_comm/environment/pythonpath.dsv
[3.489s] -- Up-to-date: /home/tsz/Desktop/7_v1/Buckeye-Autodrive-Scoring-CAN-Part2_v1/Buckeye-Autodrive-Scoring-CAN-Part2/install/perception_comm/lib/python3.8/site-packages/perception_comm/__init__.py
[3.548s] -- Up-to-date: /home/tsz/Desktop/7_v1/Buckeye-Autodrive-Scoring-CAN-Part2_v1/Buckeye-Autodrive-Scoring-CAN-Part2/install/perception_comm/lib/python3.8/site-packages/perception_comm/msg
[3.548s] -- Up-to-date: /home/tsz/Desktop/7_v1/Buckeye-Autodrive-Scoring-CAN-Part2_v1/Buckeye-Autodrive-Scoring-CAN-Part2/install/perception_comm/lib/python3.8/site-packages/perception_comm/msg/_can.py
[3.549s] -- Up-to-date: /home/tsz/Desktop/7_v1/Buckeye-Autodrive-Scoring-CAN-Part2_v1/Buckeye-Autodrive-Scoring-CAN-Part2/install/perception_comm/lib/python3.8/site-packages/perception_comm/msg/_bsm.py
[3.549s] -- Up-to-date: /home/tsz/Desktop/7_v1/Buckeye-Autodrive-Scoring-CAN-Part2_v1/Buckeye-Autodrive-Scoring-CAN-Part2/install/perception_comm/lib/python3.8/site-packages/perception_comm/msg/__init__.py
[3.550s] -- Up-to-date: /home/tsz/Desktop/7_v1/Buckeye-Autodrive-Scoring-CAN-Part2_v1/Buckeye-Autodrive-Scoring-CAN-Part2/install/perception_comm/lib/python3.8/site-packages/perception_comm/msg/_bsm_s.c
[3.550s] -- Up-to-date: /home/tsz/Desktop/7_v1/Buckeye-Autodrive-Scoring-CAN-Part2_v1/Buckeye-Autodrive-Scoring-CAN-Part2/install/perception_comm/lib/python3.8/site-packages/perception_comm/msg/_can_s.c
[3.551s] -- Up-to-date: /home/tsz/Desktop/7_v1/Buckeye-Autodrive-Scoring-CAN-Part2_v1/Buckeye-Autodrive-Scoring-CAN-Part2/install/perception_comm/lib/python3.8/site-packages/perception_comm/perception_comm_s__rosidl_typesupport_fastrtps_c.cpython-38-x86_64-linux-gnu.so
[3.552s] -- Up-to-date: /home/tsz/Desktop/7_v1/Buckeye-Autodrive-Scoring-CAN-Part2_v1/Buckeye-Autodrive-Scoring-CAN-Part2/install/perception_comm/lib/python3.8/site-packages/perception_comm/perception_comm_s__rosidl_typesupport_introspection_c.cpython-38-x86_64-linux-gnu.so
[3.553s] -- Up-to-date: /home/tsz/Desktop/7_v1/Buckeye-Autodrive-Scoring-CAN-Part2_v1/Buckeye-Autodrive-Scoring-CAN-Part2/install/perception_comm/lib/python3.8/site-packages/perception_comm/perception_comm_s__rosidl_typesupport_c.cpython-38-x86_64-linux-gnu.so
[3.554s] -- Up-to-date: /home/tsz/Desktop/7_v1/Buckeye-Autodrive-Scoring-CAN-Part2_v1/Buckeye-Autodrive-Scoring-CAN-Part2/install/perception_comm/lib/libperception_comm__python.so
[3.555s] -- Up-to-date: /home/tsz/Desktop/7_v1/Buckeye-Autodrive-Scoring-CAN-Part2_v1/Buckeye-Autodrive-Scoring-CAN-Part2/install/perception_comm/share/perception_comm/msg/CAN.idl
[3.555s] -- Up-to-date: /home/tsz/Desktop/7_v1/Buckeye-Autodrive-Scoring-CAN-Part2_v1/Buckeye-Autodrive-Scoring-CAN-Part2/install/perception_comm/share/perception_comm/msg/BSM.idl
[3.555s] -- Up-to-date: /home/tsz/Desktop/7_v1/Buckeye-Autodrive-Scoring-CAN-Part2_v1/Buckeye-Autodrive-Scoring-CAN-Part2/install/perception_comm/share/perception_comm/msg/CAN.msg
[3.556s] -- Up-to-date: /home/tsz/Desktop/7_v1/Buckeye-Autodrive-Scoring-CAN-Part2_v1/Buckeye-Autodrive-Scoring-CAN-Part2/install/perception_comm/share/perception_comm/msg/BSM.msg
[3.556s] -- Up-to-date: /home/tsz/Desktop/7_v1/Buckeye-Autodrive-Scoring-CAN-Part2_v1/Buckeye-Autodrive-Scoring-CAN-Part2/install/perception_comm/share/ament_index/resource_index/package_run_dependencies/perception_comm
[3.556s] -- Up-to-date: /home/tsz/Desktop/7_v1/Buckeye-Autodrive-Scoring-CAN-Part2_v1/Buckeye-Autodrive-Scoring-CAN-Part2/install/perception_comm/share/ament_index/resource_index/parent_prefix_path/perception_comm
[3.557s] -- Up-to-date: /home/tsz/Desktop/7_v1/Buckeye-Autodrive-Scoring-CAN-Part2_v1/Buckeye-Autodrive-Scoring-CAN-Part2/install/perception_comm/share/perception_comm/environment/ament_prefix_path.sh
[3.557s] -- Up-to-date: /home/tsz/Desktop/7_v1/Buckeye-Autodrive-Scoring-CAN-Part2_v1/Buckeye-Autodrive-Scoring-CAN-Part2/install/perception_comm/share/perception_comm/environment/ament_prefix_path.dsv
[3.558s] -- Up-to-date: /home/tsz/Desktop/7_v1/Buckeye-Autodrive-Scoring-CAN-Part2_v1/Buckeye-Autodrive-Scoring-CAN-Part2/install/perception_comm/share/perception_comm/environment/path.sh
[3.558s] -- Up-to-date: /home/tsz/Desktop/7_v1/Buckeye-Autodrive-Scoring-CAN-Part2_v1/Buckeye-Autodrive-Scoring-CAN-Part2/install/perception_comm/share/perception_comm/environment/path.dsv
[3.558s] -- Up-to-date: /home/tsz/Desktop/7_v1/Buckeye-Autodrive-Scoring-CAN-Part2_v1/Buckeye-Autodrive-Scoring-CAN-Part2/install/perception_comm/share/perception_comm/local_setup.bash
[3.559s] -- Up-to-date: /home/tsz/Desktop/7_v1/Buckeye-Autodrive-Scoring-CAN-Part2_v1/Buckeye-Autodrive-Scoring-CAN-Part2/install/perception_comm/share/perception_comm/local_setup.sh
[3.559s] -- Up-to-date: /home/tsz/Desktop/7_v1/Buckeye-Autodrive-Scoring-CAN-Part2_v1/Buckeye-Autodrive-Scoring-CAN-Part2/install/perception_comm/share/perception_comm/local_setup.zsh
[3.559s] -- Up-to-date: /home/tsz/Desktop/7_v1/Buckeye-Autodrive-Scoring-CAN-Part2_v1/Buckeye-Autodrive-Scoring-CAN-Part2/install/perception_comm/share/perception_comm/local_setup.dsv
[3.560s] -- Installing: /home/tsz/Desktop/7_v1/Buckeye-Autodrive-Scoring-CAN-Part2_v1/Buckeye-Autodrive-Scoring-CAN-Part2/install/perception_comm/share/perception_comm/package.dsv
[3.560s] -- Up-to-date: /home/tsz/Desktop/7_v1/Buckeye-Autodrive-Scoring-CAN-Part2_v1/Buckeye-Autodrive-Scoring-CAN-Part2/install/perception_comm/share/ament_index/resource_index/packages/perception_comm
[3.561s] -- Up-to-date: /home/tsz/Desktop/7_v1/Buckeye-Autodrive-Scoring-CAN-Part2_v1/Buckeye-Autodrive-Scoring-CAN-Part2/install/perception_comm/share/perception_comm/cmake/perception_comm__rosidl_generator_cExport.cmake
[3.561s] -- Up-to-date: /home/tsz/Desktop/7_v1/Buckeye-Autodrive-Scoring-CAN-Part2_v1/Buckeye-Autodrive-Scoring-CAN-Part2/install/perception_comm/share/perception_comm/cmake/perception_comm__rosidl_generator_cExport-noconfig.cmake
[3.562s] -- Up-to-date: /home/tsz/Desktop/7_v1/Buckeye-Autodrive-Scoring-CAN-Part2_v1/Buckeye-Autodrive-Scoring-CAN-Part2/install/perception_comm/share/perception_comm/cmake/perception_comm__rosidl_typesupport_introspection_cExport.cmake
[3.562s] -- Up-to-date: /home/tsz/Desktop/7_v1/Buckeye-Autodrive-Scoring-CAN-Part2_v1/Buckeye-Autodrive-Scoring-CAN-Part2/install/perception_comm/share/perception_comm/cmake/perception_comm__rosidl_typesupport_introspection_cExport-noconfig.cmake
[3.563s] -- Up-to-date: /home/tsz/Desktop/7_v1/Buckeye-Autodrive-Scoring-CAN-Part2_v1/Buckeye-Autodrive-Scoring-CAN-Part2/install/perception_comm/share/perception_comm/cmake/perception_comm__rosidl_typesupport_cExport.cmake
[3.563s] -- Up-to-date: /home/tsz/Desktop/7_v1/Buckeye-Autodrive-Scoring-CAN-Part2_v1/Buckeye-Autodrive-Scoring-CAN-Part2/install/perception_comm/share/perception_comm/cmake/perception_comm__rosidl_typesupport_cExport-noconfig.cmake
[3.564s] -- Up-to-date: /home/tsz/Desktop/7_v1/Buckeye-Autodrive-Scoring-CAN-Part2_v1/Buckeye-Autodrive-Scoring-CAN-Part2/install/perception_comm/share/perception_comm/cmake/perception_comm__rosidl_generator_cppExport.cmake
[3.565s] -- Up-to-date: /home/tsz/Desktop/7_v1/Buckeye-Autodrive-Scoring-CAN-Part2_v1/Buckeye-Autodrive-Scoring-CAN-Part2/install/perception_comm/share/perception_comm/cmake/perception_comm__rosidl_typesupport_introspection_cppExport.cmake
[3.565s] -- Up-to-date: /home/tsz/Desktop/7_v1/Buckeye-Autodrive-Scoring-CAN-Part2_v1/Buckeye-Autodrive-Scoring-CAN-Part2/install/perception_comm/share/perception_comm/cmake/perception_comm__rosidl_typesupport_introspection_cppExport-noconfig.cmake
[3.565s] -- Up-to-date: /home/tsz/Desktop/7_v1/Buckeye-Autodrive-Scoring-CAN-Part2_v1/Buckeye-Autodrive-Scoring-CAN-Part2/install/perception_comm/share/perception_comm/cmake/perception_comm__rosidl_typesupport_cppExport.cmake
[3.566s] -- Up-to-date: /home/tsz/Desktop/7_v1/Buckeye-Autodrive-Scoring-CAN-Part2_v1/Buckeye-Autodrive-Scoring-CAN-Part2/install/perception_comm/share/perception_comm/cmake/perception_comm__rosidl_typesupport_cppExport-noconfig.cmake
[3.566s] -- Up-to-date: /home/tsz/Desktop/7_v1/Buckeye-Autodrive-Scoring-CAN-Part2_v1/Buckeye-Autodrive-Scoring-CAN-Part2/install/perception_comm/share/perception_comm/cmake/rosidl_cmake-extras.cmake
[3.566s] -- Up-to-date: /home/tsz/Desktop/7_v1/Buckeye-Autodrive-Scoring-CAN-Part2_v1/Buckeye-Autodrive-Scoring-CAN-Part2/install/perception_comm/share/perception_comm/cmake/ament_cmake_export_dependencies-extras.cmake
[3.567s] -- Up-to-date: /home/tsz/Desktop/7_v1/Buckeye-Autodrive-Scoring-CAN-Part2_v1/Buckeye-Autodrive-Scoring-CAN-Part2/install/perception_comm/share/perception_comm/cmake/ament_cmake_export_libraries-extras.cmake
[3.567s] -- Up-to-date: /home/tsz/Desktop/7_v1/Buckeye-Autodrive-Scoring-CAN-Part2_v1/Buckeye-Autodrive-Scoring-CAN-Part2/install/perception_comm/share/perception_comm/cmake/ament_cmake_export_targets-extras.cmake
[3.567s] -- Up-to-date: /home/tsz/Desktop/7_v1/Buckeye-Autodrive-Scoring-CAN-Part2_v1/Buckeye-Autodrive-Scoring-CAN-Part2/install/perception_comm/share/perception_comm/cmake/ament_cmake_export_include_directories-extras.cmake
[3.568s] -- Up-to-date: /home/tsz/Desktop/7_v1/Buckeye-Autodrive-Scoring-CAN-Part2_v1/Buckeye-Autodrive-Scoring-CAN-Part2/install/perception_comm/share/perception_comm/cmake/rosidl_cmake_export_typesupport_libraries-extras.cmake
[3.568s] -- Up-to-date: /home/tsz/Desktop/7_v1/Buckeye-Autodrive-Scoring-CAN-Part2_v1/Buckeye-Autodrive-Scoring-CAN-Part2/install/perception_comm/share/perception_comm/cmake/rosidl_cmake_export_typesupport_targets-extras.cmake
[3.568s] -- Up-to-date: /home/tsz/Desktop/7_v1/Buckeye-Autodrive-Scoring-CAN-Part2_v1/Buckeye-Autodrive-Scoring-CAN-Part2/install/perception_comm/share/perception_comm/cmake/perception_commConfig.cmake
[3.569s] -- Up-to-date: /home/tsz/Desktop/7_v1/Buckeye-Autodrive-Scoring-CAN-Part2_v1/Buckeye-Autodrive-Scoring-CAN-Part2/install/perception_comm/share/perception_comm/cmake/perception_commConfig-version.cmake
[3.569s] -- Up-to-date: /home/tsz/Desktop/7_v1/Buckeye-Autodrive-Scoring-CAN-Part2_v1/Buckeye-Autodrive-Scoring-CAN-Part2/install/perception_comm/share/perception_comm/package.xml
[3.577s] Invoked command in '/home/tsz/Desktop/7_v1/Buckeye-Autodrive-Scoring-CAN-Part2_v1/Buckeye-Autodrive-Scoring-CAN-Part2/build/perception_comm' returned '0': CMAKE_PREFIX_PATH=/opt/ros/foxy /usr/bin/cmake --install /home/tsz/Desktop/7_v1/Buckeye-Autodrive-Scoring-CAN-Part2_v1/Buckeye-Autodrive-Scoring-CAN-Part2/build/perception_comm
