[2.580s] DEBUG:colcon:Command line arguments: ['/usr/bin/colcon', 'build']
[2.580s] DEBUG:colcon:Parsed command line arguments: Namespace(allow_overriding=[], ament_cmake_args=None, base_paths=['.'], build_base='build', catkin_cmake_args=None, catkin_skip_building_tests=False, cmake_args=None, cmake_clean_cache=False, cmake_clean_first=False, cmake_force_configure=False, cmake_target=None, cmake_target_skip_unavailable=False, continue_on_error=False, event_handlers=None, executor='parallel', ignore_user_meta=False, install_base='install', log_base=None, log_level=None, main=<bound method BuildVerb.main of <colcon_core.verb.build.BuildVerb object at 0x7fed93b5f340>>, merge_install=False, metas=['./colcon.meta'], packages_above=None, packages_above_and_dependencies=None, packages_above_depth=None, packages_end=None, packages_ignore=None, packages_ignore_regex=None, packages_select=None, packages_select_build_failed=False, packages_select_by_dep=None, packages_select_regex=None, packages_select_test_failures=False, packages_skip=None, packages_skip_build_finished=False, packages_skip_by_dep=None, packages_skip_regex=None, packages_skip_test_passed=False, packages_skip_up_to=None, packages_start=None, packages_up_to=None, packages_up_to_regex=None, parallel_workers=8, paths=None, symlink_install=False, test_result_base=None, verb_extension=<colcon_core.verb.build.BuildVerb object at 0x7fed93b5f340>, verb_name='build', verb_parser=<colcon_defaults.argument_parser.defaults.DefaultArgumentsDecorator object at 0x7fed936df880>)
[2.695s] Level 1:colcon.colcon_core.package_discovery:discover_packages(colcon_meta) check parameters
[2.695s] Level 1:colcon.colcon_core.package_discovery:discover_packages(recursive) check parameters
[2.695s] Level 1:colcon.colcon_core.package_discovery:discover_packages(ignore) check parameters
[2.696s] Level 1:colcon.colcon_core.package_discovery:discover_packages(path) check parameters
[2.696s] Level 1:colcon.colcon_core.package_discovery:discover_packages(colcon_meta) discover
[2.696s] Level 1:colcon.colcon_core.package_discovery:discover_packages(recursive) discover
[2.696s] INFO:colcon.colcon_core.package_discovery:Crawling recursively for packages in '/home/tsz/Desktop/7_v1/Buckeye-Autodrive-Scoring-CAN-Part2_v1/Buckeye-Autodrive-Scoring-CAN-Part2'
[2.696s] Level 1:colcon.colcon_core.package_identification:_identify(.) by extensions ['ignore', 'ignore_ament_install']
[2.696s] Level 1:colcon.colcon_core.package_identification:_identify(.) by extension 'ignore'
[2.696s] Level 1:colcon.colcon_core.package_identification:_identify(.) by extension 'ignore_ament_install'
[2.696s] Level 1:colcon.colcon_core.package_identification:_identify(.) by extensions ['colcon_pkg']
[2.696s] Level 1:colcon.colcon_core.package_identification:_identify(.) by extension 'colcon_pkg'
[2.696s] Level 1:colcon.colcon_core.package_identification:_identify(.) by extensions ['colcon_meta']
[2.696s] Level 1:colcon.colcon_core.package_identification:_identify(.) by extension 'colcon_meta'
[2.696s] Level 1:colcon.colcon_core.package_identification:_identify(.) by extensions ['ros']
[2.696s] Level 1:colcon.colcon_core.package_identification:_identify(.) by extension 'ros'
[2.705s] Level 1:colcon.colcon_core.package_identification:_identify(.) by extensions ['cmake', 'python']
[2.705s] Level 1:colcon.colcon_core.package_identification:_identify(.) by extension 'cmake'
[2.705s] Level 1:colcon.colcon_core.package_identification:_identify(.) by extension 'python'
[2.705s] Level 1:colcon.colcon_core.package_identification:_identify(.) by extensions ['python_setup_py']
[2.705s] Level 1:colcon.colcon_core.package_identification:_identify(.) by extension 'python_setup_py'
[2.705s] Level 1:colcon.colcon_core.package_identification:_identify(build) by extensions ['ignore', 'ignore_ament_install']
[2.705s] Level 1:colcon.colcon_core.package_identification:_identify(build) by extension 'ignore'
[2.705s] Level 1:colcon.colcon_core.package_identification:_identify(build) ignored
[2.705s] Level 1:colcon.colcon_core.package_identification:_identify(install) by extensions ['ignore', 'ignore_ament_install']
[2.705s] Level 1:colcon.colcon_core.package_identification:_identify(install) by extension 'ignore'
[2.705s] Level 1:colcon.colcon_core.package_identification:_identify(install) ignored
[2.706s] Level 1:colcon.colcon_core.package_identification:_identify(log) by extensions ['ignore', 'ignore_ament_install']
[2.706s] Level 1:colcon.colcon_core.package_identification:_identify(log) by extension 'ignore'
[2.706s] Level 1:colcon.colcon_core.package_identification:_identify(log) ignored
[2.706s] Level 1:colcon.colcon_core.package_identification:_identify(src) by extensions ['ignore', 'ignore_ament_install']
[2.706s] Level 1:colcon.colcon_core.package_identification:_identify(src) by extension 'ignore'
[2.706s] Level 1:colcon.colcon_core.package_identification:_identify(src) by extension 'ignore_ament_install'
[2.706s] Level 1:colcon.colcon_core.package_identification:_identify(src) by extensions ['colcon_pkg']
[2.706s] Level 1:colcon.colcon_core.package_identification:_identify(src) by extension 'colcon_pkg'
[2.706s] Level 1:colcon.colcon_core.package_identification:_identify(src) by extensions ['colcon_meta']
[2.706s] Level 1:colcon.colcon_core.package_identification:_identify(src) by extension 'colcon_meta'
[2.706s] Level 1:colcon.colcon_core.package_identification:_identify(src) by extensions ['ros']
[2.706s] Level 1:colcon.colcon_core.package_identification:_identify(src) by extension 'ros'
[2.706s] Level 1:colcon.colcon_core.package_identification:_identify(src) by extensions ['cmake', 'python']
[2.706s] Level 1:colcon.colcon_core.package_identification:_identify(src) by extension 'cmake'
[2.706s] Level 1:colcon.colcon_core.package_identification:_identify(src) by extension 'python'
[2.706s] Level 1:colcon.colcon_core.package_identification:_identify(src) by extensions ['python_setup_py']
[2.706s] Level 1:colcon.colcon_core.package_identification:_identify(src) by extension 'python_setup_py'
[2.706s] Level 1:colcon.colcon_core.package_identification:_identify(src/basic_subscriber) by extensions ['ignore', 'ignore_ament_install']
[2.706s] Level 1:colcon.colcon_core.package_identification:_identify(src/basic_subscriber) by extension 'ignore'
[2.707s] Level 1:colcon.colcon_core.package_identification:_identify(src/basic_subscriber) by extension 'ignore_ament_install'
[2.707s] Level 1:colcon.colcon_core.package_identification:_identify(src/basic_subscriber) by extensions ['colcon_pkg']
[2.707s] Level 1:colcon.colcon_core.package_identification:_identify(src/basic_subscriber) by extension 'colcon_pkg'
[2.707s] Level 1:colcon.colcon_core.package_identification:_identify(src/basic_subscriber) by extensions ['colcon_meta']
[2.707s] Level 1:colcon.colcon_core.package_identification:_identify(src/basic_subscriber) by extension 'colcon_meta'
[2.707s] Level 1:colcon.colcon_core.package_identification:_identify(src/basic_subscriber) by extensions ['ros']
[2.707s] Level 1:colcon.colcon_core.package_identification:_identify(src/basic_subscriber) by extension 'ros'
[2.709s] DEBUG:colcon.colcon_core.package_identification:Package 'src/basic_subscriber' with type 'ros.ament_python' and name 'basic_subscriber'
[2.709s] Level 1:colcon.colcon_core.package_identification:_identify(src/build) by extensions ['ignore', 'ignore_ament_install']
[2.709s] Level 1:colcon.colcon_core.package_identification:_identify(src/build) by extension 'ignore'
[2.709s] Level 1:colcon.colcon_core.package_identification:_identify(src/build) ignored
[2.709s] Level 1:colcon.colcon_core.package_identification:_identify(src/common) by extensions ['ignore', 'ignore_ament_install']
[2.709s] Level 1:colcon.colcon_core.package_identification:_identify(src/common) by extension 'ignore'
[2.709s] Level 1:colcon.colcon_core.package_identification:_identify(src/common) by extension 'ignore_ament_install'
[2.709s] Level 1:colcon.colcon_core.package_identification:_identify(src/common) by extensions ['colcon_pkg']
[2.709s] Level 1:colcon.colcon_core.package_identification:_identify(src/common) by extension 'colcon_pkg'
[2.709s] Level 1:colcon.colcon_core.package_identification:_identify(src/common) by extensions ['colcon_meta']
[2.709s] Level 1:colcon.colcon_core.package_identification:_identify(src/common) by extension 'colcon_meta'
[2.709s] Level 1:colcon.colcon_core.package_identification:_identify(src/common) by extensions ['ros']
[2.709s] Level 1:colcon.colcon_core.package_identification:_identify(src/common) by extension 'ros'
[2.709s] Level 1:colcon.colcon_core.package_identification:_identify(src/common) by extensions ['cmake', 'python']
[2.709s] Level 1:colcon.colcon_core.package_identification:_identify(src/common) by extension 'cmake'
[2.709s] Level 1:colcon.colcon_core.package_identification:_identify(src/common) by extension 'python'
[2.709s] Level 1:colcon.colcon_core.package_identification:_identify(src/common) by extensions ['python_setup_py']
[2.709s] Level 1:colcon.colcon_core.package_identification:_identify(src/common) by extension 'python_setup_py'
[2.710s] Level 1:colcon.colcon_core.package_identification:_identify(src/common/__pycache__) by extensions ['ignore', 'ignore_ament_install']
[2.710s] Level 1:colcon.colcon_core.package_identification:_identify(src/common/__pycache__) by extension 'ignore'
[2.710s] Level 1:colcon.colcon_core.package_identification:_identify(src/common/__pycache__) by extension 'ignore_ament_install'
[2.710s] Level 1:colcon.colcon_core.package_identification:_identify(src/common/__pycache__) by extensions ['colcon_pkg']
[2.710s] Level 1:colcon.colcon_core.package_identification:_identify(src/common/__pycache__) by extension 'colcon_pkg'
[2.710s] Level 1:colcon.colcon_core.package_identification:_identify(src/common/__pycache__) by extensions ['colcon_meta']
[2.710s] Level 1:colcon.colcon_core.package_identification:_identify(src/common/__pycache__) by extension 'colcon_meta'
[2.710s] Level 1:colcon.colcon_core.package_identification:_identify(src/common/__pycache__) by extensions ['ros']
[2.710s] Level 1:colcon.colcon_core.package_identification:_identify(src/common/__pycache__) by extension 'ros'
[2.710s] Level 1:colcon.colcon_core.package_identification:_identify(src/common/__pycache__) by extensions ['cmake', 'python']
[2.710s] Level 1:colcon.colcon_core.package_identification:_identify(src/common/__pycache__) by extension 'cmake'
[2.710s] Level 1:colcon.colcon_core.package_identification:_identify(src/common/__pycache__) by extension 'python'
[2.710s] Level 1:colcon.colcon_core.package_identification:_identify(src/common/__pycache__) by extensions ['python_setup_py']
[2.710s] Level 1:colcon.colcon_core.package_identification:_identify(src/common/__pycache__) by extension 'python_setup_py'
[2.710s] Level 1:colcon.colcon_core.package_identification:_identify(src/install) by extensions ['ignore', 'ignore_ament_install']
[2.710s] Level 1:colcon.colcon_core.package_identification:_identify(src/install) by extension 'ignore'
[2.710s] Level 1:colcon.colcon_core.package_identification:_identify(src/install) ignored
[2.710s] Level 1:colcon.colcon_core.package_identification:_identify(src/json2can) by extensions ['ignore', 'ignore_ament_install']
[2.710s] Level 1:colcon.colcon_core.package_identification:_identify(src/json2can) by extension 'ignore'
[2.710s] Level 1:colcon.colcon_core.package_identification:_identify(src/json2can) by extension 'ignore_ament_install'
[2.711s] Level 1:colcon.colcon_core.package_identification:_identify(src/json2can) by extensions ['colcon_pkg']
[2.711s] Level 1:colcon.colcon_core.package_identification:_identify(src/json2can) by extension 'colcon_pkg'
[2.711s] Level 1:colcon.colcon_core.package_identification:_identify(src/json2can) by extensions ['colcon_meta']
[2.711s] Level 1:colcon.colcon_core.package_identification:_identify(src/json2can) by extension 'colcon_meta'
[2.711s] Level 1:colcon.colcon_core.package_identification:_identify(src/json2can) by extensions ['ros']
[2.711s] Level 1:colcon.colcon_core.package_identification:_identify(src/json2can) by extension 'ros'
[2.711s] DEBUG:colcon.colcon_core.package_identification:Package 'src/json2can' with type 'ros.ament_python' and name 'json2can'
[2.711s] Level 1:colcon.colcon_core.package_identification:_identify(src/log) by extensions ['ignore', 'ignore_ament_install']
[2.711s] Level 1:colcon.colcon_core.package_identification:_identify(src/log) by extension 'ignore'
[2.711s] Level 1:colcon.colcon_core.package_identification:_identify(src/log) ignored
[2.711s] Level 1:colcon.colcon_core.package_identification:_identify(src/perception_comm) by extensions ['ignore', 'ignore_ament_install']
[2.711s] Level 1:colcon.colcon_core.package_identification:_identify(src/perception_comm) by extension 'ignore'
[2.711s] Level 1:colcon.colcon_core.package_identification:_identify(src/perception_comm) by extension 'ignore_ament_install'
[2.712s] Level 1:colcon.colcon_core.package_identification:_identify(src/perception_comm) by extensions ['colcon_pkg']
[2.712s] Level 1:colcon.colcon_core.package_identification:_identify(src/perception_comm) by extension 'colcon_pkg'
[2.712s] Level 1:colcon.colcon_core.package_identification:_identify(src/perception_comm) by extensions ['colcon_meta']
[2.712s] Level 1:colcon.colcon_core.package_identification:_identify(src/perception_comm) by extension 'colcon_meta'
[2.712s] Level 1:colcon.colcon_core.package_identification:_identify(src/perception_comm) by extensions ['ros']
[2.712s] Level 1:colcon.colcon_core.package_identification:_identify(src/perception_comm) by extension 'ros'
[2.712s] DEBUG:colcon.colcon_core.package_identification:Package 'src/perception_comm' with type 'ros.ament_cmake' and name 'perception_comm'
[2.712s] Level 1:colcon.colcon_core.package_identification:_identify(src/sub_can_processing) by extensions ['ignore', 'ignore_ament_install']
[2.712s] Level 1:colcon.colcon_core.package_identification:_identify(src/sub_can_processing) by extension 'ignore'
[2.712s] Level 1:colcon.colcon_core.package_identification:_identify(src/sub_can_processing) by extension 'ignore_ament_install'
[2.712s] Level 1:colcon.colcon_core.package_identification:_identify(src/sub_can_processing) by extensions ['colcon_pkg']
[2.713s] Level 1:colcon.colcon_core.package_identification:_identify(src/sub_can_processing) by extension 'colcon_pkg'
[2.713s] Level 1:colcon.colcon_core.package_identification:_identify(src/sub_can_processing) by extensions ['colcon_meta']
[2.713s] Level 1:colcon.colcon_core.package_identification:_identify(src/sub_can_processing) by extension 'colcon_meta'
[2.713s] Level 1:colcon.colcon_core.package_identification:_identify(src/sub_can_processing) by extensions ['ros']
[2.713s] Level 1:colcon.colcon_core.package_identification:_identify(src/sub_can_processing) by extension 'ros'
[2.713s] DEBUG:colcon.colcon_core.package_identification:Package 'src/sub_can_processing' with type 'ros.ament_python' and name 'sub_can_processing'
[2.713s] Level 1:colcon.colcon_core.package_identification:_identify(src/sub_can_processing_single) by extensions ['ignore', 'ignore_ament_install']
[2.713s] Level 1:colcon.colcon_core.package_identification:_identify(src/sub_can_processing_single) by extension 'ignore'
[2.713s] Level 1:colcon.colcon_core.package_identification:_identify(src/sub_can_processing_single) by extension 'ignore_ament_install'
[2.713s] Level 1:colcon.colcon_core.package_identification:_identify(src/sub_can_processing_single) by extensions ['colcon_pkg']
[2.713s] Level 1:colcon.colcon_core.package_identification:_identify(src/sub_can_processing_single) by extension 'colcon_pkg'
[2.713s] Level 1:colcon.colcon_core.package_identification:_identify(src/sub_can_processing_single) by extensions ['colcon_meta']
[2.713s] Level 1:colcon.colcon_core.package_identification:_identify(src/sub_can_processing_single) by extension 'colcon_meta'
[2.713s] Level 1:colcon.colcon_core.package_identification:_identify(src/sub_can_processing_single) by extensions ['ros']
[2.713s] Level 1:colcon.colcon_core.package_identification:_identify(src/sub_can_processing_single) by extension 'ros'
[2.714s] DEBUG:colcon.colcon_core.package_identification:Package 'src/sub_can_processing_single' with type 'ros.ament_python' and name 'sub_can_processing_single'
[2.714s] Level 1:colcon.colcon_core.package_identification:_identify(src/test) by extensions ['ignore', 'ignore_ament_install']
[2.714s] Level 1:colcon.colcon_core.package_identification:_identify(src/test) by extension 'ignore'
[2.714s] Level 1:colcon.colcon_core.package_identification:_identify(src/test) by extension 'ignore_ament_install'
[2.714s] Level 1:colcon.colcon_core.package_identification:_identify(src/test) by extensions ['colcon_pkg']
[2.714s] Level 1:colcon.colcon_core.package_identification:_identify(src/test) by extension 'colcon_pkg'
[2.714s] Level 1:colcon.colcon_core.package_identification:_identify(src/test) by extensions ['colcon_meta']
[2.714s] Level 1:colcon.colcon_core.package_identification:_identify(src/test) by extension 'colcon_meta'
[2.714s] Level 1:colcon.colcon_core.package_identification:_identify(src/test) by extensions ['ros']
[2.714s] Level 1:colcon.colcon_core.package_identification:_identify(src/test) by extension 'ros'
[2.714s] Level 1:colcon.colcon_core.package_identification:_identify(src/test) by extensions ['cmake', 'python']
[2.714s] Level 1:colcon.colcon_core.package_identification:_identify(src/test) by extension 'cmake'
[2.714s] Level 1:colcon.colcon_core.package_identification:_identify(src/test) by extension 'python'
[2.714s] Level 1:colcon.colcon_core.package_identification:_identify(src/test) by extensions ['python_setup_py']
[2.714s] Level 1:colcon.colcon_core.package_identification:_identify(src/test) by extension 'python_setup_py'
[2.715s] Level 1:colcon.colcon_core.package_identification:_identify(src/v2x_send) by extensions ['ignore', 'ignore_ament_install']
[2.715s] Level 1:colcon.colcon_core.package_identification:_identify(src/v2x_send) by extension 'ignore'
[2.715s] Level 1:colcon.colcon_core.package_identification:_identify(src/v2x_send) by extension 'ignore_ament_install'
[2.715s] Level 1:colcon.colcon_core.package_identification:_identify(src/v2x_send) by extensions ['colcon_pkg']
[2.715s] Level 1:colcon.colcon_core.package_identification:_identify(src/v2x_send) by extension 'colcon_pkg'
[2.715s] Level 1:colcon.colcon_core.package_identification:_identify(src/v2x_send) by extensions ['colcon_meta']
[2.715s] Level 1:colcon.colcon_core.package_identification:_identify(src/v2x_send) by extension 'colcon_meta'
[2.715s] Level 1:colcon.colcon_core.package_identification:_identify(src/v2x_send) by extensions ['ros']
[2.715s] Level 1:colcon.colcon_core.package_identification:_identify(src/v2x_send) by extension 'ros'
[2.715s] DEBUG:colcon.colcon_core.package_identification:Package 'src/v2x_send' with type 'ros.ament_python' and name 'v2x_send'
[2.715s] Level 1:colcon.colcon_core.package_identification:_identify(src/v2x_send_spat) by extensions ['ignore', 'ignore_ament_install']
[2.715s] Level 1:colcon.colcon_core.package_identification:_identify(src/v2x_send_spat) by extension 'ignore'
[2.715s] Level 1:colcon.colcon_core.package_identification:_identify(src/v2x_send_spat) by extension 'ignore_ament_install'
[2.716s] Level 1:colcon.colcon_core.package_identification:_identify(src/v2x_send_spat) by extensions ['colcon_pkg']
[2.716s] Level 1:colcon.colcon_core.package_identification:_identify(src/v2x_send_spat) by extension 'colcon_pkg'
[2.716s] Level 1:colcon.colcon_core.package_identification:_identify(src/v2x_send_spat) by extensions ['colcon_meta']
[2.716s] Level 1:colcon.colcon_core.package_identification:_identify(src/v2x_send_spat) by extension 'colcon_meta'
[2.716s] Level 1:colcon.colcon_core.package_identification:_identify(src/v2x_send_spat) by extensions ['ros']
[2.716s] Level 1:colcon.colcon_core.package_identification:_identify(src/v2x_send_spat) by extension 'ros'
[2.716s] DEBUG:colcon.colcon_core.package_identification:Package 'src/v2x_send_spat' with type 'ros.ament_python' and name 'v2x_send_spat'
[2.716s] Level 1:colcon.colcon_core.package_discovery:discover_packages(recursive) using defaults
[2.716s] Level 1:colcon.colcon_core.package_discovery:discover_packages(ignore) discover
[2.716s] Level 1:colcon.colcon_core.package_discovery:discover_packages(ignore) using defaults
[2.716s] Level 1:colcon.colcon_core.package_discovery:discover_packages(path) discover
[2.716s] Level 1:colcon.colcon_core.package_discovery:discover_packages(path) using defaults
[2.958s] Level 1:colcon.colcon_core.package_discovery:discover_packages(prefix_path) check parameters
[2.958s] Level 1:colcon.colcon_core.package_discovery:discover_packages(prefix_path) discover
[3.048s] DEBUG:colcon.colcon_installed_package_information.package_discovery:Found 7 installed packages in /home/tsz/Desktop/7_v1/Buckeye-Autodrive-Scoring-CAN-Part2_v1/Buckeye-Autodrive-Scoring-CAN-Part2/install
[3.092s] DEBUG:colcon.colcon_installed_package_information.package_discovery:Found 264 installed packages in /opt/ros/foxy
[3.094s] Level 1:colcon.colcon_core.package_discovery:discover_packages(prefix_path) using defaults
[3.250s] Level 5:colcon.colcon_core.verb:set package 'basic_subscriber' build argument 'cmake_args' from command line to 'None'
[3.250s] Level 5:colcon.colcon_core.verb:set package 'basic_subscriber' build argument 'cmake_target' from command line to 'None'
[3.250s] Level 5:colcon.colcon_core.verb:set package 'basic_subscriber' build argument 'cmake_target_skip_unavailable' from command line to 'False'
[3.250s] Level 5:colcon.colcon_core.verb:set package 'basic_subscriber' build argument 'cmake_clean_cache' from command line to 'False'
[3.250s] Level 5:colcon.colcon_core.verb:set package 'basic_subscriber' build argument 'cmake_clean_first' from command line to 'False'
[3.250s] Level 5:colcon.colcon_core.verb:set package 'basic_subscriber' build argument 'cmake_force_configure' from command line to 'False'
[3.250s] Level 5:colcon.colcon_core.verb:set package 'basic_subscriber' build argument 'ament_cmake_args' from command line to 'None'
[3.250s] Level 5:colcon.colcon_core.verb:set package 'basic_subscriber' build argument 'catkin_cmake_args' from command line to 'None'
[3.250s] Level 5:colcon.colcon_core.verb:set package 'basic_subscriber' build argument 'catkin_skip_building_tests' from command line to 'False'
[3.250s] DEBUG:colcon.colcon_core.verb:Building package 'basic_subscriber' with the following arguments: {'ament_cmake_args': None, 'build_base': '/home/tsz/Desktop/7_v1/Buckeye-Autodrive-Scoring-CAN-Part2_v1/Buckeye-Autodrive-Scoring-CAN-Part2/build/basic_subscriber', 'catkin_cmake_args': None, 'catkin_skip_building_tests': False, 'cmake_args': None, 'cmake_clean_cache': False, 'cmake_clean_first': False, 'cmake_force_configure': False, 'cmake_target': None, 'cmake_target_skip_unavailable': False, 'install_base': '/home/tsz/Desktop/7_v1/Buckeye-Autodrive-Scoring-CAN-Part2_v1/Buckeye-Autodrive-Scoring-CAN-Part2/install/basic_subscriber', 'merge_install': False, 'path': '/home/tsz/Desktop/7_v1/Buckeye-Autodrive-Scoring-CAN-Part2_v1/Buckeye-Autodrive-Scoring-CAN-Part2/src/basic_subscriber', 'symlink_install': False, 'test_result_base': None}
[3.294s] Level 5:colcon.colcon_core.verb:set package 'json2can' build argument 'cmake_args' from command line to 'None'
[3.294s] Level 5:colcon.colcon_core.verb:set package 'json2can' build argument 'cmake_target' from command line to 'None'
[3.294s] Level 5:colcon.colcon_core.verb:set package 'json2can' build argument 'cmake_target_skip_unavailable' from command line to 'False'
[3.294s] Level 5:colcon.colcon_core.verb:set package 'json2can' build argument 'cmake_clean_cache' from command line to 'False'
[3.294s] Level 5:colcon.colcon_core.verb:set package 'json2can' build argument 'cmake_clean_first' from command line to 'False'
[3.294s] Level 5:colcon.colcon_core.verb:set package 'json2can' build argument 'cmake_force_configure' from command line to 'False'
[3.294s] Level 5:colcon.colcon_core.verb:set package 'json2can' build argument 'ament_cmake_args' from command line to 'None'
[3.294s] Level 5:colcon.colcon_core.verb:set package 'json2can' build argument 'catkin_cmake_args' from command line to 'None'
[3.294s] Level 5:colcon.colcon_core.verb:set package 'json2can' build argument 'catkin_skip_building_tests' from command line to 'False'
[3.294s] DEBUG:colcon.colcon_core.verb:Building package 'json2can' with the following arguments: {'ament_cmake_args': None, 'build_base': '/home/tsz/Desktop/7_v1/Buckeye-Autodrive-Scoring-CAN-Part2_v1/Buckeye-Autodrive-Scoring-CAN-Part2/build/json2can', 'catkin_cmake_args': None, 'catkin_skip_building_tests': False, 'cmake_args': None, 'cmake_clean_cache': False, 'cmake_clean_first': False, 'cmake_force_configure': False, 'cmake_target': None, 'cmake_target_skip_unavailable': False, 'install_base': '/home/tsz/Desktop/7_v1/Buckeye-Autodrive-Scoring-CAN-Part2_v1/Buckeye-Autodrive-Scoring-CAN-Part2/install/json2can', 'merge_install': False, 'path': '/home/tsz/Desktop/7_v1/Buckeye-Autodrive-Scoring-CAN-Part2_v1/Buckeye-Autodrive-Scoring-CAN-Part2/src/json2can', 'symlink_install': False, 'test_result_base': None}
[3.338s] Level 5:colcon.colcon_core.verb:set package 'perception_comm' build argument 'cmake_args' from command line to 'None'
[3.338s] Level 5:colcon.colcon_core.verb:set package 'perception_comm' build argument 'cmake_target' from command line to 'None'
[3.338s] Level 5:colcon.colcon_core.verb:set package 'perception_comm' build argument 'cmake_target_skip_unavailable' from command line to 'False'
[3.338s] Level 5:colcon.colcon_core.verb:set package 'perception_comm' build argument 'cmake_clean_cache' from command line to 'False'
[3.338s] Level 5:colcon.colcon_core.verb:set package 'perception_comm' build argument 'cmake_clean_first' from command line to 'False'
[3.338s] Level 5:colcon.colcon_core.verb:set package 'perception_comm' build argument 'cmake_force_configure' from command line to 'False'
[3.338s] Level 5:colcon.colcon_core.verb:set package 'perception_comm' build argument 'ament_cmake_args' from command line to 'None'
[3.338s] Level 5:colcon.colcon_core.verb:set package 'perception_comm' build argument 'catkin_cmake_args' from command line to 'None'
[3.338s] Level 5:colcon.colcon_core.verb:set package 'perception_comm' build argument 'catkin_skip_building_tests' from command line to 'False'
[3.338s] DEBUG:colcon.colcon_core.verb:Building package 'perception_comm' with the following arguments: {'ament_cmake_args': None, 'build_base': '/home/tsz/Desktop/7_v1/Buckeye-Autodrive-Scoring-CAN-Part2_v1/Buckeye-Autodrive-Scoring-CAN-Part2/build/perception_comm', 'catkin_cmake_args': None, 'catkin_skip_building_tests': False, 'cmake_args': None, 'cmake_clean_cache': False, 'cmake_clean_first': False, 'cmake_force_configure': False, 'cmake_target': None, 'cmake_target_skip_unavailable': False, 'install_base': '/home/tsz/Desktop/7_v1/Buckeye-Autodrive-Scoring-CAN-Part2_v1/Buckeye-Autodrive-Scoring-CAN-Part2/install/perception_comm', 'merge_install': False, 'path': '/home/tsz/Desktop/7_v1/Buckeye-Autodrive-Scoring-CAN-Part2_v1/Buckeye-Autodrive-Scoring-CAN-Part2/src/perception_comm', 'symlink_install': False, 'test_result_base': None}
[3.382s] Level 5:colcon.colcon_core.verb:set package 'sub_can_processing' build argument 'cmake_args' from command line to 'None'
[3.382s] Level 5:colcon.colcon_core.verb:set package 'sub_can_processing' build argument 'cmake_target' from command line to 'None'
[3.382s] Level 5:colcon.colcon_core.verb:set package 'sub_can_processing' build argument 'cmake_target_skip_unavailable' from command line to 'False'
[3.382s] Level 5:colcon.colcon_core.verb:set package 'sub_can_processing' build argument 'cmake_clean_cache' from command line to 'False'
[3.382s] Level 5:colcon.colcon_core.verb:set package 'sub_can_processing' build argument 'cmake_clean_first' from command line to 'False'
[3.382s] Level 5:colcon.colcon_core.verb:set package 'sub_can_processing' build argument 'cmake_force_configure' from command line to 'False'
[3.382s] Level 5:colcon.colcon_core.verb:set package 'sub_can_processing' build argument 'ament_cmake_args' from command line to 'None'
[3.383s] Level 5:colcon.colcon_core.verb:set package 'sub_can_processing' build argument 'catkin_cmake_args' from command line to 'None'
[3.383s] Level 5:colcon.colcon_core.verb:set package 'sub_can_processing' build argument 'catkin_skip_building_tests' from command line to 'False'
[3.383s] DEBUG:colcon.colcon_core.verb:Building package 'sub_can_processing' with the following arguments: {'ament_cmake_args': None, 'build_base': '/home/tsz/Desktop/7_v1/Buckeye-Autodrive-Scoring-CAN-Part2_v1/Buckeye-Autodrive-Scoring-CAN-Part2/build/sub_can_processing', 'catkin_cmake_args': None, 'catkin_skip_building_tests': False, 'cmake_args': None, 'cmake_clean_cache': False, 'cmake_clean_first': False, 'cmake_force_configure': False, 'cmake_target': None, 'cmake_target_skip_unavailable': False, 'install_base': '/home/tsz/Desktop/7_v1/Buckeye-Autodrive-Scoring-CAN-Part2_v1/Buckeye-Autodrive-Scoring-CAN-Part2/install/sub_can_processing', 'merge_install': False, 'path': '/home/tsz/Desktop/7_v1/Buckeye-Autodrive-Scoring-CAN-Part2_v1/Buckeye-Autodrive-Scoring-CAN-Part2/src/sub_can_processing', 'symlink_install': False, 'test_result_base': None}
[3.428s] Level 5:colcon.colcon_core.verb:set package 'sub_can_processing_single' build argument 'cmake_args' from command line to 'None'
[3.428s] Level 5:colcon.colcon_core.verb:set package 'sub_can_processing_single' build argument 'cmake_target' from command line to 'None'
[3.428s] Level 5:colcon.colcon_core.verb:set package 'sub_can_processing_single' build argument 'cmake_target_skip_unavailable' from command line to 'False'
[3.428s] Level 5:colcon.colcon_core.verb:set package 'sub_can_processing_single' build argument 'cmake_clean_cache' from command line to 'False'
[3.428s] Level 5:colcon.colcon_core.verb:set package 'sub_can_processing_single' build argument 'cmake_clean_first' from command line to 'False'
[3.428s] Level 5:colcon.colcon_core.verb:set package 'sub_can_processing_single' build argument 'cmake_force_configure' from command line to 'False'
[3.428s] Level 5:colcon.colcon_core.verb:set package 'sub_can_processing_single' build argument 'ament_cmake_args' from command line to 'None'
[3.428s] Level 5:colcon.colcon_core.verb:set package 'sub_can_processing_single' build argument 'catkin_cmake_args' from command line to 'None'
[3.428s] Level 5:colcon.colcon_core.verb:set package 'sub_can_processing_single' build argument 'catkin_skip_building_tests' from command line to 'False'
[3.428s] DEBUG:colcon.colcon_core.verb:Building package 'sub_can_processing_single' with the following arguments: {'ament_cmake_args': None, 'build_base': '/home/tsz/Desktop/7_v1/Buckeye-Autodrive-Scoring-CAN-Part2_v1/Buckeye-Autodrive-Scoring-CAN-Part2/build/sub_can_processing_single', 'catkin_cmake_args': None, 'catkin_skip_building_tests': False, 'cmake_args': None, 'cmake_clean_cache': False, 'cmake_clean_first': False, 'cmake_force_configure': False, 'cmake_target': None, 'cmake_target_skip_unavailable': False, 'install_base': '/home/tsz/Desktop/7_v1/Buckeye-Autodrive-Scoring-CAN-Part2_v1/Buckeye-Autodrive-Scoring-CAN-Part2/install/sub_can_processing_single', 'merge_install': False, 'path': '/home/tsz/Desktop/7_v1/Buckeye-Autodrive-Scoring-CAN-Part2_v1/Buckeye-Autodrive-Scoring-CAN-Part2/src/sub_can_processing_single', 'symlink_install': False, 'test_result_base': None}
[3.473s] Level 5:colcon.colcon_core.verb:set package 'v2x_send' build argument 'cmake_args' from command line to 'None'
[3.473s] Level 5:colcon.colcon_core.verb:set package 'v2x_send' build argument 'cmake_target' from command line to 'None'
[3.473s] Level 5:colcon.colcon_core.verb:set package 'v2x_send' build argument 'cmake_target_skip_unavailable' from command line to 'False'
[3.473s] Level 5:colcon.colcon_core.verb:set package 'v2x_send' build argument 'cmake_clean_cache' from command line to 'False'
[3.473s] Level 5:colcon.colcon_core.verb:set package 'v2x_send' build argument 'cmake_clean_first' from command line to 'False'
[3.473s] Level 5:colcon.colcon_core.verb:set package 'v2x_send' build argument 'cmake_force_configure' from command line to 'False'
[3.473s] Level 5:colcon.colcon_core.verb:set package 'v2x_send' build argument 'ament_cmake_args' from command line to 'None'
[3.473s] Level 5:colcon.colcon_core.verb:set package 'v2x_send' build argument 'catkin_cmake_args' from command line to 'None'
[3.473s] Level 5:colcon.colcon_core.verb:set package 'v2x_send' build argument 'catkin_skip_building_tests' from command line to 'False'
[3.473s] DEBUG:colcon.colcon_core.verb:Building package 'v2x_send' with the following arguments: {'ament_cmake_args': None, 'build_base': '/home/tsz/Desktop/7_v1/Buckeye-Autodrive-Scoring-CAN-Part2_v1/Buckeye-Autodrive-Scoring-CAN-Part2/build/v2x_send', 'catkin_cmake_args': None, 'catkin_skip_building_tests': False, 'cmake_args': None, 'cmake_clean_cache': False, 'cmake_clean_first': False, 'cmake_force_configure': False, 'cmake_target': None, 'cmake_target_skip_unavailable': False, 'install_base': '/home/tsz/Desktop/7_v1/Buckeye-Autodrive-Scoring-CAN-Part2_v1/Buckeye-Autodrive-Scoring-CAN-Part2/install/v2x_send', 'merge_install': False, 'path': '/home/tsz/Desktop/7_v1/Buckeye-Autodrive-Scoring-CAN-Part2_v1/Buckeye-Autodrive-Scoring-CAN-Part2/src/v2x_send', 'symlink_install': False, 'test_result_base': None}
[3.517s] Level 5:colcon.colcon_core.verb:set package 'v2x_send_spat' build argument 'cmake_args' from command line to 'None'
[3.517s] Level 5:colcon.colcon_core.verb:set package 'v2x_send_spat' build argument 'cmake_target' from command line to 'None'
[3.517s] Level 5:colcon.colcon_core.verb:set package 'v2x_send_spat' build argument 'cmake_target_skip_unavailable' from command line to 'False'
[3.517s] Level 5:colcon.colcon_core.verb:set package 'v2x_send_spat' build argument 'cmake_clean_cache' from command line to 'False'
[3.517s] Level 5:colcon.colcon_core.verb:set package 'v2x_send_spat' build argument 'cmake_clean_first' from command line to 'False'
[3.517s] Level 5:colcon.colcon_core.verb:set package 'v2x_send_spat' build argument 'cmake_force_configure' from command line to 'False'
[3.517s] Level 5:colcon.colcon_core.verb:set package 'v2x_send_spat' build argument 'ament_cmake_args' from command line to 'None'
[3.517s] Level 5:colcon.colcon_core.verb:set package 'v2x_send_spat' build argument 'catkin_cmake_args' from command line to 'None'
[3.517s] Level 5:colcon.colcon_core.verb:set package 'v2x_send_spat' build argument 'catkin_skip_building_tests' from command line to 'False'
[3.518s] DEBUG:colcon.colcon_core.verb:Building package 'v2x_send_spat' with the following arguments: {'ament_cmake_args': None, 'build_base': '/home/tsz/Desktop/7_v1/Buckeye-Autodrive-Scoring-CAN-Part2_v1/Buckeye-Autodrive-Scoring-CAN-Part2/build/v2x_send_spat', 'catkin_cmake_args': None, 'catkin_skip_building_tests': False, 'cmake_args': None, 'cmake_clean_cache': False, 'cmake_clean_first': False, 'cmake_force_configure': False, 'cmake_target': None, 'cmake_target_skip_unavailable': False, 'install_base': '/home/tsz/Desktop/7_v1/Buckeye-Autodrive-Scoring-CAN-Part2_v1/Buckeye-Autodrive-Scoring-CAN-Part2/install/v2x_send_spat', 'merge_install': False, 'path': '/home/tsz/Desktop/7_v1/Buckeye-Autodrive-Scoring-CAN-Part2_v1/Buckeye-Autodrive-Scoring-CAN-Part2/src/v2x_send_spat', 'symlink_install': False, 'test_result_base': None}
[3.562s] INFO:colcon.colcon_core.executor:Executing jobs using 'parallel' executor
[3.607s] DEBUG:colcon.colcon_parallel_executor.executor.parallel:run_until_complete
[3.607s] INFO:colcon.colcon_ros.task.ament_python.build:Building ROS package in '/home/tsz/Desktop/7_v1/Buckeye-Autodrive-Scoring-CAN-Part2_v1/Buckeye-Autodrive-Scoring-CAN-Part2/src/basic_subscriber' with build type 'ament_python'
[3.607s] Level 1:colcon.colcon_core.shell:create_environment_hook('basic_subscriber', 'ament_prefix_path')
[3.655s] INFO:colcon.colcon_core.plugin_system:Skipping extension 'colcon_core.shell.bat': Not used on non-Windows systems
[3.655s] INFO:colcon.colcon_core.shell:Creating environment hook '/home/tsz/Desktop/7_v1/Buckeye-Autodrive-Scoring-CAN-Part2_v1/Buckeye-Autodrive-Scoring-CAN-Part2/install/basic_subscriber/share/basic_subscriber/hook/ament_prefix_path.ps1'
[3.656s] INFO:colcon.colcon_core.shell:Creating environment descriptor '/home/tsz/Desktop/7_v1/Buckeye-Autodrive-Scoring-CAN-Part2_v1/Buckeye-Autodrive-Scoring-CAN-Part2/install/basic_subscriber/share/basic_subscriber/hook/ament_prefix_path.dsv'
[3.656s] INFO:colcon.colcon_core.shell:Creating environment hook '/home/tsz/Desktop/7_v1/Buckeye-Autodrive-Scoring-CAN-Part2_v1/Buckeye-Autodrive-Scoring-CAN-Part2/install/basic_subscriber/share/basic_subscriber/hook/ament_prefix_path.sh'
[3.702s] INFO:colcon.colcon_core.shell:Skip shell extension 'powershell' for command environment: Not usable outside of PowerShell
[3.702s] DEBUG:colcon.colcon_core.shell:Skip shell extension 'dsv' for command environment
[3.843s] INFO:colcon.colcon_ros.task.ament_python.build:Building ROS package in '/home/tsz/Desktop/7_v1/Buckeye-Autodrive-Scoring-CAN-Part2_v1/Buckeye-Autodrive-Scoring-CAN-Part2/src/json2can' with build type 'ament_python'
[3.843s] Level 1:colcon.colcon_core.shell:create_environment_hook('json2can', 'ament_prefix_path')
[3.898s] INFO:colcon.colcon_core.shell:Creating environment hook '/home/tsz/Desktop/7_v1/Buckeye-Autodrive-Scoring-CAN-Part2_v1/Buckeye-Autodrive-Scoring-CAN-Part2/install/json2can/share/json2can/hook/ament_prefix_path.ps1'
[3.898s] INFO:colcon.colcon_core.shell:Creating environment descriptor '/home/tsz/Desktop/7_v1/Buckeye-Autodrive-Scoring-CAN-Part2_v1/Buckeye-Autodrive-Scoring-CAN-Part2/install/json2can/share/json2can/hook/ament_prefix_path.dsv'
[3.899s] INFO:colcon.colcon_core.shell:Creating environment hook '/home/tsz/Desktop/7_v1/Buckeye-Autodrive-Scoring-CAN-Part2_v1/Buckeye-Autodrive-Scoring-CAN-Part2/install/json2can/share/json2can/hook/ament_prefix_path.sh'
[3.946s] INFO:colcon.colcon_core.shell:Skip shell extension 'powershell' for command environment: Not usable outside of PowerShell
[3.946s] DEBUG:colcon.colcon_core.shell:Skip shell extension 'dsv' for command environment
[4.085s] INFO:colcon.colcon_ros.task.ament_cmake.build:Building ROS package in '/home/tsz/Desktop/7_v1/Buckeye-Autodrive-Scoring-CAN-Part2_v1/Buckeye-Autodrive-Scoring-CAN-Part2/src/perception_comm' with build type 'ament_cmake'
[4.085s] INFO:colcon.colcon_cmake.task.cmake.build:Building CMake package in '/home/tsz/Desktop/7_v1/Buckeye-Autodrive-Scoring-CAN-Part2_v1/Buckeye-Autodrive-Scoring-CAN-Part2/src/perception_comm'
[4.132s] INFO:colcon.colcon_core.shell:Skip shell extension 'powershell' for command environment: Not usable outside of PowerShell
[4.132s] DEBUG:colcon.colcon_core.shell:Skip shell extension 'dsv' for command environment
[4.271s] INFO:colcon.colcon_ros.task.ament_python.build:Building ROS package in '/home/tsz/Desktop/7_v1/Buckeye-Autodrive-Scoring-CAN-Part2_v1/Buckeye-Autodrive-Scoring-CAN-Part2/src/sub_can_processing' with build type 'ament_python'
[4.271s] Level 1:colcon.colcon_core.shell:create_environment_hook('sub_can_processing', 'ament_prefix_path')
[4.318s] INFO:colcon.colcon_core.shell:Creating environment hook '/home/tsz/Desktop/7_v1/Buckeye-Autodrive-Scoring-CAN-Part2_v1/Buckeye-Autodrive-Scoring-CAN-Part2/install/sub_can_processing/share/sub_can_processing/hook/ament_prefix_path.ps1'
[4.318s] INFO:colcon.colcon_core.shell:Creating environment descriptor '/home/tsz/Desktop/7_v1/Buckeye-Autodrive-Scoring-CAN-Part2_v1/Buckeye-Autodrive-Scoring-CAN-Part2/install/sub_can_processing/share/sub_can_processing/hook/ament_prefix_path.dsv'
[4.318s] INFO:colcon.colcon_core.shell:Creating environment hook '/home/tsz/Desktop/7_v1/Buckeye-Autodrive-Scoring-CAN-Part2_v1/Buckeye-Autodrive-Scoring-CAN-Part2/install/sub_can_processing/share/sub_can_processing/hook/ament_prefix_path.sh'
[4.365s] INFO:colcon.colcon_core.shell:Skip shell extension 'powershell' for command environment: Not usable outside of PowerShell
[4.365s] DEBUG:colcon.colcon_core.shell:Skip shell extension 'dsv' for command environment
[4.515s] INFO:colcon.colcon_ros.task.ament_python.build:Building ROS package in '/home/tsz/Desktop/7_v1/Buckeye-Autodrive-Scoring-CAN-Part2_v1/Buckeye-Autodrive-Scoring-CAN-Part2/src/sub_can_processing_single' with build type 'ament_python'
[4.516s] Level 1:colcon.colcon_core.shell:create_environment_hook('sub_can_processing_single', 'ament_prefix_path')
[4.565s] INFO:colcon.colcon_core.shell:Creating environment hook '/home/tsz/Desktop/7_v1/Buckeye-Autodrive-Scoring-CAN-Part2_v1/Buckeye-Autodrive-Scoring-CAN-Part2/install/sub_can_processing_single/share/sub_can_processing_single/hook/ament_prefix_path.ps1'
[4.565s] INFO:colcon.colcon_core.shell:Creating environment descriptor '/home/tsz/Desktop/7_v1/Buckeye-Autodrive-Scoring-CAN-Part2_v1/Buckeye-Autodrive-Scoring-CAN-Part2/install/sub_can_processing_single/share/sub_can_processing_single/hook/ament_prefix_path.dsv'
[4.565s] INFO:colcon.colcon_core.shell:Creating environment hook '/home/tsz/Desktop/7_v1/Buckeye-Autodrive-Scoring-CAN-Part2_v1/Buckeye-Autodrive-Scoring-CAN-Part2/install/sub_can_processing_single/share/sub_can_processing_single/hook/ament_prefix_path.sh'
[4.611s] INFO:colcon.colcon_core.shell:Skip shell extension 'powershell' for command environment: Not usable outside of PowerShell
[4.611s] DEBUG:colcon.colcon_core.shell:Skip shell extension 'dsv' for command environment
[4.750s] INFO:colcon.colcon_ros.task.ament_python.build:Building ROS package in '/home/tsz/Desktop/7_v1/Buckeye-Autodrive-Scoring-CAN-Part2_v1/Buckeye-Autodrive-Scoring-CAN-Part2/src/v2x_send' with build type 'ament_python'
[4.751s] Level 1:colcon.colcon_core.shell:create_environment_hook('v2x_send', 'ament_prefix_path')
[4.797s] INFO:colcon.colcon_core.shell:Creating environment hook '/home/tsz/Desktop/7_v1/Buckeye-Autodrive-Scoring-CAN-Part2_v1/Buckeye-Autodrive-Scoring-CAN-Part2/install/v2x_send/share/v2x_send/hook/ament_prefix_path.ps1'
[4.797s] INFO:colcon.colcon_core.shell:Creating environment descriptor '/home/tsz/Desktop/7_v1/Buckeye-Autodrive-Scoring-CAN-Part2_v1/Buckeye-Autodrive-Scoring-CAN-Part2/install/v2x_send/share/v2x_send/hook/ament_prefix_path.dsv'
[4.798s] INFO:colcon.colcon_core.shell:Creating environment hook '/home/tsz/Desktop/7_v1/Buckeye-Autodrive-Scoring-CAN-Part2_v1/Buckeye-Autodrive-Scoring-CAN-Part2/install/v2x_send/share/v2x_send/hook/ament_prefix_path.sh'
[4.845s] INFO:colcon.colcon_core.shell:Skip shell extension 'powershell' for command environment: Not usable outside of PowerShell
[4.845s] DEBUG:colcon.colcon_core.shell:Skip shell extension 'dsv' for command environment
[4.993s] INFO:colcon.colcon_ros.task.ament_python.build:Building ROS package in '/home/tsz/Desktop/7_v1/Buckeye-Autodrive-Scoring-CAN-Part2_v1/Buckeye-Autodrive-Scoring-CAN-Part2/src/v2x_send_spat' with build type 'ament_python'
[4.993s] Level 1:colcon.colcon_core.shell:create_environment_hook('v2x_send_spat', 'ament_prefix_path')
[5.039s] INFO:colcon.colcon_core.shell:Creating environment hook '/home/tsz/Desktop/7_v1/Buckeye-Autodrive-Scoring-CAN-Part2_v1/Buckeye-Autodrive-Scoring-CAN-Part2/install/v2x_send_spat/share/v2x_send_spat/hook/ament_prefix_path.ps1'
[5.040s] INFO:colcon.colcon_core.shell:Creating environment descriptor '/home/tsz/Desktop/7_v1/Buckeye-Autodrive-Scoring-CAN-Part2_v1/Buckeye-Autodrive-Scoring-CAN-Part2/install/v2x_send_spat/share/v2x_send_spat/hook/ament_prefix_path.dsv'
[5.040s] INFO:colcon.colcon_core.shell:Creating environment hook '/home/tsz/Desktop/7_v1/Buckeye-Autodrive-Scoring-CAN-Part2_v1/Buckeye-Autodrive-Scoring-CAN-Part2/install/v2x_send_spat/share/v2x_send_spat/hook/ament_prefix_path.sh'
[5.085s] INFO:colcon.colcon_core.shell:Skip shell extension 'powershell' for command environment: Not usable outside of PowerShell
[5.085s] DEBUG:colcon.colcon_core.shell:Skip shell extension 'dsv' for command environment
[5.434s] INFO:colcon.colcon_core.task.python.build:Building Python package in '/home/tsz/Desktop/7_v1/Buckeye-Autodrive-Scoring-CAN-Part2_v1/Buckeye-Autodrive-Scoring-CAN-Part2/src/basic_subscriber'
[5.482s] INFO:colcon.colcon_core.shell:Skip shell extension 'powershell' for command environment: Not usable outside of PowerShell
[5.482s] DEBUG:colcon.colcon_core.shell:Skip shell extension 'dsv' for command environment
[5.823s] INFO:colcon.colcon_core.task.python.build:Building Python package in '/home/tsz/Desktop/7_v1/Buckeye-Autodrive-Scoring-CAN-Part2_v1/Buckeye-Autodrive-Scoring-CAN-Part2/src/json2can'
[5.870s] INFO:colcon.colcon_core.shell:Skip shell extension 'powershell' for command environment: Not usable outside of PowerShell
[5.870s] DEBUG:colcon.colcon_core.shell:Skip shell extension 'dsv' for command environment
[6.079s] DEBUG:colcon.colcon_core.event_handler.log_command:Invoking command in '/home/tsz/Desktop/7_v1/Buckeye-Autodrive-Scoring-CAN-Part2_v1/Buckeye-Autodrive-Scoring-CAN-Part2/build/perception_comm': CMAKE_PREFIX_PATH=${CMAKE_PREFIX_PATH}:/home/tsz/Desktop/7_v1/Buckeye-Autodrive-Scoring-CAN-Part2_v1/Buckeye-Autodrive-Scoring-CAN-Part2/install/v2x_send_spat:/home/tsz/Desktop/7_v1/Buckeye-Autodrive-Scoring-CAN-Part2_v1/Buckeye-Autodrive-Scoring-CAN-Part2/install/v2x_send:/home/tsz/Desktop/7_v1/Buckeye-Autodrive-Scoring-CAN-Part2_v1/Buckeye-Autodrive-Scoring-CAN-Part2/install/sub_can_processing_single:/home/tsz/Desktop/7_v1/Buckeye-Autodrive-Scoring-CAN-Part2_v1/Buckeye-Autodrive-Scoring-CAN-Part2/install/sub_can_processing:/home/tsz/Desktop/7_v1/Buckeye-Autodrive-Scoring-CAN-Part2_v1/Buckeye-Autodrive-Scoring-CAN-Part2/install/json2can:/home/tsz/Desktop/7_v1/Buckeye-Autodrive-Scoring-CAN-Part2_v1/Buckeye-Autodrive-Scoring-CAN-Part2/install/basic_subscriber:/opt/ros/foxy /usr/bin/cmake --build /home/tsz/Desktop/7_v1/Buckeye-Autodrive-Scoring-CAN-Part2_v1/Buckeye-Autodrive-Scoring-CAN-Part2/build/perception_comm -- -j8 -l8
[6.332s] INFO:colcon.colcon_core.task.python.build:Building Python package in '/home/tsz/Desktop/7_v1/Buckeye-Autodrive-Scoring-CAN-Part2_v1/Buckeye-Autodrive-Scoring-CAN-Part2/src/sub_can_processing'
[6.379s] INFO:colcon.colcon_core.shell:Skip shell extension 'powershell' for command environment: Not usable outside of PowerShell
[6.379s] DEBUG:colcon.colcon_core.shell:Skip shell extension 'dsv' for command environment
[6.727s] INFO:colcon.colcon_core.task.python.build:Building Python package in '/home/tsz/Desktop/7_v1/Buckeye-Autodrive-Scoring-CAN-Part2_v1/Buckeye-Autodrive-Scoring-CAN-Part2/src/sub_can_processing_single'
[6.773s] INFO:colcon.colcon_core.shell:Skip shell extension 'powershell' for command environment: Not usable outside of PowerShell
[6.774s] DEBUG:colcon.colcon_core.shell:Skip shell extension 'dsv' for command environment
[7.114s] INFO:colcon.colcon_core.task.python.build:Building Python package in '/home/tsz/Desktop/7_v1/Buckeye-Autodrive-Scoring-CAN-Part2_v1/Buckeye-Autodrive-Scoring-CAN-Part2/src/v2x_send'
[7.171s] INFO:colcon.colcon_core.shell:Skip shell extension 'powershell' for command environment: Not usable outside of PowerShell
[7.171s] DEBUG:colcon.colcon_core.shell:Skip shell extension 'dsv' for command environment
[7.519s] INFO:colcon.colcon_core.task.python.build:Building Python package in '/home/tsz/Desktop/7_v1/Buckeye-Autodrive-Scoring-CAN-Part2_v1/Buckeye-Autodrive-Scoring-CAN-Part2/src/v2x_send_spat'
[7.567s] INFO:colcon.colcon_core.shell:Skip shell extension 'powershell' for command environment: Not usable outside of PowerShell
[7.567s] DEBUG:colcon.colcon_core.shell:Skip shell extension 'dsv' for command environment
[7.716s] DEBUG:colcon.colcon_core.event_handler.log_command:Invoked command in '/home/tsz/Desktop/7_v1/Buckeye-Autodrive-Scoring-CAN-Part2_v1/Buckeye-Autodrive-Scoring-CAN-Part2/build/perception_comm' returned '0': CMAKE_PREFIX_PATH=${CMAKE_PREFIX_PATH}:/home/tsz/Desktop/7_v1/Buckeye-Autodrive-Scoring-CAN-Part2_v1/Buckeye-Autodrive-Scoring-CAN-Part2/install/v2x_send_spat:/home/tsz/Desktop/7_v1/Buckeye-Autodrive-Scoring-CAN-Part2_v1/Buckeye-Autodrive-Scoring-CAN-Part2/install/v2x_send:/home/tsz/Desktop/7_v1/Buckeye-Autodrive-Scoring-CAN-Part2_v1/Buckeye-Autodrive-Scoring-CAN-Part2/install/sub_can_processing_single:/home/tsz/Desktop/7_v1/Buckeye-Autodrive-Scoring-CAN-Part2_v1/Buckeye-Autodrive-Scoring-CAN-Part2/install/sub_can_processing:/home/tsz/Desktop/7_v1/Buckeye-Autodrive-Scoring-CAN-Part2_v1/Buckeye-Autodrive-Scoring-CAN-Part2/install/json2can:/home/tsz/Desktop/7_v1/Buckeye-Autodrive-Scoring-CAN-Part2_v1/Buckeye-Autodrive-Scoring-CAN-Part2/install/basic_subscriber:/opt/ros/foxy /usr/bin/cmake --build /home/tsz/Desktop/7_v1/Buckeye-Autodrive-Scoring-CAN-Part2_v1/Buckeye-Autodrive-Scoring-CAN-Part2/build/perception_comm -- -j8 -l8
[7.807s] DEBUG:colcon.colcon_core.event_handler.log_command:Invoking command in '/home/tsz/Desktop/7_v1/Buckeye-Autodrive-Scoring-CAN-Part2_v1/Buckeye-Autodrive-Scoring-CAN-Part2/build/perception_comm': CMAKE_PREFIX_PATH=${CMAKE_PREFIX_PATH}:/home/tsz/Desktop/7_v1/Buckeye-Autodrive-Scoring-CAN-Part2_v1/Buckeye-Autodrive-Scoring-CAN-Part2/install/v2x_send_spat:/home/tsz/Desktop/7_v1/Buckeye-Autodrive-Scoring-CAN-Part2_v1/Buckeye-Autodrive-Scoring-CAN-Part2/install/v2x_send:/home/tsz/Desktop/7_v1/Buckeye-Autodrive-Scoring-CAN-Part2_v1/Buckeye-Autodrive-Scoring-CAN-Part2/install/sub_can_processing_single:/home/tsz/Desktop/7_v1/Buckeye-Autodrive-Scoring-CAN-Part2_v1/Buckeye-Autodrive-Scoring-CAN-Part2/install/sub_can_processing:/home/tsz/Desktop/7_v1/Buckeye-Autodrive-Scoring-CAN-Part2_v1/Buckeye-Autodrive-Scoring-CAN-Part2/install/json2can:/home/tsz/Desktop/7_v1/Buckeye-Autodrive-Scoring-CAN-Part2_v1/Buckeye-Autodrive-Scoring-CAN-Part2/install/basic_subscriber:/opt/ros/foxy /usr/bin/cmake --install /home/tsz/Desktop/7_v1/Buckeye-Autodrive-Scoring-CAN-Part2_v1/Buckeye-Autodrive-Scoring-CAN-Part2/build/perception_comm
[7.907s] Level 1:colcon.colcon_core.environment:create_environment_scripts_only(perception_comm)
[7.915s] DEBUG:colcon.colcon_core.event_handler.log_command:Invoked command in '/home/tsz/Desktop/7_v1/Buckeye-Autodrive-Scoring-CAN-Part2_v1/Buckeye-Autodrive-Scoring-CAN-Part2/build/perception_comm' returned '0': CMAKE_PREFIX_PATH=${CMAKE_PREFIX_PATH}:/home/tsz/Desktop/7_v1/Buckeye-Autodrive-Scoring-CAN-Part2_v1/Buckeye-Autodrive-Scoring-CAN-Part2/install/v2x_send_spat:/home/tsz/Desktop/7_v1/Buckeye-Autodrive-Scoring-CAN-Part2_v1/Buckeye-Autodrive-Scoring-CAN-Part2/install/v2x_send:/home/tsz/Desktop/7_v1/Buckeye-Autodrive-Scoring-CAN-Part2_v1/Buckeye-Autodrive-Scoring-CAN-Part2/install/sub_can_processing_single:/home/tsz/Desktop/7_v1/Buckeye-Autodrive-Scoring-CAN-Part2_v1/Buckeye-Autodrive-Scoring-CAN-Part2/install/sub_can_processing:/home/tsz/Desktop/7_v1/Buckeye-Autodrive-Scoring-CAN-Part2_v1/Buckeye-Autodrive-Scoring-CAN-Part2/install/json2can:/home/tsz/Desktop/7_v1/Buckeye-Autodrive-Scoring-CAN-Part2_v1/Buckeye-Autodrive-Scoring-CAN-Part2/install/basic_subscriber:/opt/ros/foxy /usr/bin/cmake --install /home/tsz/Desktop/7_v1/Buckeye-Autodrive-Scoring-CAN-Part2_v1/Buckeye-Autodrive-Scoring-CAN-Part2/build/perception_comm
[8.026s] Level 1:colcon.colcon_core.environment:checking '/home/tsz/Desktop/7_v1/Buckeye-Autodrive-Scoring-CAN-Part2_v1/Buckeye-Autodrive-Scoring-CAN-Part2/install/perception_comm' for CMake module files
[8.027s] Level 1:colcon.colcon_core.environment:checking '/home/tsz/Desktop/7_v1/Buckeye-Autodrive-Scoring-CAN-Part2_v1/Buckeye-Autodrive-Scoring-CAN-Part2/install/perception_comm' for CMake config files
[8.027s] Level 1:colcon.colcon_core.shell:create_environment_hook('perception_comm', 'cmake_prefix_path')
[8.136s] INFO:colcon.colcon_core.shell:Creating environment hook '/home/tsz/Desktop/7_v1/Buckeye-Autodrive-Scoring-CAN-Part2_v1/Buckeye-Autodrive-Scoring-CAN-Part2/install/perception_comm/share/perception_comm/hook/cmake_prefix_path.ps1'
[8.137s] INFO:colcon.colcon_core.shell:Creating environment descriptor '/home/tsz/Desktop/7_v1/Buckeye-Autodrive-Scoring-CAN-Part2_v1/Buckeye-Autodrive-Scoring-CAN-Part2/install/perception_comm/share/perception_comm/hook/cmake_prefix_path.dsv'
[8.138s] INFO:colcon.colcon_core.shell:Creating environment hook '/home/tsz/Desktop/7_v1/Buckeye-Autodrive-Scoring-CAN-Part2_v1/Buckeye-Autodrive-Scoring-CAN-Part2/install/perception_comm/share/perception_comm/hook/cmake_prefix_path.sh'
[8.139s] Level 1:colcon.colcon_core.environment:checking '/home/tsz/Desktop/7_v1/Buckeye-Autodrive-Scoring-CAN-Part2_v1/Buckeye-Autodrive-Scoring-CAN-Part2/install/perception_comm/lib'
[8.139s] Level 1:colcon.colcon_core.shell:create_environment_hook('perception_comm', 'ld_library_path_lib')
[8.252s] INFO:colcon.colcon_core.shell:Creating environment hook '/home/tsz/Desktop/7_v1/Buckeye-Autodrive-Scoring-CAN-Part2_v1/Buckeye-Autodrive-Scoring-CAN-Part2/install/perception_comm/share/perception_comm/hook/ld_library_path_lib.ps1'
[8.253s] INFO:colcon.colcon_core.shell:Creating environment descriptor '/home/tsz/Desktop/7_v1/Buckeye-Autodrive-Scoring-CAN-Part2_v1/Buckeye-Autodrive-Scoring-CAN-Part2/install/perception_comm/share/perception_comm/hook/ld_library_path_lib.dsv'
[8.253s] INFO:colcon.colcon_core.shell:Creating environment hook '/home/tsz/Desktop/7_v1/Buckeye-Autodrive-Scoring-CAN-Part2_v1/Buckeye-Autodrive-Scoring-CAN-Part2/install/perception_comm/share/perception_comm/hook/ld_library_path_lib.sh'
[8.254s] Level 1:colcon.colcon_core.environment:checking '/home/tsz/Desktop/7_v1/Buckeye-Autodrive-Scoring-CAN-Part2_v1/Buckeye-Autodrive-Scoring-CAN-Part2/install/perception_comm/bin'
[8.254s] Level 1:colcon.colcon_core.environment:checking '/home/tsz/Desktop/7_v1/Buckeye-Autodrive-Scoring-CAN-Part2_v1/Buckeye-Autodrive-Scoring-CAN-Part2/install/perception_comm/lib/pkgconfig/perception_comm.pc'
[8.254s] Level 1:colcon.colcon_core.environment:checking '/home/tsz/Desktop/7_v1/Buckeye-Autodrive-Scoring-CAN-Part2_v1/Buckeye-Autodrive-Scoring-CAN-Part2/install/perception_comm/lib/python3.8/site-packages'
[8.255s] Level 1:colcon.colcon_core.shell:create_environment_hook('perception_comm', 'pythonpath')
[8.366s] INFO:colcon.colcon_core.shell:Creating environment hook '/home/tsz/Desktop/7_v1/Buckeye-Autodrive-Scoring-CAN-Part2_v1/Buckeye-Autodrive-Scoring-CAN-Part2/install/perception_comm/share/perception_comm/hook/pythonpath.ps1'
[8.367s] INFO:colcon.colcon_core.shell:Creating environment descriptor '/home/tsz/Desktop/7_v1/Buckeye-Autodrive-Scoring-CAN-Part2_v1/Buckeye-Autodrive-Scoring-CAN-Part2/install/perception_comm/share/perception_comm/hook/pythonpath.dsv'
[8.367s] INFO:colcon.colcon_core.shell:Creating environment hook '/home/tsz/Desktop/7_v1/Buckeye-Autodrive-Scoring-CAN-Part2_v1/Buckeye-Autodrive-Scoring-CAN-Part2/install/perception_comm/share/perception_comm/hook/pythonpath.sh'
[8.368s] Level 1:colcon.colcon_core.environment:checking '/home/tsz/Desktop/7_v1/Buckeye-Autodrive-Scoring-CAN-Part2_v1/Buckeye-Autodrive-Scoring-CAN-Part2/install/perception_comm/bin'
[8.476s] INFO:colcon.colcon_core.shell:Creating package script '/home/tsz/Desktop/7_v1/Buckeye-Autodrive-Scoring-CAN-Part2_v1/Buckeye-Autodrive-Scoring-CAN-Part2/install/perception_comm/share/perception_comm/package.ps1'
[8.478s] INFO:colcon.colcon_core.shell:Creating package descriptor '/home/tsz/Desktop/7_v1/Buckeye-Autodrive-Scoring-CAN-Part2_v1/Buckeye-Autodrive-Scoring-CAN-Part2/install/perception_comm/share/perception_comm/package.dsv'
[8.479s] INFO:colcon.colcon_core.shell:Creating package script '/home/tsz/Desktop/7_v1/Buckeye-Autodrive-Scoring-CAN-Part2_v1/Buckeye-Autodrive-Scoring-CAN-Part2/install/perception_comm/share/perception_comm/package.sh'
[8.481s] INFO:colcon.colcon_core.shell:Creating package script '/home/tsz/Desktop/7_v1/Buckeye-Autodrive-Scoring-CAN-Part2_v1/Buckeye-Autodrive-Scoring-CAN-Part2/install/perception_comm/share/perception_comm/package.bash'
[8.482s] INFO:colcon.colcon_core.shell:Creating package script '/home/tsz/Desktop/7_v1/Buckeye-Autodrive-Scoring-CAN-Part2_v1/Buckeye-Autodrive-Scoring-CAN-Part2/install/perception_comm/share/perception_comm/package.zsh'
[8.483s] Level 1:colcon.colcon_core.environment:create_file_with_runtime_dependencies(/home/tsz/Desktop/7_v1/Buckeye-Autodrive-Scoring-CAN-Part2_v1/Buckeye-Autodrive-Scoring-CAN-Part2/install/perception_comm/share/colcon-core/packages/perception_comm)
[8.610s] DEBUG:colcon.colcon_core.event_handler.log_command:Invoking command in '/home/tsz/Desktop/7_v1/Buckeye-Autodrive-Scoring-CAN-Part2_v1/Buckeye-Autodrive-Scoring-CAN-Part2/src/basic_subscriber': PYTHONPATH=/home/tsz/Desktop/7_v1/Buckeye-Autodrive-Scoring-CAN-Part2_v1/Buckeye-Autodrive-Scoring-CAN-Part2/build/basic_subscriber/prefix_override:/home/tsz/Desktop/7_v1/Buckeye-Autodrive-Scoring-CAN-Part2_v1/Buckeye-Autodrive-Scoring-CAN-Part2/install/basic_subscriber/lib/python3.8/site-packages:${PYTHONPATH} /usr/bin/python3 setup.py egg_info --egg-base ../../build/basic_subscriber build --build-base /home/tsz/Desktop/7_v1/Buckeye-Autodrive-Scoring-CAN-Part2_v1/Buckeye-Autodrive-Scoring-CAN-Part2/build/basic_subscriber/build install --record /home/tsz/Desktop/7_v1/Buckeye-Autodrive-Scoring-CAN-Part2_v1/Buckeye-Autodrive-Scoring-CAN-Part2/build/basic_subscriber/install.log --install-scripts $base/lib/basic_subscriber --single-version-externally-managed
[8.634s] DEBUG:colcon.colcon_core.event_handler.log_command:Invoking command in '/home/tsz/Desktop/7_v1/Buckeye-Autodrive-Scoring-CAN-Part2_v1/Buckeye-Autodrive-Scoring-CAN-Part2/src/json2can': PYTHONPATH=/home/tsz/Desktop/7_v1/Buckeye-Autodrive-Scoring-CAN-Part2_v1/Buckeye-Autodrive-Scoring-CAN-Part2/build/json2can/prefix_override:/home/tsz/Desktop/7_v1/Buckeye-Autodrive-Scoring-CAN-Part2_v1/Buckeye-Autodrive-Scoring-CAN-Part2/install/json2can/lib/python3.8/site-packages:${PYTHONPATH} /usr/bin/python3 setup.py egg_info --egg-base ../../build/json2can build --build-base /home/tsz/Desktop/7_v1/Buckeye-Autodrive-Scoring-CAN-Part2_v1/Buckeye-Autodrive-Scoring-CAN-Part2/build/json2can/build install --record /home/tsz/Desktop/7_v1/Buckeye-Autodrive-Scoring-CAN-Part2_v1/Buckeye-Autodrive-Scoring-CAN-Part2/build/json2can/install.log --single-version-externally-managed
[8.666s] DEBUG:colcon.colcon_core.event_handler.log_command:Invoking command in '/home/tsz/Desktop/7_v1/Buckeye-Autodrive-Scoring-CAN-Part2_v1/Buckeye-Autodrive-Scoring-CAN-Part2/src/sub_can_processing': PYTHONPATH=/home/tsz/Desktop/7_v1/Buckeye-Autodrive-Scoring-CAN-Part2_v1/Buckeye-Autodrive-Scoring-CAN-Part2/build/sub_can_processing/prefix_override:/home/tsz/Desktop/7_v1/Buckeye-Autodrive-Scoring-CAN-Part2_v1/Buckeye-Autodrive-Scoring-CAN-Part2/install/sub_can_processing/lib/python3.8/site-packages:${PYTHONPATH} /usr/bin/python3 setup.py egg_info --egg-base ../../build/sub_can_processing build --build-base /home/tsz/Desktop/7_v1/Buckeye-Autodrive-Scoring-CAN-Part2_v1/Buckeye-Autodrive-Scoring-CAN-Part2/build/sub_can_processing/build install --record /home/tsz/Desktop/7_v1/Buckeye-Autodrive-Scoring-CAN-Part2_v1/Buckeye-Autodrive-Scoring-CAN-Part2/build/sub_can_processing/install.log --install-scripts $base/lib/sub_can_processing --single-version-externally-managed
[8.672s] DEBUG:colcon.colcon_core.event_handler.log_command:Invoking command in '/home/tsz/Desktop/7_v1/Buckeye-Autodrive-Scoring-CAN-Part2_v1/Buckeye-Autodrive-Scoring-CAN-Part2/src/v2x_send': PYTHONPATH=/home/tsz/Desktop/7_v1/Buckeye-Autodrive-Scoring-CAN-Part2_v1/Buckeye-Autodrive-Scoring-CAN-Part2/build/v2x_send/prefix_override:/home/tsz/Desktop/7_v1/Buckeye-Autodrive-Scoring-CAN-Part2_v1/Buckeye-Autodrive-Scoring-CAN-Part2/install/v2x_send/lib/python3.8/site-packages:${PYTHONPATH} /usr/bin/python3 setup.py egg_info --egg-base ../../build/v2x_send build --build-base /home/tsz/Desktop/7_v1/Buckeye-Autodrive-Scoring-CAN-Part2_v1/Buckeye-Autodrive-Scoring-CAN-Part2/build/v2x_send/build install --record /home/tsz/Desktop/7_v1/Buckeye-Autodrive-Scoring-CAN-Part2_v1/Buckeye-Autodrive-Scoring-CAN-Part2/build/v2x_send/install.log --install-scripts $base/lib/v2x_send --single-version-externally-managed
[8.677s] DEBUG:colcon.colcon_core.event_handler.log_command:Invoking command in '/home/tsz/Desktop/7_v1/Buckeye-Autodrive-Scoring-CAN-Part2_v1/Buckeye-Autodrive-Scoring-CAN-Part2/src/sub_can_processing_single': PYTHONPATH=/home/tsz/Desktop/7_v1/Buckeye-Autodrive-Scoring-CAN-Part2_v1/Buckeye-Autodrive-Scoring-CAN-Part2/build/sub_can_processing_single/prefix_override:/home/tsz/Desktop/7_v1/Buckeye-Autodrive-Scoring-CAN-Part2_v1/Buckeye-Autodrive-Scoring-CAN-Part2/install/sub_can_processing_single/lib/python3.8/site-packages:${PYTHONPATH} /usr/bin/python3 setup.py egg_info --egg-base ../../build/sub_can_processing_single build --build-base /home/tsz/Desktop/7_v1/Buckeye-Autodrive-Scoring-CAN-Part2_v1/Buckeye-Autodrive-Scoring-CAN-Part2/build/sub_can_processing_single/build install --record /home/tsz/Desktop/7_v1/Buckeye-Autodrive-Scoring-CAN-Part2_v1/Buckeye-Autodrive-Scoring-CAN-Part2/build/sub_can_processing_single/install.log --install-scripts $base/lib/sub_can_processing_single --single-version-externally-managed
[8.683s] DEBUG:colcon.colcon_core.event_handler.log_command:Invoking command in '/home/tsz/Desktop/7_v1/Buckeye-Autodrive-Scoring-CAN-Part2_v1/Buckeye-Autodrive-Scoring-CAN-Part2/src/v2x_send_spat': PYTHONPATH=/home/tsz/Desktop/7_v1/Buckeye-Autodrive-Scoring-CAN-Part2_v1/Buckeye-Autodrive-Scoring-CAN-Part2/build/v2x_send_spat/prefix_override:/home/tsz/Desktop/7_v1/Buckeye-Autodrive-Scoring-CAN-Part2_v1/Buckeye-Autodrive-Scoring-CAN-Part2/install/v2x_send_spat/lib/python3.8/site-packages:${PYTHONPATH} /usr/bin/python3 setup.py egg_info --egg-base ../../build/v2x_send_spat build --build-base /home/tsz/Desktop/7_v1/Buckeye-Autodrive-Scoring-CAN-Part2_v1/Buckeye-Autodrive-Scoring-CAN-Part2/build/v2x_send_spat/build install --record /home/tsz/Desktop/7_v1/Buckeye-Autodrive-Scoring-CAN-Part2_v1/Buckeye-Autodrive-Scoring-CAN-Part2/build/v2x_send_spat/install.log --single-version-externally-managed
[8.842s] Level 1:colcon.colcon_core.environment:create_environment_scripts_only(perception_comm)
[8.948s] Level 1:colcon.colcon_core.environment:checking '/home/tsz/Desktop/7_v1/Buckeye-Autodrive-Scoring-CAN-Part2_v1/Buckeye-Autodrive-Scoring-CAN-Part2/install/perception_comm' for CMake module files
[8.949s] Level 1:colcon.colcon_core.environment:checking '/home/tsz/Desktop/7_v1/Buckeye-Autodrive-Scoring-CAN-Part2_v1/Buckeye-Autodrive-Scoring-CAN-Part2/install/perception_comm' for CMake config files
[8.949s] Level 1:colcon.colcon_core.shell:create_environment_hook('perception_comm', 'cmake_prefix_path')
[9.054s] INFO:colcon.colcon_core.shell:Creating environment hook '/home/tsz/Desktop/7_v1/Buckeye-Autodrive-Scoring-CAN-Part2_v1/Buckeye-Autodrive-Scoring-CAN-Part2/install/perception_comm/share/perception_comm/hook/cmake_prefix_path.ps1'
[9.054s] INFO:colcon.colcon_core.shell:Creating environment descriptor '/home/tsz/Desktop/7_v1/Buckeye-Autodrive-Scoring-CAN-Part2_v1/Buckeye-Autodrive-Scoring-CAN-Part2/install/perception_comm/share/perception_comm/hook/cmake_prefix_path.dsv'
[9.055s] INFO:colcon.colcon_core.shell:Creating environment hook '/home/tsz/Desktop/7_v1/Buckeye-Autodrive-Scoring-CAN-Part2_v1/Buckeye-Autodrive-Scoring-CAN-Part2/install/perception_comm/share/perception_comm/hook/cmake_prefix_path.sh'
[9.056s] Level 1:colcon.colcon_core.environment:checking '/home/tsz/Desktop/7_v1/Buckeye-Autodrive-Scoring-CAN-Part2_v1/Buckeye-Autodrive-Scoring-CAN-Part2/install/perception_comm/lib'
[9.056s] Level 1:colcon.colcon_core.shell:create_environment_hook('perception_comm', 'ld_library_path_lib')
[9.194s] INFO:colcon.colcon_core.shell:Creating environment hook '/home/tsz/Desktop/7_v1/Buckeye-Autodrive-Scoring-CAN-Part2_v1/Buckeye-Autodrive-Scoring-CAN-Part2/install/perception_comm/share/perception_comm/hook/ld_library_path_lib.ps1'
[9.196s] INFO:colcon.colcon_core.shell:Creating environment descriptor '/home/tsz/Desktop/7_v1/Buckeye-Autodrive-Scoring-CAN-Part2_v1/Buckeye-Autodrive-Scoring-CAN-Part2/install/perception_comm/share/perception_comm/hook/ld_library_path_lib.dsv'
[9.196s] INFO:colcon.colcon_core.shell:Creating environment hook '/home/tsz/Desktop/7_v1/Buckeye-Autodrive-Scoring-CAN-Part2_v1/Buckeye-Autodrive-Scoring-CAN-Part2/install/perception_comm/share/perception_comm/hook/ld_library_path_lib.sh'
[9.199s] Level 1:colcon.colcon_core.environment:checking '/home/tsz/Desktop/7_v1/Buckeye-Autodrive-Scoring-CAN-Part2_v1/Buckeye-Autodrive-Scoring-CAN-Part2/install/perception_comm/bin'
[9.199s] Level 1:colcon.colcon_core.environment:checking '/home/tsz/Desktop/7_v1/Buckeye-Autodrive-Scoring-CAN-Part2_v1/Buckeye-Autodrive-Scoring-CAN-Part2/install/perception_comm/lib/pkgconfig/perception_comm.pc'
[9.199s] Level 1:colcon.colcon_core.environment:checking '/home/tsz/Desktop/7_v1/Buckeye-Autodrive-Scoring-CAN-Part2_v1/Buckeye-Autodrive-Scoring-CAN-Part2/install/perception_comm/lib/python3.8/site-packages'
[9.199s] Level 1:colcon.colcon_core.shell:create_environment_hook('perception_comm', 'pythonpath')
[9.307s] INFO:colcon.colcon_core.shell:Creating environment hook '/home/tsz/Desktop/7_v1/Buckeye-Autodrive-Scoring-CAN-Part2_v1/Buckeye-Autodrive-Scoring-CAN-Part2/install/perception_comm/share/perception_comm/hook/pythonpath.ps1'
[9.307s] INFO:colcon.colcon_core.shell:Creating environment descriptor '/home/tsz/Desktop/7_v1/Buckeye-Autodrive-Scoring-CAN-Part2_v1/Buckeye-Autodrive-Scoring-CAN-Part2/install/perception_comm/share/perception_comm/hook/pythonpath.dsv'
[9.308s] INFO:colcon.colcon_core.shell:Creating environment hook '/home/tsz/Desktop/7_v1/Buckeye-Autodrive-Scoring-CAN-Part2_v1/Buckeye-Autodrive-Scoring-CAN-Part2/install/perception_comm/share/perception_comm/hook/pythonpath.sh'
[9.308s] Level 1:colcon.colcon_core.environment:checking '/home/tsz/Desktop/7_v1/Buckeye-Autodrive-Scoring-CAN-Part2_v1/Buckeye-Autodrive-Scoring-CAN-Part2/install/perception_comm/bin'
[9.366s] INFO:colcon.colcon_core.shell:Creating package script '/home/tsz/Desktop/7_v1/Buckeye-Autodrive-Scoring-CAN-Part2_v1/Buckeye-Autodrive-Scoring-CAN-Part2/install/perception_comm/share/perception_comm/package.ps1'
[9.367s] INFO:colcon.colcon_core.shell:Creating package descriptor '/home/tsz/Desktop/7_v1/Buckeye-Autodrive-Scoring-CAN-Part2_v1/Buckeye-Autodrive-Scoring-CAN-Part2/install/perception_comm/share/perception_comm/package.dsv'
[9.367s] INFO:colcon.colcon_core.shell:Creating package script '/home/tsz/Desktop/7_v1/Buckeye-Autodrive-Scoring-CAN-Part2_v1/Buckeye-Autodrive-Scoring-CAN-Part2/install/perception_comm/share/perception_comm/package.sh'
[9.368s] INFO:colcon.colcon_core.shell:Creating package script '/home/tsz/Desktop/7_v1/Buckeye-Autodrive-Scoring-CAN-Part2_v1/Buckeye-Autodrive-Scoring-CAN-Part2/install/perception_comm/share/perception_comm/package.bash'
[9.368s] INFO:colcon.colcon_core.shell:Creating package script '/home/tsz/Desktop/7_v1/Buckeye-Autodrive-Scoring-CAN-Part2_v1/Buckeye-Autodrive-Scoring-CAN-Part2/install/perception_comm/share/perception_comm/package.zsh'
[9.368s] Level 1:colcon.colcon_core.environment:create_file_with_runtime_dependencies(/home/tsz/Desktop/7_v1/Buckeye-Autodrive-Scoring-CAN-Part2_v1/Buckeye-Autodrive-Scoring-CAN-Part2/install/perception_comm/share/colcon-core/packages/perception_comm)
[9.372s] DEBUG:colcon.colcon_core.event_handler.log_command:Invoked command in '/home/tsz/Desktop/7_v1/Buckeye-Autodrive-Scoring-CAN-Part2_v1/Buckeye-Autodrive-Scoring-CAN-Part2/src/json2can' returned '0': PYTHONPATH=/home/tsz/Desktop/7_v1/Buckeye-Autodrive-Scoring-CAN-Part2_v1/Buckeye-Autodrive-Scoring-CAN-Part2/build/json2can/prefix_override:/home/tsz/Desktop/7_v1/Buckeye-Autodrive-Scoring-CAN-Part2_v1/Buckeye-Autodrive-Scoring-CAN-Part2/install/json2can/lib/python3.8/site-packages:${PYTHONPATH} /usr/bin/python3 setup.py egg_info --egg-base ../../build/json2can build --build-base /home/tsz/Desktop/7_v1/Buckeye-Autodrive-Scoring-CAN-Part2_v1/Buckeye-Autodrive-Scoring-CAN-Part2/build/json2can/build install --record /home/tsz/Desktop/7_v1/Buckeye-Autodrive-Scoring-CAN-Part2_v1/Buckeye-Autodrive-Scoring-CAN-Part2/build/json2can/install.log --single-version-externally-managed
[9.432s] Level 1:colcon.colcon_core.environment:checking '/home/tsz/Desktop/7_v1/Buckeye-Autodrive-Scoring-CAN-Part2_v1/Buckeye-Autodrive-Scoring-CAN-Part2/install/json2can' for CMake module files
[9.432s] Level 1:colcon.colcon_core.environment:checking '/home/tsz/Desktop/7_v1/Buckeye-Autodrive-Scoring-CAN-Part2_v1/Buckeye-Autodrive-Scoring-CAN-Part2/install/json2can' for CMake config files
[9.433s] Level 1:colcon.colcon_core.environment:checking '/home/tsz/Desktop/7_v1/Buckeye-Autodrive-Scoring-CAN-Part2_v1/Buckeye-Autodrive-Scoring-CAN-Part2/install/json2can/lib'
[9.433s] Level 1:colcon.colcon_core.environment:checking '/home/tsz/Desktop/7_v1/Buckeye-Autodrive-Scoring-CAN-Part2_v1/Buckeye-Autodrive-Scoring-CAN-Part2/install/json2can/bin'
[9.433s] Level 1:colcon.colcon_core.shell:create_environment_hook('json2can', 'path')
[9.487s] INFO:colcon.colcon_core.shell:Creating environment hook '/home/tsz/Desktop/7_v1/Buckeye-Autodrive-Scoring-CAN-Part2_v1/Buckeye-Autodrive-Scoring-CAN-Part2/install/json2can/share/json2can/hook/path.ps1'
[9.487s] INFO:colcon.colcon_core.shell:Creating environment descriptor '/home/tsz/Desktop/7_v1/Buckeye-Autodrive-Scoring-CAN-Part2_v1/Buckeye-Autodrive-Scoring-CAN-Part2/install/json2can/share/json2can/hook/path.dsv'
[9.487s] INFO:colcon.colcon_core.shell:Creating environment hook '/home/tsz/Desktop/7_v1/Buckeye-Autodrive-Scoring-CAN-Part2_v1/Buckeye-Autodrive-Scoring-CAN-Part2/install/json2can/share/json2can/hook/path.sh'
[9.488s] Level 1:colcon.colcon_core.environment:checking '/home/tsz/Desktop/7_v1/Buckeye-Autodrive-Scoring-CAN-Part2_v1/Buckeye-Autodrive-Scoring-CAN-Part2/install/json2can/lib/pkgconfig/json2can.pc'
[9.488s] Level 1:colcon.colcon_core.environment:checking '/home/tsz/Desktop/7_v1/Buckeye-Autodrive-Scoring-CAN-Part2_v1/Buckeye-Autodrive-Scoring-CAN-Part2/install/json2can/lib/python3.8/site-packages'
[9.488s] Level 1:colcon.colcon_core.shell:create_environment_hook('json2can', 'pythonpath')
[9.533s] INFO:colcon.colcon_core.shell:Creating environment hook '/home/tsz/Desktop/7_v1/Buckeye-Autodrive-Scoring-CAN-Part2_v1/Buckeye-Autodrive-Scoring-CAN-Part2/install/json2can/share/json2can/hook/pythonpath.ps1'
[9.534s] INFO:colcon.colcon_core.shell:Creating environment descriptor '/home/tsz/Desktop/7_v1/Buckeye-Autodrive-Scoring-CAN-Part2_v1/Buckeye-Autodrive-Scoring-CAN-Part2/install/json2can/share/json2can/hook/pythonpath.dsv'
[9.534s] INFO:colcon.colcon_core.shell:Creating environment hook '/home/tsz/Desktop/7_v1/Buckeye-Autodrive-Scoring-CAN-Part2_v1/Buckeye-Autodrive-Scoring-CAN-Part2/install/json2can/share/json2can/hook/pythonpath.sh'
[9.534s] Level 1:colcon.colcon_core.environment:checking '/home/tsz/Desktop/7_v1/Buckeye-Autodrive-Scoring-CAN-Part2_v1/Buckeye-Autodrive-Scoring-CAN-Part2/install/json2can/bin'
[9.535s] Level 1:colcon.colcon_core.shell:create_environment_hook('json2can', 'pythonscriptspath')
[9.581s] INFO:colcon.colcon_core.shell:Creating environment hook '/home/tsz/Desktop/7_v1/Buckeye-Autodrive-Scoring-CAN-Part2_v1/Buckeye-Autodrive-Scoring-CAN-Part2/install/json2can/share/json2can/hook/pythonscriptspath.ps1'
[9.581s] INFO:colcon.colcon_core.shell:Creating environment descriptor '/home/tsz/Desktop/7_v1/Buckeye-Autodrive-Scoring-CAN-Part2_v1/Buckeye-Autodrive-Scoring-CAN-Part2/install/json2can/share/json2can/hook/pythonscriptspath.dsv'
[9.582s] INFO:colcon.colcon_core.shell:Creating environment hook '/home/tsz/Desktop/7_v1/Buckeye-Autodrive-Scoring-CAN-Part2_v1/Buckeye-Autodrive-Scoring-CAN-Part2/install/json2can/share/json2can/hook/pythonscriptspath.sh'
[9.582s] Level 1:colcon.colcon_core.environment:create_environment_scripts_only(json2can)
[9.630s] INFO:colcon.colcon_core.shell:Creating package script '/home/tsz/Desktop/7_v1/Buckeye-Autodrive-Scoring-CAN-Part2_v1/Buckeye-Autodrive-Scoring-CAN-Part2/install/json2can/share/json2can/package.ps1'
[9.630s] INFO:colcon.colcon_core.shell:Creating package descriptor '/home/tsz/Desktop/7_v1/Buckeye-Autodrive-Scoring-CAN-Part2_v1/Buckeye-Autodrive-Scoring-CAN-Part2/install/json2can/share/json2can/package.dsv'
[9.631s] INFO:colcon.colcon_core.shell:Creating package script '/home/tsz/Desktop/7_v1/Buckeye-Autodrive-Scoring-CAN-Part2_v1/Buckeye-Autodrive-Scoring-CAN-Part2/install/json2can/share/json2can/package.sh'
[9.632s] INFO:colcon.colcon_core.shell:Creating package script '/home/tsz/Desktop/7_v1/Buckeye-Autodrive-Scoring-CAN-Part2_v1/Buckeye-Autodrive-Scoring-CAN-Part2/install/json2can/share/json2can/package.bash'
[9.632s] INFO:colcon.colcon_core.shell:Creating package script '/home/tsz/Desktop/7_v1/Buckeye-Autodrive-Scoring-CAN-Part2_v1/Buckeye-Autodrive-Scoring-CAN-Part2/install/json2can/share/json2can/package.zsh'
[9.632s] Level 1:colcon.colcon_core.environment:create_file_with_runtime_dependencies(/home/tsz/Desktop/7_v1/Buckeye-Autodrive-Scoring-CAN-Part2_v1/Buckeye-Autodrive-Scoring-CAN-Part2/install/json2can/share/colcon-core/packages/json2can)
[9.634s] DEBUG:colcon.colcon_core.event_handler.log_command:Invoked command in '/home/tsz/Desktop/7_v1/Buckeye-Autodrive-Scoring-CAN-Part2_v1/Buckeye-Autodrive-Scoring-CAN-Part2/src/basic_subscriber' returned '0': PYTHONPATH=/home/tsz/Desktop/7_v1/Buckeye-Autodrive-Scoring-CAN-Part2_v1/Buckeye-Autodrive-Scoring-CAN-Part2/build/basic_subscriber/prefix_override:/home/tsz/Desktop/7_v1/Buckeye-Autodrive-Scoring-CAN-Part2_v1/Buckeye-Autodrive-Scoring-CAN-Part2/install/basic_subscriber/lib/python3.8/site-packages:${PYTHONPATH} /usr/bin/python3 setup.py egg_info --egg-base ../../build/basic_subscriber build --build-base /home/tsz/Desktop/7_v1/Buckeye-Autodrive-Scoring-CAN-Part2_v1/Buckeye-Autodrive-Scoring-CAN-Part2/build/basic_subscriber/build install --record /home/tsz/Desktop/7_v1/Buckeye-Autodrive-Scoring-CAN-Part2_v1/Buckeye-Autodrive-Scoring-CAN-Part2/build/basic_subscriber/install.log --install-scripts $base/lib/basic_subscriber --single-version-externally-managed
[9.683s] Level 1:colcon.colcon_core.environment:checking '/home/tsz/Desktop/7_v1/Buckeye-Autodrive-Scoring-CAN-Part2_v1/Buckeye-Autodrive-Scoring-CAN-Part2/install/basic_subscriber' for CMake module files
[9.683s] Level 1:colcon.colcon_core.environment:checking '/home/tsz/Desktop/7_v1/Buckeye-Autodrive-Scoring-CAN-Part2_v1/Buckeye-Autodrive-Scoring-CAN-Part2/install/basic_subscriber' for CMake config files
[9.683s] Level 1:colcon.colcon_core.environment:checking '/home/tsz/Desktop/7_v1/Buckeye-Autodrive-Scoring-CAN-Part2_v1/Buckeye-Autodrive-Scoring-CAN-Part2/install/basic_subscriber/lib'
[9.684s] Level 1:colcon.colcon_core.environment:checking '/home/tsz/Desktop/7_v1/Buckeye-Autodrive-Scoring-CAN-Part2_v1/Buckeye-Autodrive-Scoring-CAN-Part2/install/basic_subscriber/bin'
[9.684s] Level 1:colcon.colcon_core.environment:checking '/home/tsz/Desktop/7_v1/Buckeye-Autodrive-Scoring-CAN-Part2_v1/Buckeye-Autodrive-Scoring-CAN-Part2/install/basic_subscriber/lib/pkgconfig/basic_subscriber.pc'
[9.684s] Level 1:colcon.colcon_core.environment:checking '/home/tsz/Desktop/7_v1/Buckeye-Autodrive-Scoring-CAN-Part2_v1/Buckeye-Autodrive-Scoring-CAN-Part2/install/basic_subscriber/lib/python3.8/site-packages'
[9.684s] Level 1:colcon.colcon_core.shell:create_environment_hook('basic_subscriber', 'pythonpath')
[9.732s] INFO:colcon.colcon_core.shell:Creating environment hook '/home/tsz/Desktop/7_v1/Buckeye-Autodrive-Scoring-CAN-Part2_v1/Buckeye-Autodrive-Scoring-CAN-Part2/install/basic_subscriber/share/basic_subscriber/hook/pythonpath.ps1'
[9.732s] INFO:colcon.colcon_core.shell:Creating environment descriptor '/home/tsz/Desktop/7_v1/Buckeye-Autodrive-Scoring-CAN-Part2_v1/Buckeye-Autodrive-Scoring-CAN-Part2/install/basic_subscriber/share/basic_subscriber/hook/pythonpath.dsv'
[9.732s] INFO:colcon.colcon_core.shell:Creating environment hook '/home/tsz/Desktop/7_v1/Buckeye-Autodrive-Scoring-CAN-Part2_v1/Buckeye-Autodrive-Scoring-CAN-Part2/install/basic_subscriber/share/basic_subscriber/hook/pythonpath.sh'
[9.733s] Level 1:colcon.colcon_core.environment:checking '/home/tsz/Desktop/7_v1/Buckeye-Autodrive-Scoring-CAN-Part2_v1/Buckeye-Autodrive-Scoring-CAN-Part2/install/basic_subscriber/bin'
[9.733s] Level 1:colcon.colcon_core.environment:create_environment_scripts_only(basic_subscriber)
[9.790s] INFO:colcon.colcon_core.shell:Creating package script '/home/tsz/Desktop/7_v1/Buckeye-Autodrive-Scoring-CAN-Part2_v1/Buckeye-Autodrive-Scoring-CAN-Part2/install/basic_subscriber/share/basic_subscriber/package.ps1'
[9.791s] INFO:colcon.colcon_core.shell:Creating package descriptor '/home/tsz/Desktop/7_v1/Buckeye-Autodrive-Scoring-CAN-Part2_v1/Buckeye-Autodrive-Scoring-CAN-Part2/install/basic_subscriber/share/basic_subscriber/package.dsv'
[9.791s] INFO:colcon.colcon_core.shell:Creating package script '/home/tsz/Desktop/7_v1/Buckeye-Autodrive-Scoring-CAN-Part2_v1/Buckeye-Autodrive-Scoring-CAN-Part2/install/basic_subscriber/share/basic_subscriber/package.sh'
[9.791s] INFO:colcon.colcon_core.shell:Creating package script '/home/tsz/Desktop/7_v1/Buckeye-Autodrive-Scoring-CAN-Part2_v1/Buckeye-Autodrive-Scoring-CAN-Part2/install/basic_subscriber/share/basic_subscriber/package.bash'
[9.792s] INFO:colcon.colcon_core.shell:Creating package script '/home/tsz/Desktop/7_v1/Buckeye-Autodrive-Scoring-CAN-Part2_v1/Buckeye-Autodrive-Scoring-CAN-Part2/install/basic_subscriber/share/basic_subscriber/package.zsh'
[9.792s] Level 1:colcon.colcon_core.environment:create_file_with_runtime_dependencies(/home/tsz/Desktop/7_v1/Buckeye-Autodrive-Scoring-CAN-Part2_v1/Buckeye-Autodrive-Scoring-CAN-Part2/install/basic_subscriber/share/colcon-core/packages/basic_subscriber)
[9.793s] DEBUG:colcon.colcon_core.event_handler.log_command:Invoked command in '/home/tsz/Desktop/7_v1/Buckeye-Autodrive-Scoring-CAN-Part2_v1/Buckeye-Autodrive-Scoring-CAN-Part2/src/sub_can_processing' returned '0': PYTHONPATH=/home/tsz/Desktop/7_v1/Buckeye-Autodrive-Scoring-CAN-Part2_v1/Buckeye-Autodrive-Scoring-CAN-Part2/build/sub_can_processing/prefix_override:/home/tsz/Desktop/7_v1/Buckeye-Autodrive-Scoring-CAN-Part2_v1/Buckeye-Autodrive-Scoring-CAN-Part2/install/sub_can_processing/lib/python3.8/site-packages:${PYTHONPATH} /usr/bin/python3 setup.py egg_info --egg-base ../../build/sub_can_processing build --build-base /home/tsz/Desktop/7_v1/Buckeye-Autodrive-Scoring-CAN-Part2_v1/Buckeye-Autodrive-Scoring-CAN-Part2/build/sub_can_processing/build install --record /home/tsz/Desktop/7_v1/Buckeye-Autodrive-Scoring-CAN-Part2_v1/Buckeye-Autodrive-Scoring-CAN-Part2/build/sub_can_processing/install.log --install-scripts $base/lib/sub_can_processing --single-version-externally-managed
[9.841s] Level 1:colcon.colcon_core.environment:checking '/home/tsz/Desktop/7_v1/Buckeye-Autodrive-Scoring-CAN-Part2_v1/Buckeye-Autodrive-Scoring-CAN-Part2/install/sub_can_processing' for CMake module files
[9.841s] Level 1:colcon.colcon_core.environment:checking '/home/tsz/Desktop/7_v1/Buckeye-Autodrive-Scoring-CAN-Part2_v1/Buckeye-Autodrive-Scoring-CAN-Part2/install/sub_can_processing' for CMake config files
[9.842s] Level 1:colcon.colcon_core.environment:checking '/home/tsz/Desktop/7_v1/Buckeye-Autodrive-Scoring-CAN-Part2_v1/Buckeye-Autodrive-Scoring-CAN-Part2/install/sub_can_processing/lib'
[9.842s] Level 1:colcon.colcon_core.environment:checking '/home/tsz/Desktop/7_v1/Buckeye-Autodrive-Scoring-CAN-Part2_v1/Buckeye-Autodrive-Scoring-CAN-Part2/install/sub_can_processing/bin'
[9.842s] Level 1:colcon.colcon_core.environment:checking '/home/tsz/Desktop/7_v1/Buckeye-Autodrive-Scoring-CAN-Part2_v1/Buckeye-Autodrive-Scoring-CAN-Part2/install/sub_can_processing/lib/pkgconfig/sub_can_processing.pc'
[9.842s] Level 1:colcon.colcon_core.environment:checking '/home/tsz/Desktop/7_v1/Buckeye-Autodrive-Scoring-CAN-Part2_v1/Buckeye-Autodrive-Scoring-CAN-Part2/install/sub_can_processing/lib/python3.8/site-packages'
[9.842s] Level 1:colcon.colcon_core.shell:create_environment_hook('sub_can_processing', 'pythonpath')
[9.892s] INFO:colcon.colcon_core.shell:Creating environment hook '/home/tsz/Desktop/7_v1/Buckeye-Autodrive-Scoring-CAN-Part2_v1/Buckeye-Autodrive-Scoring-CAN-Part2/install/sub_can_processing/share/sub_can_processing/hook/pythonpath.ps1'
[9.893s] INFO:colcon.colcon_core.shell:Creating environment descriptor '/home/tsz/Desktop/7_v1/Buckeye-Autodrive-Scoring-CAN-Part2_v1/Buckeye-Autodrive-Scoring-CAN-Part2/install/sub_can_processing/share/sub_can_processing/hook/pythonpath.dsv'
[9.893s] INFO:colcon.colcon_core.shell:Creating environment hook '/home/tsz/Desktop/7_v1/Buckeye-Autodrive-Scoring-CAN-Part2_v1/Buckeye-Autodrive-Scoring-CAN-Part2/install/sub_can_processing/share/sub_can_processing/hook/pythonpath.sh'
[9.894s] Level 1:colcon.colcon_core.environment:checking '/home/tsz/Desktop/7_v1/Buckeye-Autodrive-Scoring-CAN-Part2_v1/Buckeye-Autodrive-Scoring-CAN-Part2/install/sub_can_processing/bin'
[9.894s] Level 1:colcon.colcon_core.environment:create_environment_scripts_only(sub_can_processing)
[9.950s] INFO:colcon.colcon_core.shell:Creating package script '/home/tsz/Desktop/7_v1/Buckeye-Autodrive-Scoring-CAN-Part2_v1/Buckeye-Autodrive-Scoring-CAN-Part2/install/sub_can_processing/share/sub_can_processing/package.ps1'
[9.950s] INFO:colcon.colcon_core.shell:Creating package descriptor '/home/tsz/Desktop/7_v1/Buckeye-Autodrive-Scoring-CAN-Part2_v1/Buckeye-Autodrive-Scoring-CAN-Part2/install/sub_can_processing/share/sub_can_processing/package.dsv'
[9.951s] INFO:colcon.colcon_core.shell:Creating package script '/home/tsz/Desktop/7_v1/Buckeye-Autodrive-Scoring-CAN-Part2_v1/Buckeye-Autodrive-Scoring-CAN-Part2/install/sub_can_processing/share/sub_can_processing/package.sh'
[9.951s] INFO:colcon.colcon_core.shell:Creating package script '/home/tsz/Desktop/7_v1/Buckeye-Autodrive-Scoring-CAN-Part2_v1/Buckeye-Autodrive-Scoring-CAN-Part2/install/sub_can_processing/share/sub_can_processing/package.bash'
[9.952s] INFO:colcon.colcon_core.shell:Creating package script '/home/tsz/Desktop/7_v1/Buckeye-Autodrive-Scoring-CAN-Part2_v1/Buckeye-Autodrive-Scoring-CAN-Part2/install/sub_can_processing/share/sub_can_processing/package.zsh'
[9.952s] Level 1:colcon.colcon_core.environment:create_file_with_runtime_dependencies(/home/tsz/Desktop/7_v1/Buckeye-Autodrive-Scoring-CAN-Part2_v1/Buckeye-Autodrive-Scoring-CAN-Part2/install/sub_can_processing/share/colcon-core/packages/sub_can_processing)
[9.954s] DEBUG:colcon.colcon_core.event_handler.log_command:Invoked command in '/home/tsz/Desktop/7_v1/Buckeye-Autodrive-Scoring-CAN-Part2_v1/Buckeye-Autodrive-Scoring-CAN-Part2/src/v2x_send' returned '0': PYTHONPATH=/home/tsz/Desktop/7_v1/Buckeye-Autodrive-Scoring-CAN-Part2_v1/Buckeye-Autodrive-Scoring-CAN-Part2/build/v2x_send/prefix_override:/home/tsz/Desktop/7_v1/Buckeye-Autodrive-Scoring-CAN-Part2_v1/Buckeye-Autodrive-Scoring-CAN-Part2/install/v2x_send/lib/python3.8/site-packages:${PYTHONPATH} /usr/bin/python3 setup.py egg_info --egg-base ../../build/v2x_send build --build-base /home/tsz/Desktop/7_v1/Buckeye-Autodrive-Scoring-CAN-Part2_v1/Buckeye-Autodrive-Scoring-CAN-Part2/build/v2x_send/build install --record /home/tsz/Desktop/7_v1/Buckeye-Autodrive-Scoring-CAN-Part2_v1/Buckeye-Autodrive-Scoring-CAN-Part2/build/v2x_send/install.log --install-scripts $base/lib/v2x_send --single-version-externally-managed
[10.005s] Level 1:colcon.colcon_core.environment:checking '/home/tsz/Desktop/7_v1/Buckeye-Autodrive-Scoring-CAN-Part2_v1/Buckeye-Autodrive-Scoring-CAN-Part2/install/v2x_send' for CMake module files
[10.005s] Level 1:colcon.colcon_core.environment:checking '/home/tsz/Desktop/7_v1/Buckeye-Autodrive-Scoring-CAN-Part2_v1/Buckeye-Autodrive-Scoring-CAN-Part2/install/v2x_send' for CMake config files
[10.005s] Level 1:colcon.colcon_core.environment:checking '/home/tsz/Desktop/7_v1/Buckeye-Autodrive-Scoring-CAN-Part2_v1/Buckeye-Autodrive-Scoring-CAN-Part2/install/v2x_send/lib'
[10.006s] Level 1:colcon.colcon_core.environment:checking '/home/tsz/Desktop/7_v1/Buckeye-Autodrive-Scoring-CAN-Part2_v1/Buckeye-Autodrive-Scoring-CAN-Part2/install/v2x_send/bin'
[10.006s] Level 1:colcon.colcon_core.environment:checking '/home/tsz/Desktop/7_v1/Buckeye-Autodrive-Scoring-CAN-Part2_v1/Buckeye-Autodrive-Scoring-CAN-Part2/install/v2x_send/lib/pkgconfig/v2x_send.pc'
[10.006s] Level 1:colcon.colcon_core.environment:checking '/home/tsz/Desktop/7_v1/Buckeye-Autodrive-Scoring-CAN-Part2_v1/Buckeye-Autodrive-Scoring-CAN-Part2/install/v2x_send/lib/python3.8/site-packages'
[10.006s] Level 1:colcon.colcon_core.shell:create_environment_hook('v2x_send', 'pythonpath')
[10.053s] INFO:colcon.colcon_core.shell:Creating environment hook '/home/tsz/Desktop/7_v1/Buckeye-Autodrive-Scoring-CAN-Part2_v1/Buckeye-Autodrive-Scoring-CAN-Part2/install/v2x_send/share/v2x_send/hook/pythonpath.ps1'
[10.053s] INFO:colcon.colcon_core.shell:Creating environment descriptor '/home/tsz/Desktop/7_v1/Buckeye-Autodrive-Scoring-CAN-Part2_v1/Buckeye-Autodrive-Scoring-CAN-Part2/install/v2x_send/share/v2x_send/hook/pythonpath.dsv'
[10.053s] INFO:colcon.colcon_core.shell:Creating environment hook '/home/tsz/Desktop/7_v1/Buckeye-Autodrive-Scoring-CAN-Part2_v1/Buckeye-Autodrive-Scoring-CAN-Part2/install/v2x_send/share/v2x_send/hook/pythonpath.sh'
[10.054s] Level 1:colcon.colcon_core.environment:checking '/home/tsz/Desktop/7_v1/Buckeye-Autodrive-Scoring-CAN-Part2_v1/Buckeye-Autodrive-Scoring-CAN-Part2/install/v2x_send/bin'
[10.054s] Level 1:colcon.colcon_core.environment:create_environment_scripts_only(v2x_send)
[10.102s] INFO:colcon.colcon_core.shell:Creating package script '/home/tsz/Desktop/7_v1/Buckeye-Autodrive-Scoring-CAN-Part2_v1/Buckeye-Autodrive-Scoring-CAN-Part2/install/v2x_send/share/v2x_send/package.ps1'
[10.103s] INFO:colcon.colcon_core.shell:Creating package descriptor '/home/tsz/Desktop/7_v1/Buckeye-Autodrive-Scoring-CAN-Part2_v1/Buckeye-Autodrive-Scoring-CAN-Part2/install/v2x_send/share/v2x_send/package.dsv'
[10.103s] INFO:colcon.colcon_core.shell:Creating package script '/home/tsz/Desktop/7_v1/Buckeye-Autodrive-Scoring-CAN-Part2_v1/Buckeye-Autodrive-Scoring-CAN-Part2/install/v2x_send/share/v2x_send/package.sh'
[10.104s] INFO:colcon.colcon_core.shell:Creating package script '/home/tsz/Desktop/7_v1/Buckeye-Autodrive-Scoring-CAN-Part2_v1/Buckeye-Autodrive-Scoring-CAN-Part2/install/v2x_send/share/v2x_send/package.bash'
[10.104s] INFO:colcon.colcon_core.shell:Creating package script '/home/tsz/Desktop/7_v1/Buckeye-Autodrive-Scoring-CAN-Part2_v1/Buckeye-Autodrive-Scoring-CAN-Part2/install/v2x_send/share/v2x_send/package.zsh'
[10.104s] Level 1:colcon.colcon_core.environment:create_file_with_runtime_dependencies(/home/tsz/Desktop/7_v1/Buckeye-Autodrive-Scoring-CAN-Part2_v1/Buckeye-Autodrive-Scoring-CAN-Part2/install/v2x_send/share/colcon-core/packages/v2x_send)
[10.107s] DEBUG:colcon.colcon_core.event_handler.log_command:Invoked command in '/home/tsz/Desktop/7_v1/Buckeye-Autodrive-Scoring-CAN-Part2_v1/Buckeye-Autodrive-Scoring-CAN-Part2/src/v2x_send_spat' returned '0': PYTHONPATH=/home/tsz/Desktop/7_v1/Buckeye-Autodrive-Scoring-CAN-Part2_v1/Buckeye-Autodrive-Scoring-CAN-Part2/build/v2x_send_spat/prefix_override:/home/tsz/Desktop/7_v1/Buckeye-Autodrive-Scoring-CAN-Part2_v1/Buckeye-Autodrive-Scoring-CAN-Part2/install/v2x_send_spat/lib/python3.8/site-packages:${PYTHONPATH} /usr/bin/python3 setup.py egg_info --egg-base ../../build/v2x_send_spat build --build-base /home/tsz/Desktop/7_v1/Buckeye-Autodrive-Scoring-CAN-Part2_v1/Buckeye-Autodrive-Scoring-CAN-Part2/build/v2x_send_spat/build install --record /home/tsz/Desktop/7_v1/Buckeye-Autodrive-Scoring-CAN-Part2_v1/Buckeye-Autodrive-Scoring-CAN-Part2/build/v2x_send_spat/install.log --single-version-externally-managed
[10.153s] Level 1:colcon.colcon_core.environment:checking '/home/tsz/Desktop/7_v1/Buckeye-Autodrive-Scoring-CAN-Part2_v1/Buckeye-Autodrive-Scoring-CAN-Part2/install/v2x_send_spat' for CMake module files
[10.153s] Level 1:colcon.colcon_core.environment:checking '/home/tsz/Desktop/7_v1/Buckeye-Autodrive-Scoring-CAN-Part2_v1/Buckeye-Autodrive-Scoring-CAN-Part2/install/v2x_send_spat' for CMake config files
[10.154s] Level 1:colcon.colcon_core.environment:checking '/home/tsz/Desktop/7_v1/Buckeye-Autodrive-Scoring-CAN-Part2_v1/Buckeye-Autodrive-Scoring-CAN-Part2/install/v2x_send_spat/lib'
[10.154s] Level 1:colcon.colcon_core.environment:checking '/home/tsz/Desktop/7_v1/Buckeye-Autodrive-Scoring-CAN-Part2_v1/Buckeye-Autodrive-Scoring-CAN-Part2/install/v2x_send_spat/bin'
[10.154s] Level 1:colcon.colcon_core.environment:checking '/home/tsz/Desktop/7_v1/Buckeye-Autodrive-Scoring-CAN-Part2_v1/Buckeye-Autodrive-Scoring-CAN-Part2/install/v2x_send_spat/lib/pkgconfig/v2x_send_spat.pc'
[10.154s] Level 1:colcon.colcon_core.environment:checking '/home/tsz/Desktop/7_v1/Buckeye-Autodrive-Scoring-CAN-Part2_v1/Buckeye-Autodrive-Scoring-CAN-Part2/install/v2x_send_spat/lib/python3.8/site-packages'
[10.154s] Level 1:colcon.colcon_core.shell:create_environment_hook('v2x_send_spat', 'pythonpath')
[10.210s] INFO:colcon.colcon_core.shell:Creating environment hook '/home/tsz/Desktop/7_v1/Buckeye-Autodrive-Scoring-CAN-Part2_v1/Buckeye-Autodrive-Scoring-CAN-Part2/install/v2x_send_spat/share/v2x_send_spat/hook/pythonpath.ps1'
[10.211s] INFO:colcon.colcon_core.shell:Creating environment descriptor '/home/tsz/Desktop/7_v1/Buckeye-Autodrive-Scoring-CAN-Part2_v1/Buckeye-Autodrive-Scoring-CAN-Part2/install/v2x_send_spat/share/v2x_send_spat/hook/pythonpath.dsv'
[10.211s] INFO:colcon.colcon_core.shell:Creating environment hook '/home/tsz/Desktop/7_v1/Buckeye-Autodrive-Scoring-CAN-Part2_v1/Buckeye-Autodrive-Scoring-CAN-Part2/install/v2x_send_spat/share/v2x_send_spat/hook/pythonpath.sh'
[10.212s] Level 1:colcon.colcon_core.environment:checking '/home/tsz/Desktop/7_v1/Buckeye-Autodrive-Scoring-CAN-Part2_v1/Buckeye-Autodrive-Scoring-CAN-Part2/install/v2x_send_spat/bin'
[10.212s] Level 1:colcon.colcon_core.environment:create_environment_scripts_only(v2x_send_spat)
[10.274s] INFO:colcon.colcon_core.shell:Creating package script '/home/tsz/Desktop/7_v1/Buckeye-Autodrive-Scoring-CAN-Part2_v1/Buckeye-Autodrive-Scoring-CAN-Part2/install/v2x_send_spat/share/v2x_send_spat/package.ps1'
[10.274s] INFO:colcon.colcon_core.shell:Creating package descriptor '/home/tsz/Desktop/7_v1/Buckeye-Autodrive-Scoring-CAN-Part2_v1/Buckeye-Autodrive-Scoring-CAN-Part2/install/v2x_send_spat/share/v2x_send_spat/package.dsv'
[10.274s] INFO:colcon.colcon_core.shell:Creating package script '/home/tsz/Desktop/7_v1/Buckeye-Autodrive-Scoring-CAN-Part2_v1/Buckeye-Autodrive-Scoring-CAN-Part2/install/v2x_send_spat/share/v2x_send_spat/package.sh'
[10.275s] INFO:colcon.colcon_core.shell:Creating package script '/home/tsz/Desktop/7_v1/Buckeye-Autodrive-Scoring-CAN-Part2_v1/Buckeye-Autodrive-Scoring-CAN-Part2/install/v2x_send_spat/share/v2x_send_spat/package.bash'
[10.275s] INFO:colcon.colcon_core.shell:Creating package script '/home/tsz/Desktop/7_v1/Buckeye-Autodrive-Scoring-CAN-Part2_v1/Buckeye-Autodrive-Scoring-CAN-Part2/install/v2x_send_spat/share/v2x_send_spat/package.zsh'
[10.275s] Level 1:colcon.colcon_core.environment:create_file_with_runtime_dependencies(/home/tsz/Desktop/7_v1/Buckeye-Autodrive-Scoring-CAN-Part2_v1/Buckeye-Autodrive-Scoring-CAN-Part2/install/v2x_send_spat/share/colcon-core/packages/v2x_send_spat)
[10.278s] DEBUG:colcon.colcon_core.event_handler.log_command:Invoked command in '/home/tsz/Desktop/7_v1/Buckeye-Autodrive-Scoring-CAN-Part2_v1/Buckeye-Autodrive-Scoring-CAN-Part2/src/sub_can_processing_single' returned '0': PYTHONPATH=/home/tsz/Desktop/7_v1/Buckeye-Autodrive-Scoring-CAN-Part2_v1/Buckeye-Autodrive-Scoring-CAN-Part2/build/sub_can_processing_single/prefix_override:/home/tsz/Desktop/7_v1/Buckeye-Autodrive-Scoring-CAN-Part2_v1/Buckeye-Autodrive-Scoring-CAN-Part2/install/sub_can_processing_single/lib/python3.8/site-packages:${PYTHONPATH} /usr/bin/python3 setup.py egg_info --egg-base ../../build/sub_can_processing_single build --build-base /home/tsz/Desktop/7_v1/Buckeye-Autodrive-Scoring-CAN-Part2_v1/Buckeye-Autodrive-Scoring-CAN-Part2/build/sub_can_processing_single/build install --record /home/tsz/Desktop/7_v1/Buckeye-Autodrive-Scoring-CAN-Part2_v1/Buckeye-Autodrive-Scoring-CAN-Part2/build/sub_can_processing_single/install.log --install-scripts $base/lib/sub_can_processing_single --single-version-externally-managed
[10.329s] Level 1:colcon.colcon_core.environment:checking '/home/tsz/Desktop/7_v1/Buckeye-Autodrive-Scoring-CAN-Part2_v1/Buckeye-Autodrive-Scoring-CAN-Part2/install/sub_can_processing_single' for CMake module files
[10.330s] Level 1:colcon.colcon_core.environment:checking '/home/tsz/Desktop/7_v1/Buckeye-Autodrive-Scoring-CAN-Part2_v1/Buckeye-Autodrive-Scoring-CAN-Part2/install/sub_can_processing_single' for CMake config files
[10.330s] Level 1:colcon.colcon_core.environment:checking '/home/tsz/Desktop/7_v1/Buckeye-Autodrive-Scoring-CAN-Part2_v1/Buckeye-Autodrive-Scoring-CAN-Part2/install/sub_can_processing_single/lib'
[10.330s] Level 1:colcon.colcon_core.environment:checking '/home/tsz/Desktop/7_v1/Buckeye-Autodrive-Scoring-CAN-Part2_v1/Buckeye-Autodrive-Scoring-CAN-Part2/install/sub_can_processing_single/bin'
[10.330s] Level 1:colcon.colcon_core.environment:checking '/home/tsz/Desktop/7_v1/Buckeye-Autodrive-Scoring-CAN-Part2_v1/Buckeye-Autodrive-Scoring-CAN-Part2/install/sub_can_processing_single/lib/pkgconfig/sub_can_processing_single.pc'
[10.330s] Level 1:colcon.colcon_core.environment:checking '/home/tsz/Desktop/7_v1/Buckeye-Autodrive-Scoring-CAN-Part2_v1/Buckeye-Autodrive-Scoring-CAN-Part2/install/sub_can_processing_single/lib/python3.8/site-packages'
[10.330s] Level 1:colcon.colcon_core.shell:create_environment_hook('sub_can_processing_single', 'pythonpath')
[10.376s] INFO:colcon.colcon_core.shell:Creating environment hook '/home/tsz/Desktop/7_v1/Buckeye-Autodrive-Scoring-CAN-Part2_v1/Buckeye-Autodrive-Scoring-CAN-Part2/install/sub_can_processing_single/share/sub_can_processing_single/hook/pythonpath.ps1'
[10.376s] INFO:colcon.colcon_core.shell:Creating environment descriptor '/home/tsz/Desktop/7_v1/Buckeye-Autodrive-Scoring-CAN-Part2_v1/Buckeye-Autodrive-Scoring-CAN-Part2/install/sub_can_processing_single/share/sub_can_processing_single/hook/pythonpath.dsv'
[10.377s] INFO:colcon.colcon_core.shell:Creating environment hook '/home/tsz/Desktop/7_v1/Buckeye-Autodrive-Scoring-CAN-Part2_v1/Buckeye-Autodrive-Scoring-CAN-Part2/install/sub_can_processing_single/share/sub_can_processing_single/hook/pythonpath.sh'
[10.377s] Level 1:colcon.colcon_core.environment:checking '/home/tsz/Desktop/7_v1/Buckeye-Autodrive-Scoring-CAN-Part2_v1/Buckeye-Autodrive-Scoring-CAN-Part2/install/sub_can_processing_single/bin'
[10.377s] Level 1:colcon.colcon_core.environment:create_environment_scripts_only(sub_can_processing_single)
[10.439s] INFO:colcon.colcon_core.shell:Creating package script '/home/tsz/Desktop/7_v1/Buckeye-Autodrive-Scoring-CAN-Part2_v1/Buckeye-Autodrive-Scoring-CAN-Part2/install/sub_can_processing_single/share/sub_can_processing_single/package.ps1'
[10.439s] INFO:colcon.colcon_core.shell:Creating package descriptor '/home/tsz/Desktop/7_v1/Buckeye-Autodrive-Scoring-CAN-Part2_v1/Buckeye-Autodrive-Scoring-CAN-Part2/install/sub_can_processing_single/share/sub_can_processing_single/package.dsv'
[10.439s] INFO:colcon.colcon_core.shell:Creating package script '/home/tsz/Desktop/7_v1/Buckeye-Autodrive-Scoring-CAN-Part2_v1/Buckeye-Autodrive-Scoring-CAN-Part2/install/sub_can_processing_single/share/sub_can_processing_single/package.sh'
[10.440s] INFO:colcon.colcon_core.shell:Creating package script '/home/tsz/Desktop/7_v1/Buckeye-Autodrive-Scoring-CAN-Part2_v1/Buckeye-Autodrive-Scoring-CAN-Part2/install/sub_can_processing_single/share/sub_can_processing_single/package.bash'
[10.440s] INFO:colcon.colcon_core.shell:Creating package script '/home/tsz/Desktop/7_v1/Buckeye-Autodrive-Scoring-CAN-Part2_v1/Buckeye-Autodrive-Scoring-CAN-Part2/install/sub_can_processing_single/share/sub_can_processing_single/package.zsh'
[10.440s] Level 1:colcon.colcon_core.environment:create_file_with_runtime_dependencies(/home/tsz/Desktop/7_v1/Buckeye-Autodrive-Scoring-CAN-Part2_v1/Buckeye-Autodrive-Scoring-CAN-Part2/install/sub_can_processing_single/share/colcon-core/packages/sub_can_processing_single)
[10.441s] DEBUG:colcon.colcon_parallel_executor.executor.parallel:closing loop
[10.441s] DEBUG:colcon.colcon_parallel_executor.executor.parallel:loop closed
[10.441s] DEBUG:colcon.colcon_parallel_executor.executor.parallel:run_until_complete finished with '0'
[10.441s] DEBUG:colcon.colcon_core.event_reactor:joining thread
[10.504s] INFO:colcon.colcon_core.plugin_system:Skipping extension 'colcon_notification.desktop_notification.terminal_notifier': Not used on non-Darwin systems
[10.504s] INFO:colcon.colcon_core.plugin_system:Skipping extension 'colcon_notification.desktop_notification.win32': Not used on non-Windows systems
[10.504s] INFO:colcon.colcon_notification.desktop_notification:Sending desktop notification using 'notify2'
[10.519s] DEBUG:colcon.colcon_core.event_reactor:joined thread
[10.578s] INFO:colcon.colcon_core.shell:Creating prefix script '/home/tsz/Desktop/7_v1/Buckeye-Autodrive-Scoring-CAN-Part2_v1/Buckeye-Autodrive-Scoring-CAN-Part2/install/local_setup.ps1'
[10.578s] INFO:colcon.colcon_core.shell:Creating prefix util module '/home/tsz/Desktop/7_v1/Buckeye-Autodrive-Scoring-CAN-Part2_v1/Buckeye-Autodrive-Scoring-CAN-Part2/install/_local_setup_util_ps1.py'
[10.579s] INFO:colcon.colcon_core.shell:Creating prefix chain script '/home/tsz/Desktop/7_v1/Buckeye-Autodrive-Scoring-CAN-Part2_v1/Buckeye-Autodrive-Scoring-CAN-Part2/install/setup.ps1'
[10.628s] INFO:colcon.colcon_core.shell:Creating prefix script '/home/tsz/Desktop/7_v1/Buckeye-Autodrive-Scoring-CAN-Part2_v1/Buckeye-Autodrive-Scoring-CAN-Part2/install/local_setup.sh'
[10.628s] INFO:colcon.colcon_core.shell:Creating prefix util module '/home/tsz/Desktop/7_v1/Buckeye-Autodrive-Scoring-CAN-Part2_v1/Buckeye-Autodrive-Scoring-CAN-Part2/install/_local_setup_util_sh.py'
[10.629s] INFO:colcon.colcon_core.shell:Creating prefix chain script '/home/tsz/Desktop/7_v1/Buckeye-Autodrive-Scoring-CAN-Part2_v1/Buckeye-Autodrive-Scoring-CAN-Part2/install/setup.sh'
[10.676s] INFO:colcon.colcon_core.shell:Creating prefix script '/home/tsz/Desktop/7_v1/Buckeye-Autodrive-Scoring-CAN-Part2_v1/Buckeye-Autodrive-Scoring-CAN-Part2/install/local_setup.bash'
[10.676s] INFO:colcon.colcon_core.shell:Creating prefix chain script '/home/tsz/Desktop/7_v1/Buckeye-Autodrive-Scoring-CAN-Part2_v1/Buckeye-Autodrive-Scoring-CAN-Part2/install/setup.bash'
[10.724s] INFO:colcon.colcon_core.shell:Creating prefix script '/home/tsz/Desktop/7_v1/Buckeye-Autodrive-Scoring-CAN-Part2_v1/Buckeye-Autodrive-Scoring-CAN-Part2/install/local_setup.zsh'
[10.724s] INFO:colcon.colcon_core.shell:Creating prefix chain script '/home/tsz/Desktop/7_v1/Buckeye-Autodrive-Scoring-CAN-Part2_v1/Buckeye-Autodrive-Scoring-CAN-Part2/install/setup.zsh'
