[2.572s] DEBUG:colcon:Command line arguments: ['/usr/bin/colcon', 'build']
[2.572s] DEBUG:colcon:Parsed command line arguments: Namespace(allow_overriding=[], ament_cmake_args=None, base_paths=['.'], build_base='build', catkin_cmake_args=None, catkin_skip_building_tests=False, cmake_args=None, cmake_clean_cache=False, cmake_clean_first=False, cmake_force_configure=False, cmake_target=None, cmake_target_skip_unavailable=False, continue_on_error=False, event_handlers=None, executor='parallel', ignore_user_meta=False, install_base='install', log_base=None, log_level=None, main=<bound method BuildVerb.main of <colcon_core.verb.build.BuildVerb object at 0x7f4fa0f17340>>, merge_install=False, metas=['./colcon.meta'], packages_above=None, packages_above_and_dependencies=None, packages_above_depth=None, packages_end=None, packages_ignore=None, packages_ignore_regex=None, packages_select=None, packages_select_build_failed=False, packages_select_by_dep=None, packages_select_regex=None, packages_select_test_failures=False, packages_skip=None, packages_skip_build_finished=False, packages_skip_by_dep=None, packages_skip_regex=None, packages_skip_test_passed=False, packages_skip_up_to=None, packages_start=None, packages_up_to=None, packages_up_to_regex=None, parallel_workers=8, paths=None, symlink_install=False, test_result_base=None, verb_extension=<colcon_core.verb.build.BuildVerb object at 0x7f4fa0f17340>, verb_name='build', verb_parser=<colcon_defaults.argument_parser.defaults.DefaultArgumentsDecorator object at 0x7f4fa0a97ca0>)
[2.707s] Level 1:colcon.colcon_core.package_discovery:discover_packages(colcon_meta) check parameters
[2.707s] Level 1:colcon.colcon_core.package_discovery:discover_packages(recursive) check parameters
[2.707s] Level 1:colcon.colcon_core.package_discovery:discover_packages(ignore) check parameters
[2.707s] Level 1:colcon.colcon_core.package_discovery:discover_packages(path) check parameters
[2.707s] Level 1:colcon.colcon_core.package_discovery:discover_packages(colcon_meta) discover
[2.707s] Level 1:colcon.colcon_core.package_discovery:discover_packages(recursive) discover
[2.707s] INFO:colcon.colcon_core.package_discovery:Crawling recursively for packages in '/home/tsz/Desktop/7_v1/Buckeye-Autodrive-Scoring-CAN-Part2_v1/Buckeye-Autodrive-Scoring-CAN-Part2'
[2.707s] Level 1:colcon.colcon_core.package_identification:_identify(.) by extensions ['ignore', 'ignore_ament_install']
[2.707s] Level 1:colcon.colcon_core.package_identification:_identify(.) by extension 'ignore'
[2.707s] Level 1:colcon.colcon_core.package_identification:_identify(.) by extension 'ignore_ament_install'
[2.707s] Level 1:colcon.colcon_core.package_identification:_identify(.) by extensions ['colcon_pkg']
[2.707s] Level 1:colcon.colcon_core.package_identification:_identify(.) by extension 'colcon_pkg'
[2.707s] Level 1:colcon.colcon_core.package_identification:_identify(.) by extensions ['colcon_meta']
[2.707s] Level 1:colcon.colcon_core.package_identification:_identify(.) by extension 'colcon_meta'
[2.707s] Level 1:colcon.colcon_core.package_identification:_identify(.) by extensions ['ros']
[2.707s] Level 1:colcon.colcon_core.package_identification:_identify(.) by extension 'ros'
[2.716s] Level 1:colcon.colcon_core.package_identification:_identify(.) by extensions ['cmake', 'python']
[2.716s] Level 1:colcon.colcon_core.package_identification:_identify(.) by extension 'cmake'
[2.716s] Level 1:colcon.colcon_core.package_identification:_identify(.) by extension 'python'
[2.716s] Level 1:colcon.colcon_core.package_identification:_identify(.) by extensions ['python_setup_py']
[2.716s] Level 1:colcon.colcon_core.package_identification:_identify(.) by extension 'python_setup_py'
[2.716s] Level 1:colcon.colcon_core.package_identification:_identify(build) by extensions ['ignore', 'ignore_ament_install']
[2.716s] Level 1:colcon.colcon_core.package_identification:_identify(build) by extension 'ignore'
[2.716s] Level 1:colcon.colcon_core.package_identification:_identify(build) ignored
[2.717s] Level 1:colcon.colcon_core.package_identification:_identify(install) by extensions ['ignore', 'ignore_ament_install']
[2.717s] Level 1:colcon.colcon_core.package_identification:_identify(install) by extension 'ignore'
[2.717s] Level 1:colcon.colcon_core.package_identification:_identify(install) ignored
[2.717s] Level 1:colcon.colcon_core.package_identification:_identify(log) by extensions ['ignore', 'ignore_ament_install']
[2.717s] Level 1:colcon.colcon_core.package_identification:_identify(log) by extension 'ignore'
[2.717s] Level 1:colcon.colcon_core.package_identification:_identify(log) ignored
[2.717s] Level 1:colcon.colcon_core.package_identification:_identify(src) by extensions ['ignore', 'ignore_ament_install']
[2.717s] Level 1:colcon.colcon_core.package_identification:_identify(src) by extension 'ignore'
[2.717s] Level 1:colcon.colcon_core.package_identification:_identify(src) by extension 'ignore_ament_install'
[2.717s] Level 1:colcon.colcon_core.package_identification:_identify(src) by extensions ['colcon_pkg']
[2.717s] Level 1:colcon.colcon_core.package_identification:_identify(src) by extension 'colcon_pkg'
[2.717s] Level 1:colcon.colcon_core.package_identification:_identify(src) by extensions ['colcon_meta']
[2.717s] Level 1:colcon.colcon_core.package_identification:_identify(src) by extension 'colcon_meta'
[2.717s] Level 1:colcon.colcon_core.package_identification:_identify(src) by extensions ['ros']
[2.717s] Level 1:colcon.colcon_core.package_identification:_identify(src) by extension 'ros'
[2.717s] Level 1:colcon.colcon_core.package_identification:_identify(src) by extensions ['cmake', 'python']
[2.717s] Level 1:colcon.colcon_core.package_identification:_identify(src) by extension 'cmake'
[2.717s] Level 1:colcon.colcon_core.package_identification:_identify(src) by extension 'python'
[2.717s] Level 1:colcon.colcon_core.package_identification:_identify(src) by extensions ['python_setup_py']
[2.717s] Level 1:colcon.colcon_core.package_identification:_identify(src) by extension 'python_setup_py'
[2.718s] Level 1:colcon.colcon_core.package_identification:_identify(src/basic_subscriber) by extensions ['ignore', 'ignore_ament_install']
[2.718s] Level 1:colcon.colcon_core.package_identification:_identify(src/basic_subscriber) by extension 'ignore'
[2.718s] Level 1:colcon.colcon_core.package_identification:_identify(src/basic_subscriber) by extension 'ignore_ament_install'
[2.718s] Level 1:colcon.colcon_core.package_identification:_identify(src/basic_subscriber) by extensions ['colcon_pkg']
[2.718s] Level 1:colcon.colcon_core.package_identification:_identify(src/basic_subscriber) by extension 'colcon_pkg'
[2.718s] Level 1:colcon.colcon_core.package_identification:_identify(src/basic_subscriber) by extensions ['colcon_meta']
[2.718s] Level 1:colcon.colcon_core.package_identification:_identify(src/basic_subscriber) by extension 'colcon_meta'
[2.718s] Level 1:colcon.colcon_core.package_identification:_identify(src/basic_subscriber) by extensions ['ros']
[2.718s] Level 1:colcon.colcon_core.package_identification:_identify(src/basic_subscriber) by extension 'ros'
[2.720s] DEBUG:colcon.colcon_core.package_identification:Package 'src/basic_subscriber' with type 'ros.ament_python' and name 'basic_subscriber'
[2.720s] Level 1:colcon.colcon_core.package_identification:_identify(src/build) by extensions ['ignore', 'ignore_ament_install']
[2.720s] Level 1:colcon.colcon_core.package_identification:_identify(src/build) by extension 'ignore'
[2.720s] Level 1:colcon.colcon_core.package_identification:_identify(src/build) ignored
[2.720s] Level 1:colcon.colcon_core.package_identification:_identify(src/common) by extensions ['ignore', 'ignore_ament_install']
[2.720s] Level 1:colcon.colcon_core.package_identification:_identify(src/common) by extension 'ignore'
[2.720s] Level 1:colcon.colcon_core.package_identification:_identify(src/common) by extension 'ignore_ament_install'
[2.720s] Level 1:colcon.colcon_core.package_identification:_identify(src/common) by extensions ['colcon_pkg']
[2.720s] Level 1:colcon.colcon_core.package_identification:_identify(src/common) by extension 'colcon_pkg'
[2.720s] Level 1:colcon.colcon_core.package_identification:_identify(src/common) by extensions ['colcon_meta']
[2.720s] Level 1:colcon.colcon_core.package_identification:_identify(src/common) by extension 'colcon_meta'
[2.720s] Level 1:colcon.colcon_core.package_identification:_identify(src/common) by extensions ['ros']
[2.720s] Level 1:colcon.colcon_core.package_identification:_identify(src/common) by extension 'ros'
[2.721s] Level 1:colcon.colcon_core.package_identification:_identify(src/common) by extensions ['cmake', 'python']
[2.721s] Level 1:colcon.colcon_core.package_identification:_identify(src/common) by extension 'cmake'
[2.721s] Level 1:colcon.colcon_core.package_identification:_identify(src/common) by extension 'python'
[2.721s] Level 1:colcon.colcon_core.package_identification:_identify(src/common) by extensions ['python_setup_py']
[2.721s] Level 1:colcon.colcon_core.package_identification:_identify(src/common) by extension 'python_setup_py'
[2.721s] Level 1:colcon.colcon_core.package_identification:_identify(src/common/__pycache__) by extensions ['ignore', 'ignore_ament_install']
[2.721s] Level 1:colcon.colcon_core.package_identification:_identify(src/common/__pycache__) by extension 'ignore'
[2.721s] Level 1:colcon.colcon_core.package_identification:_identify(src/common/__pycache__) by extension 'ignore_ament_install'
[2.721s] Level 1:colcon.colcon_core.package_identification:_identify(src/common/__pycache__) by extensions ['colcon_pkg']
[2.721s] Level 1:colcon.colcon_core.package_identification:_identify(src/common/__pycache__) by extension 'colcon_pkg'
[2.721s] Level 1:colcon.colcon_core.package_identification:_identify(src/common/__pycache__) by extensions ['colcon_meta']
[2.721s] Level 1:colcon.colcon_core.package_identification:_identify(src/common/__pycache__) by extension 'colcon_meta'
[2.721s] Level 1:colcon.colcon_core.package_identification:_identify(src/common/__pycache__) by extensions ['ros']
[2.721s] Level 1:colcon.colcon_core.package_identification:_identify(src/common/__pycache__) by extension 'ros'
[2.721s] Level 1:colcon.colcon_core.package_identification:_identify(src/common/__pycache__) by extensions ['cmake', 'python']
[2.721s] Level 1:colcon.colcon_core.package_identification:_identify(src/common/__pycache__) by extension 'cmake'
[2.721s] Level 1:colcon.colcon_core.package_identification:_identify(src/common/__pycache__) by extension 'python'
[2.721s] Level 1:colcon.colcon_core.package_identification:_identify(src/common/__pycache__) by extensions ['python_setup_py']
[2.721s] Level 1:colcon.colcon_core.package_identification:_identify(src/common/__pycache__) by extension 'python_setup_py'
[2.721s] Level 1:colcon.colcon_core.package_identification:_identify(src/install) by extensions ['ignore', 'ignore_ament_install']
[2.721s] Level 1:colcon.colcon_core.package_identification:_identify(src/install) by extension 'ignore'
[2.721s] Level 1:colcon.colcon_core.package_identification:_identify(src/install) ignored
[2.722s] Level 1:colcon.colcon_core.package_identification:_identify(src/json2can) by extensions ['ignore', 'ignore_ament_install']
[2.722s] Level 1:colcon.colcon_core.package_identification:_identify(src/json2can) by extension 'ignore'
[2.722s] Level 1:colcon.colcon_core.package_identification:_identify(src/json2can) by extension 'ignore_ament_install'
[2.722s] Level 1:colcon.colcon_core.package_identification:_identify(src/json2can) by extensions ['colcon_pkg']
[2.722s] Level 1:colcon.colcon_core.package_identification:_identify(src/json2can) by extension 'colcon_pkg'
[2.722s] Level 1:colcon.colcon_core.package_identification:_identify(src/json2can) by extensions ['colcon_meta']
[2.722s] Level 1:colcon.colcon_core.package_identification:_identify(src/json2can) by extension 'colcon_meta'
[2.722s] Level 1:colcon.colcon_core.package_identification:_identify(src/json2can) by extensions ['ros']
[2.722s] Level 1:colcon.colcon_core.package_identification:_identify(src/json2can) by extension 'ros'
[2.722s] DEBUG:colcon.colcon_core.package_identification:Package 'src/json2can' with type 'ros.ament_python' and name 'json2can'
[2.722s] Level 1:colcon.colcon_core.package_identification:_identify(src/log) by extensions ['ignore', 'ignore_ament_install']
[2.722s] Level 1:colcon.colcon_core.package_identification:_identify(src/log) by extension 'ignore'
[2.722s] Level 1:colcon.colcon_core.package_identification:_identify(src/log) ignored
[2.723s] Level 1:colcon.colcon_core.package_identification:_identify(src/perception_comm) by extensions ['ignore', 'ignore_ament_install']
[2.723s] Level 1:colcon.colcon_core.package_identification:_identify(src/perception_comm) by extension 'ignore'
[2.723s] Level 1:colcon.colcon_core.package_identification:_identify(src/perception_comm) by extension 'ignore_ament_install'
[2.723s] Level 1:colcon.colcon_core.package_identification:_identify(src/perception_comm) by extensions ['colcon_pkg']
[2.723s] Level 1:colcon.colcon_core.package_identification:_identify(src/perception_comm) by extension 'colcon_pkg'
[2.723s] Level 1:colcon.colcon_core.package_identification:_identify(src/perception_comm) by extensions ['colcon_meta']
[2.723s] Level 1:colcon.colcon_core.package_identification:_identify(src/perception_comm) by extension 'colcon_meta'
[2.723s] Level 1:colcon.colcon_core.package_identification:_identify(src/perception_comm) by extensions ['ros']
[2.723s] Level 1:colcon.colcon_core.package_identification:_identify(src/perception_comm) by extension 'ros'
[2.723s] DEBUG:colcon.colcon_core.package_identification:Package 'src/perception_comm' with type 'ros.ament_cmake' and name 'perception_comm'
[2.724s] Level 1:colcon.colcon_core.package_identification:_identify(src/sub_can_processing) by extensions ['ignore', 'ignore_ament_install']
[2.724s] Level 1:colcon.colcon_core.package_identification:_identify(src/sub_can_processing) by extension 'ignore'
[2.724s] Level 1:colcon.colcon_core.package_identification:_identify(src/sub_can_processing) by extension 'ignore_ament_install'
[2.724s] Level 1:colcon.colcon_core.package_identification:_identify(src/sub_can_processing) by extensions ['colcon_pkg']
[2.724s] Level 1:colcon.colcon_core.package_identification:_identify(src/sub_can_processing) by extension 'colcon_pkg'
[2.724s] Level 1:colcon.colcon_core.package_identification:_identify(src/sub_can_processing) by extensions ['colcon_meta']
[2.724s] Level 1:colcon.colcon_core.package_identification:_identify(src/sub_can_processing) by extension 'colcon_meta'
[2.724s] Level 1:colcon.colcon_core.package_identification:_identify(src/sub_can_processing) by extensions ['ros']
[2.724s] Level 1:colcon.colcon_core.package_identification:_identify(src/sub_can_processing) by extension 'ros'
[2.724s] DEBUG:colcon.colcon_core.package_identification:Package 'src/sub_can_processing' with type 'ros.ament_python' and name 'sub_can_processing'
[2.724s] Level 1:colcon.colcon_core.package_identification:_identify(src/sub_can_processing_single) by extensions ['ignore', 'ignore_ament_install']
[2.724s] Level 1:colcon.colcon_core.package_identification:_identify(src/sub_can_processing_single) by extension 'ignore'
[2.724s] Level 1:colcon.colcon_core.package_identification:_identify(src/sub_can_processing_single) by extension 'ignore_ament_install'
[2.724s] Level 1:colcon.colcon_core.package_identification:_identify(src/sub_can_processing_single) by extensions ['colcon_pkg']
[2.724s] Level 1:colcon.colcon_core.package_identification:_identify(src/sub_can_processing_single) by extension 'colcon_pkg'
[2.725s] Level 1:colcon.colcon_core.package_identification:_identify(src/sub_can_processing_single) by extensions ['colcon_meta']
[2.725s] Level 1:colcon.colcon_core.package_identification:_identify(src/sub_can_processing_single) by extension 'colcon_meta'
[2.725s] Level 1:colcon.colcon_core.package_identification:_identify(src/sub_can_processing_single) by extensions ['ros']
[2.725s] Level 1:colcon.colcon_core.package_identification:_identify(src/sub_can_processing_single) by extension 'ros'
[2.725s] DEBUG:colcon.colcon_core.package_identification:Package 'src/sub_can_processing_single' with type 'ros.ament_python' and name 'sub_can_processing_single'
[2.725s] Level 1:colcon.colcon_core.package_identification:_identify(src/test) by extensions ['ignore', 'ignore_ament_install']
[2.725s] Level 1:colcon.colcon_core.package_identification:_identify(src/test) by extension 'ignore'
[2.725s] Level 1:colcon.colcon_core.package_identification:_identify(src/test) by extension 'ignore_ament_install'
[2.725s] Level 1:colcon.colcon_core.package_identification:_identify(src/test) by extensions ['colcon_pkg']
[2.725s] Level 1:colcon.colcon_core.package_identification:_identify(src/test) by extension 'colcon_pkg'
[2.725s] Level 1:colcon.colcon_core.package_identification:_identify(src/test) by extensions ['colcon_meta']
[2.725s] Level 1:colcon.colcon_core.package_identification:_identify(src/test) by extension 'colcon_meta'
[2.725s] Level 1:colcon.colcon_core.package_identification:_identify(src/test) by extensions ['ros']
[2.725s] Level 1:colcon.colcon_core.package_identification:_identify(src/test) by extension 'ros'
[2.725s] Level 1:colcon.colcon_core.package_identification:_identify(src/test) by extensions ['cmake', 'python']
[2.725s] Level 1:colcon.colcon_core.package_identification:_identify(src/test) by extension 'cmake'
[2.726s] Level 1:colcon.colcon_core.package_identification:_identify(src/test) by extension 'python'
[2.726s] Level 1:colcon.colcon_core.package_identification:_identify(src/test) by extensions ['python_setup_py']
[2.726s] Level 1:colcon.colcon_core.package_identification:_identify(src/test) by extension 'python_setup_py'
[2.726s] Level 1:colcon.colcon_core.package_identification:_identify(src/v2x_send) by extensions ['ignore', 'ignore_ament_install']
[2.726s] Level 1:colcon.colcon_core.package_identification:_identify(src/v2x_send) by extension 'ignore'
[2.726s] Level 1:colcon.colcon_core.package_identification:_identify(src/v2x_send) by extension 'ignore_ament_install'
[2.726s] Level 1:colcon.colcon_core.package_identification:_identify(src/v2x_send) by extensions ['colcon_pkg']
[2.726s] Level 1:colcon.colcon_core.package_identification:_identify(src/v2x_send) by extension 'colcon_pkg'
[2.726s] Level 1:colcon.colcon_core.package_identification:_identify(src/v2x_send) by extensions ['colcon_meta']
[2.726s] Level 1:colcon.colcon_core.package_identification:_identify(src/v2x_send) by extension 'colcon_meta'
[2.726s] Level 1:colcon.colcon_core.package_identification:_identify(src/v2x_send) by extensions ['ros']
[2.726s] Level 1:colcon.colcon_core.package_identification:_identify(src/v2x_send) by extension 'ros'
[2.726s] DEBUG:colcon.colcon_core.package_identification:Package 'src/v2x_send' with type 'ros.ament_python' and name 'v2x_send'
[2.726s] Level 1:colcon.colcon_core.package_identification:_identify(src/v2x_send_spat) by extensions ['ignore', 'ignore_ament_install']
[2.727s] Level 1:colcon.colcon_core.package_identification:_identify(src/v2x_send_spat) by extension 'ignore'
[2.727s] Level 1:colcon.colcon_core.package_identification:_identify(src/v2x_send_spat) by extension 'ignore_ament_install'
[2.727s] Level 1:colcon.colcon_core.package_identification:_identify(src/v2x_send_spat) by extensions ['colcon_pkg']
[2.727s] Level 1:colcon.colcon_core.package_identification:_identify(src/v2x_send_spat) by extension 'colcon_pkg'
[2.727s] Level 1:colcon.colcon_core.package_identification:_identify(src/v2x_send_spat) by extensions ['colcon_meta']
[2.727s] Level 1:colcon.colcon_core.package_identification:_identify(src/v2x_send_spat) by extension 'colcon_meta'
[2.727s] Level 1:colcon.colcon_core.package_identification:_identify(src/v2x_send_spat) by extensions ['ros']
[2.727s] Level 1:colcon.colcon_core.package_identification:_identify(src/v2x_send_spat) by extension 'ros'
[2.727s] DEBUG:colcon.colcon_core.package_identification:Package 'src/v2x_send_spat' with type 'ros.ament_python' and name 'v2x_send_spat'
[2.727s] Level 1:colcon.colcon_core.package_discovery:discover_packages(recursive) using defaults
[2.727s] Level 1:colcon.colcon_core.package_discovery:discover_packages(ignore) discover
[2.727s] Level 1:colcon.colcon_core.package_discovery:discover_packages(ignore) using defaults
[2.727s] Level 1:colcon.colcon_core.package_discovery:discover_packages(path) discover
[2.727s] Level 1:colcon.colcon_core.package_discovery:discover_packages(path) using defaults
[2.966s] Level 1:colcon.colcon_core.package_discovery:discover_packages(prefix_path) check parameters
[2.966s] Level 1:colcon.colcon_core.package_discovery:discover_packages(prefix_path) discover
[3.056s] DEBUG:colcon.colcon_installed_package_information.package_discovery:Found 7 installed packages in /home/tsz/Desktop/7_v1/Buckeye-Autodrive-Scoring-CAN-Part2_v1/Buckeye-Autodrive-Scoring-CAN-Part2/install
[3.102s] DEBUG:colcon.colcon_installed_package_information.package_discovery:Found 264 installed packages in /opt/ros/foxy
[3.103s] Level 1:colcon.colcon_core.package_discovery:discover_packages(prefix_path) using defaults
[3.259s] Level 5:colcon.colcon_core.verb:set package 'basic_subscriber' build argument 'cmake_args' from command line to 'None'
[3.259s] Level 5:colcon.colcon_core.verb:set package 'basic_subscriber' build argument 'cmake_target' from command line to 'None'
[3.259s] Level 5:colcon.colcon_core.verb:set package 'basic_subscriber' build argument 'cmake_target_skip_unavailable' from command line to 'False'
[3.259s] Level 5:colcon.colcon_core.verb:set package 'basic_subscriber' build argument 'cmake_clean_cache' from command line to 'False'
[3.259s] Level 5:colcon.colcon_core.verb:set package 'basic_subscriber' build argument 'cmake_clean_first' from command line to 'False'
[3.259s] Level 5:colcon.colcon_core.verb:set package 'basic_subscriber' build argument 'cmake_force_configure' from command line to 'False'
[3.259s] Level 5:colcon.colcon_core.verb:set package 'basic_subscriber' build argument 'ament_cmake_args' from command line to 'None'
[3.259s] Level 5:colcon.colcon_core.verb:set package 'basic_subscriber' build argument 'catkin_cmake_args' from command line to 'None'
[3.259s] Level 5:colcon.colcon_core.verb:set package 'basic_subscriber' build argument 'catkin_skip_building_tests' from command line to 'False'
[3.259s] DEBUG:colcon.colcon_core.verb:Building package 'basic_subscriber' with the following arguments: {'ament_cmake_args': None, 'build_base': '/home/tsz/Desktop/7_v1/Buckeye-Autodrive-Scoring-CAN-Part2_v1/Buckeye-Autodrive-Scoring-CAN-Part2/build/basic_subscriber', 'catkin_cmake_args': None, 'catkin_skip_building_tests': False, 'cmake_args': None, 'cmake_clean_cache': False, 'cmake_clean_first': False, 'cmake_force_configure': False, 'cmake_target': None, 'cmake_target_skip_unavailable': False, 'install_base': '/home/tsz/Desktop/7_v1/Buckeye-Autodrive-Scoring-CAN-Part2_v1/Buckeye-Autodrive-Scoring-CAN-Part2/install/basic_subscriber', 'merge_install': False, 'path': '/home/tsz/Desktop/7_v1/Buckeye-Autodrive-Scoring-CAN-Part2_v1/Buckeye-Autodrive-Scoring-CAN-Part2/src/basic_subscriber', 'symlink_install': False, 'test_result_base': None}
[3.303s] Level 5:colcon.colcon_core.verb:set package 'json2can' build argument 'cmake_args' from command line to 'None'
[3.303s] Level 5:colcon.colcon_core.verb:set package 'json2can' build argument 'cmake_target' from command line to 'None'
[3.304s] Level 5:colcon.colcon_core.verb:set package 'json2can' build argument 'cmake_target_skip_unavailable' from command line to 'False'
[3.304s] Level 5:colcon.colcon_core.verb:set package 'json2can' build argument 'cmake_clean_cache' from command line to 'False'
[3.304s] Level 5:colcon.colcon_core.verb:set package 'json2can' build argument 'cmake_clean_first' from command line to 'False'
[3.304s] Level 5:colcon.colcon_core.verb:set package 'json2can' build argument 'cmake_force_configure' from command line to 'False'
[3.304s] Level 5:colcon.colcon_core.verb:set package 'json2can' build argument 'ament_cmake_args' from command line to 'None'
[3.304s] Level 5:colcon.colcon_core.verb:set package 'json2can' build argument 'catkin_cmake_args' from command line to 'None'
[3.304s] Level 5:colcon.colcon_core.verb:set package 'json2can' build argument 'catkin_skip_building_tests' from command line to 'False'
[3.304s] DEBUG:colcon.colcon_core.verb:Building package 'json2can' with the following arguments: {'ament_cmake_args': None, 'build_base': '/home/tsz/Desktop/7_v1/Buckeye-Autodrive-Scoring-CAN-Part2_v1/Buckeye-Autodrive-Scoring-CAN-Part2/build/json2can', 'catkin_cmake_args': None, 'catkin_skip_building_tests': False, 'cmake_args': None, 'cmake_clean_cache': False, 'cmake_clean_first': False, 'cmake_force_configure': False, 'cmake_target': None, 'cmake_target_skip_unavailable': False, 'install_base': '/home/tsz/Desktop/7_v1/Buckeye-Autodrive-Scoring-CAN-Part2_v1/Buckeye-Autodrive-Scoring-CAN-Part2/install/json2can', 'merge_install': False, 'path': '/home/tsz/Desktop/7_v1/Buckeye-Autodrive-Scoring-CAN-Part2_v1/Buckeye-Autodrive-Scoring-CAN-Part2/src/json2can', 'symlink_install': False, 'test_result_base': None}
[3.350s] Level 5:colcon.colcon_core.verb:set package 'perception_comm' build argument 'cmake_args' from command line to 'None'
[3.350s] Level 5:colcon.colcon_core.verb:set package 'perception_comm' build argument 'cmake_target' from command line to 'None'
[3.350s] Level 5:colcon.colcon_core.verb:set package 'perception_comm' build argument 'cmake_target_skip_unavailable' from command line to 'False'
[3.350s] Level 5:colcon.colcon_core.verb:set package 'perception_comm' build argument 'cmake_clean_cache' from command line to 'False'
[3.350s] Level 5:colcon.colcon_core.verb:set package 'perception_comm' build argument 'cmake_clean_first' from command line to 'False'
[3.350s] Level 5:colcon.colcon_core.verb:set package 'perception_comm' build argument 'cmake_force_configure' from command line to 'False'
[3.350s] Level 5:colcon.colcon_core.verb:set package 'perception_comm' build argument 'ament_cmake_args' from command line to 'None'
[3.350s] Level 5:colcon.colcon_core.verb:set package 'perception_comm' build argument 'catkin_cmake_args' from command line to 'None'
[3.350s] Level 5:colcon.colcon_core.verb:set package 'perception_comm' build argument 'catkin_skip_building_tests' from command line to 'False'
[3.350s] DEBUG:colcon.colcon_core.verb:Building package 'perception_comm' with the following arguments: {'ament_cmake_args': None, 'build_base': '/home/tsz/Desktop/7_v1/Buckeye-Autodrive-Scoring-CAN-Part2_v1/Buckeye-Autodrive-Scoring-CAN-Part2/build/perception_comm', 'catkin_cmake_args': None, 'catkin_skip_building_tests': False, 'cmake_args': None, 'cmake_clean_cache': False, 'cmake_clean_first': False, 'cmake_force_configure': False, 'cmake_target': None, 'cmake_target_skip_unavailable': False, 'install_base': '/home/tsz/Desktop/7_v1/Buckeye-Autodrive-Scoring-CAN-Part2_v1/Buckeye-Autodrive-Scoring-CAN-Part2/install/perception_comm', 'merge_install': False, 'path': '/home/tsz/Desktop/7_v1/Buckeye-Autodrive-Scoring-CAN-Part2_v1/Buckeye-Autodrive-Scoring-CAN-Part2/src/perception_comm', 'symlink_install': False, 'test_result_base': None}
[3.396s] Level 5:colcon.colcon_core.verb:set package 'sub_can_processing' build argument 'cmake_args' from command line to 'None'
[3.396s] Level 5:colcon.colcon_core.verb:set package 'sub_can_processing' build argument 'cmake_target' from command line to 'None'
[3.396s] Level 5:colcon.colcon_core.verb:set package 'sub_can_processing' build argument 'cmake_target_skip_unavailable' from command line to 'False'
[3.396s] Level 5:colcon.colcon_core.verb:set package 'sub_can_processing' build argument 'cmake_clean_cache' from command line to 'False'
[3.397s] Level 5:colcon.colcon_core.verb:set package 'sub_can_processing' build argument 'cmake_clean_first' from command line to 'False'
[3.397s] Level 5:colcon.colcon_core.verb:set package 'sub_can_processing' build argument 'cmake_force_configure' from command line to 'False'
[3.397s] Level 5:colcon.colcon_core.verb:set package 'sub_can_processing' build argument 'ament_cmake_args' from command line to 'None'
[3.397s] Level 5:colcon.colcon_core.verb:set package 'sub_can_processing' build argument 'catkin_cmake_args' from command line to 'None'
[3.397s] Level 5:colcon.colcon_core.verb:set package 'sub_can_processing' build argument 'catkin_skip_building_tests' from command line to 'False'
[3.397s] DEBUG:colcon.colcon_core.verb:Building package 'sub_can_processing' with the following arguments: {'ament_cmake_args': None, 'build_base': '/home/tsz/Desktop/7_v1/Buckeye-Autodrive-Scoring-CAN-Part2_v1/Buckeye-Autodrive-Scoring-CAN-Part2/build/sub_can_processing', 'catkin_cmake_args': None, 'catkin_skip_building_tests': False, 'cmake_args': None, 'cmake_clean_cache': False, 'cmake_clean_first': False, 'cmake_force_configure': False, 'cmake_target': None, 'cmake_target_skip_unavailable': False, 'install_base': '/home/tsz/Desktop/7_v1/Buckeye-Autodrive-Scoring-CAN-Part2_v1/Buckeye-Autodrive-Scoring-CAN-Part2/install/sub_can_processing', 'merge_install': False, 'path': '/home/tsz/Desktop/7_v1/Buckeye-Autodrive-Scoring-CAN-Part2_v1/Buckeye-Autodrive-Scoring-CAN-Part2/src/sub_can_processing', 'symlink_install': False, 'test_result_base': None}
[3.440s] Level 5:colcon.colcon_core.verb:set package 'sub_can_processing_single' build argument 'cmake_args' from command line to 'None'
[3.440s] Level 5:colcon.colcon_core.verb:set package 'sub_can_processing_single' build argument 'cmake_target' from command line to 'None'
[3.440s] Level 5:colcon.colcon_core.verb:set package 'sub_can_processing_single' build argument 'cmake_target_skip_unavailable' from command line to 'False'
[3.440s] Level 5:colcon.colcon_core.verb:set package 'sub_can_processing_single' build argument 'cmake_clean_cache' from command line to 'False'
[3.440s] Level 5:colcon.colcon_core.verb:set package 'sub_can_processing_single' build argument 'cmake_clean_first' from command line to 'False'
[3.440s] Level 5:colcon.colcon_core.verb:set package 'sub_can_processing_single' build argument 'cmake_force_configure' from command line to 'False'
[3.440s] Level 5:colcon.colcon_core.verb:set package 'sub_can_processing_single' build argument 'ament_cmake_args' from command line to 'None'
[3.440s] Level 5:colcon.colcon_core.verb:set package 'sub_can_processing_single' build argument 'catkin_cmake_args' from command line to 'None'
[3.441s] Level 5:colcon.colcon_core.verb:set package 'sub_can_processing_single' build argument 'catkin_skip_building_tests' from command line to 'False'
[3.441s] DEBUG:colcon.colcon_core.verb:Building package 'sub_can_processing_single' with the following arguments: {'ament_cmake_args': None, 'build_base': '/home/tsz/Desktop/7_v1/Buckeye-Autodrive-Scoring-CAN-Part2_v1/Buckeye-Autodrive-Scoring-CAN-Part2/build/sub_can_processing_single', 'catkin_cmake_args': None, 'catkin_skip_building_tests': False, 'cmake_args': None, 'cmake_clean_cache': False, 'cmake_clean_first': False, 'cmake_force_configure': False, 'cmake_target': None, 'cmake_target_skip_unavailable': False, 'install_base': '/home/tsz/Desktop/7_v1/Buckeye-Autodrive-Scoring-CAN-Part2_v1/Buckeye-Autodrive-Scoring-CAN-Part2/install/sub_can_processing_single', 'merge_install': False, 'path': '/home/tsz/Desktop/7_v1/Buckeye-Autodrive-Scoring-CAN-Part2_v1/Buckeye-Autodrive-Scoring-CAN-Part2/src/sub_can_processing_single', 'symlink_install': False, 'test_result_base': None}
[3.484s] Level 5:colcon.colcon_core.verb:set package 'v2x_send' build argument 'cmake_args' from command line to 'None'
[3.484s] Level 5:colcon.colcon_core.verb:set package 'v2x_send' build argument 'cmake_target' from command line to 'None'
[3.484s] Level 5:colcon.colcon_core.verb:set package 'v2x_send' build argument 'cmake_target_skip_unavailable' from command line to 'False'
[3.484s] Level 5:colcon.colcon_core.verb:set package 'v2x_send' build argument 'cmake_clean_cache' from command line to 'False'
[3.485s] Level 5:colcon.colcon_core.verb:set package 'v2x_send' build argument 'cmake_clean_first' from command line to 'False'
[3.485s] Level 5:colcon.colcon_core.verb:set package 'v2x_send' build argument 'cmake_force_configure' from command line to 'False'
[3.485s] Level 5:colcon.colcon_core.verb:set package 'v2x_send' build argument 'ament_cmake_args' from command line to 'None'
[3.485s] Level 5:colcon.colcon_core.verb:set package 'v2x_send' build argument 'catkin_cmake_args' from command line to 'None'
[3.485s] Level 5:colcon.colcon_core.verb:set package 'v2x_send' build argument 'catkin_skip_building_tests' from command line to 'False'
[3.485s] DEBUG:colcon.colcon_core.verb:Building package 'v2x_send' with the following arguments: {'ament_cmake_args': None, 'build_base': '/home/tsz/Desktop/7_v1/Buckeye-Autodrive-Scoring-CAN-Part2_v1/Buckeye-Autodrive-Scoring-CAN-Part2/build/v2x_send', 'catkin_cmake_args': None, 'catkin_skip_building_tests': False, 'cmake_args': None, 'cmake_clean_cache': False, 'cmake_clean_first': False, 'cmake_force_configure': False, 'cmake_target': None, 'cmake_target_skip_unavailable': False, 'install_base': '/home/tsz/Desktop/7_v1/Buckeye-Autodrive-Scoring-CAN-Part2_v1/Buckeye-Autodrive-Scoring-CAN-Part2/install/v2x_send', 'merge_install': False, 'path': '/home/tsz/Desktop/7_v1/Buckeye-Autodrive-Scoring-CAN-Part2_v1/Buckeye-Autodrive-Scoring-CAN-Part2/src/v2x_send', 'symlink_install': False, 'test_result_base': None}
[3.528s] Level 5:colcon.colcon_core.verb:set package 'v2x_send_spat' build argument 'cmake_args' from command line to 'None'
[3.528s] Level 5:colcon.colcon_core.verb:set package 'v2x_send_spat' build argument 'cmake_target' from command line to 'None'
[3.528s] Level 5:colcon.colcon_core.verb:set package 'v2x_send_spat' build argument 'cmake_target_skip_unavailable' from command line to 'False'
[3.529s] Level 5:colcon.colcon_core.verb:set package 'v2x_send_spat' build argument 'cmake_clean_cache' from command line to 'False'
[3.529s] Level 5:colcon.colcon_core.verb:set package 'v2x_send_spat' build argument 'cmake_clean_first' from command line to 'False'
[3.529s] Level 5:colcon.colcon_core.verb:set package 'v2x_send_spat' build argument 'cmake_force_configure' from command line to 'False'
[3.529s] Level 5:colcon.colcon_core.verb:set package 'v2x_send_spat' build argument 'ament_cmake_args' from command line to 'None'
[3.529s] Level 5:colcon.colcon_core.verb:set package 'v2x_send_spat' build argument 'catkin_cmake_args' from command line to 'None'
[3.529s] Level 5:colcon.colcon_core.verb:set package 'v2x_send_spat' build argument 'catkin_skip_building_tests' from command line to 'False'
[3.529s] DEBUG:colcon.colcon_core.verb:Building package 'v2x_send_spat' with the following arguments: {'ament_cmake_args': None, 'build_base': '/home/tsz/Desktop/7_v1/Buckeye-Autodrive-Scoring-CAN-Part2_v1/Buckeye-Autodrive-Scoring-CAN-Part2/build/v2x_send_spat', 'catkin_cmake_args': None, 'catkin_skip_building_tests': False, 'cmake_args': None, 'cmake_clean_cache': False, 'cmake_clean_first': False, 'cmake_force_configure': False, 'cmake_target': None, 'cmake_target_skip_unavailable': False, 'install_base': '/home/tsz/Desktop/7_v1/Buckeye-Autodrive-Scoring-CAN-Part2_v1/Buckeye-Autodrive-Scoring-CAN-Part2/install/v2x_send_spat', 'merge_install': False, 'path': '/home/tsz/Desktop/7_v1/Buckeye-Autodrive-Scoring-CAN-Part2_v1/Buckeye-Autodrive-Scoring-CAN-Part2/src/v2x_send_spat', 'symlink_install': False, 'test_result_base': None}
[3.574s] INFO:colcon.colcon_core.executor:Executing jobs using 'parallel' executor
[3.618s] DEBUG:colcon.colcon_parallel_executor.executor.parallel:run_until_complete
[3.618s] INFO:colcon.colcon_ros.task.ament_python.build:Building ROS package in '/home/tsz/Desktop/7_v1/Buckeye-Autodrive-Scoring-CAN-Part2_v1/Buckeye-Autodrive-Scoring-CAN-Part2/src/basic_subscriber' with build type 'ament_python'
[3.619s] Level 1:colcon.colcon_core.shell:create_environment_hook('basic_subscriber', 'ament_prefix_path')
[3.666s] INFO:colcon.colcon_core.plugin_system:Skipping extension 'colcon_core.shell.bat': Not used on non-Windows systems
[3.666s] INFO:colcon.colcon_core.shell:Creating environment hook '/home/tsz/Desktop/7_v1/Buckeye-Autodrive-Scoring-CAN-Part2_v1/Buckeye-Autodrive-Scoring-CAN-Part2/install/basic_subscriber/share/basic_subscriber/hook/ament_prefix_path.ps1'
[3.666s] INFO:colcon.colcon_core.shell:Creating environment descriptor '/home/tsz/Desktop/7_v1/Buckeye-Autodrive-Scoring-CAN-Part2_v1/Buckeye-Autodrive-Scoring-CAN-Part2/install/basic_subscriber/share/basic_subscriber/hook/ament_prefix_path.dsv'
[3.667s] INFO:colcon.colcon_core.shell:Creating environment hook '/home/tsz/Desktop/7_v1/Buckeye-Autodrive-Scoring-CAN-Part2_v1/Buckeye-Autodrive-Scoring-CAN-Part2/install/basic_subscriber/share/basic_subscriber/hook/ament_prefix_path.sh'
[3.713s] INFO:colcon.colcon_core.shell:Skip shell extension 'powershell' for command environment: Not usable outside of PowerShell
[3.714s] DEBUG:colcon.colcon_core.shell:Skip shell extension 'dsv' for command environment
[3.854s] INFO:colcon.colcon_ros.task.ament_python.build:Building ROS package in '/home/tsz/Desktop/7_v1/Buckeye-Autodrive-Scoring-CAN-Part2_v1/Buckeye-Autodrive-Scoring-CAN-Part2/src/json2can' with build type 'ament_python'
[3.854s] Level 1:colcon.colcon_core.shell:create_environment_hook('json2can', 'ament_prefix_path')
[3.910s] INFO:colcon.colcon_core.shell:Creating environment hook '/home/tsz/Desktop/7_v1/Buckeye-Autodrive-Scoring-CAN-Part2_v1/Buckeye-Autodrive-Scoring-CAN-Part2/install/json2can/share/json2can/hook/ament_prefix_path.ps1'
[3.910s] INFO:colcon.colcon_core.shell:Creating environment descriptor '/home/tsz/Desktop/7_v1/Buckeye-Autodrive-Scoring-CAN-Part2_v1/Buckeye-Autodrive-Scoring-CAN-Part2/install/json2can/share/json2can/hook/ament_prefix_path.dsv'
[3.910s] INFO:colcon.colcon_core.shell:Creating environment hook '/home/tsz/Desktop/7_v1/Buckeye-Autodrive-Scoring-CAN-Part2_v1/Buckeye-Autodrive-Scoring-CAN-Part2/install/json2can/share/json2can/hook/ament_prefix_path.sh'
[3.958s] INFO:colcon.colcon_core.shell:Skip shell extension 'powershell' for command environment: Not usable outside of PowerShell
[3.958s] DEBUG:colcon.colcon_core.shell:Skip shell extension 'dsv' for command environment
[4.095s] INFO:colcon.colcon_ros.task.ament_cmake.build:Building ROS package in '/home/tsz/Desktop/7_v1/Buckeye-Autodrive-Scoring-CAN-Part2_v1/Buckeye-Autodrive-Scoring-CAN-Part2/src/perception_comm' with build type 'ament_cmake'
[4.095s] INFO:colcon.colcon_cmake.task.cmake.build:Building CMake package in '/home/tsz/Desktop/7_v1/Buckeye-Autodrive-Scoring-CAN-Part2_v1/Buckeye-Autodrive-Scoring-CAN-Part2/src/perception_comm'
[4.143s] INFO:colcon.colcon_core.shell:Skip shell extension 'powershell' for command environment: Not usable outside of PowerShell
[4.143s] DEBUG:colcon.colcon_core.shell:Skip shell extension 'dsv' for command environment
[4.284s] INFO:colcon.colcon_ros.task.ament_python.build:Building ROS package in '/home/tsz/Desktop/7_v1/Buckeye-Autodrive-Scoring-CAN-Part2_v1/Buckeye-Autodrive-Scoring-CAN-Part2/src/sub_can_processing' with build type 'ament_python'
[4.284s] Level 1:colcon.colcon_core.shell:create_environment_hook('sub_can_processing', 'ament_prefix_path')
[4.331s] INFO:colcon.colcon_core.shell:Creating environment hook '/home/tsz/Desktop/7_v1/Buckeye-Autodrive-Scoring-CAN-Part2_v1/Buckeye-Autodrive-Scoring-CAN-Part2/install/sub_can_processing/share/sub_can_processing/hook/ament_prefix_path.ps1'
[4.332s] INFO:colcon.colcon_core.shell:Creating environment descriptor '/home/tsz/Desktop/7_v1/Buckeye-Autodrive-Scoring-CAN-Part2_v1/Buckeye-Autodrive-Scoring-CAN-Part2/install/sub_can_processing/share/sub_can_processing/hook/ament_prefix_path.dsv'
[4.332s] INFO:colcon.colcon_core.shell:Creating environment hook '/home/tsz/Desktop/7_v1/Buckeye-Autodrive-Scoring-CAN-Part2_v1/Buckeye-Autodrive-Scoring-CAN-Part2/install/sub_can_processing/share/sub_can_processing/hook/ament_prefix_path.sh'
[4.379s] INFO:colcon.colcon_core.shell:Skip shell extension 'powershell' for command environment: Not usable outside of PowerShell
[4.379s] DEBUG:colcon.colcon_core.shell:Skip shell extension 'dsv' for command environment
[4.518s] INFO:colcon.colcon_ros.task.ament_python.build:Building ROS package in '/home/tsz/Desktop/7_v1/Buckeye-Autodrive-Scoring-CAN-Part2_v1/Buckeye-Autodrive-Scoring-CAN-Part2/src/sub_can_processing_single' with build type 'ament_python'
[4.518s] Level 1:colcon.colcon_core.shell:create_environment_hook('sub_can_processing_single', 'ament_prefix_path')
[4.572s] INFO:colcon.colcon_core.shell:Creating environment hook '/home/tsz/Desktop/7_v1/Buckeye-Autodrive-Scoring-CAN-Part2_v1/Buckeye-Autodrive-Scoring-CAN-Part2/install/sub_can_processing_single/share/sub_can_processing_single/hook/ament_prefix_path.ps1'
[4.572s] INFO:colcon.colcon_core.shell:Creating environment descriptor '/home/tsz/Desktop/7_v1/Buckeye-Autodrive-Scoring-CAN-Part2_v1/Buckeye-Autodrive-Scoring-CAN-Part2/install/sub_can_processing_single/share/sub_can_processing_single/hook/ament_prefix_path.dsv'
[4.573s] INFO:colcon.colcon_core.shell:Creating environment hook '/home/tsz/Desktop/7_v1/Buckeye-Autodrive-Scoring-CAN-Part2_v1/Buckeye-Autodrive-Scoring-CAN-Part2/install/sub_can_processing_single/share/sub_can_processing_single/hook/ament_prefix_path.sh'
[4.621s] INFO:colcon.colcon_core.shell:Skip shell extension 'powershell' for command environment: Not usable outside of PowerShell
[4.621s] DEBUG:colcon.colcon_core.shell:Skip shell extension 'dsv' for command environment
[4.766s] INFO:colcon.colcon_ros.task.ament_python.build:Building ROS package in '/home/tsz/Desktop/7_v1/Buckeye-Autodrive-Scoring-CAN-Part2_v1/Buckeye-Autodrive-Scoring-CAN-Part2/src/v2x_send' with build type 'ament_python'
[4.829s] Level 1:colcon.colcon_core.shell:create_environment_hook('v2x_send', 'ament_prefix_path')
[4.912s] INFO:colcon.colcon_core.shell:Creating environment hook '/home/tsz/Desktop/7_v1/Buckeye-Autodrive-Scoring-CAN-Part2_v1/Buckeye-Autodrive-Scoring-CAN-Part2/install/v2x_send/share/v2x_send/hook/ament_prefix_path.ps1'
[4.912s] INFO:colcon.colcon_core.shell:Creating environment descriptor '/home/tsz/Desktop/7_v1/Buckeye-Autodrive-Scoring-CAN-Part2_v1/Buckeye-Autodrive-Scoring-CAN-Part2/install/v2x_send/share/v2x_send/hook/ament_prefix_path.dsv'
[4.912s] INFO:colcon.colcon_core.shell:Creating environment hook '/home/tsz/Desktop/7_v1/Buckeye-Autodrive-Scoring-CAN-Part2_v1/Buckeye-Autodrive-Scoring-CAN-Part2/install/v2x_send/share/v2x_send/hook/ament_prefix_path.sh'
[4.958s] INFO:colcon.colcon_core.shell:Skip shell extension 'powershell' for command environment: Not usable outside of PowerShell
[4.958s] DEBUG:colcon.colcon_core.shell:Skip shell extension 'dsv' for command environment
[5.105s] INFO:colcon.colcon_ros.task.ament_python.build:Building ROS package in '/home/tsz/Desktop/7_v1/Buckeye-Autodrive-Scoring-CAN-Part2_v1/Buckeye-Autodrive-Scoring-CAN-Part2/src/v2x_send_spat' with build type 'ament_python'
[5.105s] Level 1:colcon.colcon_core.shell:create_environment_hook('v2x_send_spat', 'ament_prefix_path')
[5.152s] INFO:colcon.colcon_core.shell:Creating environment hook '/home/tsz/Desktop/7_v1/Buckeye-Autodrive-Scoring-CAN-Part2_v1/Buckeye-Autodrive-Scoring-CAN-Part2/install/v2x_send_spat/share/v2x_send_spat/hook/ament_prefix_path.ps1'
[5.152s] INFO:colcon.colcon_core.shell:Creating environment descriptor '/home/tsz/Desktop/7_v1/Buckeye-Autodrive-Scoring-CAN-Part2_v1/Buckeye-Autodrive-Scoring-CAN-Part2/install/v2x_send_spat/share/v2x_send_spat/hook/ament_prefix_path.dsv'
[5.152s] INFO:colcon.colcon_core.shell:Creating environment hook '/home/tsz/Desktop/7_v1/Buckeye-Autodrive-Scoring-CAN-Part2_v1/Buckeye-Autodrive-Scoring-CAN-Part2/install/v2x_send_spat/share/v2x_send_spat/hook/ament_prefix_path.sh'
[5.199s] INFO:colcon.colcon_core.shell:Skip shell extension 'powershell' for command environment: Not usable outside of PowerShell
[5.199s] DEBUG:colcon.colcon_core.shell:Skip shell extension 'dsv' for command environment
[5.548s] INFO:colcon.colcon_core.task.python.build:Building Python package in '/home/tsz/Desktop/7_v1/Buckeye-Autodrive-Scoring-CAN-Part2_v1/Buckeye-Autodrive-Scoring-CAN-Part2/src/basic_subscriber'
[5.596s] INFO:colcon.colcon_core.shell:Skip shell extension 'powershell' for command environment: Not usable outside of PowerShell
[5.596s] DEBUG:colcon.colcon_core.shell:Skip shell extension 'dsv' for command environment
[5.938s] INFO:colcon.colcon_core.task.python.build:Building Python package in '/home/tsz/Desktop/7_v1/Buckeye-Autodrive-Scoring-CAN-Part2_v1/Buckeye-Autodrive-Scoring-CAN-Part2/src/json2can'
[5.985s] INFO:colcon.colcon_core.shell:Skip shell extension 'powershell' for command environment: Not usable outside of PowerShell
[5.985s] DEBUG:colcon.colcon_core.shell:Skip shell extension 'dsv' for command environment
[6.196s] DEBUG:colcon.colcon_core.event_handler.log_command:Invoking command in '/home/tsz/Desktop/7_v1/Buckeye-Autodrive-Scoring-CAN-Part2_v1/Buckeye-Autodrive-Scoring-CAN-Part2/build/perception_comm': CMAKE_PREFIX_PATH=${CMAKE_PREFIX_PATH}:/home/tsz/Desktop/7_v1/Buckeye-Autodrive-Scoring-CAN-Part2_v1/Buckeye-Autodrive-Scoring-CAN-Part2/install/v2x_send_spat:/home/tsz/Desktop/7_v1/Buckeye-Autodrive-Scoring-CAN-Part2_v1/Buckeye-Autodrive-Scoring-CAN-Part2/install/v2x_send:/home/tsz/Desktop/7_v1/Buckeye-Autodrive-Scoring-CAN-Part2_v1/Buckeye-Autodrive-Scoring-CAN-Part2/install/sub_can_processing_single:/home/tsz/Desktop/7_v1/Buckeye-Autodrive-Scoring-CAN-Part2_v1/Buckeye-Autodrive-Scoring-CAN-Part2/install/sub_can_processing:/home/tsz/Desktop/7_v1/Buckeye-Autodrive-Scoring-CAN-Part2_v1/Buckeye-Autodrive-Scoring-CAN-Part2/install/json2can:/home/tsz/Desktop/7_v1/Buckeye-Autodrive-Scoring-CAN-Part2_v1/Buckeye-Autodrive-Scoring-CAN-Part2/install/basic_subscriber:/opt/ros/foxy /usr/bin/cmake --build /home/tsz/Desktop/7_v1/Buckeye-Autodrive-Scoring-CAN-Part2_v1/Buckeye-Autodrive-Scoring-CAN-Part2/build/perception_comm -- -j8 -l8
[6.467s] INFO:colcon.colcon_core.task.python.build:Building Python package in '/home/tsz/Desktop/7_v1/Buckeye-Autodrive-Scoring-CAN-Part2_v1/Buckeye-Autodrive-Scoring-CAN-Part2/src/sub_can_processing'
[6.514s] INFO:colcon.colcon_core.shell:Skip shell extension 'powershell' for command environment: Not usable outside of PowerShell
[6.514s] DEBUG:colcon.colcon_core.shell:Skip shell extension 'dsv' for command environment
[6.862s] INFO:colcon.colcon_core.task.python.build:Building Python package in '/home/tsz/Desktop/7_v1/Buckeye-Autodrive-Scoring-CAN-Part2_v1/Buckeye-Autodrive-Scoring-CAN-Part2/src/sub_can_processing_single'
[6.909s] INFO:colcon.colcon_core.shell:Skip shell extension 'powershell' for command environment: Not usable outside of PowerShell
[6.909s] DEBUG:colcon.colcon_core.shell:Skip shell extension 'dsv' for command environment
[7.256s] INFO:colcon.colcon_core.task.python.build:Building Python package in '/home/tsz/Desktop/7_v1/Buckeye-Autodrive-Scoring-CAN-Part2_v1/Buckeye-Autodrive-Scoring-CAN-Part2/src/v2x_send'
[7.312s] INFO:colcon.colcon_core.shell:Skip shell extension 'powershell' for command environment: Not usable outside of PowerShell
[7.313s] DEBUG:colcon.colcon_core.shell:Skip shell extension 'dsv' for command environment
[7.683s] INFO:colcon.colcon_core.task.python.build:Building Python package in '/home/tsz/Desktop/7_v1/Buckeye-Autodrive-Scoring-CAN-Part2_v1/Buckeye-Autodrive-Scoring-CAN-Part2/src/v2x_send_spat'
[7.729s] INFO:colcon.colcon_core.shell:Skip shell extension 'powershell' for command environment: Not usable outside of PowerShell
[7.730s] DEBUG:colcon.colcon_core.shell:Skip shell extension 'dsv' for command environment
[7.878s] DEBUG:colcon.colcon_core.event_handler.log_command:Invoked command in '/home/tsz/Desktop/7_v1/Buckeye-Autodrive-Scoring-CAN-Part2_v1/Buckeye-Autodrive-Scoring-CAN-Part2/build/perception_comm' returned '0': CMAKE_PREFIX_PATH=${CMAKE_PREFIX_PATH}:/home/tsz/Desktop/7_v1/Buckeye-Autodrive-Scoring-CAN-Part2_v1/Buckeye-Autodrive-Scoring-CAN-Part2/install/v2x_send_spat:/home/tsz/Desktop/7_v1/Buckeye-Autodrive-Scoring-CAN-Part2_v1/Buckeye-Autodrive-Scoring-CAN-Part2/install/v2x_send:/home/tsz/Desktop/7_v1/Buckeye-Autodrive-Scoring-CAN-Part2_v1/Buckeye-Autodrive-Scoring-CAN-Part2/install/sub_can_processing_single:/home/tsz/Desktop/7_v1/Buckeye-Autodrive-Scoring-CAN-Part2_v1/Buckeye-Autodrive-Scoring-CAN-Part2/install/sub_can_processing:/home/tsz/Desktop/7_v1/Buckeye-Autodrive-Scoring-CAN-Part2_v1/Buckeye-Autodrive-Scoring-CAN-Part2/install/json2can:/home/tsz/Desktop/7_v1/Buckeye-Autodrive-Scoring-CAN-Part2_v1/Buckeye-Autodrive-Scoring-CAN-Part2/install/basic_subscriber:/opt/ros/foxy /usr/bin/cmake --build /home/tsz/Desktop/7_v1/Buckeye-Autodrive-Scoring-CAN-Part2_v1/Buckeye-Autodrive-Scoring-CAN-Part2/build/perception_comm -- -j8 -l8
[7.959s] DEBUG:colcon.colcon_core.event_handler.log_command:Invoking command in '/home/tsz/Desktop/7_v1/Buckeye-Autodrive-Scoring-CAN-Part2_v1/Buckeye-Autodrive-Scoring-CAN-Part2/build/perception_comm': CMAKE_PREFIX_PATH=${CMAKE_PREFIX_PATH}:/home/tsz/Desktop/7_v1/Buckeye-Autodrive-Scoring-CAN-Part2_v1/Buckeye-Autodrive-Scoring-CAN-Part2/install/v2x_send_spat:/home/tsz/Desktop/7_v1/Buckeye-Autodrive-Scoring-CAN-Part2_v1/Buckeye-Autodrive-Scoring-CAN-Part2/install/v2x_send:/home/tsz/Desktop/7_v1/Buckeye-Autodrive-Scoring-CAN-Part2_v1/Buckeye-Autodrive-Scoring-CAN-Part2/install/sub_can_processing_single:/home/tsz/Desktop/7_v1/Buckeye-Autodrive-Scoring-CAN-Part2_v1/Buckeye-Autodrive-Scoring-CAN-Part2/install/sub_can_processing:/home/tsz/Desktop/7_v1/Buckeye-Autodrive-Scoring-CAN-Part2_v1/Buckeye-Autodrive-Scoring-CAN-Part2/install/json2can:/home/tsz/Desktop/7_v1/Buckeye-Autodrive-Scoring-CAN-Part2_v1/Buckeye-Autodrive-Scoring-CAN-Part2/install/basic_subscriber:/opt/ros/foxy /usr/bin/cmake --install /home/tsz/Desktop/7_v1/Buckeye-Autodrive-Scoring-CAN-Part2_v1/Buckeye-Autodrive-Scoring-CAN-Part2/build/perception_comm
[8.072s] Level 1:colcon.colcon_core.environment:create_environment_scripts_only(perception_comm)
[8.079s] DEBUG:colcon.colcon_core.event_handler.log_command:Invoked command in '/home/tsz/Desktop/7_v1/Buckeye-Autodrive-Scoring-CAN-Part2_v1/Buckeye-Autodrive-Scoring-CAN-Part2/build/perception_comm' returned '0': CMAKE_PREFIX_PATH=${CMAKE_PREFIX_PATH}:/home/tsz/Desktop/7_v1/Buckeye-Autodrive-Scoring-CAN-Part2_v1/Buckeye-Autodrive-Scoring-CAN-Part2/install/v2x_send_spat:/home/tsz/Desktop/7_v1/Buckeye-Autodrive-Scoring-CAN-Part2_v1/Buckeye-Autodrive-Scoring-CAN-Part2/install/v2x_send:/home/tsz/Desktop/7_v1/Buckeye-Autodrive-Scoring-CAN-Part2_v1/Buckeye-Autodrive-Scoring-CAN-Part2/install/sub_can_processing_single:/home/tsz/Desktop/7_v1/Buckeye-Autodrive-Scoring-CAN-Part2_v1/Buckeye-Autodrive-Scoring-CAN-Part2/install/sub_can_processing:/home/tsz/Desktop/7_v1/Buckeye-Autodrive-Scoring-CAN-Part2_v1/Buckeye-Autodrive-Scoring-CAN-Part2/install/json2can:/home/tsz/Desktop/7_v1/Buckeye-Autodrive-Scoring-CAN-Part2_v1/Buckeye-Autodrive-Scoring-CAN-Part2/install/basic_subscriber:/opt/ros/foxy /usr/bin/cmake --install /home/tsz/Desktop/7_v1/Buckeye-Autodrive-Scoring-CAN-Part2_v1/Buckeye-Autodrive-Scoring-CAN-Part2/build/perception_comm
[8.191s] Level 1:colcon.colcon_core.environment:checking '/home/tsz/Desktop/7_v1/Buckeye-Autodrive-Scoring-CAN-Part2_v1/Buckeye-Autodrive-Scoring-CAN-Part2/install/perception_comm' for CMake module files
[8.192s] Level 1:colcon.colcon_core.environment:checking '/home/tsz/Desktop/7_v1/Buckeye-Autodrive-Scoring-CAN-Part2_v1/Buckeye-Autodrive-Scoring-CAN-Part2/install/perception_comm' for CMake config files
[8.192s] Level 1:colcon.colcon_core.shell:create_environment_hook('perception_comm', 'cmake_prefix_path')
[8.300s] INFO:colcon.colcon_core.shell:Creating environment hook '/home/tsz/Desktop/7_v1/Buckeye-Autodrive-Scoring-CAN-Part2_v1/Buckeye-Autodrive-Scoring-CAN-Part2/install/perception_comm/share/perception_comm/hook/cmake_prefix_path.ps1'
[8.301s] INFO:colcon.colcon_core.shell:Creating environment descriptor '/home/tsz/Desktop/7_v1/Buckeye-Autodrive-Scoring-CAN-Part2_v1/Buckeye-Autodrive-Scoring-CAN-Part2/install/perception_comm/share/perception_comm/hook/cmake_prefix_path.dsv'
[8.301s] INFO:colcon.colcon_core.shell:Creating environment hook '/home/tsz/Desktop/7_v1/Buckeye-Autodrive-Scoring-CAN-Part2_v1/Buckeye-Autodrive-Scoring-CAN-Part2/install/perception_comm/share/perception_comm/hook/cmake_prefix_path.sh'
[8.302s] Level 1:colcon.colcon_core.environment:checking '/home/tsz/Desktop/7_v1/Buckeye-Autodrive-Scoring-CAN-Part2_v1/Buckeye-Autodrive-Scoring-CAN-Part2/install/perception_comm/lib'
[8.303s] Level 1:colcon.colcon_core.shell:create_environment_hook('perception_comm', 'ld_library_path_lib')
[8.413s] INFO:colcon.colcon_core.shell:Creating environment hook '/home/tsz/Desktop/7_v1/Buckeye-Autodrive-Scoring-CAN-Part2_v1/Buckeye-Autodrive-Scoring-CAN-Part2/install/perception_comm/share/perception_comm/hook/ld_library_path_lib.ps1'
[8.414s] INFO:colcon.colcon_core.shell:Creating environment descriptor '/home/tsz/Desktop/7_v1/Buckeye-Autodrive-Scoring-CAN-Part2_v1/Buckeye-Autodrive-Scoring-CAN-Part2/install/perception_comm/share/perception_comm/hook/ld_library_path_lib.dsv'
[8.414s] INFO:colcon.colcon_core.shell:Creating environment hook '/home/tsz/Desktop/7_v1/Buckeye-Autodrive-Scoring-CAN-Part2_v1/Buckeye-Autodrive-Scoring-CAN-Part2/install/perception_comm/share/perception_comm/hook/ld_library_path_lib.sh'
[8.415s] Level 1:colcon.colcon_core.environment:checking '/home/tsz/Desktop/7_v1/Buckeye-Autodrive-Scoring-CAN-Part2_v1/Buckeye-Autodrive-Scoring-CAN-Part2/install/perception_comm/bin'
[8.415s] Level 1:colcon.colcon_core.environment:checking '/home/tsz/Desktop/7_v1/Buckeye-Autodrive-Scoring-CAN-Part2_v1/Buckeye-Autodrive-Scoring-CAN-Part2/install/perception_comm/lib/pkgconfig/perception_comm.pc'
[8.416s] Level 1:colcon.colcon_core.environment:checking '/home/tsz/Desktop/7_v1/Buckeye-Autodrive-Scoring-CAN-Part2_v1/Buckeye-Autodrive-Scoring-CAN-Part2/install/perception_comm/lib/python3.8/site-packages'
[8.416s] Level 1:colcon.colcon_core.shell:create_environment_hook('perception_comm', 'pythonpath')
[8.525s] INFO:colcon.colcon_core.shell:Creating environment hook '/home/tsz/Desktop/7_v1/Buckeye-Autodrive-Scoring-CAN-Part2_v1/Buckeye-Autodrive-Scoring-CAN-Part2/install/perception_comm/share/perception_comm/hook/pythonpath.ps1'
[8.526s] INFO:colcon.colcon_core.shell:Creating environment descriptor '/home/tsz/Desktop/7_v1/Buckeye-Autodrive-Scoring-CAN-Part2_v1/Buckeye-Autodrive-Scoring-CAN-Part2/install/perception_comm/share/perception_comm/hook/pythonpath.dsv'
[8.527s] INFO:colcon.colcon_core.shell:Creating environment hook '/home/tsz/Desktop/7_v1/Buckeye-Autodrive-Scoring-CAN-Part2_v1/Buckeye-Autodrive-Scoring-CAN-Part2/install/perception_comm/share/perception_comm/hook/pythonpath.sh'
[8.527s] Level 1:colcon.colcon_core.environment:checking '/home/tsz/Desktop/7_v1/Buckeye-Autodrive-Scoring-CAN-Part2_v1/Buckeye-Autodrive-Scoring-CAN-Part2/install/perception_comm/bin'
[8.637s] INFO:colcon.colcon_core.shell:Creating package script '/home/tsz/Desktop/7_v1/Buckeye-Autodrive-Scoring-CAN-Part2_v1/Buckeye-Autodrive-Scoring-CAN-Part2/install/perception_comm/share/perception_comm/package.ps1'
[8.639s] INFO:colcon.colcon_core.shell:Creating package descriptor '/home/tsz/Desktop/7_v1/Buckeye-Autodrive-Scoring-CAN-Part2_v1/Buckeye-Autodrive-Scoring-CAN-Part2/install/perception_comm/share/perception_comm/package.dsv'
[8.640s] INFO:colcon.colcon_core.shell:Creating package script '/home/tsz/Desktop/7_v1/Buckeye-Autodrive-Scoring-CAN-Part2_v1/Buckeye-Autodrive-Scoring-CAN-Part2/install/perception_comm/share/perception_comm/package.sh'
[8.641s] INFO:colcon.colcon_core.shell:Creating package script '/home/tsz/Desktop/7_v1/Buckeye-Autodrive-Scoring-CAN-Part2_v1/Buckeye-Autodrive-Scoring-CAN-Part2/install/perception_comm/share/perception_comm/package.bash'
[8.643s] INFO:colcon.colcon_core.shell:Creating package script '/home/tsz/Desktop/7_v1/Buckeye-Autodrive-Scoring-CAN-Part2_v1/Buckeye-Autodrive-Scoring-CAN-Part2/install/perception_comm/share/perception_comm/package.zsh'
[8.644s] Level 1:colcon.colcon_core.environment:create_file_with_runtime_dependencies(/home/tsz/Desktop/7_v1/Buckeye-Autodrive-Scoring-CAN-Part2_v1/Buckeye-Autodrive-Scoring-CAN-Part2/install/perception_comm/share/colcon-core/packages/perception_comm)
[8.845s] Level 1:colcon.colcon_core.environment:create_environment_scripts_only(perception_comm)
[8.898s] Level 1:colcon.colcon_core.environment:checking '/home/tsz/Desktop/7_v1/Buckeye-Autodrive-Scoring-CAN-Part2_v1/Buckeye-Autodrive-Scoring-CAN-Part2/install/perception_comm' for CMake module files
[8.899s] Level 1:colcon.colcon_core.environment:checking '/home/tsz/Desktop/7_v1/Buckeye-Autodrive-Scoring-CAN-Part2_v1/Buckeye-Autodrive-Scoring-CAN-Part2/install/perception_comm' for CMake config files
[8.899s] Level 1:colcon.colcon_core.shell:create_environment_hook('perception_comm', 'cmake_prefix_path')
[8.947s] INFO:colcon.colcon_core.shell:Creating environment hook '/home/tsz/Desktop/7_v1/Buckeye-Autodrive-Scoring-CAN-Part2_v1/Buckeye-Autodrive-Scoring-CAN-Part2/install/perception_comm/share/perception_comm/hook/cmake_prefix_path.ps1'
[8.948s] INFO:colcon.colcon_core.shell:Creating environment descriptor '/home/tsz/Desktop/7_v1/Buckeye-Autodrive-Scoring-CAN-Part2_v1/Buckeye-Autodrive-Scoring-CAN-Part2/install/perception_comm/share/perception_comm/hook/cmake_prefix_path.dsv'
[8.948s] INFO:colcon.colcon_core.shell:Creating environment hook '/home/tsz/Desktop/7_v1/Buckeye-Autodrive-Scoring-CAN-Part2_v1/Buckeye-Autodrive-Scoring-CAN-Part2/install/perception_comm/share/perception_comm/hook/cmake_prefix_path.sh'
[8.948s] Level 1:colcon.colcon_core.environment:checking '/home/tsz/Desktop/7_v1/Buckeye-Autodrive-Scoring-CAN-Part2_v1/Buckeye-Autodrive-Scoring-CAN-Part2/install/perception_comm/lib'
[8.948s] Level 1:colcon.colcon_core.shell:create_environment_hook('perception_comm', 'ld_library_path_lib')
[8.997s] INFO:colcon.colcon_core.shell:Creating environment hook '/home/tsz/Desktop/7_v1/Buckeye-Autodrive-Scoring-CAN-Part2_v1/Buckeye-Autodrive-Scoring-CAN-Part2/install/perception_comm/share/perception_comm/hook/ld_library_path_lib.ps1'
[8.998s] INFO:colcon.colcon_core.shell:Creating environment descriptor '/home/tsz/Desktop/7_v1/Buckeye-Autodrive-Scoring-CAN-Part2_v1/Buckeye-Autodrive-Scoring-CAN-Part2/install/perception_comm/share/perception_comm/hook/ld_library_path_lib.dsv'
[8.998s] INFO:colcon.colcon_core.shell:Creating environment hook '/home/tsz/Desktop/7_v1/Buckeye-Autodrive-Scoring-CAN-Part2_v1/Buckeye-Autodrive-Scoring-CAN-Part2/install/perception_comm/share/perception_comm/hook/ld_library_path_lib.sh'
[8.998s] Level 1:colcon.colcon_core.environment:checking '/home/tsz/Desktop/7_v1/Buckeye-Autodrive-Scoring-CAN-Part2_v1/Buckeye-Autodrive-Scoring-CAN-Part2/install/perception_comm/bin'
[8.999s] Level 1:colcon.colcon_core.environment:checking '/home/tsz/Desktop/7_v1/Buckeye-Autodrive-Scoring-CAN-Part2_v1/Buckeye-Autodrive-Scoring-CAN-Part2/install/perception_comm/lib/pkgconfig/perception_comm.pc'
[8.999s] Level 1:colcon.colcon_core.environment:checking '/home/tsz/Desktop/7_v1/Buckeye-Autodrive-Scoring-CAN-Part2_v1/Buckeye-Autodrive-Scoring-CAN-Part2/install/perception_comm/lib/python3.8/site-packages'
[8.999s] Level 1:colcon.colcon_core.shell:create_environment_hook('perception_comm', 'pythonpath')
[9.054s] INFO:colcon.colcon_core.shell:Creating environment hook '/home/tsz/Desktop/7_v1/Buckeye-Autodrive-Scoring-CAN-Part2_v1/Buckeye-Autodrive-Scoring-CAN-Part2/install/perception_comm/share/perception_comm/hook/pythonpath.ps1'
[9.055s] INFO:colcon.colcon_core.shell:Creating environment descriptor '/home/tsz/Desktop/7_v1/Buckeye-Autodrive-Scoring-CAN-Part2_v1/Buckeye-Autodrive-Scoring-CAN-Part2/install/perception_comm/share/perception_comm/hook/pythonpath.dsv'
[9.055s] INFO:colcon.colcon_core.shell:Creating environment hook '/home/tsz/Desktop/7_v1/Buckeye-Autodrive-Scoring-CAN-Part2_v1/Buckeye-Autodrive-Scoring-CAN-Part2/install/perception_comm/share/perception_comm/hook/pythonpath.sh'
[9.055s] Level 1:colcon.colcon_core.environment:checking '/home/tsz/Desktop/7_v1/Buckeye-Autodrive-Scoring-CAN-Part2_v1/Buckeye-Autodrive-Scoring-CAN-Part2/install/perception_comm/bin'
[9.115s] INFO:colcon.colcon_core.shell:Creating package script '/home/tsz/Desktop/7_v1/Buckeye-Autodrive-Scoring-CAN-Part2_v1/Buckeye-Autodrive-Scoring-CAN-Part2/install/perception_comm/share/perception_comm/package.ps1'
[9.116s] INFO:colcon.colcon_core.shell:Creating package descriptor '/home/tsz/Desktop/7_v1/Buckeye-Autodrive-Scoring-CAN-Part2_v1/Buckeye-Autodrive-Scoring-CAN-Part2/install/perception_comm/share/perception_comm/package.dsv'
[9.116s] INFO:colcon.colcon_core.shell:Creating package script '/home/tsz/Desktop/7_v1/Buckeye-Autodrive-Scoring-CAN-Part2_v1/Buckeye-Autodrive-Scoring-CAN-Part2/install/perception_comm/share/perception_comm/package.sh'
[9.117s] INFO:colcon.colcon_core.shell:Creating package script '/home/tsz/Desktop/7_v1/Buckeye-Autodrive-Scoring-CAN-Part2_v1/Buckeye-Autodrive-Scoring-CAN-Part2/install/perception_comm/share/perception_comm/package.bash'
[9.117s] INFO:colcon.colcon_core.shell:Creating package script '/home/tsz/Desktop/7_v1/Buckeye-Autodrive-Scoring-CAN-Part2_v1/Buckeye-Autodrive-Scoring-CAN-Part2/install/perception_comm/share/perception_comm/package.zsh'
[9.117s] Level 1:colcon.colcon_core.environment:create_file_with_runtime_dependencies(/home/tsz/Desktop/7_v1/Buckeye-Autodrive-Scoring-CAN-Part2_v1/Buckeye-Autodrive-Scoring-CAN-Part2/install/perception_comm/share/colcon-core/packages/perception_comm)
[9.122s] DEBUG:colcon.colcon_core.event_handler.log_command:Invoking command in '/home/tsz/Desktop/7_v1/Buckeye-Autodrive-Scoring-CAN-Part2_v1/Buckeye-Autodrive-Scoring-CAN-Part2/src/json2can': PYTHONPATH=/home/tsz/Desktop/7_v1/Buckeye-Autodrive-Scoring-CAN-Part2_v1/Buckeye-Autodrive-Scoring-CAN-Part2/build/json2can/prefix_override:/home/tsz/Desktop/7_v1/Buckeye-Autodrive-Scoring-CAN-Part2_v1/Buckeye-Autodrive-Scoring-CAN-Part2/install/json2can/lib/python3.8/site-packages:${PYTHONPATH} /usr/bin/python3 setup.py egg_info --egg-base ../../build/json2can build --build-base /home/tsz/Desktop/7_v1/Buckeye-Autodrive-Scoring-CAN-Part2_v1/Buckeye-Autodrive-Scoring-CAN-Part2/build/json2can/build install --record /home/tsz/Desktop/7_v1/Buckeye-Autodrive-Scoring-CAN-Part2_v1/Buckeye-Autodrive-Scoring-CAN-Part2/build/json2can/install.log --single-version-externally-managed
[9.125s] DEBUG:colcon.colcon_core.event_handler.log_command:Invoking command in '/home/tsz/Desktop/7_v1/Buckeye-Autodrive-Scoring-CAN-Part2_v1/Buckeye-Autodrive-Scoring-CAN-Part2/src/v2x_send': PYTHONPATH=/home/tsz/Desktop/7_v1/Buckeye-Autodrive-Scoring-CAN-Part2_v1/Buckeye-Autodrive-Scoring-CAN-Part2/build/v2x_send/prefix_override:/home/tsz/Desktop/7_v1/Buckeye-Autodrive-Scoring-CAN-Part2_v1/Buckeye-Autodrive-Scoring-CAN-Part2/install/v2x_send/lib/python3.8/site-packages:${PYTHONPATH} /usr/bin/python3 setup.py egg_info --egg-base ../../build/v2x_send build --build-base /home/tsz/Desktop/7_v1/Buckeye-Autodrive-Scoring-CAN-Part2_v1/Buckeye-Autodrive-Scoring-CAN-Part2/build/v2x_send/build install --record /home/tsz/Desktop/7_v1/Buckeye-Autodrive-Scoring-CAN-Part2_v1/Buckeye-Autodrive-Scoring-CAN-Part2/build/v2x_send/install.log --install-scripts $base/lib/v2x_send --single-version-externally-managed
[9.130s] DEBUG:colcon.colcon_core.event_handler.log_command:Invoking command in '/home/tsz/Desktop/7_v1/Buckeye-Autodrive-Scoring-CAN-Part2_v1/Buckeye-Autodrive-Scoring-CAN-Part2/src/basic_subscriber': PYTHONPATH=/home/tsz/Desktop/7_v1/Buckeye-Autodrive-Scoring-CAN-Part2_v1/Buckeye-Autodrive-Scoring-CAN-Part2/build/basic_subscriber/prefix_override:/home/tsz/Desktop/7_v1/Buckeye-Autodrive-Scoring-CAN-Part2_v1/Buckeye-Autodrive-Scoring-CAN-Part2/install/basic_subscriber/lib/python3.8/site-packages:${PYTHONPATH} /usr/bin/python3 setup.py egg_info --egg-base ../../build/basic_subscriber build --build-base /home/tsz/Desktop/7_v1/Buckeye-Autodrive-Scoring-CAN-Part2_v1/Buckeye-Autodrive-Scoring-CAN-Part2/build/basic_subscriber/build install --record /home/tsz/Desktop/7_v1/Buckeye-Autodrive-Scoring-CAN-Part2_v1/Buckeye-Autodrive-Scoring-CAN-Part2/build/basic_subscriber/install.log --install-scripts $base/lib/basic_subscriber --single-version-externally-managed
[9.136s] DEBUG:colcon.colcon_core.event_handler.log_command:Invoking command in '/home/tsz/Desktop/7_v1/Buckeye-Autodrive-Scoring-CAN-Part2_v1/Buckeye-Autodrive-Scoring-CAN-Part2/src/sub_can_processing_single': PYTHONPATH=/home/tsz/Desktop/7_v1/Buckeye-Autodrive-Scoring-CAN-Part2_v1/Buckeye-Autodrive-Scoring-CAN-Part2/build/sub_can_processing_single/prefix_override:/home/tsz/Desktop/7_v1/Buckeye-Autodrive-Scoring-CAN-Part2_v1/Buckeye-Autodrive-Scoring-CAN-Part2/install/sub_can_processing_single/lib/python3.8/site-packages:${PYTHONPATH} /usr/bin/python3 setup.py egg_info --egg-base ../../build/sub_can_processing_single build --build-base /home/tsz/Desktop/7_v1/Buckeye-Autodrive-Scoring-CAN-Part2_v1/Buckeye-Autodrive-Scoring-CAN-Part2/build/sub_can_processing_single/build install --record /home/tsz/Desktop/7_v1/Buckeye-Autodrive-Scoring-CAN-Part2_v1/Buckeye-Autodrive-Scoring-CAN-Part2/build/sub_can_processing_single/install.log --install-scripts $base/lib/sub_can_processing_single --single-version-externally-managed
[9.141s] DEBUG:colcon.colcon_core.event_handler.log_command:Invoking command in '/home/tsz/Desktop/7_v1/Buckeye-Autodrive-Scoring-CAN-Part2_v1/Buckeye-Autodrive-Scoring-CAN-Part2/src/sub_can_processing': PYTHONPATH=/home/tsz/Desktop/7_v1/Buckeye-Autodrive-Scoring-CAN-Part2_v1/Buckeye-Autodrive-Scoring-CAN-Part2/build/sub_can_processing/prefix_override:/home/tsz/Desktop/7_v1/Buckeye-Autodrive-Scoring-CAN-Part2_v1/Buckeye-Autodrive-Scoring-CAN-Part2/install/sub_can_processing/lib/python3.8/site-packages:${PYTHONPATH} /usr/bin/python3 setup.py egg_info --egg-base ../../build/sub_can_processing build --build-base /home/tsz/Desktop/7_v1/Buckeye-Autodrive-Scoring-CAN-Part2_v1/Buckeye-Autodrive-Scoring-CAN-Part2/build/sub_can_processing/build install --record /home/tsz/Desktop/7_v1/Buckeye-Autodrive-Scoring-CAN-Part2_v1/Buckeye-Autodrive-Scoring-CAN-Part2/build/sub_can_processing/install.log --install-scripts $base/lib/sub_can_processing --single-version-externally-managed
[9.146s] DEBUG:colcon.colcon_core.event_handler.log_command:Invoking command in '/home/tsz/Desktop/7_v1/Buckeye-Autodrive-Scoring-CAN-Part2_v1/Buckeye-Autodrive-Scoring-CAN-Part2/src/v2x_send_spat': PYTHONPATH=/home/tsz/Desktop/7_v1/Buckeye-Autodrive-Scoring-CAN-Part2_v1/Buckeye-Autodrive-Scoring-CAN-Part2/build/v2x_send_spat/prefix_override:/home/tsz/Desktop/7_v1/Buckeye-Autodrive-Scoring-CAN-Part2_v1/Buckeye-Autodrive-Scoring-CAN-Part2/install/v2x_send_spat/lib/python3.8/site-packages:${PYTHONPATH} /usr/bin/python3 setup.py egg_info --egg-base ../../build/v2x_send_spat build --build-base /home/tsz/Desktop/7_v1/Buckeye-Autodrive-Scoring-CAN-Part2_v1/Buckeye-Autodrive-Scoring-CAN-Part2/build/v2x_send_spat/build install --record /home/tsz/Desktop/7_v1/Buckeye-Autodrive-Scoring-CAN-Part2_v1/Buckeye-Autodrive-Scoring-CAN-Part2/build/v2x_send_spat/install.log --single-version-externally-managed
[9.608s] DEBUG:colcon.colcon_core.event_handler.log_command:Invoked command in '/home/tsz/Desktop/7_v1/Buckeye-Autodrive-Scoring-CAN-Part2_v1/Buckeye-Autodrive-Scoring-CAN-Part2/src/v2x_send_spat' returned '0': PYTHONPATH=/home/tsz/Desktop/7_v1/Buckeye-Autodrive-Scoring-CAN-Part2_v1/Buckeye-Autodrive-Scoring-CAN-Part2/build/v2x_send_spat/prefix_override:/home/tsz/Desktop/7_v1/Buckeye-Autodrive-Scoring-CAN-Part2_v1/Buckeye-Autodrive-Scoring-CAN-Part2/install/v2x_send_spat/lib/python3.8/site-packages:${PYTHONPATH} /usr/bin/python3 setup.py egg_info --egg-base ../../build/v2x_send_spat build --build-base /home/tsz/Desktop/7_v1/Buckeye-Autodrive-Scoring-CAN-Part2_v1/Buckeye-Autodrive-Scoring-CAN-Part2/build/v2x_send_spat/build install --record /home/tsz/Desktop/7_v1/Buckeye-Autodrive-Scoring-CAN-Part2_v1/Buckeye-Autodrive-Scoring-CAN-Part2/build/v2x_send_spat/install.log --single-version-externally-managed
[9.731s] Level 1:colcon.colcon_core.environment:checking '/home/tsz/Desktop/7_v1/Buckeye-Autodrive-Scoring-CAN-Part2_v1/Buckeye-Autodrive-Scoring-CAN-Part2/install/v2x_send_spat' for CMake module files
[9.731s] Level 1:colcon.colcon_core.environment:checking '/home/tsz/Desktop/7_v1/Buckeye-Autodrive-Scoring-CAN-Part2_v1/Buckeye-Autodrive-Scoring-CAN-Part2/install/v2x_send_spat' for CMake config files
[9.732s] Level 1:colcon.colcon_core.environment:checking '/home/tsz/Desktop/7_v1/Buckeye-Autodrive-Scoring-CAN-Part2_v1/Buckeye-Autodrive-Scoring-CAN-Part2/install/v2x_send_spat/lib'
[9.732s] Level 1:colcon.colcon_core.environment:checking '/home/tsz/Desktop/7_v1/Buckeye-Autodrive-Scoring-CAN-Part2_v1/Buckeye-Autodrive-Scoring-CAN-Part2/install/v2x_send_spat/bin'
[9.732s] Level 1:colcon.colcon_core.environment:checking '/home/tsz/Desktop/7_v1/Buckeye-Autodrive-Scoring-CAN-Part2_v1/Buckeye-Autodrive-Scoring-CAN-Part2/install/v2x_send_spat/lib/pkgconfig/v2x_send_spat.pc'
[9.732s] Level 1:colcon.colcon_core.environment:checking '/home/tsz/Desktop/7_v1/Buckeye-Autodrive-Scoring-CAN-Part2_v1/Buckeye-Autodrive-Scoring-CAN-Part2/install/v2x_send_spat/lib/python3.8/site-packages'
[9.732s] Level 1:colcon.colcon_core.shell:create_environment_hook('v2x_send_spat', 'pythonpath')
[9.795s] INFO:colcon.colcon_core.shell:Creating environment hook '/home/tsz/Desktop/7_v1/Buckeye-Autodrive-Scoring-CAN-Part2_v1/Buckeye-Autodrive-Scoring-CAN-Part2/install/v2x_send_spat/share/v2x_send_spat/hook/pythonpath.ps1'
[9.795s] INFO:colcon.colcon_core.shell:Creating environment descriptor '/home/tsz/Desktop/7_v1/Buckeye-Autodrive-Scoring-CAN-Part2_v1/Buckeye-Autodrive-Scoring-CAN-Part2/install/v2x_send_spat/share/v2x_send_spat/hook/pythonpath.dsv'
[9.796s] INFO:colcon.colcon_core.shell:Creating environment hook '/home/tsz/Desktop/7_v1/Buckeye-Autodrive-Scoring-CAN-Part2_v1/Buckeye-Autodrive-Scoring-CAN-Part2/install/v2x_send_spat/share/v2x_send_spat/hook/pythonpath.sh'
[9.797s] Level 1:colcon.colcon_core.environment:checking '/home/tsz/Desktop/7_v1/Buckeye-Autodrive-Scoring-CAN-Part2_v1/Buckeye-Autodrive-Scoring-CAN-Part2/install/v2x_send_spat/bin'
[9.797s] Level 1:colcon.colcon_core.environment:create_environment_scripts_only(v2x_send_spat)
[9.855s] INFO:colcon.colcon_core.shell:Creating package script '/home/tsz/Desktop/7_v1/Buckeye-Autodrive-Scoring-CAN-Part2_v1/Buckeye-Autodrive-Scoring-CAN-Part2/install/v2x_send_spat/share/v2x_send_spat/package.ps1'
[9.855s] INFO:colcon.colcon_core.shell:Creating package descriptor '/home/tsz/Desktop/7_v1/Buckeye-Autodrive-Scoring-CAN-Part2_v1/Buckeye-Autodrive-Scoring-CAN-Part2/install/v2x_send_spat/share/v2x_send_spat/package.dsv'
[9.856s] INFO:colcon.colcon_core.shell:Creating package script '/home/tsz/Desktop/7_v1/Buckeye-Autodrive-Scoring-CAN-Part2_v1/Buckeye-Autodrive-Scoring-CAN-Part2/install/v2x_send_spat/share/v2x_send_spat/package.sh'
[9.856s] INFO:colcon.colcon_core.shell:Creating package script '/home/tsz/Desktop/7_v1/Buckeye-Autodrive-Scoring-CAN-Part2_v1/Buckeye-Autodrive-Scoring-CAN-Part2/install/v2x_send_spat/share/v2x_send_spat/package.bash'
[9.856s] INFO:colcon.colcon_core.shell:Creating package script '/home/tsz/Desktop/7_v1/Buckeye-Autodrive-Scoring-CAN-Part2_v1/Buckeye-Autodrive-Scoring-CAN-Part2/install/v2x_send_spat/share/v2x_send_spat/package.zsh'
[9.857s] Level 1:colcon.colcon_core.environment:create_file_with_runtime_dependencies(/home/tsz/Desktop/7_v1/Buckeye-Autodrive-Scoring-CAN-Part2_v1/Buckeye-Autodrive-Scoring-CAN-Part2/install/v2x_send_spat/share/colcon-core/packages/v2x_send_spat)
[9.859s] DEBUG:colcon.colcon_core.event_handler.log_command:Invoked command in '/home/tsz/Desktop/7_v1/Buckeye-Autodrive-Scoring-CAN-Part2_v1/Buckeye-Autodrive-Scoring-CAN-Part2/src/sub_can_processing_single' returned '0': PYTHONPATH=/home/tsz/Desktop/7_v1/Buckeye-Autodrive-Scoring-CAN-Part2_v1/Buckeye-Autodrive-Scoring-CAN-Part2/build/sub_can_processing_single/prefix_override:/home/tsz/Desktop/7_v1/Buckeye-Autodrive-Scoring-CAN-Part2_v1/Buckeye-Autodrive-Scoring-CAN-Part2/install/sub_can_processing_single/lib/python3.8/site-packages:${PYTHONPATH} /usr/bin/python3 setup.py egg_info --egg-base ../../build/sub_can_processing_single build --build-base /home/tsz/Desktop/7_v1/Buckeye-Autodrive-Scoring-CAN-Part2_v1/Buckeye-Autodrive-Scoring-CAN-Part2/build/sub_can_processing_single/build install --record /home/tsz/Desktop/7_v1/Buckeye-Autodrive-Scoring-CAN-Part2_v1/Buckeye-Autodrive-Scoring-CAN-Part2/build/sub_can_processing_single/install.log --install-scripts $base/lib/sub_can_processing_single --single-version-externally-managed
[9.931s] Level 1:colcon.colcon_core.environment:checking '/home/tsz/Desktop/7_v1/Buckeye-Autodrive-Scoring-CAN-Part2_v1/Buckeye-Autodrive-Scoring-CAN-Part2/install/sub_can_processing_single' for CMake module files
[9.931s] Level 1:colcon.colcon_core.environment:checking '/home/tsz/Desktop/7_v1/Buckeye-Autodrive-Scoring-CAN-Part2_v1/Buckeye-Autodrive-Scoring-CAN-Part2/install/sub_can_processing_single' for CMake config files
[9.931s] Level 1:colcon.colcon_core.environment:checking '/home/tsz/Desktop/7_v1/Buckeye-Autodrive-Scoring-CAN-Part2_v1/Buckeye-Autodrive-Scoring-CAN-Part2/install/sub_can_processing_single/lib'
[9.932s] Level 1:colcon.colcon_core.environment:checking '/home/tsz/Desktop/7_v1/Buckeye-Autodrive-Scoring-CAN-Part2_v1/Buckeye-Autodrive-Scoring-CAN-Part2/install/sub_can_processing_single/bin'
[9.932s] Level 1:colcon.colcon_core.environment:checking '/home/tsz/Desktop/7_v1/Buckeye-Autodrive-Scoring-CAN-Part2_v1/Buckeye-Autodrive-Scoring-CAN-Part2/install/sub_can_processing_single/lib/pkgconfig/sub_can_processing_single.pc'
[9.932s] Level 1:colcon.colcon_core.environment:checking '/home/tsz/Desktop/7_v1/Buckeye-Autodrive-Scoring-CAN-Part2_v1/Buckeye-Autodrive-Scoring-CAN-Part2/install/sub_can_processing_single/lib/python3.8/site-packages'
[9.932s] Level 1:colcon.colcon_core.shell:create_environment_hook('sub_can_processing_single', 'pythonpath')
[9.986s] INFO:colcon.colcon_core.shell:Creating environment hook '/home/tsz/Desktop/7_v1/Buckeye-Autodrive-Scoring-CAN-Part2_v1/Buckeye-Autodrive-Scoring-CAN-Part2/install/sub_can_processing_single/share/sub_can_processing_single/hook/pythonpath.ps1'
[9.986s] INFO:colcon.colcon_core.shell:Creating environment descriptor '/home/tsz/Desktop/7_v1/Buckeye-Autodrive-Scoring-CAN-Part2_v1/Buckeye-Autodrive-Scoring-CAN-Part2/install/sub_can_processing_single/share/sub_can_processing_single/hook/pythonpath.dsv'
[9.986s] INFO:colcon.colcon_core.shell:Creating environment hook '/home/tsz/Desktop/7_v1/Buckeye-Autodrive-Scoring-CAN-Part2_v1/Buckeye-Autodrive-Scoring-CAN-Part2/install/sub_can_processing_single/share/sub_can_processing_single/hook/pythonpath.sh'
[9.987s] Level 1:colcon.colcon_core.environment:checking '/home/tsz/Desktop/7_v1/Buckeye-Autodrive-Scoring-CAN-Part2_v1/Buckeye-Autodrive-Scoring-CAN-Part2/install/sub_can_processing_single/bin'
[9.987s] Level 1:colcon.colcon_core.environment:create_environment_scripts_only(sub_can_processing_single)
[10.037s] INFO:colcon.colcon_core.shell:Creating package script '/home/tsz/Desktop/7_v1/Buckeye-Autodrive-Scoring-CAN-Part2_v1/Buckeye-Autodrive-Scoring-CAN-Part2/install/sub_can_processing_single/share/sub_can_processing_single/package.ps1'
[10.038s] INFO:colcon.colcon_core.shell:Creating package descriptor '/home/tsz/Desktop/7_v1/Buckeye-Autodrive-Scoring-CAN-Part2_v1/Buckeye-Autodrive-Scoring-CAN-Part2/install/sub_can_processing_single/share/sub_can_processing_single/package.dsv'
[10.038s] INFO:colcon.colcon_core.shell:Creating package script '/home/tsz/Desktop/7_v1/Buckeye-Autodrive-Scoring-CAN-Part2_v1/Buckeye-Autodrive-Scoring-CAN-Part2/install/sub_can_processing_single/share/sub_can_processing_single/package.sh'
[10.039s] INFO:colcon.colcon_core.shell:Creating package script '/home/tsz/Desktop/7_v1/Buckeye-Autodrive-Scoring-CAN-Part2_v1/Buckeye-Autodrive-Scoring-CAN-Part2/install/sub_can_processing_single/share/sub_can_processing_single/package.bash'
[10.039s] INFO:colcon.colcon_core.shell:Creating package script '/home/tsz/Desktop/7_v1/Buckeye-Autodrive-Scoring-CAN-Part2_v1/Buckeye-Autodrive-Scoring-CAN-Part2/install/sub_can_processing_single/share/sub_can_processing_single/package.zsh'
[10.039s] Level 1:colcon.colcon_core.environment:create_file_with_runtime_dependencies(/home/tsz/Desktop/7_v1/Buckeye-Autodrive-Scoring-CAN-Part2_v1/Buckeye-Autodrive-Scoring-CAN-Part2/install/sub_can_processing_single/share/colcon-core/packages/sub_can_processing_single)
[10.041s] DEBUG:colcon.colcon_core.event_handler.log_command:Invoked command in '/home/tsz/Desktop/7_v1/Buckeye-Autodrive-Scoring-CAN-Part2_v1/Buckeye-Autodrive-Scoring-CAN-Part2/src/json2can' returned '0': PYTHONPATH=/home/tsz/Desktop/7_v1/Buckeye-Autodrive-Scoring-CAN-Part2_v1/Buckeye-Autodrive-Scoring-CAN-Part2/build/json2can/prefix_override:/home/tsz/Desktop/7_v1/Buckeye-Autodrive-Scoring-CAN-Part2_v1/Buckeye-Autodrive-Scoring-CAN-Part2/install/json2can/lib/python3.8/site-packages:${PYTHONPATH} /usr/bin/python3 setup.py egg_info --egg-base ../../build/json2can build --build-base /home/tsz/Desktop/7_v1/Buckeye-Autodrive-Scoring-CAN-Part2_v1/Buckeye-Autodrive-Scoring-CAN-Part2/build/json2can/build install --record /home/tsz/Desktop/7_v1/Buckeye-Autodrive-Scoring-CAN-Part2_v1/Buckeye-Autodrive-Scoring-CAN-Part2/build/json2can/install.log --single-version-externally-managed
[10.106s] Level 1:colcon.colcon_core.environment:checking '/home/tsz/Desktop/7_v1/Buckeye-Autodrive-Scoring-CAN-Part2_v1/Buckeye-Autodrive-Scoring-CAN-Part2/install/json2can' for CMake module files
[10.106s] Level 1:colcon.colcon_core.environment:checking '/home/tsz/Desktop/7_v1/Buckeye-Autodrive-Scoring-CAN-Part2_v1/Buckeye-Autodrive-Scoring-CAN-Part2/install/json2can' for CMake config files
[10.107s] Level 1:colcon.colcon_core.environment:checking '/home/tsz/Desktop/7_v1/Buckeye-Autodrive-Scoring-CAN-Part2_v1/Buckeye-Autodrive-Scoring-CAN-Part2/install/json2can/lib'
[10.107s] Level 1:colcon.colcon_core.environment:checking '/home/tsz/Desktop/7_v1/Buckeye-Autodrive-Scoring-CAN-Part2_v1/Buckeye-Autodrive-Scoring-CAN-Part2/install/json2can/bin'
[10.107s] Level 1:colcon.colcon_core.shell:create_environment_hook('json2can', 'path')
[10.164s] INFO:colcon.colcon_core.shell:Creating environment hook '/home/tsz/Desktop/7_v1/Buckeye-Autodrive-Scoring-CAN-Part2_v1/Buckeye-Autodrive-Scoring-CAN-Part2/install/json2can/share/json2can/hook/path.ps1'
[10.164s] INFO:colcon.colcon_core.shell:Creating environment descriptor '/home/tsz/Desktop/7_v1/Buckeye-Autodrive-Scoring-CAN-Part2_v1/Buckeye-Autodrive-Scoring-CAN-Part2/install/json2can/share/json2can/hook/path.dsv'
[10.165s] INFO:colcon.colcon_core.shell:Creating environment hook '/home/tsz/Desktop/7_v1/Buckeye-Autodrive-Scoring-CAN-Part2_v1/Buckeye-Autodrive-Scoring-CAN-Part2/install/json2can/share/json2can/hook/path.sh'
[10.165s] Level 1:colcon.colcon_core.environment:checking '/home/tsz/Desktop/7_v1/Buckeye-Autodrive-Scoring-CAN-Part2_v1/Buckeye-Autodrive-Scoring-CAN-Part2/install/json2can/lib/pkgconfig/json2can.pc'
[10.166s] Level 1:colcon.colcon_core.environment:checking '/home/tsz/Desktop/7_v1/Buckeye-Autodrive-Scoring-CAN-Part2_v1/Buckeye-Autodrive-Scoring-CAN-Part2/install/json2can/lib/python3.8/site-packages'
[10.166s] Level 1:colcon.colcon_core.shell:create_environment_hook('json2can', 'pythonpath')
[10.216s] INFO:colcon.colcon_core.shell:Creating environment hook '/home/tsz/Desktop/7_v1/Buckeye-Autodrive-Scoring-CAN-Part2_v1/Buckeye-Autodrive-Scoring-CAN-Part2/install/json2can/share/json2can/hook/pythonpath.ps1'
[10.217s] INFO:colcon.colcon_core.shell:Creating environment descriptor '/home/tsz/Desktop/7_v1/Buckeye-Autodrive-Scoring-CAN-Part2_v1/Buckeye-Autodrive-Scoring-CAN-Part2/install/json2can/share/json2can/hook/pythonpath.dsv'
[10.217s] INFO:colcon.colcon_core.shell:Creating environment hook '/home/tsz/Desktop/7_v1/Buckeye-Autodrive-Scoring-CAN-Part2_v1/Buckeye-Autodrive-Scoring-CAN-Part2/install/json2can/share/json2can/hook/pythonpath.sh'
[10.217s] Level 1:colcon.colcon_core.environment:checking '/home/tsz/Desktop/7_v1/Buckeye-Autodrive-Scoring-CAN-Part2_v1/Buckeye-Autodrive-Scoring-CAN-Part2/install/json2can/bin'
[10.217s] Level 1:colcon.colcon_core.shell:create_environment_hook('json2can', 'pythonscriptspath')
[10.271s] INFO:colcon.colcon_core.shell:Creating environment hook '/home/tsz/Desktop/7_v1/Buckeye-Autodrive-Scoring-CAN-Part2_v1/Buckeye-Autodrive-Scoring-CAN-Part2/install/json2can/share/json2can/hook/pythonscriptspath.ps1'
[10.271s] INFO:colcon.colcon_core.shell:Creating environment descriptor '/home/tsz/Desktop/7_v1/Buckeye-Autodrive-Scoring-CAN-Part2_v1/Buckeye-Autodrive-Scoring-CAN-Part2/install/json2can/share/json2can/hook/pythonscriptspath.dsv'
[10.271s] INFO:colcon.colcon_core.shell:Creating environment hook '/home/tsz/Desktop/7_v1/Buckeye-Autodrive-Scoring-CAN-Part2_v1/Buckeye-Autodrive-Scoring-CAN-Part2/install/json2can/share/json2can/hook/pythonscriptspath.sh'
[10.272s] Level 1:colcon.colcon_core.environment:create_environment_scripts_only(json2can)
[10.327s] INFO:colcon.colcon_core.shell:Creating package script '/home/tsz/Desktop/7_v1/Buckeye-Autodrive-Scoring-CAN-Part2_v1/Buckeye-Autodrive-Scoring-CAN-Part2/install/json2can/share/json2can/package.ps1'
[10.328s] INFO:colcon.colcon_core.shell:Creating package descriptor '/home/tsz/Desktop/7_v1/Buckeye-Autodrive-Scoring-CAN-Part2_v1/Buckeye-Autodrive-Scoring-CAN-Part2/install/json2can/share/json2can/package.dsv'
[10.328s] INFO:colcon.colcon_core.shell:Creating package script '/home/tsz/Desktop/7_v1/Buckeye-Autodrive-Scoring-CAN-Part2_v1/Buckeye-Autodrive-Scoring-CAN-Part2/install/json2can/share/json2can/package.sh'
[10.328s] INFO:colcon.colcon_core.shell:Creating package script '/home/tsz/Desktop/7_v1/Buckeye-Autodrive-Scoring-CAN-Part2_v1/Buckeye-Autodrive-Scoring-CAN-Part2/install/json2can/share/json2can/package.bash'
[10.329s] INFO:colcon.colcon_core.shell:Creating package script '/home/tsz/Desktop/7_v1/Buckeye-Autodrive-Scoring-CAN-Part2_v1/Buckeye-Autodrive-Scoring-CAN-Part2/install/json2can/share/json2can/package.zsh'
[10.329s] Level 1:colcon.colcon_core.environment:create_file_with_runtime_dependencies(/home/tsz/Desktop/7_v1/Buckeye-Autodrive-Scoring-CAN-Part2_v1/Buckeye-Autodrive-Scoring-CAN-Part2/install/json2can/share/colcon-core/packages/json2can)
[10.331s] DEBUG:colcon.colcon_core.event_handler.log_command:Invoked command in '/home/tsz/Desktop/7_v1/Buckeye-Autodrive-Scoring-CAN-Part2_v1/Buckeye-Autodrive-Scoring-CAN-Part2/src/v2x_send' returned '0': PYTHONPATH=/home/tsz/Desktop/7_v1/Buckeye-Autodrive-Scoring-CAN-Part2_v1/Buckeye-Autodrive-Scoring-CAN-Part2/build/v2x_send/prefix_override:/home/tsz/Desktop/7_v1/Buckeye-Autodrive-Scoring-CAN-Part2_v1/Buckeye-Autodrive-Scoring-CAN-Part2/install/v2x_send/lib/python3.8/site-packages:${PYTHONPATH} /usr/bin/python3 setup.py egg_info --egg-base ../../build/v2x_send build --build-base /home/tsz/Desktop/7_v1/Buckeye-Autodrive-Scoring-CAN-Part2_v1/Buckeye-Autodrive-Scoring-CAN-Part2/build/v2x_send/build install --record /home/tsz/Desktop/7_v1/Buckeye-Autodrive-Scoring-CAN-Part2_v1/Buckeye-Autodrive-Scoring-CAN-Part2/build/v2x_send/install.log --install-scripts $base/lib/v2x_send --single-version-externally-managed
[10.379s] Level 1:colcon.colcon_core.environment:checking '/home/tsz/Desktop/7_v1/Buckeye-Autodrive-Scoring-CAN-Part2_v1/Buckeye-Autodrive-Scoring-CAN-Part2/install/v2x_send' for CMake module files
[10.380s] Level 1:colcon.colcon_core.environment:checking '/home/tsz/Desktop/7_v1/Buckeye-Autodrive-Scoring-CAN-Part2_v1/Buckeye-Autodrive-Scoring-CAN-Part2/install/v2x_send' for CMake config files
[10.380s] Level 1:colcon.colcon_core.environment:checking '/home/tsz/Desktop/7_v1/Buckeye-Autodrive-Scoring-CAN-Part2_v1/Buckeye-Autodrive-Scoring-CAN-Part2/install/v2x_send/lib'
[10.380s] Level 1:colcon.colcon_core.environment:checking '/home/tsz/Desktop/7_v1/Buckeye-Autodrive-Scoring-CAN-Part2_v1/Buckeye-Autodrive-Scoring-CAN-Part2/install/v2x_send/bin'
[10.380s] Level 1:colcon.colcon_core.environment:checking '/home/tsz/Desktop/7_v1/Buckeye-Autodrive-Scoring-CAN-Part2_v1/Buckeye-Autodrive-Scoring-CAN-Part2/install/v2x_send/lib/pkgconfig/v2x_send.pc'
[10.380s] Level 1:colcon.colcon_core.environment:checking '/home/tsz/Desktop/7_v1/Buckeye-Autodrive-Scoring-CAN-Part2_v1/Buckeye-Autodrive-Scoring-CAN-Part2/install/v2x_send/lib/python3.8/site-packages'
[10.380s] Level 1:colcon.colcon_core.shell:create_environment_hook('v2x_send', 'pythonpath')
[10.427s] INFO:colcon.colcon_core.shell:Creating environment hook '/home/tsz/Desktop/7_v1/Buckeye-Autodrive-Scoring-CAN-Part2_v1/Buckeye-Autodrive-Scoring-CAN-Part2/install/v2x_send/share/v2x_send/hook/pythonpath.ps1'
[10.428s] INFO:colcon.colcon_core.shell:Creating environment descriptor '/home/tsz/Desktop/7_v1/Buckeye-Autodrive-Scoring-CAN-Part2_v1/Buckeye-Autodrive-Scoring-CAN-Part2/install/v2x_send/share/v2x_send/hook/pythonpath.dsv'
[10.428s] INFO:colcon.colcon_core.shell:Creating environment hook '/home/tsz/Desktop/7_v1/Buckeye-Autodrive-Scoring-CAN-Part2_v1/Buckeye-Autodrive-Scoring-CAN-Part2/install/v2x_send/share/v2x_send/hook/pythonpath.sh'
[10.428s] Level 1:colcon.colcon_core.environment:checking '/home/tsz/Desktop/7_v1/Buckeye-Autodrive-Scoring-CAN-Part2_v1/Buckeye-Autodrive-Scoring-CAN-Part2/install/v2x_send/bin'
[10.428s] Level 1:colcon.colcon_core.environment:create_environment_scripts_only(v2x_send)
[10.475s] INFO:colcon.colcon_core.shell:Creating package script '/home/tsz/Desktop/7_v1/Buckeye-Autodrive-Scoring-CAN-Part2_v1/Buckeye-Autodrive-Scoring-CAN-Part2/install/v2x_send/share/v2x_send/package.ps1'
[10.475s] INFO:colcon.colcon_core.shell:Creating package descriptor '/home/tsz/Desktop/7_v1/Buckeye-Autodrive-Scoring-CAN-Part2_v1/Buckeye-Autodrive-Scoring-CAN-Part2/install/v2x_send/share/v2x_send/package.dsv'
[10.476s] INFO:colcon.colcon_core.shell:Creating package script '/home/tsz/Desktop/7_v1/Buckeye-Autodrive-Scoring-CAN-Part2_v1/Buckeye-Autodrive-Scoring-CAN-Part2/install/v2x_send/share/v2x_send/package.sh'
[10.476s] INFO:colcon.colcon_core.shell:Creating package script '/home/tsz/Desktop/7_v1/Buckeye-Autodrive-Scoring-CAN-Part2_v1/Buckeye-Autodrive-Scoring-CAN-Part2/install/v2x_send/share/v2x_send/package.bash'
[10.476s] INFO:colcon.colcon_core.shell:Creating package script '/home/tsz/Desktop/7_v1/Buckeye-Autodrive-Scoring-CAN-Part2_v1/Buckeye-Autodrive-Scoring-CAN-Part2/install/v2x_send/share/v2x_send/package.zsh'
[10.476s] Level 1:colcon.colcon_core.environment:create_file_with_runtime_dependencies(/home/tsz/Desktop/7_v1/Buckeye-Autodrive-Scoring-CAN-Part2_v1/Buckeye-Autodrive-Scoring-CAN-Part2/install/v2x_send/share/colcon-core/packages/v2x_send)
[10.479s] DEBUG:colcon.colcon_core.event_handler.log_command:Invoked command in '/home/tsz/Desktop/7_v1/Buckeye-Autodrive-Scoring-CAN-Part2_v1/Buckeye-Autodrive-Scoring-CAN-Part2/src/basic_subscriber' returned '0': PYTHONPATH=/home/tsz/Desktop/7_v1/Buckeye-Autodrive-Scoring-CAN-Part2_v1/Buckeye-Autodrive-Scoring-CAN-Part2/build/basic_subscriber/prefix_override:/home/tsz/Desktop/7_v1/Buckeye-Autodrive-Scoring-CAN-Part2_v1/Buckeye-Autodrive-Scoring-CAN-Part2/install/basic_subscriber/lib/python3.8/site-packages:${PYTHONPATH} /usr/bin/python3 setup.py egg_info --egg-base ../../build/basic_subscriber build --build-base /home/tsz/Desktop/7_v1/Buckeye-Autodrive-Scoring-CAN-Part2_v1/Buckeye-Autodrive-Scoring-CAN-Part2/build/basic_subscriber/build install --record /home/tsz/Desktop/7_v1/Buckeye-Autodrive-Scoring-CAN-Part2_v1/Buckeye-Autodrive-Scoring-CAN-Part2/build/basic_subscriber/install.log --install-scripts $base/lib/basic_subscriber --single-version-externally-managed
[10.525s] Level 1:colcon.colcon_core.environment:checking '/home/tsz/Desktop/7_v1/Buckeye-Autodrive-Scoring-CAN-Part2_v1/Buckeye-Autodrive-Scoring-CAN-Part2/install/basic_subscriber' for CMake module files
[10.525s] Level 1:colcon.colcon_core.environment:checking '/home/tsz/Desktop/7_v1/Buckeye-Autodrive-Scoring-CAN-Part2_v1/Buckeye-Autodrive-Scoring-CAN-Part2/install/basic_subscriber' for CMake config files
[10.526s] Level 1:colcon.colcon_core.environment:checking '/home/tsz/Desktop/7_v1/Buckeye-Autodrive-Scoring-CAN-Part2_v1/Buckeye-Autodrive-Scoring-CAN-Part2/install/basic_subscriber/lib'
[10.526s] Level 1:colcon.colcon_core.environment:checking '/home/tsz/Desktop/7_v1/Buckeye-Autodrive-Scoring-CAN-Part2_v1/Buckeye-Autodrive-Scoring-CAN-Part2/install/basic_subscriber/bin'
[10.526s] Level 1:colcon.colcon_core.environment:checking '/home/tsz/Desktop/7_v1/Buckeye-Autodrive-Scoring-CAN-Part2_v1/Buckeye-Autodrive-Scoring-CAN-Part2/install/basic_subscriber/lib/pkgconfig/basic_subscriber.pc'
[10.526s] Level 1:colcon.colcon_core.environment:checking '/home/tsz/Desktop/7_v1/Buckeye-Autodrive-Scoring-CAN-Part2_v1/Buckeye-Autodrive-Scoring-CAN-Part2/install/basic_subscriber/lib/python3.8/site-packages'
[10.526s] Level 1:colcon.colcon_core.shell:create_environment_hook('basic_subscriber', 'pythonpath')
[10.587s] INFO:colcon.colcon_core.shell:Creating environment hook '/home/tsz/Desktop/7_v1/Buckeye-Autodrive-Scoring-CAN-Part2_v1/Buckeye-Autodrive-Scoring-CAN-Part2/install/basic_subscriber/share/basic_subscriber/hook/pythonpath.ps1'
[10.588s] INFO:colcon.colcon_core.shell:Creating environment descriptor '/home/tsz/Desktop/7_v1/Buckeye-Autodrive-Scoring-CAN-Part2_v1/Buckeye-Autodrive-Scoring-CAN-Part2/install/basic_subscriber/share/basic_subscriber/hook/pythonpath.dsv'
[10.588s] INFO:colcon.colcon_core.shell:Creating environment hook '/home/tsz/Desktop/7_v1/Buckeye-Autodrive-Scoring-CAN-Part2_v1/Buckeye-Autodrive-Scoring-CAN-Part2/install/basic_subscriber/share/basic_subscriber/hook/pythonpath.sh'
[10.588s] Level 1:colcon.colcon_core.environment:checking '/home/tsz/Desktop/7_v1/Buckeye-Autodrive-Scoring-CAN-Part2_v1/Buckeye-Autodrive-Scoring-CAN-Part2/install/basic_subscriber/bin'
[10.588s] Level 1:colcon.colcon_core.environment:create_environment_scripts_only(basic_subscriber)
[10.635s] INFO:colcon.colcon_core.shell:Creating package script '/home/tsz/Desktop/7_v1/Buckeye-Autodrive-Scoring-CAN-Part2_v1/Buckeye-Autodrive-Scoring-CAN-Part2/install/basic_subscriber/share/basic_subscriber/package.ps1'
[10.635s] INFO:colcon.colcon_core.shell:Creating package descriptor '/home/tsz/Desktop/7_v1/Buckeye-Autodrive-Scoring-CAN-Part2_v1/Buckeye-Autodrive-Scoring-CAN-Part2/install/basic_subscriber/share/basic_subscriber/package.dsv'
[10.635s] INFO:colcon.colcon_core.shell:Creating package script '/home/tsz/Desktop/7_v1/Buckeye-Autodrive-Scoring-CAN-Part2_v1/Buckeye-Autodrive-Scoring-CAN-Part2/install/basic_subscriber/share/basic_subscriber/package.sh'
[10.636s] INFO:colcon.colcon_core.shell:Creating package script '/home/tsz/Desktop/7_v1/Buckeye-Autodrive-Scoring-CAN-Part2_v1/Buckeye-Autodrive-Scoring-CAN-Part2/install/basic_subscriber/share/basic_subscriber/package.bash'
[10.636s] INFO:colcon.colcon_core.shell:Creating package script '/home/tsz/Desktop/7_v1/Buckeye-Autodrive-Scoring-CAN-Part2_v1/Buckeye-Autodrive-Scoring-CAN-Part2/install/basic_subscriber/share/basic_subscriber/package.zsh'
[10.636s] Level 1:colcon.colcon_core.environment:create_file_with_runtime_dependencies(/home/tsz/Desktop/7_v1/Buckeye-Autodrive-Scoring-CAN-Part2_v1/Buckeye-Autodrive-Scoring-CAN-Part2/install/basic_subscriber/share/colcon-core/packages/basic_subscriber)
[10.639s] DEBUG:colcon.colcon_core.event_handler.log_command:Invoked command in '/home/tsz/Desktop/7_v1/Buckeye-Autodrive-Scoring-CAN-Part2_v1/Buckeye-Autodrive-Scoring-CAN-Part2/src/sub_can_processing' returned '0': PYTHONPATH=/home/tsz/Desktop/7_v1/Buckeye-Autodrive-Scoring-CAN-Part2_v1/Buckeye-Autodrive-Scoring-CAN-Part2/build/sub_can_processing/prefix_override:/home/tsz/Desktop/7_v1/Buckeye-Autodrive-Scoring-CAN-Part2_v1/Buckeye-Autodrive-Scoring-CAN-Part2/install/sub_can_processing/lib/python3.8/site-packages:${PYTHONPATH} /usr/bin/python3 setup.py egg_info --egg-base ../../build/sub_can_processing build --build-base /home/tsz/Desktop/7_v1/Buckeye-Autodrive-Scoring-CAN-Part2_v1/Buckeye-Autodrive-Scoring-CAN-Part2/build/sub_can_processing/build install --record /home/tsz/Desktop/7_v1/Buckeye-Autodrive-Scoring-CAN-Part2_v1/Buckeye-Autodrive-Scoring-CAN-Part2/build/sub_can_processing/install.log --install-scripts $base/lib/sub_can_processing --single-version-externally-managed
[10.685s] Level 1:colcon.colcon_core.environment:checking '/home/tsz/Desktop/7_v1/Buckeye-Autodrive-Scoring-CAN-Part2_v1/Buckeye-Autodrive-Scoring-CAN-Part2/install/sub_can_processing' for CMake module files
[10.685s] Level 1:colcon.colcon_core.environment:checking '/home/tsz/Desktop/7_v1/Buckeye-Autodrive-Scoring-CAN-Part2_v1/Buckeye-Autodrive-Scoring-CAN-Part2/install/sub_can_processing' for CMake config files
[10.685s] Level 1:colcon.colcon_core.environment:checking '/home/tsz/Desktop/7_v1/Buckeye-Autodrive-Scoring-CAN-Part2_v1/Buckeye-Autodrive-Scoring-CAN-Part2/install/sub_can_processing/lib'
[10.686s] Level 1:colcon.colcon_core.environment:checking '/home/tsz/Desktop/7_v1/Buckeye-Autodrive-Scoring-CAN-Part2_v1/Buckeye-Autodrive-Scoring-CAN-Part2/install/sub_can_processing/bin'
[10.686s] Level 1:colcon.colcon_core.environment:checking '/home/tsz/Desktop/7_v1/Buckeye-Autodrive-Scoring-CAN-Part2_v1/Buckeye-Autodrive-Scoring-CAN-Part2/install/sub_can_processing/lib/pkgconfig/sub_can_processing.pc'
[10.686s] Level 1:colcon.colcon_core.environment:checking '/home/tsz/Desktop/7_v1/Buckeye-Autodrive-Scoring-CAN-Part2_v1/Buckeye-Autodrive-Scoring-CAN-Part2/install/sub_can_processing/lib/python3.8/site-packages'
[10.686s] Level 1:colcon.colcon_core.shell:create_environment_hook('sub_can_processing', 'pythonpath')
[10.734s] INFO:colcon.colcon_core.shell:Creating environment hook '/home/tsz/Desktop/7_v1/Buckeye-Autodrive-Scoring-CAN-Part2_v1/Buckeye-Autodrive-Scoring-CAN-Part2/install/sub_can_processing/share/sub_can_processing/hook/pythonpath.ps1'
[10.734s] INFO:colcon.colcon_core.shell:Creating environment descriptor '/home/tsz/Desktop/7_v1/Buckeye-Autodrive-Scoring-CAN-Part2_v1/Buckeye-Autodrive-Scoring-CAN-Part2/install/sub_can_processing/share/sub_can_processing/hook/pythonpath.dsv'
[10.734s] INFO:colcon.colcon_core.shell:Creating environment hook '/home/tsz/Desktop/7_v1/Buckeye-Autodrive-Scoring-CAN-Part2_v1/Buckeye-Autodrive-Scoring-CAN-Part2/install/sub_can_processing/share/sub_can_processing/hook/pythonpath.sh'
[10.735s] Level 1:colcon.colcon_core.environment:checking '/home/tsz/Desktop/7_v1/Buckeye-Autodrive-Scoring-CAN-Part2_v1/Buckeye-Autodrive-Scoring-CAN-Part2/install/sub_can_processing/bin'
[10.735s] Level 1:colcon.colcon_core.environment:create_environment_scripts_only(sub_can_processing)
[10.788s] INFO:colcon.colcon_core.shell:Creating package script '/home/tsz/Desktop/7_v1/Buckeye-Autodrive-Scoring-CAN-Part2_v1/Buckeye-Autodrive-Scoring-CAN-Part2/install/sub_can_processing/share/sub_can_processing/package.ps1'
[10.789s] INFO:colcon.colcon_core.shell:Creating package descriptor '/home/tsz/Desktop/7_v1/Buckeye-Autodrive-Scoring-CAN-Part2_v1/Buckeye-Autodrive-Scoring-CAN-Part2/install/sub_can_processing/share/sub_can_processing/package.dsv'
[10.789s] INFO:colcon.colcon_core.shell:Creating package script '/home/tsz/Desktop/7_v1/Buckeye-Autodrive-Scoring-CAN-Part2_v1/Buckeye-Autodrive-Scoring-CAN-Part2/install/sub_can_processing/share/sub_can_processing/package.sh'
[10.789s] INFO:colcon.colcon_core.shell:Creating package script '/home/tsz/Desktop/7_v1/Buckeye-Autodrive-Scoring-CAN-Part2_v1/Buckeye-Autodrive-Scoring-CAN-Part2/install/sub_can_processing/share/sub_can_processing/package.bash'
[10.790s] INFO:colcon.colcon_core.shell:Creating package script '/home/tsz/Desktop/7_v1/Buckeye-Autodrive-Scoring-CAN-Part2_v1/Buckeye-Autodrive-Scoring-CAN-Part2/install/sub_can_processing/share/sub_can_processing/package.zsh'
[10.790s] Level 1:colcon.colcon_core.environment:create_file_with_runtime_dependencies(/home/tsz/Desktop/7_v1/Buckeye-Autodrive-Scoring-CAN-Part2_v1/Buckeye-Autodrive-Scoring-CAN-Part2/install/sub_can_processing/share/colcon-core/packages/sub_can_processing)
[10.790s] DEBUG:colcon.colcon_parallel_executor.executor.parallel:closing loop
[10.790s] DEBUG:colcon.colcon_parallel_executor.executor.parallel:loop closed
[10.790s] DEBUG:colcon.colcon_parallel_executor.executor.parallel:run_until_complete finished with '0'
[10.790s] DEBUG:colcon.colcon_core.event_reactor:joining thread
[10.842s] INFO:colcon.colcon_core.plugin_system:Skipping extension 'colcon_notification.desktop_notification.terminal_notifier': Not used on non-Darwin systems
[10.842s] INFO:colcon.colcon_core.plugin_system:Skipping extension 'colcon_notification.desktop_notification.win32': Not used on non-Windows systems
[10.842s] INFO:colcon.colcon_notification.desktop_notification:Sending desktop notification using 'notify2'
[10.855s] DEBUG:colcon.colcon_core.event_reactor:joined thread
[10.906s] INFO:colcon.colcon_core.shell:Creating prefix script '/home/tsz/Desktop/7_v1/Buckeye-Autodrive-Scoring-CAN-Part2_v1/Buckeye-Autodrive-Scoring-CAN-Part2/install/local_setup.ps1'
[10.907s] INFO:colcon.colcon_core.shell:Creating prefix util module '/home/tsz/Desktop/7_v1/Buckeye-Autodrive-Scoring-CAN-Part2_v1/Buckeye-Autodrive-Scoring-CAN-Part2/install/_local_setup_util_ps1.py'
[10.908s] INFO:colcon.colcon_core.shell:Creating prefix chain script '/home/tsz/Desktop/7_v1/Buckeye-Autodrive-Scoring-CAN-Part2_v1/Buckeye-Autodrive-Scoring-CAN-Part2/install/setup.ps1'
[10.957s] INFO:colcon.colcon_core.shell:Creating prefix script '/home/tsz/Desktop/7_v1/Buckeye-Autodrive-Scoring-CAN-Part2_v1/Buckeye-Autodrive-Scoring-CAN-Part2/install/local_setup.sh'
[10.957s] INFO:colcon.colcon_core.shell:Creating prefix util module '/home/tsz/Desktop/7_v1/Buckeye-Autodrive-Scoring-CAN-Part2_v1/Buckeye-Autodrive-Scoring-CAN-Part2/install/_local_setup_util_sh.py'
[10.958s] INFO:colcon.colcon_core.shell:Creating prefix chain script '/home/tsz/Desktop/7_v1/Buckeye-Autodrive-Scoring-CAN-Part2_v1/Buckeye-Autodrive-Scoring-CAN-Part2/install/setup.sh'
[11.016s] INFO:colcon.colcon_core.shell:Creating prefix script '/home/tsz/Desktop/7_v1/Buckeye-Autodrive-Scoring-CAN-Part2_v1/Buckeye-Autodrive-Scoring-CAN-Part2/install/local_setup.bash'
[11.016s] INFO:colcon.colcon_core.shell:Creating prefix chain script '/home/tsz/Desktop/7_v1/Buckeye-Autodrive-Scoring-CAN-Part2_v1/Buckeye-Autodrive-Scoring-CAN-Part2/install/setup.bash'
[11.065s] INFO:colcon.colcon_core.shell:Creating prefix script '/home/tsz/Desktop/7_v1/Buckeye-Autodrive-Scoring-CAN-Part2_v1/Buckeye-Autodrive-Scoring-CAN-Part2/install/local_setup.zsh'
[11.065s] INFO:colcon.colcon_core.shell:Creating prefix chain script '/home/tsz/Desktop/7_v1/Buckeye-Autodrive-Scoring-CAN-Part2_v1/Buckeye-Autodrive-Scoring-CAN-Part2/install/setup.zsh'
