/home/graffz/Documents/Buckeye-Autodrive-Scoring-CAN-Part2/src/install/v2x_send_spat/lib/python3.10/site-packages/v2x_send_spat/out.py
/home/graffz/Documents/Buckeye-Autodrive-Scoring-CAN-Part2/src/install/v2x_send_spat/lib/python3.10/site-packages/v2x_send_spat/__init__.py
/home/graffz/Documents/Buckeye-Autodrive-Scoring-CAN-Part2/src/install/v2x_send_spat/lib/python3.10/site-packages/v2x_send_spat/v2x_send_spat.py
/home/graffz/Documents/Buckeye-Autodrive-Scoring-CAN-Part2/src/install/v2x_send_spat/lib/python3.10/site-packages/v2x_send_spat/message_base.py
/home/graffz/Documents/Buckeye-Autodrive-Scoring-CAN-Part2/src/install/v2x_send_spat/lib/python3.10/site-packages/v2x_send_spat/message.py
/home/graffz/Documents/Buckeye-Autodrive-Scoring-CAN-Part2/src/install/v2x_send_spat/lib/python3.10/site-packages/v2x_send_spat/__pycache__/out.cpython-310.pyc
/home/graffz/Documents/Buckeye-Autodrive-Scoring-CAN-Part2/src/install/v2x_send_spat/lib/python3.10/site-packages/v2x_send_spat/__pycache__/__init__.cpython-310.pyc
/home/graffz/Documents/Buckeye-Autodrive-Scoring-CAN-Part2/src/install/v2x_send_spat/lib/python3.10/site-packages/v2x_send_spat/__pycache__/v2x_send_spat.cpython-310.pyc
/home/graffz/Documents/Buckeye-Autodrive-Scoring-CAN-Part2/src/install/v2x_send_spat/lib/python3.10/site-packages/v2x_send_spat/__pycache__/message_base.cpython-310.pyc
/home/graffz/Documents/Buckeye-Autodrive-Scoring-CAN-Part2/src/install/v2x_send_spat/lib/python3.10/site-packages/v2x_send_spat/__pycache__/message.cpython-310.pyc
/home/graffz/Documents/Buckeye-Autodrive-Scoring-CAN-Part2/src/install/v2x_send_spat/share/ament_index/resource_index/packages/v2x_send_spat
/home/graffz/Documents/Buckeye-Autodrive-Scoring-CAN-Part2/src/install/v2x_send_spat/share/v2x_send_spat/package.xml
/home/graffz/Documents/Buckeye-Autodrive-Scoring-CAN-Part2/src/install/v2x_send_spat/lib/python3.10/site-packages/v2x_send_spat-0.0.0-py3.10.egg-info/SOURCES.txt
/home/graffz/Documents/Buckeye-Autodrive-Scoring-CAN-Part2/src/install/v2x_send_spat/lib/python3.10/site-packages/v2x_send_spat-0.0.0-py3.10.egg-info/zip-safe
/home/graffz/Documents/Buckeye-Autodrive-Scoring-CAN-Part2/src/install/v2x_send_spat/lib/python3.10/site-packages/v2x_send_spat-0.0.0-py3.10.egg-info/top_level.txt
/home/graffz/Documents/Buckeye-Autodrive-Scoring-CAN-Part2/src/install/v2x_send_spat/lib/python3.10/site-packages/v2x_send_spat-0.0.0-py3.10.egg-info/PKG-INFO
/home/graffz/Documents/Buckeye-Autodrive-Scoring-CAN-Part2/src/install/v2x_send_spat/lib/python3.10/site-packages/v2x_send_spat-0.0.0-py3.10.egg-info/entry_points.txt
/home/graffz/Documents/Buckeye-Autodrive-Scoring-CAN-Part2/src/install/v2x_send_spat/lib/python3.10/site-packages/v2x_send_spat-0.0.0-py3.10.egg-info/dependency_links.txt
/home/graffz/Documents/Buckeye-Autodrive-Scoring-CAN-Part2/src/install/v2x_send_spat/lib/python3.10/site-packages/v2x_send_spat-0.0.0-py3.10.egg-info/requires.txt
/home/graffz/Documents/Buckeye-Autodrive-Scoring-CAN-Part2/src/install/v2x_send_spat/lib/v2x_send_spat/v2x_send_spat
